ARM GAS  /var/folders/mq/wg13gp494590nh4zyt09lxf00000gn/T//ccJELAjN.s 			page 1


   1              		.cpu cortex-m7
   2              		.arch armv7e-m
   3              		.fpu fpv5-d16
   4              		.eabi_attribute 28, 1
   5              		.eabi_attribute 20, 1
   6              		.eabi_attribute 21, 1
   7              		.eabi_attribute 23, 3
   8              		.eabi_attribute 24, 1
   9              		.eabi_attribute 25, 1
  10              		.eabi_attribute 26, 1
  11              		.eabi_attribute 30, 1
  12              		.eabi_attribute 34, 1
  13              		.eabi_attribute 18, 4
  14              		.file	"dma.c"
  15              		.text
  16              	.Ltext0:
  17              		.cfi_sections	.debug_frame
  18              		.file 1 "Src/dma.c"
  19              		.section	.text.MX_DMA_Init,"ax",%progbits
  20              		.align	1
  21              		.global	MX_DMA_Init
  22              		.syntax unified
  23              		.thumb
  24              		.thumb_func
  26              	MX_DMA_Init:
  27              	.LFB144:
   1:Src/dma.c     **** /* USER CODE BEGIN Header */
   2:Src/dma.c     **** /**
   3:Src/dma.c     ****   ******************************************************************************
   4:Src/dma.c     ****   * @file    dma.c
   5:Src/dma.c     ****   * @brief   This file provides code for the configuration
   6:Src/dma.c     ****   *          of all the requested memory to memory DMA transfers.
   7:Src/dma.c     ****   ******************************************************************************
   8:Src/dma.c     ****   * @attention
   9:Src/dma.c     ****   *
  10:Src/dma.c     ****   * Copyright (c) 2025 STMicroelectronics.
  11:Src/dma.c     ****   * All rights reserved.
  12:Src/dma.c     ****   *
  13:Src/dma.c     ****   * This software is licensed under terms that can be found in the LICENSE file
  14:Src/dma.c     ****   * in the root directory of this software component.
  15:Src/dma.c     ****   * If no LICENSE file comes with this software, it is provided AS-IS.
  16:Src/dma.c     ****   *
  17:Src/dma.c     ****   ******************************************************************************
  18:Src/dma.c     ****   */
  19:Src/dma.c     **** /* USER CODE END Header */
  20:Src/dma.c     **** 
  21:Src/dma.c     **** /* Includes ------------------------------------------------------------------*/
  22:Src/dma.c     **** #include "dma.h"
  23:Src/dma.c     **** 
  24:Src/dma.c     **** /* USER CODE BEGIN 0 */
  25:Src/dma.c     **** 
  26:Src/dma.c     **** /* USER CODE END 0 */
  27:Src/dma.c     **** 
  28:Src/dma.c     **** /*----------------------------------------------------------------------------*/
  29:Src/dma.c     **** /* Configure DMA                                                              */
  30:Src/dma.c     **** /*----------------------------------------------------------------------------*/
  31:Src/dma.c     **** 
ARM GAS  /var/folders/mq/wg13gp494590nh4zyt09lxf00000gn/T//ccJELAjN.s 			page 2


  32:Src/dma.c     **** /* USER CODE BEGIN 1 */
  33:Src/dma.c     **** 
  34:Src/dma.c     **** /* USER CODE END 1 */
  35:Src/dma.c     **** 
  36:Src/dma.c     **** /**
  37:Src/dma.c     ****   * Enable DMA controller clock
  38:Src/dma.c     ****   */
  39:Src/dma.c     **** void MX_DMA_Init(void)
  40:Src/dma.c     **** {
  28              		.loc 1 40 1 view -0
  29              		.cfi_startproc
  30              		@ args = 0, pretend = 0, frame = 8
  31              		@ frame_needed = 0, uses_anonymous_args = 0
  32 0000 00B5     		push	{lr}
  33              	.LCFI0:
  34              		.cfi_def_cfa_offset 4
  35              		.cfi_offset 14, -4
  36 0002 83B0     		sub	sp, sp, #12
  37              	.LCFI1:
  38              		.cfi_def_cfa_offset 16
  41:Src/dma.c     **** 
  42:Src/dma.c     ****   /* DMA controller clock enable */
  43:Src/dma.c     ****   __HAL_RCC_DMA1_CLK_ENABLE();
  39              		.loc 1 43 3 view .LVU1
  40              	.LBB2:
  41              		.loc 1 43 3 view .LVU2
  42              		.loc 1 43 3 view .LVU3
  43 0004 0B4B     		ldr	r3, .L3
  44 0006 D3F8D820 		ldr	r2, [r3, #216]
  45 000a 42F00102 		orr	r2, r2, #1
  46 000e C3F8D820 		str	r2, [r3, #216]
  47              		.loc 1 43 3 view .LVU4
  48 0012 D3F8D830 		ldr	r3, [r3, #216]
  49 0016 03F00103 		and	r3, r3, #1
  50 001a 0193     		str	r3, [sp, #4]
  51              		.loc 1 43 3 view .LVU5
  52 001c 019B     		ldr	r3, [sp, #4]
  53              	.LBE2:
  54              		.loc 1 43 3 view .LVU6
  44:Src/dma.c     **** 
  45:Src/dma.c     ****   /* DMA interrupt init */
  46:Src/dma.c     ****   /* DMA1_Stream0_IRQn interrupt configuration */
  47:Src/dma.c     ****   HAL_NVIC_SetPriority(DMA1_Stream0_IRQn, 0, 0);
  55              		.loc 1 47 3 view .LVU7
  56 001e 0022     		movs	r2, #0
  57 0020 1146     		mov	r1, r2
  58 0022 0B20     		movs	r0, #11
  59 0024 FFF7FEFF 		bl	HAL_NVIC_SetPriority
  60              	.LVL0:
  48:Src/dma.c     ****   HAL_NVIC_EnableIRQ(DMA1_Stream0_IRQn);
  61              		.loc 1 48 3 view .LVU8
  62 0028 0B20     		movs	r0, #11
  63 002a FFF7FEFF 		bl	HAL_NVIC_EnableIRQ
  64              	.LVL1:
  49:Src/dma.c     **** 
  50:Src/dma.c     **** }
  65              		.loc 1 50 1 is_stmt 0 view .LVU9
ARM GAS  /var/folders/mq/wg13gp494590nh4zyt09lxf00000gn/T//ccJELAjN.s 			page 3


  66 002e 03B0     		add	sp, sp, #12
  67              	.LCFI2:
  68              		.cfi_def_cfa_offset 4
  69              		@ sp needed
  70 0030 5DF804FB 		ldr	pc, [sp], #4
  71              	.L4:
  72              		.align	2
  73              	.L3:
  74 0034 00440258 		.word	1476543488
  75              		.cfi_endproc
  76              	.LFE144:
  78              		.text
  79              	.Letext0:
  80              		.file 2 "Drivers/CMSIS/Device/ST/STM32H7xx/Include/stm32h750xx.h"
  81              		.file 3 "/Applications/ArmGNUToolchain/13.3.rel1/arm-none-eabi/arm-none-eabi/include/machine/_defa
  82              		.file 4 "/Applications/ArmGNUToolchain/13.3.rel1/arm-none-eabi/arm-none-eabi/include/sys/_stdint.h
  83              		.file 5 "Drivers/STM32H7xx_HAL_Driver/Inc/stm32h7xx_hal_cortex.h"
ARM GAS  /var/folders/mq/wg13gp494590nh4zyt09lxf00000gn/T//ccJELAjN.s 			page 4


DEFINED SYMBOLS
                            *ABS*:00000000 dma.c
/var/folders/mq/wg13gp494590nh4zyt09lxf00000gn/T//ccJELAjN.s:20     .text.MX_DMA_Init:00000000 $t
/var/folders/mq/wg13gp494590nh4zyt09lxf00000gn/T//ccJELAjN.s:26     .text.MX_DMA_Init:00000000 MX_DMA_Init
/var/folders/mq/wg13gp494590nh4zyt09lxf00000gn/T//ccJELAjN.s:74     .text.MX_DMA_Init:00000034 $d

UNDEFINED SYMBOLS
HAL_NVIC_SetPriority
HAL_NVIC_EnableIRQ
