ARM GAS  /var/folders/mq/wg13gp494590nh4zyt09lxf00000gn/T//ccLGdPvQ.s 			page 1


   1              		.cpu cortex-m7
   2              		.arch armv7e-m
   3              		.fpu fpv5-d16
   4              		.eabi_attribute 28, 1
   5              		.eabi_attribute 20, 1
   6              		.eabi_attribute 21, 1
   7              		.eabi_attribute 23, 3
   8              		.eabi_attribute 24, 1
   9              		.eabi_attribute 25, 1
  10              		.eabi_attribute 26, 1
  11              		.eabi_attribute 30, 1
  12              		.eabi_attribute 34, 1
  13              		.eabi_attribute 18, 4
  14              		.file	"gpio.c"
  15              		.text
  16              	.Ltext0:
  17              		.cfi_sections	.debug_frame
  18              		.file 1 "Src/gpio.c"
  19              		.section	.text.MX_GPIO_Init,"ax",%progbits
  20              		.align	1
  21              		.global	MX_GPIO_Init
  22              		.syntax unified
  23              		.thumb
  24              		.thumb_func
  26              	MX_GPIO_Init:
  27              	.LFB144:
   1:Src/gpio.c    **** /* USER CODE BEGIN Header */
   2:Src/gpio.c    **** /**
   3:Src/gpio.c    ****   ******************************************************************************
   4:Src/gpio.c    ****   * @file    gpio.c
   5:Src/gpio.c    ****   * @brief   This file provides code for the configuration
   6:Src/gpio.c    ****   *          of all used GPIO pins.
   7:Src/gpio.c    ****   ******************************************************************************
   8:Src/gpio.c    ****   * @attention
   9:Src/gpio.c    ****   *
  10:Src/gpio.c    ****   * Copyright (c) 2025 STMicroelectronics.
  11:Src/gpio.c    ****   * All rights reserved.
  12:Src/gpio.c    ****   *
  13:Src/gpio.c    ****   * This software is licensed under terms that can be found in the LICENSE file
  14:Src/gpio.c    ****   * in the root directory of this software component.
  15:Src/gpio.c    ****   * If no LICENSE file comes with this software, it is provided AS-IS.
  16:Src/gpio.c    ****   *
  17:Src/gpio.c    ****   ******************************************************************************
  18:Src/gpio.c    ****   */
  19:Src/gpio.c    **** /* USER CODE END Header */
  20:Src/gpio.c    **** 
  21:Src/gpio.c    **** /* Includes ------------------------------------------------------------------*/
  22:Src/gpio.c    **** #include "gpio.h"
  23:Src/gpio.c    **** 
  24:Src/gpio.c    **** /* USER CODE BEGIN 0 */
  25:Src/gpio.c    **** 
  26:Src/gpio.c    **** /* USER CODE END 0 */
  27:Src/gpio.c    **** 
  28:Src/gpio.c    **** /*----------------------------------------------------------------------------*/
  29:Src/gpio.c    **** /* Configure GPIO                                                             */
  30:Src/gpio.c    **** /*----------------------------------------------------------------------------*/
  31:Src/gpio.c    **** /* USER CODE BEGIN 1 */
ARM GAS  /var/folders/mq/wg13gp494590nh4zyt09lxf00000gn/T//ccLGdPvQ.s 			page 2


  32:Src/gpio.c    **** 
  33:Src/gpio.c    **** /* USER CODE END 1 */
  34:Src/gpio.c    **** 
  35:Src/gpio.c    **** /** Configure pins
  36:Src/gpio.c    ****      PH0-OSC_IN (PH0)   ------> RCC_OSC_IN
  37:Src/gpio.c    ****      PH1-OSC_OUT (PH1)   ------> RCC_OSC_OUT
  38:Src/gpio.c    ****      PA8   ------> RCC_MCO_1
  39:Src/gpio.c    ****      PA13 (JTMS/SWDIO)   ------> DEBUG_JTMS-SWDIO
  40:Src/gpio.c    ****      PA14 (JTCK/SWCLK)   ------> DEBUG_JTCK-SWCLK
  41:Src/gpio.c    **** */
  42:Src/gpio.c    **** void MX_GPIO_Init(void)
  43:Src/gpio.c    **** {
  28              		.loc 1 43 1 view -0
  29              		.cfi_startproc
  30              		@ args = 0, pretend = 0, frame = 48
  31              		@ frame_needed = 0, uses_anonymous_args = 0
  32 0000 F0B5     		push	{r4, r5, r6, r7, lr}
  33              	.LCFI0:
  34              		.cfi_def_cfa_offset 20
  35              		.cfi_offset 4, -20
  36              		.cfi_offset 5, -16
  37              		.cfi_offset 6, -12
  38              		.cfi_offset 7, -8
  39              		.cfi_offset 14, -4
  40 0002 8DB0     		sub	sp, sp, #52
  41              	.LCFI1:
  42              		.cfi_def_cfa_offset 72
  44:Src/gpio.c    **** 
  45:Src/gpio.c    ****   GPIO_InitTypeDef GPIO_InitStruct = {0};
  43              		.loc 1 45 3 view .LVU1
  44              		.loc 1 45 20 is_stmt 0 view .LVU2
  45 0004 0024     		movs	r4, #0
  46 0006 0794     		str	r4, [sp, #28]
  47 0008 0894     		str	r4, [sp, #32]
  48 000a 0994     		str	r4, [sp, #36]
  49 000c 0A94     		str	r4, [sp, #40]
  50 000e 0B94     		str	r4, [sp, #44]
  46:Src/gpio.c    **** 
  47:Src/gpio.c    ****   /* GPIO Ports Clock Enable */
  48:Src/gpio.c    ****   __HAL_RCC_GPIOE_CLK_ENABLE();
  51              		.loc 1 48 3 is_stmt 1 view .LVU3
  52              	.LBB2:
  53              		.loc 1 48 3 view .LVU4
  54              		.loc 1 48 3 view .LVU5
  55 0010 404B     		ldr	r3, .L3
  56 0012 D3F8E020 		ldr	r2, [r3, #224]
  57 0016 42F01002 		orr	r2, r2, #16
  58 001a C3F8E020 		str	r2, [r3, #224]
  59              		.loc 1 48 3 view .LVU6
  60 001e D3F8E020 		ldr	r2, [r3, #224]
  61 0022 02F01002 		and	r2, r2, #16
  62 0026 0192     		str	r2, [sp, #4]
  63              		.loc 1 48 3 view .LVU7
  64 0028 019A     		ldr	r2, [sp, #4]
  65              	.LBE2:
  66              		.loc 1 48 3 view .LVU8
  49:Src/gpio.c    ****   __HAL_RCC_GPIOC_CLK_ENABLE();
ARM GAS  /var/folders/mq/wg13gp494590nh4zyt09lxf00000gn/T//ccLGdPvQ.s 			page 3


  67              		.loc 1 49 3 view .LVU9
  68              	.LBB3:
  69              		.loc 1 49 3 view .LVU10
  70              		.loc 1 49 3 view .LVU11
  71 002a D3F8E020 		ldr	r2, [r3, #224]
  72 002e 42F00402 		orr	r2, r2, #4
  73 0032 C3F8E020 		str	r2, [r3, #224]
  74              		.loc 1 49 3 view .LVU12
  75 0036 D3F8E020 		ldr	r2, [r3, #224]
  76 003a 02F00402 		and	r2, r2, #4
  77 003e 0292     		str	r2, [sp, #8]
  78              		.loc 1 49 3 view .LVU13
  79 0040 029A     		ldr	r2, [sp, #8]
  80              	.LBE3:
  81              		.loc 1 49 3 view .LVU14
  50:Src/gpio.c    ****   __HAL_RCC_GPIOH_CLK_ENABLE();
  82              		.loc 1 50 3 view .LVU15
  83              	.LBB4:
  84              		.loc 1 50 3 view .LVU16
  85              		.loc 1 50 3 view .LVU17
  86 0042 D3F8E020 		ldr	r2, [r3, #224]
  87 0046 42F08002 		orr	r2, r2, #128
  88 004a C3F8E020 		str	r2, [r3, #224]
  89              		.loc 1 50 3 view .LVU18
  90 004e D3F8E020 		ldr	r2, [r3, #224]
  91 0052 02F08002 		and	r2, r2, #128
  92 0056 0392     		str	r2, [sp, #12]
  93              		.loc 1 50 3 view .LVU19
  94 0058 039A     		ldr	r2, [sp, #12]
  95              	.LBE4:
  96              		.loc 1 50 3 view .LVU20
  51:Src/gpio.c    ****   __HAL_RCC_GPIOA_CLK_ENABLE();
  97              		.loc 1 51 3 view .LVU21
  98              	.LBB5:
  99              		.loc 1 51 3 view .LVU22
 100              		.loc 1 51 3 view .LVU23
 101 005a D3F8E020 		ldr	r2, [r3, #224]
 102 005e 42F00102 		orr	r2, r2, #1
 103 0062 C3F8E020 		str	r2, [r3, #224]
 104              		.loc 1 51 3 view .LVU24
 105 0066 D3F8E020 		ldr	r2, [r3, #224]
 106 006a 02F00102 		and	r2, r2, #1
 107 006e 0492     		str	r2, [sp, #16]
 108              		.loc 1 51 3 view .LVU25
 109 0070 049A     		ldr	r2, [sp, #16]
 110              	.LBE5:
 111              		.loc 1 51 3 view .LVU26
  52:Src/gpio.c    ****   __HAL_RCC_GPIOD_CLK_ENABLE();
 112              		.loc 1 52 3 view .LVU27
 113              	.LBB6:
 114              		.loc 1 52 3 view .LVU28
 115              		.loc 1 52 3 view .LVU29
 116 0072 D3F8E020 		ldr	r2, [r3, #224]
 117 0076 42F00802 		orr	r2, r2, #8
 118 007a C3F8E020 		str	r2, [r3, #224]
 119              		.loc 1 52 3 view .LVU30
 120 007e D3F8E020 		ldr	r2, [r3, #224]
ARM GAS  /var/folders/mq/wg13gp494590nh4zyt09lxf00000gn/T//ccLGdPvQ.s 			page 4


 121 0082 02F00802 		and	r2, r2, #8
 122 0086 0592     		str	r2, [sp, #20]
 123              		.loc 1 52 3 view .LVU31
 124 0088 059A     		ldr	r2, [sp, #20]
 125              	.LBE6:
 126              		.loc 1 52 3 view .LVU32
  53:Src/gpio.c    ****   __HAL_RCC_GPIOB_CLK_ENABLE();
 127              		.loc 1 53 3 view .LVU33
 128              	.LBB7:
 129              		.loc 1 53 3 view .LVU34
 130              		.loc 1 53 3 view .LVU35
 131 008a D3F8E020 		ldr	r2, [r3, #224]
 132 008e 42F00202 		orr	r2, r2, #2
 133 0092 C3F8E020 		str	r2, [r3, #224]
 134              		.loc 1 53 3 view .LVU36
 135 0096 D3F8E030 		ldr	r3, [r3, #224]
 136 009a 03F00203 		and	r3, r3, #2
 137 009e 0693     		str	r3, [sp, #24]
 138              		.loc 1 53 3 view .LVU37
 139 00a0 069B     		ldr	r3, [sp, #24]
 140              	.LBE7:
 141              		.loc 1 53 3 view .LVU38
  54:Src/gpio.c    **** 
  55:Src/gpio.c    ****   /*Configure GPIO pin Output Level */
  56:Src/gpio.c    ****   HAL_GPIO_WritePin(PE3_GPIO_Port, PE3_Pin, GPIO_PIN_RESET);
 142              		.loc 1 56 3 view .LVU39
 143 00a2 1D4D     		ldr	r5, .L3+4
 144 00a4 2246     		mov	r2, r4
 145 00a6 0821     		movs	r1, #8
 146 00a8 2846     		mov	r0, r5
 147 00aa FFF7FEFF 		bl	HAL_GPIO_WritePin
 148              	.LVL0:
  57:Src/gpio.c    **** 
  58:Src/gpio.c    ****   /*Configure GPIO pin Output Level */
  59:Src/gpio.c    ****   HAL_GPIO_WritePin(GPIOE, LCD_CS_Pin|LCD_WR_RS_Pin, GPIO_PIN_SET);
 149              		.loc 1 59 3 view .LVU40
 150 00ae 0122     		movs	r2, #1
 151 00b0 4FF42051 		mov	r1, #10240
 152 00b4 2846     		mov	r0, r5
 153 00b6 FFF7FEFF 		bl	HAL_GPIO_WritePin
 154              	.LVL1:
  60:Src/gpio.c    **** 
  61:Src/gpio.c    ****   /*Configure GPIO pin : PE3_Pin */
  62:Src/gpio.c    ****   GPIO_InitStruct.Pin = PE3_Pin;
 155              		.loc 1 62 3 view .LVU41
 156              		.loc 1 62 23 is_stmt 0 view .LVU42
 157 00ba 0823     		movs	r3, #8
 158 00bc 0793     		str	r3, [sp, #28]
  63:Src/gpio.c    ****   GPIO_InitStruct.Mode = GPIO_MODE_OUTPUT_PP;
 159              		.loc 1 63 3 is_stmt 1 view .LVU43
 160              		.loc 1 63 24 is_stmt 0 view .LVU44
 161 00be 0127     		movs	r7, #1
 162 00c0 0897     		str	r7, [sp, #32]
  64:Src/gpio.c    ****   GPIO_InitStruct.Pull = GPIO_NOPULL;
 163              		.loc 1 64 3 is_stmt 1 view .LVU45
 164              		.loc 1 64 24 is_stmt 0 view .LVU46
 165 00c2 0994     		str	r4, [sp, #36]
ARM GAS  /var/folders/mq/wg13gp494590nh4zyt09lxf00000gn/T//ccLGdPvQ.s 			page 5


  65:Src/gpio.c    ****   GPIO_InitStruct.Speed = GPIO_SPEED_FREQ_LOW;
 166              		.loc 1 65 3 is_stmt 1 view .LVU47
 167              		.loc 1 65 25 is_stmt 0 view .LVU48
 168 00c4 0A94     		str	r4, [sp, #40]
  66:Src/gpio.c    ****   HAL_GPIO_Init(PE3_GPIO_Port, &GPIO_InitStruct);
 169              		.loc 1 66 3 is_stmt 1 view .LVU49
 170 00c6 07A9     		add	r1, sp, #28
 171 00c8 2846     		mov	r0, r5
 172 00ca FFF7FEFF 		bl	HAL_GPIO_Init
 173              	.LVL2:
  67:Src/gpio.c    **** 
  68:Src/gpio.c    ****   /*Configure GPIO pin : KEY_Pin */
  69:Src/gpio.c    ****   GPIO_InitStruct.Pin = KEY_Pin;
 174              		.loc 1 69 3 view .LVU50
 175              		.loc 1 69 23 is_stmt 0 view .LVU51
 176 00ce 4FF40053 		mov	r3, #8192
 177 00d2 0793     		str	r3, [sp, #28]
  70:Src/gpio.c    ****   GPIO_InitStruct.Mode = GPIO_MODE_INPUT;
 178              		.loc 1 70 3 is_stmt 1 view .LVU52
 179              		.loc 1 70 24 is_stmt 0 view .LVU53
 180 00d4 0894     		str	r4, [sp, #32]
  71:Src/gpio.c    ****   GPIO_InitStruct.Pull = GPIO_PULLDOWN;
 181              		.loc 1 71 3 is_stmt 1 view .LVU54
 182              		.loc 1 71 24 is_stmt 0 view .LVU55
 183 00d6 0226     		movs	r6, #2
 184 00d8 0996     		str	r6, [sp, #36]
  72:Src/gpio.c    ****   HAL_GPIO_Init(KEY_GPIO_Port, &GPIO_InitStruct);
 185              		.loc 1 72 3 is_stmt 1 view .LVU56
 186 00da 07A9     		add	r1, sp, #28
 187 00dc 0F48     		ldr	r0, .L3+8
 188 00de FFF7FEFF 		bl	HAL_GPIO_Init
 189              	.LVL3:
  73:Src/gpio.c    **** 
  74:Src/gpio.c    ****   /*Configure GPIO pins : LCD_CS_Pin LCD_WR_RS_Pin */
  75:Src/gpio.c    ****   GPIO_InitStruct.Pin = LCD_CS_Pin|LCD_WR_RS_Pin;
 190              		.loc 1 75 3 view .LVU57
 191              		.loc 1 75 23 is_stmt 0 view .LVU58
 192 00e2 4FF42053 		mov	r3, #10240
 193 00e6 0793     		str	r3, [sp, #28]
  76:Src/gpio.c    ****   GPIO_InitStruct.Mode = GPIO_MODE_OUTPUT_PP;
 194              		.loc 1 76 3 is_stmt 1 view .LVU59
 195              		.loc 1 76 24 is_stmt 0 view .LVU60
 196 00e8 0897     		str	r7, [sp, #32]
  77:Src/gpio.c    ****   GPIO_InitStruct.Pull = GPIO_NOPULL;
 197              		.loc 1 77 3 is_stmt 1 view .LVU61
 198              		.loc 1 77 24 is_stmt 0 view .LVU62
 199 00ea 0994     		str	r4, [sp, #36]
  78:Src/gpio.c    ****   GPIO_InitStruct.Speed = GPIO_SPEED_FREQ_VERY_HIGH;
 200              		.loc 1 78 3 is_stmt 1 view .LVU63
 201              		.loc 1 78 25 is_stmt 0 view .LVU64
 202 00ec 0323     		movs	r3, #3
 203 00ee 0A93     		str	r3, [sp, #40]
  79:Src/gpio.c    ****   HAL_GPIO_Init(GPIOE, &GPIO_InitStruct);
 204              		.loc 1 79 3 is_stmt 1 view .LVU65
 205 00f0 07A9     		add	r1, sp, #28
 206 00f2 2846     		mov	r0, r5
 207 00f4 FFF7FEFF 		bl	HAL_GPIO_Init
ARM GAS  /var/folders/mq/wg13gp494590nh4zyt09lxf00000gn/T//ccLGdPvQ.s 			page 6


 208              	.LVL4:
  80:Src/gpio.c    **** 
  81:Src/gpio.c    ****   /*Configure GPIO pin : PA8 */
  82:Src/gpio.c    ****   GPIO_InitStruct.Pin = GPIO_PIN_8;
 209              		.loc 1 82 3 view .LVU66
 210              		.loc 1 82 23 is_stmt 0 view .LVU67
 211 00f8 4FF48073 		mov	r3, #256
 212 00fc 0793     		str	r3, [sp, #28]
  83:Src/gpio.c    ****   GPIO_InitStruct.Mode = GPIO_MODE_AF_PP;
 213              		.loc 1 83 3 is_stmt 1 view .LVU68
 214              		.loc 1 83 24 is_stmt 0 view .LVU69
 215 00fe 0896     		str	r6, [sp, #32]
  84:Src/gpio.c    ****   GPIO_InitStruct.Pull = GPIO_NOPULL;
 216              		.loc 1 84 3 is_stmt 1 view .LVU70
 217              		.loc 1 84 24 is_stmt 0 view .LVU71
 218 0100 0994     		str	r4, [sp, #36]
  85:Src/gpio.c    ****   GPIO_InitStruct.Speed = GPIO_SPEED_FREQ_HIGH;
 219              		.loc 1 85 3 is_stmt 1 view .LVU72
 220              		.loc 1 85 25 is_stmt 0 view .LVU73
 221 0102 0A96     		str	r6, [sp, #40]
  86:Src/gpio.c    ****   GPIO_InitStruct.Alternate = GPIO_AF0_MCO;
 222              		.loc 1 86 3 is_stmt 1 view .LVU74
 223              		.loc 1 86 29 is_stmt 0 view .LVU75
 224 0104 0B94     		str	r4, [sp, #44]
  87:Src/gpio.c    ****   HAL_GPIO_Init(GPIOA, &GPIO_InitStruct);
 225              		.loc 1 87 3 is_stmt 1 view .LVU76
 226 0106 07A9     		add	r1, sp, #28
 227 0108 0548     		ldr	r0, .L3+12
 228 010a FFF7FEFF 		bl	HAL_GPIO_Init
 229              	.LVL5:
  88:Src/gpio.c    **** 
  89:Src/gpio.c    **** }
 230              		.loc 1 89 1 is_stmt 0 view .LVU77
 231 010e 0DB0     		add	sp, sp, #52
 232              	.LCFI2:
 233              		.cfi_def_cfa_offset 20
 234              		@ sp needed
 235 0110 F0BD     		pop	{r4, r5, r6, r7, pc}
 236              	.L4:
 237 0112 00BF     		.align	2
 238              	.L3:
 239 0114 00440258 		.word	1476543488
 240 0118 00100258 		.word	1476530176
 241 011c 00080258 		.word	1476528128
 242 0120 00000258 		.word	1476526080
 243              		.cfi_endproc
 244              	.LFE144:
 246              		.text
 247              	.Letext0:
 248              		.file 2 "/Applications/ArmGNUToolchain/13.3.rel1/arm-none-eabi/arm-none-eabi/include/machine/_defa
 249              		.file 3 "/Applications/ArmGNUToolchain/13.3.rel1/arm-none-eabi/arm-none-eabi/include/sys/_stdint.h
 250              		.file 4 "Drivers/CMSIS/Device/ST/STM32H7xx/Include/stm32h750xx.h"
 251              		.file 5 "Drivers/STM32H7xx_HAL_Driver/Inc/stm32h7xx_hal_gpio.h"
ARM GAS  /var/folders/mq/wg13gp494590nh4zyt09lxf00000gn/T//ccLGdPvQ.s 			page 7


DEFINED SYMBOLS
                            *ABS*:00000000 gpio.c
/var/folders/mq/wg13gp494590nh4zyt09lxf00000gn/T//ccLGdPvQ.s:20     .text.MX_GPIO_Init:00000000 $t
/var/folders/mq/wg13gp494590nh4zyt09lxf00000gn/T//ccLGdPvQ.s:26     .text.MX_GPIO_Init:00000000 MX_GPIO_Init
/var/folders/mq/wg13gp494590nh4zyt09lxf00000gn/T//ccLGdPvQ.s:239    .text.MX_GPIO_Init:00000114 $d

UNDEFINED SYMBOLS
HAL_GPIO_WritePin
HAL_GPIO_Init
