ARM GAS  /var/folders/mq/wg13gp494590nh4zyt09lxf00000gn/T//cc77Pxmi.s 			page 1


   1              		.cpu cortex-m7
   2              		.arch armv7e-m
   3              		.fpu fpv5-d16
   4              		.eabi_attribute 28, 1
   5              		.eabi_attribute 20, 1
   6              		.eabi_attribute 21, 1
   7              		.eabi_attribute 23, 3
   8              		.eabi_attribute 24, 1
   9              		.eabi_attribute 25, 1
  10              		.eabi_attribute 26, 1
  11              		.eabi_attribute 30, 1
  12              		.eabi_attribute 34, 1
  13              		.eabi_attribute 18, 4
  14              		.file	"i2c.c"
  15              		.text
  16              	.Ltext0:
  17              		.cfi_sections	.debug_frame
  18              		.file 1 "Src/i2c.c"
  19              		.section	.text.MX_I2C1_Init,"ax",%progbits
  20              		.align	1
  21              		.global	MX_I2C1_Init
  22              		.syntax unified
  23              		.thumb
  24              		.thumb_func
  26              	MX_I2C1_Init:
  27              	.LFB144:
   1:Src/i2c.c     **** /* USER CODE BEGIN Header */
   2:Src/i2c.c     **** /**
   3:Src/i2c.c     ****   ******************************************************************************
   4:Src/i2c.c     ****   * @file    i2c.c
   5:Src/i2c.c     ****   * @brief   This file provides code for the configuration
   6:Src/i2c.c     ****   *          of the I2C instances.
   7:Src/i2c.c     ****   ******************************************************************************
   8:Src/i2c.c     ****   * @attention
   9:Src/i2c.c     ****   *
  10:Src/i2c.c     ****   * Copyright (c) 2025 STMicroelectronics.
  11:Src/i2c.c     ****   * All rights reserved.
  12:Src/i2c.c     ****   *
  13:Src/i2c.c     ****   * This software is licensed under terms that can be found in the LICENSE file
  14:Src/i2c.c     ****   * in the root directory of this software component.
  15:Src/i2c.c     ****   * If no LICENSE file comes with this software, it is provided AS-IS.
  16:Src/i2c.c     ****   *
  17:Src/i2c.c     ****   ******************************************************************************
  18:Src/i2c.c     ****   */
  19:Src/i2c.c     **** /* USER CODE END Header */
  20:Src/i2c.c     **** /* Includes ------------------------------------------------------------------*/
  21:Src/i2c.c     **** #include "i2c.h"
  22:Src/i2c.c     **** 
  23:Src/i2c.c     **** /* USER CODE BEGIN 0 */
  24:Src/i2c.c     **** 
  25:Src/i2c.c     **** /* USER CODE END 0 */
  26:Src/i2c.c     **** 
  27:Src/i2c.c     **** I2C_HandleTypeDef hi2c1;
  28:Src/i2c.c     **** 
  29:Src/i2c.c     **** /* I2C1 init function */
  30:Src/i2c.c     **** void MX_I2C1_Init(void)
  31:Src/i2c.c     **** {
ARM GAS  /var/folders/mq/wg13gp494590nh4zyt09lxf00000gn/T//cc77Pxmi.s 			page 2


  28              		.loc 1 31 1 view -0
  29              		.cfi_startproc
  30              		@ args = 0, pretend = 0, frame = 0
  31              		@ frame_needed = 0, uses_anonymous_args = 0
  32 0000 08B5     		push	{r3, lr}
  33              	.LCFI0:
  34              		.cfi_def_cfa_offset 8
  35              		.cfi_offset 3, -8
  36              		.cfi_offset 14, -4
  32:Src/i2c.c     **** 
  33:Src/i2c.c     ****   /* USER CODE BEGIN I2C1_Init 0 */
  34:Src/i2c.c     **** 
  35:Src/i2c.c     ****   /* USER CODE END I2C1_Init 0 */
  36:Src/i2c.c     **** 
  37:Src/i2c.c     ****   /* USER CODE BEGIN I2C1_Init 1 */
  38:Src/i2c.c     **** 
  39:Src/i2c.c     ****   /* USER CODE END I2C1_Init 1 */
  40:Src/i2c.c     ****   hi2c1.Instance = I2C1;
  37              		.loc 1 40 3 view .LVU1
  38              		.loc 1 40 18 is_stmt 0 view .LVU2
  39 0002 1248     		ldr	r0, .L9
  40 0004 124B     		ldr	r3, .L9+4
  41 0006 0360     		str	r3, [r0]
  41:Src/i2c.c     ****   hi2c1.Init.Timing = 0x60302730;
  42              		.loc 1 41 3 is_stmt 1 view .LVU3
  43              		.loc 1 41 21 is_stmt 0 view .LVU4
  44 0008 124B     		ldr	r3, .L9+8
  45 000a 4360     		str	r3, [r0, #4]
  42:Src/i2c.c     ****   hi2c1.Init.OwnAddress1 = 0;
  46              		.loc 1 42 3 is_stmt 1 view .LVU5
  47              		.loc 1 42 26 is_stmt 0 view .LVU6
  48 000c 0023     		movs	r3, #0
  49 000e 8360     		str	r3, [r0, #8]
  43:Src/i2c.c     ****   hi2c1.Init.AddressingMode = I2C_ADDRESSINGMODE_7BIT;
  50              		.loc 1 43 3 is_stmt 1 view .LVU7
  51              		.loc 1 43 29 is_stmt 0 view .LVU8
  52 0010 0122     		movs	r2, #1
  53 0012 C260     		str	r2, [r0, #12]
  44:Src/i2c.c     ****   hi2c1.Init.DualAddressMode = I2C_DUALADDRESS_DISABLE;
  54              		.loc 1 44 3 is_stmt 1 view .LVU9
  55              		.loc 1 44 30 is_stmt 0 view .LVU10
  56 0014 0361     		str	r3, [r0, #16]
  45:Src/i2c.c     ****   hi2c1.Init.OwnAddress2 = 0;
  57              		.loc 1 45 3 is_stmt 1 view .LVU11
  58              		.loc 1 45 26 is_stmt 0 view .LVU12
  59 0016 4361     		str	r3, [r0, #20]
  46:Src/i2c.c     ****   hi2c1.Init.OwnAddress2Masks = I2C_OA2_NOMASK;
  60              		.loc 1 46 3 is_stmt 1 view .LVU13
  61              		.loc 1 46 31 is_stmt 0 view .LVU14
  62 0018 8361     		str	r3, [r0, #24]
  47:Src/i2c.c     ****   hi2c1.Init.GeneralCallMode = I2C_GENERALCALL_DISABLE;
  63              		.loc 1 47 3 is_stmt 1 view .LVU15
  64              		.loc 1 47 30 is_stmt 0 view .LVU16
  65 001a C361     		str	r3, [r0, #28]
  48:Src/i2c.c     ****   hi2c1.Init.NoStretchMode = I2C_NOSTRETCH_DISABLE;
  66              		.loc 1 48 3 is_stmt 1 view .LVU17
  67              		.loc 1 48 28 is_stmt 0 view .LVU18
ARM GAS  /var/folders/mq/wg13gp494590nh4zyt09lxf00000gn/T//cc77Pxmi.s 			page 3


  68 001c 0362     		str	r3, [r0, #32]
  49:Src/i2c.c     ****   if (HAL_I2C_Init(&hi2c1) != HAL_OK)
  69              		.loc 1 49 3 is_stmt 1 view .LVU19
  70              		.loc 1 49 7 is_stmt 0 view .LVU20
  71 001e FFF7FEFF 		bl	HAL_I2C_Init
  72              	.LVL0:
  73              		.loc 1 49 6 discriminator 1 view .LVU21
  74 0022 50B9     		cbnz	r0, .L6
  75              	.L2:
  50:Src/i2c.c     ****   {
  51:Src/i2c.c     ****     Error_Handler();
  52:Src/i2c.c     ****   }
  53:Src/i2c.c     **** 
  54:Src/i2c.c     ****   /** Configure Analogue filter
  55:Src/i2c.c     ****   */
  56:Src/i2c.c     ****   if (HAL_I2CEx_ConfigAnalogFilter(&hi2c1, I2C_ANALOGFILTER_ENABLE) != HAL_OK)
  76              		.loc 1 56 3 is_stmt 1 view .LVU22
  77              		.loc 1 56 7 is_stmt 0 view .LVU23
  78 0024 0021     		movs	r1, #0
  79 0026 0948     		ldr	r0, .L9
  80 0028 FFF7FEFF 		bl	HAL_I2CEx_ConfigAnalogFilter
  81              	.LVL1:
  82              		.loc 1 56 6 discriminator 1 view .LVU24
  83 002c 40B9     		cbnz	r0, .L7
  84              	.L3:
  57:Src/i2c.c     ****   {
  58:Src/i2c.c     ****     Error_Handler();
  59:Src/i2c.c     ****   }
  60:Src/i2c.c     **** 
  61:Src/i2c.c     ****   /** Configure Digital filter
  62:Src/i2c.c     ****   */
  63:Src/i2c.c     ****   if (HAL_I2CEx_ConfigDigitalFilter(&hi2c1, 0) != HAL_OK)
  85              		.loc 1 63 3 is_stmt 1 view .LVU25
  86              		.loc 1 63 7 is_stmt 0 view .LVU26
  87 002e 0021     		movs	r1, #0
  88 0030 0648     		ldr	r0, .L9
  89 0032 FFF7FEFF 		bl	HAL_I2CEx_ConfigDigitalFilter
  90              	.LVL2:
  91              		.loc 1 63 6 discriminator 1 view .LVU27
  92 0036 30B9     		cbnz	r0, .L8
  93              	.L1:
  64:Src/i2c.c     ****   {
  65:Src/i2c.c     ****     Error_Handler();
  66:Src/i2c.c     ****   }
  67:Src/i2c.c     ****   /* USER CODE BEGIN I2C1_Init 2 */
  68:Src/i2c.c     **** 
  69:Src/i2c.c     ****   /* USER CODE END I2C1_Init 2 */
  70:Src/i2c.c     **** 
  71:Src/i2c.c     **** }
  94              		.loc 1 71 1 view .LVU28
  95 0038 08BD     		pop	{r3, pc}
  96              	.L6:
  51:Src/i2c.c     ****   }
  97              		.loc 1 51 5 is_stmt 1 view .LVU29
  98 003a FFF7FEFF 		bl	Error_Handler
  99              	.LVL3:
 100 003e F1E7     		b	.L2
ARM GAS  /var/folders/mq/wg13gp494590nh4zyt09lxf00000gn/T//cc77Pxmi.s 			page 4


 101              	.L7:
  58:Src/i2c.c     ****   }
 102              		.loc 1 58 5 view .LVU30
 103 0040 FFF7FEFF 		bl	Error_Handler
 104              	.LVL4:
 105 0044 F3E7     		b	.L3
 106              	.L8:
  65:Src/i2c.c     ****   }
 107              		.loc 1 65 5 view .LVU31
 108 0046 FFF7FEFF 		bl	Error_Handler
 109              	.LVL5:
 110              		.loc 1 71 1 is_stmt 0 view .LVU32
 111 004a F5E7     		b	.L1
 112              	.L10:
 113              		.align	2
 114              	.L9:
 115 004c 00000000 		.word	hi2c1
 116 0050 00540040 		.word	1073763328
 117 0054 30273060 		.word	1613768496
 118              		.cfi_endproc
 119              	.LFE144:
 121              		.section	.text.HAL_I2C_MspInit,"ax",%progbits
 122              		.align	1
 123              		.global	HAL_I2C_MspInit
 124              		.syntax unified
 125              		.thumb
 126              		.thumb_func
 128              	HAL_I2C_MspInit:
 129              	.LVL6:
 130              	.LFB145:
  72:Src/i2c.c     **** 
  73:Src/i2c.c     **** void HAL_I2C_MspInit(I2C_HandleTypeDef* i2cHandle)
  74:Src/i2c.c     **** {
 131              		.loc 1 74 1 is_stmt 1 view -0
 132              		.cfi_startproc
 133              		@ args = 0, pretend = 0, frame = 224
 134              		@ frame_needed = 0, uses_anonymous_args = 0
 135              		.loc 1 74 1 is_stmt 0 view .LVU34
 136 0000 10B5     		push	{r4, lr}
 137              	.LCFI1:
 138              		.cfi_def_cfa_offset 8
 139              		.cfi_offset 4, -8
 140              		.cfi_offset 14, -4
 141 0002 B8B0     		sub	sp, sp, #224
 142              	.LCFI2:
 143              		.cfi_def_cfa_offset 232
 144 0004 0446     		mov	r4, r0
  75:Src/i2c.c     **** 
  76:Src/i2c.c     ****   GPIO_InitTypeDef GPIO_InitStruct = {0};
 145              		.loc 1 76 3 is_stmt 1 view .LVU35
 146              		.loc 1 76 20 is_stmt 0 view .LVU36
 147 0006 0021     		movs	r1, #0
 148 0008 3391     		str	r1, [sp, #204]
 149 000a 3491     		str	r1, [sp, #208]
 150 000c 3591     		str	r1, [sp, #212]
 151 000e 3691     		str	r1, [sp, #216]
 152 0010 3791     		str	r1, [sp, #220]
ARM GAS  /var/folders/mq/wg13gp494590nh4zyt09lxf00000gn/T//cc77Pxmi.s 			page 5


  77:Src/i2c.c     ****   RCC_PeriphCLKInitTypeDef PeriphClkInitStruct = {0};
 153              		.loc 1 77 3 is_stmt 1 view .LVU37
 154              		.loc 1 77 28 is_stmt 0 view .LVU38
 155 0012 C022     		movs	r2, #192
 156 0014 02A8     		add	r0, sp, #8
 157              	.LVL7:
 158              		.loc 1 77 28 view .LVU39
 159 0016 FFF7FEFF 		bl	memset
 160              	.LVL8:
  78:Src/i2c.c     ****   if(i2cHandle->Instance==I2C1)
 161              		.loc 1 78 3 is_stmt 1 view .LVU40
 162              		.loc 1 78 15 is_stmt 0 view .LVU41
 163 001a 2268     		ldr	r2, [r4]
 164              		.loc 1 78 5 view .LVU42
 165 001c 1D4B     		ldr	r3, .L17
 166 001e 9A42     		cmp	r2, r3
 167 0020 01D0     		beq	.L15
 168              	.LVL9:
 169              	.L11:
  79:Src/i2c.c     ****   {
  80:Src/i2c.c     ****   /* USER CODE BEGIN I2C1_MspInit 0 */
  81:Src/i2c.c     **** 
  82:Src/i2c.c     ****   /* USER CODE END I2C1_MspInit 0 */
  83:Src/i2c.c     **** 
  84:Src/i2c.c     ****   /** Initializes the peripherals clock
  85:Src/i2c.c     ****   */
  86:Src/i2c.c     ****     PeriphClkInitStruct.PeriphClockSelection = RCC_PERIPHCLK_I2C1;
  87:Src/i2c.c     ****     PeriphClkInitStruct.I2c123ClockSelection = RCC_I2C123CLKSOURCE_HSI;
  88:Src/i2c.c     ****     if (HAL_RCCEx_PeriphCLKConfig(&PeriphClkInitStruct) != HAL_OK)
  89:Src/i2c.c     ****     {
  90:Src/i2c.c     ****       Error_Handler();
  91:Src/i2c.c     ****     }
  92:Src/i2c.c     **** 
  93:Src/i2c.c     ****     __HAL_RCC_GPIOB_CLK_ENABLE();
  94:Src/i2c.c     ****     /**I2C1 GPIO Configuration
  95:Src/i2c.c     ****     PB8     ------> I2C1_SCL
  96:Src/i2c.c     ****     PB9     ------> I2C1_SDA
  97:Src/i2c.c     ****     */
  98:Src/i2c.c     ****     GPIO_InitStruct.Pin = GPIO_PIN_8|GPIO_PIN_9;
  99:Src/i2c.c     ****     GPIO_InitStruct.Mode = GPIO_MODE_AF_OD;
 100:Src/i2c.c     ****     GPIO_InitStruct.Pull = GPIO_PULLUP;
 101:Src/i2c.c     ****     GPIO_InitStruct.Speed = GPIO_SPEED_FREQ_LOW;
 102:Src/i2c.c     ****     GPIO_InitStruct.Alternate = GPIO_AF4_I2C1;
 103:Src/i2c.c     ****     HAL_GPIO_Init(GPIOB, &GPIO_InitStruct);
 104:Src/i2c.c     **** 
 105:Src/i2c.c     ****     /* I2C1 clock enable */
 106:Src/i2c.c     ****     __HAL_RCC_I2C1_CLK_ENABLE();
 107:Src/i2c.c     ****   /* USER CODE BEGIN I2C1_MspInit 1 */
 108:Src/i2c.c     **** 
 109:Src/i2c.c     ****   /* USER CODE END I2C1_MspInit 1 */
 110:Src/i2c.c     ****   }
 111:Src/i2c.c     **** }
 170              		.loc 1 111 1 view .LVU43
 171 0022 38B0     		add	sp, sp, #224
 172              	.LCFI3:
 173              		.cfi_remember_state
 174              		.cfi_def_cfa_offset 8
ARM GAS  /var/folders/mq/wg13gp494590nh4zyt09lxf00000gn/T//cc77Pxmi.s 			page 6


 175              		@ sp needed
 176 0024 10BD     		pop	{r4, pc}
 177              	.LVL10:
 178              	.L15:
 179              	.LCFI4:
 180              		.cfi_restore_state
  86:Src/i2c.c     ****     PeriphClkInitStruct.I2c123ClockSelection = RCC_I2C123CLKSOURCE_HSI;
 181              		.loc 1 86 5 is_stmt 1 view .LVU44
  86:Src/i2c.c     ****     PeriphClkInitStruct.I2c123ClockSelection = RCC_I2C123CLKSOURCE_HSI;
 182              		.loc 1 86 46 is_stmt 0 view .LVU45
 183 0026 0822     		movs	r2, #8
 184 0028 0023     		movs	r3, #0
 185 002a CDE90223 		strd	r2, [sp, #8]
  87:Src/i2c.c     ****     if (HAL_RCCEx_PeriphCLKConfig(&PeriphClkInitStruct) != HAL_OK)
 186              		.loc 1 87 5 is_stmt 1 view .LVU46
  87:Src/i2c.c     ****     if (HAL_RCCEx_PeriphCLKConfig(&PeriphClkInitStruct) != HAL_OK)
 187              		.loc 1 87 46 is_stmt 0 view .LVU47
 188 002e 4FF40053 		mov	r3, #8192
 189 0032 2393     		str	r3, [sp, #140]
  88:Src/i2c.c     ****     {
 190              		.loc 1 88 5 is_stmt 1 view .LVU48
  88:Src/i2c.c     ****     {
 191              		.loc 1 88 9 is_stmt 0 view .LVU49
 192 0034 02A8     		add	r0, sp, #8
 193 0036 FFF7FEFF 		bl	HAL_RCCEx_PeriphCLKConfig
 194              	.LVL11:
  88:Src/i2c.c     ****     {
 195              		.loc 1 88 8 discriminator 1 view .LVU50
 196 003a 40BB     		cbnz	r0, .L16
 197              	.L13:
  93:Src/i2c.c     ****     /**I2C1 GPIO Configuration
 198              		.loc 1 93 5 is_stmt 1 view .LVU51
 199              	.LBB2:
  93:Src/i2c.c     ****     /**I2C1 GPIO Configuration
 200              		.loc 1 93 5 view .LVU52
  93:Src/i2c.c     ****     /**I2C1 GPIO Configuration
 201              		.loc 1 93 5 view .LVU53
 202 003c 164C     		ldr	r4, .L17+4
 203              	.LVL12:
  93:Src/i2c.c     ****     /**I2C1 GPIO Configuration
 204              		.loc 1 93 5 is_stmt 0 view .LVU54
 205 003e D4F8E030 		ldr	r3, [r4, #224]
 206 0042 43F00203 		orr	r3, r3, #2
 207 0046 C4F8E030 		str	r3, [r4, #224]
  93:Src/i2c.c     ****     /**I2C1 GPIO Configuration
 208              		.loc 1 93 5 is_stmt 1 view .LVU55
 209 004a D4F8E030 		ldr	r3, [r4, #224]
 210 004e 03F00203 		and	r3, r3, #2
 211 0052 0093     		str	r3, [sp]
  93:Src/i2c.c     ****     /**I2C1 GPIO Configuration
 212              		.loc 1 93 5 view .LVU56
 213 0054 009B     		ldr	r3, [sp]
 214              	.LBE2:
  93:Src/i2c.c     ****     /**I2C1 GPIO Configuration
 215              		.loc 1 93 5 view .LVU57
  98:Src/i2c.c     ****     GPIO_InitStruct.Mode = GPIO_MODE_AF_OD;
 216              		.loc 1 98 5 view .LVU58
ARM GAS  /var/folders/mq/wg13gp494590nh4zyt09lxf00000gn/T//cc77Pxmi.s 			page 7


  98:Src/i2c.c     ****     GPIO_InitStruct.Mode = GPIO_MODE_AF_OD;
 217              		.loc 1 98 25 is_stmt 0 view .LVU59
 218 0056 4FF44073 		mov	r3, #768
 219 005a 3393     		str	r3, [sp, #204]
  99:Src/i2c.c     ****     GPIO_InitStruct.Pull = GPIO_PULLUP;
 220              		.loc 1 99 5 is_stmt 1 view .LVU60
  99:Src/i2c.c     ****     GPIO_InitStruct.Pull = GPIO_PULLUP;
 221              		.loc 1 99 26 is_stmt 0 view .LVU61
 222 005c 1223     		movs	r3, #18
 223 005e 3493     		str	r3, [sp, #208]
 100:Src/i2c.c     ****     GPIO_InitStruct.Speed = GPIO_SPEED_FREQ_LOW;
 224              		.loc 1 100 5 is_stmt 1 view .LVU62
 100:Src/i2c.c     ****     GPIO_InitStruct.Speed = GPIO_SPEED_FREQ_LOW;
 225              		.loc 1 100 26 is_stmt 0 view .LVU63
 226 0060 0123     		movs	r3, #1
 227 0062 3593     		str	r3, [sp, #212]
 101:Src/i2c.c     ****     GPIO_InitStruct.Alternate = GPIO_AF4_I2C1;
 228              		.loc 1 101 5 is_stmt 1 view .LVU64
 101:Src/i2c.c     ****     GPIO_InitStruct.Alternate = GPIO_AF4_I2C1;
 229              		.loc 1 101 27 is_stmt 0 view .LVU65
 230 0064 0023     		movs	r3, #0
 231 0066 3693     		str	r3, [sp, #216]
 102:Src/i2c.c     ****     HAL_GPIO_Init(GPIOB, &GPIO_InitStruct);
 232              		.loc 1 102 5 is_stmt 1 view .LVU66
 102:Src/i2c.c     ****     HAL_GPIO_Init(GPIOB, &GPIO_InitStruct);
 233              		.loc 1 102 31 is_stmt 0 view .LVU67
 234 0068 0423     		movs	r3, #4
 235 006a 3793     		str	r3, [sp, #220]
 103:Src/i2c.c     **** 
 236              		.loc 1 103 5 is_stmt 1 view .LVU68
 237 006c 33A9     		add	r1, sp, #204
 238 006e 0B48     		ldr	r0, .L17+8
 239 0070 FFF7FEFF 		bl	HAL_GPIO_Init
 240              	.LVL13:
 106:Src/i2c.c     ****   /* USER CODE BEGIN I2C1_MspInit 1 */
 241              		.loc 1 106 5 view .LVU69
 242              	.LBB3:
 106:Src/i2c.c     ****   /* USER CODE BEGIN I2C1_MspInit 1 */
 243              		.loc 1 106 5 view .LVU70
 106:Src/i2c.c     ****   /* USER CODE BEGIN I2C1_MspInit 1 */
 244              		.loc 1 106 5 view .LVU71
 245 0074 D4F8E830 		ldr	r3, [r4, #232]
 246 0078 43F40013 		orr	r3, r3, #2097152
 247 007c C4F8E830 		str	r3, [r4, #232]
 106:Src/i2c.c     ****   /* USER CODE BEGIN I2C1_MspInit 1 */
 248              		.loc 1 106 5 view .LVU72
 249 0080 D4F8E830 		ldr	r3, [r4, #232]
 250 0084 03F40013 		and	r3, r3, #2097152
 251 0088 0193     		str	r3, [sp, #4]
 106:Src/i2c.c     ****   /* USER CODE BEGIN I2C1_MspInit 1 */
 252              		.loc 1 106 5 view .LVU73
 253 008a 019B     		ldr	r3, [sp, #4]
 254              	.LBE3:
 106:Src/i2c.c     ****   /* USER CODE BEGIN I2C1_MspInit 1 */
 255              		.loc 1 106 5 discriminator 1 view .LVU74
 256              		.loc 1 111 1 is_stmt 0 view .LVU75
 257 008c C9E7     		b	.L11
ARM GAS  /var/folders/mq/wg13gp494590nh4zyt09lxf00000gn/T//cc77Pxmi.s 			page 8


 258              	.LVL14:
 259              	.L16:
  90:Src/i2c.c     ****     }
 260              		.loc 1 90 7 is_stmt 1 view .LVU76
 261 008e FFF7FEFF 		bl	Error_Handler
 262              	.LVL15:
 263 0092 D3E7     		b	.L13
 264              	.L18:
 265              		.align	2
 266              	.L17:
 267 0094 00540040 		.word	1073763328
 268 0098 00440258 		.word	1476543488
 269 009c 00040258 		.word	1476527104
 270              		.cfi_endproc
 271              	.LFE145:
 273              		.section	.text.HAL_I2C_MspDeInit,"ax",%progbits
 274              		.align	1
 275              		.global	HAL_I2C_MspDeInit
 276              		.syntax unified
 277              		.thumb
 278              		.thumb_func
 280              	HAL_I2C_MspDeInit:
 281              	.LVL16:
 282              	.LFB146:
 112:Src/i2c.c     **** 
 113:Src/i2c.c     **** void HAL_I2C_MspDeInit(I2C_HandleTypeDef* i2cHandle)
 114:Src/i2c.c     **** {
 283              		.loc 1 114 1 view -0
 284              		.cfi_startproc
 285              		@ args = 0, pretend = 0, frame = 0
 286              		@ frame_needed = 0, uses_anonymous_args = 0
 115:Src/i2c.c     **** 
 116:Src/i2c.c     ****   if(i2cHandle->Instance==I2C1)
 287              		.loc 1 116 3 view .LVU78
 288              		.loc 1 116 15 is_stmt 0 view .LVU79
 289 0000 0268     		ldr	r2, [r0]
 290              		.loc 1 116 5 view .LVU80
 291 0002 0C4B     		ldr	r3, .L26
 292 0004 9A42     		cmp	r2, r3
 293 0006 00D0     		beq	.L25
 294 0008 7047     		bx	lr
 295              	.L25:
 114:Src/i2c.c     **** 
 296              		.loc 1 114 1 view .LVU81
 297 000a 10B5     		push	{r4, lr}
 298              	.LCFI5:
 299              		.cfi_def_cfa_offset 8
 300              		.cfi_offset 4, -8
 301              		.cfi_offset 14, -4
 117:Src/i2c.c     ****   {
 118:Src/i2c.c     ****   /* USER CODE BEGIN I2C1_MspDeInit 0 */
 119:Src/i2c.c     **** 
 120:Src/i2c.c     ****   /* USER CODE END I2C1_MspDeInit 0 */
 121:Src/i2c.c     ****     /* Peripheral clock disable */
 122:Src/i2c.c     ****     __HAL_RCC_I2C1_CLK_DISABLE();
 302              		.loc 1 122 5 is_stmt 1 view .LVU82
 303 000c 0A4A     		ldr	r2, .L26+4
ARM GAS  /var/folders/mq/wg13gp494590nh4zyt09lxf00000gn/T//cc77Pxmi.s 			page 9


 304 000e D2F8E830 		ldr	r3, [r2, #232]
 305 0012 23F40013 		bic	r3, r3, #2097152
 306 0016 C2F8E830 		str	r3, [r2, #232]
 123:Src/i2c.c     **** 
 124:Src/i2c.c     ****     /**I2C1 GPIO Configuration
 125:Src/i2c.c     ****     PB8     ------> I2C1_SCL
 126:Src/i2c.c     ****     PB9     ------> I2C1_SDA
 127:Src/i2c.c     ****     */
 128:Src/i2c.c     ****     HAL_GPIO_DeInit(GPIOB, GPIO_PIN_8);
 307              		.loc 1 128 5 view .LVU83
 308 001a 084C     		ldr	r4, .L26+8
 309 001c 4FF48071 		mov	r1, #256
 310 0020 2046     		mov	r0, r4
 311              	.LVL17:
 312              		.loc 1 128 5 is_stmt 0 view .LVU84
 313 0022 FFF7FEFF 		bl	HAL_GPIO_DeInit
 314              	.LVL18:
 129:Src/i2c.c     **** 
 130:Src/i2c.c     ****     HAL_GPIO_DeInit(GPIOB, GPIO_PIN_9);
 315              		.loc 1 130 5 is_stmt 1 view .LVU85
 316 0026 4FF40071 		mov	r1, #512
 317 002a 2046     		mov	r0, r4
 318 002c FFF7FEFF 		bl	HAL_GPIO_DeInit
 319              	.LVL19:
 131:Src/i2c.c     **** 
 132:Src/i2c.c     ****   /* USER CODE BEGIN I2C1_MspDeInit 1 */
 133:Src/i2c.c     **** 
 134:Src/i2c.c     ****   /* USER CODE END I2C1_MspDeInit 1 */
 135:Src/i2c.c     ****   }
 136:Src/i2c.c     **** }
 320              		.loc 1 136 1 is_stmt 0 view .LVU86
 321 0030 10BD     		pop	{r4, pc}
 322              	.L27:
 323 0032 00BF     		.align	2
 324              	.L26:
 325 0034 00540040 		.word	1073763328
 326 0038 00440258 		.word	1476543488
 327 003c 00040258 		.word	1476527104
 328              		.cfi_endproc
 329              	.LFE146:
 331              		.global	hi2c1
 332              		.section	.bss.hi2c1,"aw",%nobits
 333              		.align	2
 336              	hi2c1:
 337 0000 00000000 		.space	84
 337      00000000 
 337      00000000 
 337      00000000 
 337      00000000 
 338              		.text
 339              	.Letext0:
 340              		.file 2 "/Applications/ArmGNUToolchain/13.3.rel1/arm-none-eabi/arm-none-eabi/include/machine/_defa
 341              		.file 3 "/Applications/ArmGNUToolchain/13.3.rel1/arm-none-eabi/arm-none-eabi/include/sys/_stdint.h
 342              		.file 4 "Drivers/CMSIS/Device/ST/STM32H7xx/Include/stm32h750xx.h"
 343              		.file 5 "Drivers/STM32H7xx_HAL_Driver/Inc/stm32h7xx_hal_def.h"
 344              		.file 6 "Drivers/STM32H7xx_HAL_Driver/Inc/stm32h7xx_hal_rcc_ex.h"
 345              		.file 7 "Drivers/STM32H7xx_HAL_Driver/Inc/stm32h7xx_hal_gpio.h"
ARM GAS  /var/folders/mq/wg13gp494590nh4zyt09lxf00000gn/T//cc77Pxmi.s 			page 10


 346              		.file 8 "Drivers/STM32H7xx_HAL_Driver/Inc/stm32h7xx_hal_dma.h"
 347              		.file 9 "Drivers/STM32H7xx_HAL_Driver/Inc/stm32h7xx_hal_i2c.h"
 348              		.file 10 "Drivers/STM32H7xx_HAL_Driver/Inc/stm32h7xx_hal_i2c_ex.h"
 349              		.file 11 "Inc/i2c.h"
 350              		.file 12 "Inc/main.h"
 351              		.file 13 "<built-in>"
ARM GAS  /var/folders/mq/wg13gp494590nh4zyt09lxf00000gn/T//cc77Pxmi.s 			page 11


DEFINED SYMBOLS
                            *ABS*:00000000 i2c.c
/var/folders/mq/wg13gp494590nh4zyt09lxf00000gn/T//cc77Pxmi.s:20     .text.MX_I2C1_Init:00000000 $t
/var/folders/mq/wg13gp494590nh4zyt09lxf00000gn/T//cc77Pxmi.s:26     .text.MX_I2C1_Init:00000000 MX_I2C1_Init
/var/folders/mq/wg13gp494590nh4zyt09lxf00000gn/T//cc77Pxmi.s:115    .text.MX_I2C1_Init:0000004c $d
/var/folders/mq/wg13gp494590nh4zyt09lxf00000gn/T//cc77Pxmi.s:336    .bss.hi2c1:00000000 hi2c1
/var/folders/mq/wg13gp494590nh4zyt09lxf00000gn/T//cc77Pxmi.s:122    .text.HAL_I2C_MspInit:00000000 $t
/var/folders/mq/wg13gp494590nh4zyt09lxf00000gn/T//cc77Pxmi.s:128    .text.HAL_I2C_MspInit:00000000 HAL_I2C_MspInit
/var/folders/mq/wg13gp494590nh4zyt09lxf00000gn/T//cc77Pxmi.s:267    .text.HAL_I2C_MspInit:00000094 $d
/var/folders/mq/wg13gp494590nh4zyt09lxf00000gn/T//cc77Pxmi.s:274    .text.HAL_I2C_MspDeInit:00000000 $t
/var/folders/mq/wg13gp494590nh4zyt09lxf00000gn/T//cc77Pxmi.s:280    .text.HAL_I2C_MspDeInit:00000000 HAL_I2C_MspDeInit
/var/folders/mq/wg13gp494590nh4zyt09lxf00000gn/T//cc77Pxmi.s:325    .text.HAL_I2C_MspDeInit:00000034 $d
/var/folders/mq/wg13gp494590nh4zyt09lxf00000gn/T//cc77Pxmi.s:333    .bss.hi2c1:00000000 $d

UNDEFINED SYMBOLS
HAL_I2C_Init
HAL_I2CEx_ConfigAnalogFilter
HAL_I2CEx_ConfigDigitalFilter
Error_Handler
memset
HAL_RCCEx_PeriphCLKConfig
HAL_GPIO_Init
HAL_GPIO_DeInit
