ARM GAS  /var/folders/mq/wg13gp494590nh4zyt09lxf00000gn/T//cc9EBuG7.s 			page 1


   1              		.cpu cortex-m7
   2              		.arch armv7e-m
   3              		.fpu fpv5-d16
   4              		.eabi_attribute 28, 1
   5              		.eabi_attribute 20, 1
   6              		.eabi_attribute 21, 1
   7              		.eabi_attribute 23, 3
   8              		.eabi_attribute 24, 1
   9              		.eabi_attribute 25, 1
  10              		.eabi_attribute 26, 1
  11              		.eabi_attribute 30, 1
  12              		.eabi_attribute 34, 1
  13              		.eabi_attribute 18, 4
  14              		.file	"jcapistd.c"
  15              		.text
  16              	.Ltext0:
  17              		.cfi_sections	.debug_frame
  18              		.file 1 "Middlewares/Third_Party/LibJPEG/source/jcapistd.c"
  19              		.section	.text.jpeg_start_compress,"ax",%progbits
  20              		.align	1
  21              		.global	jpeg_start_compress
  22              		.syntax unified
  23              		.thumb
  24              		.thumb_func
  26              	jpeg_start_compress:
  27              	.LVL0:
  28              	.LFB147:
   1:Middlewares/Third_Party/LibJPEG/source/jcapistd.c **** /*
   2:Middlewares/Third_Party/LibJPEG/source/jcapistd.c ****  * jcapistd.c
   3:Middlewares/Third_Party/LibJPEG/source/jcapistd.c ****  *
   4:Middlewares/Third_Party/LibJPEG/source/jcapistd.c ****  * Copyright (C) 1994-1996, Thomas G. Lane.
   5:Middlewares/Third_Party/LibJPEG/source/jcapistd.c ****  * This file is part of the Independent JPEG Group's software.
   6:Middlewares/Third_Party/LibJPEG/source/jcapistd.c ****  * For conditions of distribution and use, see the accompanying README file.
   7:Middlewares/Third_Party/LibJPEG/source/jcapistd.c ****  *
   8:Middlewares/Third_Party/LibJPEG/source/jcapistd.c ****  * This file contains application interface code for the compression half
   9:Middlewares/Third_Party/LibJPEG/source/jcapistd.c ****  * of the JPEG library.  These are the "standard" API routines that are
  10:Middlewares/Third_Party/LibJPEG/source/jcapistd.c ****  * used in the normal full-compression case.  They are not used by a
  11:Middlewares/Third_Party/LibJPEG/source/jcapistd.c ****  * transcoding-only application.  Note that if an application links in
  12:Middlewares/Third_Party/LibJPEG/source/jcapistd.c ****  * jpeg_start_compress, it will end up linking in the entire compressor.
  13:Middlewares/Third_Party/LibJPEG/source/jcapistd.c ****  * We thus must separate this file from jcapimin.c to avoid linking the
  14:Middlewares/Third_Party/LibJPEG/source/jcapistd.c ****  * whole compression library into a transcoder.
  15:Middlewares/Third_Party/LibJPEG/source/jcapistd.c ****  */
  16:Middlewares/Third_Party/LibJPEG/source/jcapistd.c **** 
  17:Middlewares/Third_Party/LibJPEG/source/jcapistd.c **** #define JPEG_INTERNALS
  18:Middlewares/Third_Party/LibJPEG/source/jcapistd.c **** #include "jinclude.h"
  19:Middlewares/Third_Party/LibJPEG/source/jcapistd.c **** #include "jpeglib.h"
  20:Middlewares/Third_Party/LibJPEG/source/jcapistd.c **** 
  21:Middlewares/Third_Party/LibJPEG/source/jcapistd.c **** 
  22:Middlewares/Third_Party/LibJPEG/source/jcapistd.c **** /*
  23:Middlewares/Third_Party/LibJPEG/source/jcapistd.c ****  * Compression initialization.
  24:Middlewares/Third_Party/LibJPEG/source/jcapistd.c ****  * Before calling this, all parameters and a data destination must be set up.
  25:Middlewares/Third_Party/LibJPEG/source/jcapistd.c ****  *
  26:Middlewares/Third_Party/LibJPEG/source/jcapistd.c ****  * We require a write_all_tables parameter as a failsafe check when writing
  27:Middlewares/Third_Party/LibJPEG/source/jcapistd.c ****  * multiple datastreams from the same compression object.  Since prior runs
  28:Middlewares/Third_Party/LibJPEG/source/jcapistd.c ****  * will have left all the tables marked sent_table=TRUE, a subsequent run
  29:Middlewares/Third_Party/LibJPEG/source/jcapistd.c ****  * would emit an abbreviated stream (no tables) by default.  This may be what
  30:Middlewares/Third_Party/LibJPEG/source/jcapistd.c ****  * is wanted, but for safety's sake it should not be the default behavior:
ARM GAS  /var/folders/mq/wg13gp494590nh4zyt09lxf00000gn/T//cc9EBuG7.s 			page 2


  31:Middlewares/Third_Party/LibJPEG/source/jcapistd.c ****  * programmers should have to make a deliberate choice to emit abbreviated
  32:Middlewares/Third_Party/LibJPEG/source/jcapistd.c ****  * images.  Therefore the documentation and examples should encourage people
  33:Middlewares/Third_Party/LibJPEG/source/jcapistd.c ****  * to pass write_all_tables=TRUE; then it will take active thought to do the
  34:Middlewares/Third_Party/LibJPEG/source/jcapistd.c ****  * wrong thing.
  35:Middlewares/Third_Party/LibJPEG/source/jcapistd.c ****  */
  36:Middlewares/Third_Party/LibJPEG/source/jcapistd.c **** 
  37:Middlewares/Third_Party/LibJPEG/source/jcapistd.c **** GLOBAL(void)
  38:Middlewares/Third_Party/LibJPEG/source/jcapistd.c **** jpeg_start_compress (j_compress_ptr cinfo, boolean write_all_tables)
  39:Middlewares/Third_Party/LibJPEG/source/jcapistd.c **** {
  29              		.loc 1 39 1 view -0
  30              		.cfi_startproc
  31              		@ args = 0, pretend = 0, frame = 0
  32              		@ frame_needed = 0, uses_anonymous_args = 0
  33              		.loc 1 39 1 is_stmt 0 view .LVU1
  34 0000 38B5     		push	{r3, r4, r5, lr}
  35              	.LCFI0:
  36              		.cfi_def_cfa_offset 16
  37              		.cfi_offset 3, -16
  38              		.cfi_offset 4, -12
  39              		.cfi_offset 5, -8
  40              		.cfi_offset 14, -4
  41 0002 0446     		mov	r4, r0
  42 0004 0D46     		mov	r5, r1
  40:Middlewares/Third_Party/LibJPEG/source/jcapistd.c ****   if (cinfo->global_state != CSTATE_START)
  43              		.loc 1 40 3 is_stmt 1 view .LVU2
  44              		.loc 1 40 12 is_stmt 0 view .LVU3
  45 0006 4369     		ldr	r3, [r0, #20]
  46              		.loc 1 40 6 view .LVU4
  47 0008 642B     		cmp	r3, #100
  48 000a 08D0     		beq	.L2
  41:Middlewares/Third_Party/LibJPEG/source/jcapistd.c ****     ERREXIT1(cinfo, JERR_BAD_STATE, cinfo->global_state);
  49              		.loc 1 41 5 is_stmt 1 view .LVU5
  50 000c 0368     		ldr	r3, [r0]
  51 000e 1522     		movs	r2, #21
  52 0010 5A61     		str	r2, [r3, #20]
  53 0012 0368     		ldr	r3, [r0]
  54 0014 4269     		ldr	r2, [r0, #20]
  55 0016 9A61     		str	r2, [r3, #24]
  56 0018 0368     		ldr	r3, [r0]
  57 001a 1B68     		ldr	r3, [r3]
  58 001c 9847     		blx	r3
  59              	.LVL1:
  60              	.L2:
  42:Middlewares/Third_Party/LibJPEG/source/jcapistd.c **** 
  43:Middlewares/Third_Party/LibJPEG/source/jcapistd.c ****   if (write_all_tables)
  61              		.loc 1 43 3 view .LVU6
  62              		.loc 1 43 6 is_stmt 0 view .LVU7
  63 001e C5B9     		cbnz	r5, .L7
  64              	.L3:
  44:Middlewares/Third_Party/LibJPEG/source/jcapistd.c ****     jpeg_suppress_tables(cinfo, FALSE);	/* mark all tables to be written */
  45:Middlewares/Third_Party/LibJPEG/source/jcapistd.c **** 
  46:Middlewares/Third_Party/LibJPEG/source/jcapistd.c ****   /* (Re)initialize error mgr and destination modules */
  47:Middlewares/Third_Party/LibJPEG/source/jcapistd.c ****   (*cinfo->err->reset_error_mgr) ((j_common_ptr) cinfo);
  65              		.loc 1 47 3 is_stmt 1 view .LVU8
  66              		.loc 1 47 10 is_stmt 0 view .LVU9
  67 0020 2368     		ldr	r3, [r4]
  68              		.loc 1 47 4 view .LVU10
ARM GAS  /var/folders/mq/wg13gp494590nh4zyt09lxf00000gn/T//cc9EBuG7.s 			page 3


  69 0022 1B69     		ldr	r3, [r3, #16]
  70 0024 2046     		mov	r0, r4
  71 0026 9847     		blx	r3
  72              	.LVL2:
  48:Middlewares/Third_Party/LibJPEG/source/jcapistd.c ****   (*cinfo->dest->init_destination) (cinfo);
  73              		.loc 1 48 3 is_stmt 1 view .LVU11
  74              		.loc 1 48 10 is_stmt 0 view .LVU12
  75 0028 A369     		ldr	r3, [r4, #24]
  76              		.loc 1 48 4 view .LVU13
  77 002a 9B68     		ldr	r3, [r3, #8]
  78 002c 2046     		mov	r0, r4
  79 002e 9847     		blx	r3
  80              	.LVL3:
  49:Middlewares/Third_Party/LibJPEG/source/jcapistd.c ****   /* Perform master selection of active modules */
  50:Middlewares/Third_Party/LibJPEG/source/jcapistd.c ****   jinit_compress_master(cinfo);
  81              		.loc 1 50 3 is_stmt 1 view .LVU14
  82 0030 2046     		mov	r0, r4
  83 0032 FFF7FEFF 		bl	jinit_compress_master
  84              	.LVL4:
  51:Middlewares/Third_Party/LibJPEG/source/jcapistd.c ****   /* Set up for the first pass */
  52:Middlewares/Third_Party/LibJPEG/source/jcapistd.c ****   (*cinfo->master->prepare_for_pass) (cinfo);
  85              		.loc 1 52 3 view .LVU15
  86              		.loc 1 52 10 is_stmt 0 view .LVU16
  87 0036 D4F88431 		ldr	r3, [r4, #388]
  88              		.loc 1 52 4 view .LVU17
  89 003a 1B68     		ldr	r3, [r3]
  90 003c 2046     		mov	r0, r4
  91 003e 9847     		blx	r3
  92              	.LVL5:
  53:Middlewares/Third_Party/LibJPEG/source/jcapistd.c ****   /* Ready for application to drive first pass through jpeg_write_scanlines
  54:Middlewares/Third_Party/LibJPEG/source/jcapistd.c ****    * or jpeg_write_raw_data.
  55:Middlewares/Third_Party/LibJPEG/source/jcapistd.c ****    */
  56:Middlewares/Third_Party/LibJPEG/source/jcapistd.c ****   cinfo->next_scanline = 0;
  93              		.loc 1 56 3 is_stmt 1 view .LVU18
  94              		.loc 1 56 24 is_stmt 0 view .LVU19
  95 0040 0023     		movs	r3, #0
  96 0042 C4F80431 		str	r3, [r4, #260]
  57:Middlewares/Third_Party/LibJPEG/source/jcapistd.c ****   cinfo->global_state = (cinfo->raw_data_in ? CSTATE_RAW_OK : CSTATE_SCANNING);
  97              		.loc 1 57 3 is_stmt 1 view .LVU20
  98              		.loc 1 57 31 is_stmt 0 view .LVU21
  99 0046 D4F8D030 		ldr	r3, [r4, #208]
 100              		.loc 1 57 61 view .LVU22
 101 004a 3BB1     		cbz	r3, .L5
 102              		.loc 1 57 61 discriminator 1 view .LVU23
 103 004c 6623     		movs	r3, #102
 104              	.L4:
 105              		.loc 1 57 23 discriminator 4 view .LVU24
 106 004e 6361     		str	r3, [r4, #20]
  58:Middlewares/Third_Party/LibJPEG/source/jcapistd.c **** }
 107              		.loc 1 58 1 view .LVU25
 108 0050 38BD     		pop	{r3, r4, r5, pc}
 109              	.LVL6:
 110              	.L7:
  44:Middlewares/Third_Party/LibJPEG/source/jcapistd.c **** 
 111              		.loc 1 44 5 is_stmt 1 view .LVU26
 112 0052 0021     		movs	r1, #0
 113 0054 2046     		mov	r0, r4
ARM GAS  /var/folders/mq/wg13gp494590nh4zyt09lxf00000gn/T//cc9EBuG7.s 			page 4


 114 0056 FFF7FEFF 		bl	jpeg_suppress_tables
 115              	.LVL7:
 116 005a E1E7     		b	.L3
 117              	.L5:
  57:Middlewares/Third_Party/LibJPEG/source/jcapistd.c ****   cinfo->global_state = (cinfo->raw_data_in ? CSTATE_RAW_OK : CSTATE_SCANNING);
 118              		.loc 1 57 61 is_stmt 0 discriminator 2 view .LVU27
 119 005c 6523     		movs	r3, #101
 120 005e F6E7     		b	.L4
 121              		.cfi_endproc
 122              	.LFE147:
 124              		.section	.text.jpeg_write_scanlines,"ax",%progbits
 125              		.align	1
 126              		.global	jpeg_write_scanlines
 127              		.syntax unified
 128              		.thumb
 129              		.thumb_func
 131              	jpeg_write_scanlines:
 132              	.LVL8:
 133              	.LFB148:
  59:Middlewares/Third_Party/LibJPEG/source/jcapistd.c **** 
  60:Middlewares/Third_Party/LibJPEG/source/jcapistd.c **** 
  61:Middlewares/Third_Party/LibJPEG/source/jcapistd.c **** /*
  62:Middlewares/Third_Party/LibJPEG/source/jcapistd.c ****  * Write some scanlines of data to the JPEG compressor.
  63:Middlewares/Third_Party/LibJPEG/source/jcapistd.c ****  *
  64:Middlewares/Third_Party/LibJPEG/source/jcapistd.c ****  * The return value will be the number of lines actually written.
  65:Middlewares/Third_Party/LibJPEG/source/jcapistd.c ****  * This should be less than the supplied num_lines only in case that
  66:Middlewares/Third_Party/LibJPEG/source/jcapistd.c ****  * the data destination module has requested suspension of the compressor,
  67:Middlewares/Third_Party/LibJPEG/source/jcapistd.c ****  * or if more than image_height scanlines are passed in.
  68:Middlewares/Third_Party/LibJPEG/source/jcapistd.c ****  *
  69:Middlewares/Third_Party/LibJPEG/source/jcapistd.c ****  * Note: we warn about excess calls to jpeg_write_scanlines() since
  70:Middlewares/Third_Party/LibJPEG/source/jcapistd.c ****  * this likely signals an application programmer error.  However,
  71:Middlewares/Third_Party/LibJPEG/source/jcapistd.c ****  * excess scanlines passed in the last valid call are *silently* ignored,
  72:Middlewares/Third_Party/LibJPEG/source/jcapistd.c ****  * so that the application need not adjust num_lines for end-of-image
  73:Middlewares/Third_Party/LibJPEG/source/jcapistd.c ****  * when using a multiple-scanline buffer.
  74:Middlewares/Third_Party/LibJPEG/source/jcapistd.c ****  */
  75:Middlewares/Third_Party/LibJPEG/source/jcapistd.c **** 
  76:Middlewares/Third_Party/LibJPEG/source/jcapistd.c **** GLOBAL(JDIMENSION)
  77:Middlewares/Third_Party/LibJPEG/source/jcapistd.c **** jpeg_write_scanlines (j_compress_ptr cinfo, JSAMPARRAY scanlines,
  78:Middlewares/Third_Party/LibJPEG/source/jcapistd.c **** 		      JDIMENSION num_lines)
  79:Middlewares/Third_Party/LibJPEG/source/jcapistd.c **** {
 134              		.loc 1 79 1 is_stmt 1 view -0
 135              		.cfi_startproc
 136              		@ args = 0, pretend = 0, frame = 8
 137              		@ frame_needed = 0, uses_anonymous_args = 0
 138              		.loc 1 79 1 is_stmt 0 view .LVU29
 139 0000 70B5     		push	{r4, r5, r6, lr}
 140              	.LCFI1:
 141              		.cfi_def_cfa_offset 16
 142              		.cfi_offset 4, -16
 143              		.cfi_offset 5, -12
 144              		.cfi_offset 6, -8
 145              		.cfi_offset 14, -4
 146 0002 82B0     		sub	sp, sp, #8
 147              	.LCFI2:
 148              		.cfi_def_cfa_offset 24
 149 0004 0446     		mov	r4, r0
 150 0006 0E46     		mov	r6, r1
ARM GAS  /var/folders/mq/wg13gp494590nh4zyt09lxf00000gn/T//cc9EBuG7.s 			page 5


 151 0008 1546     		mov	r5, r2
  80:Middlewares/Third_Party/LibJPEG/source/jcapistd.c ****   JDIMENSION row_ctr, rows_left;
 152              		.loc 1 80 3 is_stmt 1 view .LVU30
  81:Middlewares/Third_Party/LibJPEG/source/jcapistd.c **** 
  82:Middlewares/Third_Party/LibJPEG/source/jcapistd.c ****   if (cinfo->global_state != CSTATE_SCANNING)
 153              		.loc 1 82 3 view .LVU31
 154              		.loc 1 82 12 is_stmt 0 view .LVU32
 155 000a 4369     		ldr	r3, [r0, #20]
 156              		.loc 1 82 6 view .LVU33
 157 000c 652B     		cmp	r3, #101
 158 000e 08D0     		beq	.L9
  83:Middlewares/Third_Party/LibJPEG/source/jcapistd.c ****     ERREXIT1(cinfo, JERR_BAD_STATE, cinfo->global_state);
 159              		.loc 1 83 5 is_stmt 1 view .LVU34
 160 0010 0368     		ldr	r3, [r0]
 161 0012 1522     		movs	r2, #21
 162              	.LVL9:
 163              		.loc 1 83 5 is_stmt 0 view .LVU35
 164 0014 5A61     		str	r2, [r3, #20]
 165 0016 0368     		ldr	r3, [r0]
 166 0018 4269     		ldr	r2, [r0, #20]
 167 001a 9A61     		str	r2, [r3, #24]
 168 001c 0368     		ldr	r3, [r0]
 169 001e 1B68     		ldr	r3, [r3]
 170 0020 9847     		blx	r3
 171              	.LVL10:
 172              	.L9:
  84:Middlewares/Third_Party/LibJPEG/source/jcapistd.c ****   if (cinfo->next_scanline >= cinfo->image_height)
 173              		.loc 1 84 3 is_stmt 1 view .LVU36
 174              		.loc 1 84 12 is_stmt 0 view .LVU37
 175 0022 D4F80421 		ldr	r2, [r4, #260]
 176              		.loc 1 84 36 view .LVU38
 177 0026 236A     		ldr	r3, [r4, #32]
 178              		.loc 1 84 6 view .LVU39
 179 0028 9A42     		cmp	r2, r3
 180 002a 08D3     		bcc	.L10
  85:Middlewares/Third_Party/LibJPEG/source/jcapistd.c ****     WARNMS(cinfo, JWRN_TOO_MUCH_DATA);
 181              		.loc 1 85 5 is_stmt 1 view .LVU40
 182 002c 2368     		ldr	r3, [r4]
 183 002e 7E22     		movs	r2, #126
 184 0030 5A61     		str	r2, [r3, #20]
 185 0032 2368     		ldr	r3, [r4]
 186 0034 5B68     		ldr	r3, [r3, #4]
 187 0036 4FF0FF31 		mov	r1, #-1
 188 003a 2046     		mov	r0, r4
 189 003c 9847     		blx	r3
 190              	.LVL11:
 191              	.L10:
  86:Middlewares/Third_Party/LibJPEG/source/jcapistd.c **** 
  87:Middlewares/Third_Party/LibJPEG/source/jcapistd.c ****   /* Call progress monitor hook if present */
  88:Middlewares/Third_Party/LibJPEG/source/jcapistd.c ****   if (cinfo->progress != NULL) {
 192              		.loc 1 88 3 view .LVU41
 193              		.loc 1 88 12 is_stmt 0 view .LVU42
 194 003e A368     		ldr	r3, [r4, #8]
 195              		.loc 1 88 6 view .LVU43
 196 0040 4BB1     		cbz	r3, .L11
  89:Middlewares/Third_Party/LibJPEG/source/jcapistd.c ****     cinfo->progress->pass_counter = (long) cinfo->next_scanline;
 197              		.loc 1 89 5 is_stmt 1 view .LVU44
ARM GAS  /var/folders/mq/wg13gp494590nh4zyt09lxf00000gn/T//cc9EBuG7.s 			page 6


 198              		.loc 1 89 49 is_stmt 0 view .LVU45
 199 0042 D4F80421 		ldr	r2, [r4, #260]
 200              		.loc 1 89 35 view .LVU46
 201 0046 5A60     		str	r2, [r3, #4]
  90:Middlewares/Third_Party/LibJPEG/source/jcapistd.c ****     cinfo->progress->pass_limit = (long) cinfo->image_height;
 202              		.loc 1 90 5 is_stmt 1 view .LVU47
 203              		.loc 1 90 47 is_stmt 0 view .LVU48
 204 0048 226A     		ldr	r2, [r4, #32]
 205              		.loc 1 90 10 view .LVU49
 206 004a A368     		ldr	r3, [r4, #8]
 207              		.loc 1 90 33 view .LVU50
 208 004c 9A60     		str	r2, [r3, #8]
  91:Middlewares/Third_Party/LibJPEG/source/jcapistd.c ****     (*cinfo->progress->progress_monitor) ((j_common_ptr) cinfo);
 209              		.loc 1 91 5 is_stmt 1 view .LVU51
 210              		.loc 1 91 12 is_stmt 0 view .LVU52
 211 004e A368     		ldr	r3, [r4, #8]
 212              		.loc 1 91 6 view .LVU53
 213 0050 1B68     		ldr	r3, [r3]
 214 0052 2046     		mov	r0, r4
 215 0054 9847     		blx	r3
 216              	.LVL12:
 217              	.L11:
  92:Middlewares/Third_Party/LibJPEG/source/jcapistd.c ****   }
  93:Middlewares/Third_Party/LibJPEG/source/jcapistd.c **** 
  94:Middlewares/Third_Party/LibJPEG/source/jcapistd.c ****   /* Give master control module another chance if this is first call to
  95:Middlewares/Third_Party/LibJPEG/source/jcapistd.c ****    * jpeg_write_scanlines.  This lets output of the frame/scan headers be
  96:Middlewares/Third_Party/LibJPEG/source/jcapistd.c ****    * delayed so that application can write COM, etc, markers between
  97:Middlewares/Third_Party/LibJPEG/source/jcapistd.c ****    * jpeg_start_compress and jpeg_write_scanlines.
  98:Middlewares/Third_Party/LibJPEG/source/jcapistd.c ****    */
  99:Middlewares/Third_Party/LibJPEG/source/jcapistd.c ****   if (cinfo->master->call_pass_startup)
 218              		.loc 1 99 3 is_stmt 1 view .LVU54
 219              		.loc 1 99 12 is_stmt 0 view .LVU55
 220 0056 D4F88431 		ldr	r3, [r4, #388]
 221              		.loc 1 99 20 view .LVU56
 222 005a DA68     		ldr	r2, [r3, #12]
 223              		.loc 1 99 6 view .LVU57
 224 005c 12B1     		cbz	r2, .L12
 100:Middlewares/Third_Party/LibJPEG/source/jcapistd.c ****     (*cinfo->master->pass_startup) (cinfo);
 225              		.loc 1 100 5 is_stmt 1 view .LVU58
 226              		.loc 1 100 6 is_stmt 0 view .LVU59
 227 005e 5B68     		ldr	r3, [r3, #4]
 228 0060 2046     		mov	r0, r4
 229 0062 9847     		blx	r3
 230              	.LVL13:
 231              	.L12:
 101:Middlewares/Third_Party/LibJPEG/source/jcapistd.c **** 
 102:Middlewares/Third_Party/LibJPEG/source/jcapistd.c ****   /* Ignore any extra scanlines at bottom of image. */
 103:Middlewares/Third_Party/LibJPEG/source/jcapistd.c ****   rows_left = cinfo->image_height - cinfo->next_scanline;
 232              		.loc 1 103 3 is_stmt 1 view .LVU60
 233              		.loc 1 103 20 is_stmt 0 view .LVU61
 234 0064 236A     		ldr	r3, [r4, #32]
 235              		.loc 1 103 42 view .LVU62
 236 0066 D4F80421 		ldr	r2, [r4, #260]
 237              		.loc 1 103 13 view .LVU63
 238 006a 9B1A     		subs	r3, r3, r2
 239              	.LVL14:
 104:Middlewares/Third_Party/LibJPEG/source/jcapistd.c ****   if (num_lines > rows_left)
ARM GAS  /var/folders/mq/wg13gp494590nh4zyt09lxf00000gn/T//cc9EBuG7.s 			page 7


 240              		.loc 1 104 3 is_stmt 1 view .LVU64
 241              		.loc 1 104 6 is_stmt 0 view .LVU65
 242 006c AB42     		cmp	r3, r5
 243 006e 00D3     		bcc	.L13
 244 0070 2B46     		mov	r3, r5
 245              	.LVL15:
 246              	.L13:
 105:Middlewares/Third_Party/LibJPEG/source/jcapistd.c ****     num_lines = rows_left;
 106:Middlewares/Third_Party/LibJPEG/source/jcapistd.c **** 
 107:Middlewares/Third_Party/LibJPEG/source/jcapistd.c ****   row_ctr = 0;
 247              		.loc 1 107 3 is_stmt 1 view .LVU66
 248              		.loc 1 107 11 is_stmt 0 view .LVU67
 249 0072 0022     		movs	r2, #0
 250              	.LVL16:
 251              		.loc 1 107 11 view .LVU68
 252 0074 0192     		str	r2, [sp, #4]
 108:Middlewares/Third_Party/LibJPEG/source/jcapistd.c ****   (*cinfo->main->process_data) (cinfo, scanlines, &row_ctr, num_lines);
 253              		.loc 1 108 3 is_stmt 1 view .LVU69
 254              		.loc 1 108 10 is_stmt 0 view .LVU70
 255 0076 D4F88821 		ldr	r2, [r4, #392]
 256              		.loc 1 108 4 view .LVU71
 257 007a 5568     		ldr	r5, [r2, #4]
 258 007c 01AA     		add	r2, sp, #4
 259 007e 3146     		mov	r1, r6
 260 0080 2046     		mov	r0, r4
 261 0082 A847     		blx	r5
 262              	.LVL17:
 109:Middlewares/Third_Party/LibJPEG/source/jcapistd.c ****   cinfo->next_scanline += row_ctr;
 263              		.loc 1 109 3 is_stmt 1 view .LVU72
 264              		.loc 1 109 8 is_stmt 0 view .LVU73
 265 0084 D4F80431 		ldr	r3, [r4, #260]
 266              		.loc 1 109 24 view .LVU74
 267 0088 0198     		ldr	r0, [sp, #4]
 268 008a 0344     		add	r3, r3, r0
 269 008c C4F80431 		str	r3, [r4, #260]
 110:Middlewares/Third_Party/LibJPEG/source/jcapistd.c ****   return row_ctr;
 270              		.loc 1 110 3 is_stmt 1 view .LVU75
 111:Middlewares/Third_Party/LibJPEG/source/jcapistd.c **** }
 271              		.loc 1 111 1 is_stmt 0 view .LVU76
 272 0090 02B0     		add	sp, sp, #8
 273              	.LCFI3:
 274              		.cfi_def_cfa_offset 16
 275              		@ sp needed
 276 0092 70BD     		pop	{r4, r5, r6, pc}
 277              		.loc 1 111 1 view .LVU77
 278              		.cfi_endproc
 279              	.LFE148:
 281              		.section	.text.jpeg_write_raw_data,"ax",%progbits
 282              		.align	1
 283              		.global	jpeg_write_raw_data
 284              		.syntax unified
 285              		.thumb
 286              		.thumb_func
 288              	jpeg_write_raw_data:
 289              	.LVL18:
 290              	.LFB149:
 112:Middlewares/Third_Party/LibJPEG/source/jcapistd.c **** 
ARM GAS  /var/folders/mq/wg13gp494590nh4zyt09lxf00000gn/T//cc9EBuG7.s 			page 8


 113:Middlewares/Third_Party/LibJPEG/source/jcapistd.c **** 
 114:Middlewares/Third_Party/LibJPEG/source/jcapistd.c **** /*
 115:Middlewares/Third_Party/LibJPEG/source/jcapistd.c ****  * Alternate entry point to write raw data.
 116:Middlewares/Third_Party/LibJPEG/source/jcapistd.c ****  * Processes exactly one iMCU row per call, unless suspended.
 117:Middlewares/Third_Party/LibJPEG/source/jcapistd.c ****  */
 118:Middlewares/Third_Party/LibJPEG/source/jcapistd.c **** 
 119:Middlewares/Third_Party/LibJPEG/source/jcapistd.c **** GLOBAL(JDIMENSION)
 120:Middlewares/Third_Party/LibJPEG/source/jcapistd.c **** jpeg_write_raw_data (j_compress_ptr cinfo, JSAMPIMAGE data,
 121:Middlewares/Third_Party/LibJPEG/source/jcapistd.c **** 		     JDIMENSION num_lines)
 122:Middlewares/Third_Party/LibJPEG/source/jcapistd.c **** {
 291              		.loc 1 122 1 is_stmt 1 view -0
 292              		.cfi_startproc
 293              		@ args = 0, pretend = 0, frame = 0
 294              		@ frame_needed = 0, uses_anonymous_args = 0
 295              		.loc 1 122 1 is_stmt 0 view .LVU79
 296 0000 F8B5     		push	{r3, r4, r5, r6, r7, lr}
 297              	.LCFI4:
 298              		.cfi_def_cfa_offset 24
 299              		.cfi_offset 3, -24
 300              		.cfi_offset 4, -20
 301              		.cfi_offset 5, -16
 302              		.cfi_offset 6, -12
 303              		.cfi_offset 7, -8
 304              		.cfi_offset 14, -4
 305 0002 0446     		mov	r4, r0
 306 0004 0F46     		mov	r7, r1
 307 0006 1646     		mov	r6, r2
 123:Middlewares/Third_Party/LibJPEG/source/jcapistd.c ****   JDIMENSION lines_per_iMCU_row;
 308              		.loc 1 123 3 is_stmt 1 view .LVU80
 124:Middlewares/Third_Party/LibJPEG/source/jcapistd.c **** 
 125:Middlewares/Third_Party/LibJPEG/source/jcapistd.c ****   if (cinfo->global_state != CSTATE_RAW_OK)
 309              		.loc 1 125 3 view .LVU81
 310              		.loc 1 125 12 is_stmt 0 view .LVU82
 311 0008 4369     		ldr	r3, [r0, #20]
 312              		.loc 1 125 6 view .LVU83
 313 000a 662B     		cmp	r3, #102
 314 000c 08D0     		beq	.L16
 126:Middlewares/Third_Party/LibJPEG/source/jcapistd.c ****     ERREXIT1(cinfo, JERR_BAD_STATE, cinfo->global_state);
 315              		.loc 1 126 5 is_stmt 1 view .LVU84
 316 000e 0368     		ldr	r3, [r0]
 317 0010 1522     		movs	r2, #21
 318              	.LVL19:
 319              		.loc 1 126 5 is_stmt 0 view .LVU85
 320 0012 5A61     		str	r2, [r3, #20]
 321 0014 0368     		ldr	r3, [r0]
 322 0016 4269     		ldr	r2, [r0, #20]
 323 0018 9A61     		str	r2, [r3, #24]
 324 001a 0368     		ldr	r3, [r0]
 325 001c 1B68     		ldr	r3, [r3]
 326 001e 9847     		blx	r3
 327              	.LVL20:
 328              	.L16:
 127:Middlewares/Third_Party/LibJPEG/source/jcapistd.c ****   if (cinfo->next_scanline >= cinfo->image_height) {
 329              		.loc 1 127 3 is_stmt 1 view .LVU86
 330              		.loc 1 127 12 is_stmt 0 view .LVU87
 331 0020 D4F80431 		ldr	r3, [r4, #260]
 332              		.loc 1 127 36 view .LVU88
ARM GAS  /var/folders/mq/wg13gp494590nh4zyt09lxf00000gn/T//cc9EBuG7.s 			page 9


 333 0024 206A     		ldr	r0, [r4, #32]
 334              		.loc 1 127 6 view .LVU89
 335 0026 8342     		cmp	r3, r0
 336 0028 2BD2     		bcs	.L24
 128:Middlewares/Third_Party/LibJPEG/source/jcapistd.c ****     WARNMS(cinfo, JWRN_TOO_MUCH_DATA);
 129:Middlewares/Third_Party/LibJPEG/source/jcapistd.c ****     return 0;
 130:Middlewares/Third_Party/LibJPEG/source/jcapistd.c ****   }
 131:Middlewares/Third_Party/LibJPEG/source/jcapistd.c **** 
 132:Middlewares/Third_Party/LibJPEG/source/jcapistd.c ****   /* Call progress monitor hook if present */
 133:Middlewares/Third_Party/LibJPEG/source/jcapistd.c ****   if (cinfo->progress != NULL) {
 337              		.loc 1 133 3 is_stmt 1 view .LVU90
 338              		.loc 1 133 12 is_stmt 0 view .LVU91
 339 002a A268     		ldr	r2, [r4, #8]
 340              		.loc 1 133 6 view .LVU92
 341 002c 3AB1     		cbz	r2, .L19
 134:Middlewares/Third_Party/LibJPEG/source/jcapistd.c ****     cinfo->progress->pass_counter = (long) cinfo->next_scanline;
 342              		.loc 1 134 5 is_stmt 1 view .LVU93
 343              		.loc 1 134 35 is_stmt 0 view .LVU94
 344 002e 5360     		str	r3, [r2, #4]
 135:Middlewares/Third_Party/LibJPEG/source/jcapistd.c ****     cinfo->progress->pass_limit = (long) cinfo->image_height;
 345              		.loc 1 135 5 is_stmt 1 view .LVU95
 346              		.loc 1 135 47 is_stmt 0 view .LVU96
 347 0030 226A     		ldr	r2, [r4, #32]
 348              		.loc 1 135 10 view .LVU97
 349 0032 A368     		ldr	r3, [r4, #8]
 350              		.loc 1 135 33 view .LVU98
 351 0034 9A60     		str	r2, [r3, #8]
 136:Middlewares/Third_Party/LibJPEG/source/jcapistd.c ****     (*cinfo->progress->progress_monitor) ((j_common_ptr) cinfo);
 352              		.loc 1 136 5 is_stmt 1 view .LVU99
 353              		.loc 1 136 12 is_stmt 0 view .LVU100
 354 0036 A368     		ldr	r3, [r4, #8]
 355              		.loc 1 136 6 view .LVU101
 356 0038 1B68     		ldr	r3, [r3]
 357 003a 2046     		mov	r0, r4
 358 003c 9847     		blx	r3
 359              	.LVL21:
 360              	.L19:
 137:Middlewares/Third_Party/LibJPEG/source/jcapistd.c ****   }
 138:Middlewares/Third_Party/LibJPEG/source/jcapistd.c **** 
 139:Middlewares/Third_Party/LibJPEG/source/jcapistd.c ****   /* Give master control module another chance if this is first call to
 140:Middlewares/Third_Party/LibJPEG/source/jcapistd.c ****    * jpeg_write_raw_data.  This lets output of the frame/scan headers be
 141:Middlewares/Third_Party/LibJPEG/source/jcapistd.c ****    * delayed so that application can write COM, etc, markers between
 142:Middlewares/Third_Party/LibJPEG/source/jcapistd.c ****    * jpeg_start_compress and jpeg_write_raw_data.
 143:Middlewares/Third_Party/LibJPEG/source/jcapistd.c ****    */
 144:Middlewares/Third_Party/LibJPEG/source/jcapistd.c ****   if (cinfo->master->call_pass_startup)
 361              		.loc 1 144 3 is_stmt 1 view .LVU102
 362              		.loc 1 144 12 is_stmt 0 view .LVU103
 363 003e D4F88431 		ldr	r3, [r4, #388]
 364              		.loc 1 144 20 view .LVU104
 365 0042 DA68     		ldr	r2, [r3, #12]
 366              		.loc 1 144 6 view .LVU105
 367 0044 12B1     		cbz	r2, .L20
 145:Middlewares/Third_Party/LibJPEG/source/jcapistd.c ****     (*cinfo->master->pass_startup) (cinfo);
 368              		.loc 1 145 5 is_stmt 1 view .LVU106
 369              		.loc 1 145 6 is_stmt 0 view .LVU107
 370 0046 5B68     		ldr	r3, [r3, #4]
 371 0048 2046     		mov	r0, r4
ARM GAS  /var/folders/mq/wg13gp494590nh4zyt09lxf00000gn/T//cc9EBuG7.s 			page 10


 372 004a 9847     		blx	r3
 373              	.LVL22:
 374              	.L20:
 146:Middlewares/Third_Party/LibJPEG/source/jcapistd.c **** 
 147:Middlewares/Third_Party/LibJPEG/source/jcapistd.c ****   /* Verify that at least one iMCU row has been passed. */
 148:Middlewares/Third_Party/LibJPEG/source/jcapistd.c ****   lines_per_iMCU_row = cinfo->max_v_samp_factor * DCTSIZE;
 375              		.loc 1 148 3 is_stmt 1 view .LVU108
 376              		.loc 1 148 29 is_stmt 0 view .LVU109
 377 004c D4F81031 		ldr	r3, [r4, #272]
 378              		.loc 1 148 49 view .LVU110
 379 0050 DD00     		lsls	r5, r3, #3
 380              	.LVL23:
 149:Middlewares/Third_Party/LibJPEG/source/jcapistd.c ****   if (num_lines < lines_per_iMCU_row)
 381              		.loc 1 149 3 is_stmt 1 view .LVU111
 382              		.loc 1 149 6 is_stmt 0 view .LVU112
 383 0052 B6EBC30F 		cmp	r6, r3, lsl #3
 384 0056 06D2     		bcs	.L21
 150:Middlewares/Third_Party/LibJPEG/source/jcapistd.c ****     ERREXIT(cinfo, JERR_BUFFER_SIZE);
 385              		.loc 1 150 5 is_stmt 1 view .LVU113
 386 0058 2368     		ldr	r3, [r4]
 387 005a 1822     		movs	r2, #24
 388 005c 5A61     		str	r2, [r3, #20]
 389 005e 2368     		ldr	r3, [r4]
 390 0060 1B68     		ldr	r3, [r3]
 391 0062 2046     		mov	r0, r4
 392 0064 9847     		blx	r3
 393              	.LVL24:
 394              	.L21:
 151:Middlewares/Third_Party/LibJPEG/source/jcapistd.c **** 
 152:Middlewares/Third_Party/LibJPEG/source/jcapistd.c ****   /* Directly compress the row. */
 153:Middlewares/Third_Party/LibJPEG/source/jcapistd.c ****   if (! (*cinfo->coef->compress_data) (cinfo, data)) {
 395              		.loc 1 153 3 view .LVU114
 396              		.loc 1 153 16 is_stmt 0 view .LVU115
 397 0066 D4F89031 		ldr	r3, [r4, #400]
 398              		.loc 1 153 10 view .LVU116
 399 006a 5B68     		ldr	r3, [r3, #4]
 400 006c 3946     		mov	r1, r7
 401 006e 2046     		mov	r0, r4
 402 0070 9847     		blx	r3
 403              	.LVL25:
 404              		.loc 1 153 6 discriminator 1 view .LVU117
 405 0072 88B1     		cbz	r0, .L22
 154:Middlewares/Third_Party/LibJPEG/source/jcapistd.c ****     /* If compressor did not consume the whole row, suspend processing. */
 155:Middlewares/Third_Party/LibJPEG/source/jcapistd.c ****     return 0;
 156:Middlewares/Third_Party/LibJPEG/source/jcapistd.c ****   }
 157:Middlewares/Third_Party/LibJPEG/source/jcapistd.c **** 
 158:Middlewares/Third_Party/LibJPEG/source/jcapistd.c ****   /* OK, we processed one iMCU row. */
 159:Middlewares/Third_Party/LibJPEG/source/jcapistd.c ****   cinfo->next_scanline += lines_per_iMCU_row;
 406              		.loc 1 159 3 is_stmt 1 view .LVU118
 407              		.loc 1 159 8 is_stmt 0 view .LVU119
 408 0074 D4F80431 		ldr	r3, [r4, #260]
 409              		.loc 1 159 24 view .LVU120
 410 0078 2B44     		add	r3, r3, r5
 411 007a C4F80431 		str	r3, [r4, #260]
 160:Middlewares/Third_Party/LibJPEG/source/jcapistd.c ****   return lines_per_iMCU_row;
 412              		.loc 1 160 3 is_stmt 1 view .LVU121
 413              	.LVL26:
ARM GAS  /var/folders/mq/wg13gp494590nh4zyt09lxf00000gn/T//cc9EBuG7.s 			page 11


 414              	.L15:
 161:Middlewares/Third_Party/LibJPEG/source/jcapistd.c **** }
 415              		.loc 1 161 1 is_stmt 0 view .LVU122
 416 007e 2846     		mov	r0, r5
 417 0080 F8BD     		pop	{r3, r4, r5, r6, r7, pc}
 418              	.LVL27:
 419              	.L24:
 128:Middlewares/Third_Party/LibJPEG/source/jcapistd.c ****     return 0;
 420              		.loc 1 128 5 is_stmt 1 view .LVU123
 421 0082 2368     		ldr	r3, [r4]
 422 0084 7E22     		movs	r2, #126
 423 0086 5A61     		str	r2, [r3, #20]
 424 0088 2368     		ldr	r3, [r4]
 425 008a 5B68     		ldr	r3, [r3, #4]
 426 008c 4FF0FF31 		mov	r1, #-1
 427 0090 2046     		mov	r0, r4
 428 0092 9847     		blx	r3
 429              	.LVL28:
 129:Middlewares/Third_Party/LibJPEG/source/jcapistd.c ****   }
 430              		.loc 1 129 5 view .LVU124
 129:Middlewares/Third_Party/LibJPEG/source/jcapistd.c ****   }
 431              		.loc 1 129 12 is_stmt 0 view .LVU125
 432 0094 0025     		movs	r5, #0
 433 0096 F2E7     		b	.L15
 434              	.LVL29:
 435              	.L22:
 155:Middlewares/Third_Party/LibJPEG/source/jcapistd.c ****   }
 436              		.loc 1 155 12 view .LVU126
 437 0098 0025     		movs	r5, #0
 438              	.LVL30:
 155:Middlewares/Third_Party/LibJPEG/source/jcapistd.c ****   }
 439              		.loc 1 155 12 view .LVU127
 440 009a F0E7     		b	.L15
 441              		.cfi_endproc
 442              	.LFE149:
 444              		.text
 445              	.Letext0:
 446              		.file 2 "/Applications/ArmGNUToolchain/13.3.rel1/arm-none-eabi/lib/gcc/arm-none-eabi/13.3.1/includ
 447              		.file 3 "Inc/jmorecfg.h"
 448              		.file 4 "Middlewares/Third_Party/LibJPEG/include/jpeglib.h"
 449              		.file 5 "Middlewares/Third_Party/LibJPEG/include/jpegint.h"
 450              		.file 6 "Middlewares/Third_Party/LibJPEG/include/jerror.h"
ARM GAS  /var/folders/mq/wg13gp494590nh4zyt09lxf00000gn/T//cc9EBuG7.s 			page 12


DEFINED SYMBOLS
                            *ABS*:00000000 jcapistd.c
/var/folders/mq/wg13gp494590nh4zyt09lxf00000gn/T//cc9EBuG7.s:20     .text.jpeg_start_compress:00000000 $t
/var/folders/mq/wg13gp494590nh4zyt09lxf00000gn/T//cc9EBuG7.s:26     .text.jpeg_start_compress:00000000 jpeg_start_compress
/var/folders/mq/wg13gp494590nh4zyt09lxf00000gn/T//cc9EBuG7.s:125    .text.jpeg_write_scanlines:00000000 $t
/var/folders/mq/wg13gp494590nh4zyt09lxf00000gn/T//cc9EBuG7.s:131    .text.jpeg_write_scanlines:00000000 jpeg_write_scanlines
/var/folders/mq/wg13gp494590nh4zyt09lxf00000gn/T//cc9EBuG7.s:282    .text.jpeg_write_raw_data:00000000 $t
/var/folders/mq/wg13gp494590nh4zyt09lxf00000gn/T//cc9EBuG7.s:288    .text.jpeg_write_raw_data:00000000 jpeg_write_raw_data

UNDEFINED SYMBOLS
jinit_compress_master
jpeg_suppress_tables
