ARM GAS  /var/folders/mq/wg13gp494590nh4zyt09lxf00000gn/T//ccEV1eP6.s 			page 1


   1              		.cpu cortex-m7
   2              		.arch armv7e-m
   3              		.fpu fpv5-d16
   4              		.eabi_attribute 28, 1
   5              		.eabi_attribute 20, 1
   6              		.eabi_attribute 21, 1
   7              		.eabi_attribute 23, 3
   8              		.eabi_attribute 24, 1
   9              		.eabi_attribute 25, 1
  10              		.eabi_attribute 26, 1
  11              		.eabi_attribute 30, 1
  12              		.eabi_attribute 34, 1
  13              		.eabi_attribute 18, 4
  14              		.file	"jdapimin.c"
  15              		.text
  16              	.Ltext0:
  17              		.cfi_sections	.debug_frame
  18              		.file 1 "Middlewares/Third_Party/LibJPEG/source/jdapimin.c"
  19              		.section	.text.default_decompress_parms,"ax",%progbits
  20              		.align	1
  21              		.syntax unified
  22              		.thumb
  23              		.thumb_func
  25              	default_decompress_parms:
  26              	.LVL0:
  27              	.LFB150:
   1:Middlewares/Third_Party/LibJPEG/source/jdapimin.c **** /*
   2:Middlewares/Third_Party/LibJPEG/source/jdapimin.c ****  * jdapimin.c
   3:Middlewares/Third_Party/LibJPEG/source/jdapimin.c ****  *
   4:Middlewares/Third_Party/LibJPEG/source/jdapimin.c ****  * Copyright (C) 1994-1998, Thomas G. Lane.
   5:Middlewares/Third_Party/LibJPEG/source/jdapimin.c ****  * Modified 2009 by Guido Vollbeding.
   6:Middlewares/Third_Party/LibJPEG/source/jdapimin.c ****  * This file is part of the Independent JPEG Group's software.
   7:Middlewares/Third_Party/LibJPEG/source/jdapimin.c ****  * For conditions of distribution and use, see the accompanying README file.
   8:Middlewares/Third_Party/LibJPEG/source/jdapimin.c ****  *
   9:Middlewares/Third_Party/LibJPEG/source/jdapimin.c ****  * This file contains application interface code for the decompression half
  10:Middlewares/Third_Party/LibJPEG/source/jdapimin.c ****  * of the JPEG library.  These are the "minimum" API routines that may be
  11:Middlewares/Third_Party/LibJPEG/source/jdapimin.c ****  * needed in either the normal full-decompression case or the
  12:Middlewares/Third_Party/LibJPEG/source/jdapimin.c ****  * transcoding-only case.
  13:Middlewares/Third_Party/LibJPEG/source/jdapimin.c ****  *
  14:Middlewares/Third_Party/LibJPEG/source/jdapimin.c ****  * Most of the routines intended to be called directly by an application
  15:Middlewares/Third_Party/LibJPEG/source/jdapimin.c ****  * are in this file or in jdapistd.c.  But also see jcomapi.c for routines
  16:Middlewares/Third_Party/LibJPEG/source/jdapimin.c ****  * shared by compression and decompression, and jdtrans.c for the transcoding
  17:Middlewares/Third_Party/LibJPEG/source/jdapimin.c ****  * case.
  18:Middlewares/Third_Party/LibJPEG/source/jdapimin.c ****  */
  19:Middlewares/Third_Party/LibJPEG/source/jdapimin.c **** 
  20:Middlewares/Third_Party/LibJPEG/source/jdapimin.c **** #define JPEG_INTERNALS
  21:Middlewares/Third_Party/LibJPEG/source/jdapimin.c **** #include "jinclude.h"
  22:Middlewares/Third_Party/LibJPEG/source/jdapimin.c **** #include "jpeglib.h"
  23:Middlewares/Third_Party/LibJPEG/source/jdapimin.c **** 
  24:Middlewares/Third_Party/LibJPEG/source/jdapimin.c **** 
  25:Middlewares/Third_Party/LibJPEG/source/jdapimin.c **** /*
  26:Middlewares/Third_Party/LibJPEG/source/jdapimin.c ****  * Initialization of a JPEG decompression object.
  27:Middlewares/Third_Party/LibJPEG/source/jdapimin.c ****  * The error manager must already be set up (in case memory manager fails).
  28:Middlewares/Third_Party/LibJPEG/source/jdapimin.c ****  */
  29:Middlewares/Third_Party/LibJPEG/source/jdapimin.c **** 
  30:Middlewares/Third_Party/LibJPEG/source/jdapimin.c **** GLOBAL(void)
  31:Middlewares/Third_Party/LibJPEG/source/jdapimin.c **** jpeg_CreateDecompress (j_decompress_ptr cinfo, int version, size_t structsize)
ARM GAS  /var/folders/mq/wg13gp494590nh4zyt09lxf00000gn/T//ccEV1eP6.s 			page 2


  32:Middlewares/Third_Party/LibJPEG/source/jdapimin.c **** {
  33:Middlewares/Third_Party/LibJPEG/source/jdapimin.c ****   int i;
  34:Middlewares/Third_Party/LibJPEG/source/jdapimin.c **** 
  35:Middlewares/Third_Party/LibJPEG/source/jdapimin.c ****   /* Guard against version mismatches between library and caller. */
  36:Middlewares/Third_Party/LibJPEG/source/jdapimin.c ****   cinfo->mem = NULL;		/* so jpeg_destroy knows mem mgr not called */
  37:Middlewares/Third_Party/LibJPEG/source/jdapimin.c ****   if (version != JPEG_LIB_VERSION)
  38:Middlewares/Third_Party/LibJPEG/source/jdapimin.c ****     ERREXIT2(cinfo, JERR_BAD_LIB_VERSION, JPEG_LIB_VERSION, version);
  39:Middlewares/Third_Party/LibJPEG/source/jdapimin.c ****   if (structsize != SIZEOF(struct jpeg_decompress_struct))
  40:Middlewares/Third_Party/LibJPEG/source/jdapimin.c ****     ERREXIT2(cinfo, JERR_BAD_STRUCT_SIZE, 
  41:Middlewares/Third_Party/LibJPEG/source/jdapimin.c **** 	     (int) SIZEOF(struct jpeg_decompress_struct), (int) structsize);
  42:Middlewares/Third_Party/LibJPEG/source/jdapimin.c **** 
  43:Middlewares/Third_Party/LibJPEG/source/jdapimin.c ****   /* For debugging purposes, we zero the whole master structure.
  44:Middlewares/Third_Party/LibJPEG/source/jdapimin.c ****    * But the application has already set the err pointer, and may have set
  45:Middlewares/Third_Party/LibJPEG/source/jdapimin.c ****    * client_data, so we have to save and restore those fields.
  46:Middlewares/Third_Party/LibJPEG/source/jdapimin.c ****    * Note: if application hasn't set client_data, tools like Purify may
  47:Middlewares/Third_Party/LibJPEG/source/jdapimin.c ****    * complain here.
  48:Middlewares/Third_Party/LibJPEG/source/jdapimin.c ****    */
  49:Middlewares/Third_Party/LibJPEG/source/jdapimin.c ****   {
  50:Middlewares/Third_Party/LibJPEG/source/jdapimin.c ****     struct jpeg_error_mgr * err = cinfo->err;
  51:Middlewares/Third_Party/LibJPEG/source/jdapimin.c ****     void * client_data = cinfo->client_data; /* ignore Purify complaint here */
  52:Middlewares/Third_Party/LibJPEG/source/jdapimin.c ****     MEMZERO(cinfo, SIZEOF(struct jpeg_decompress_struct));
  53:Middlewares/Third_Party/LibJPEG/source/jdapimin.c ****     cinfo->err = err;
  54:Middlewares/Third_Party/LibJPEG/source/jdapimin.c ****     cinfo->client_data = client_data;
  55:Middlewares/Third_Party/LibJPEG/source/jdapimin.c ****   }
  56:Middlewares/Third_Party/LibJPEG/source/jdapimin.c ****   cinfo->is_decompressor = TRUE;
  57:Middlewares/Third_Party/LibJPEG/source/jdapimin.c **** 
  58:Middlewares/Third_Party/LibJPEG/source/jdapimin.c ****   /* Initialize a memory manager instance for this object */
  59:Middlewares/Third_Party/LibJPEG/source/jdapimin.c ****   jinit_memory_mgr((j_common_ptr) cinfo);
  60:Middlewares/Third_Party/LibJPEG/source/jdapimin.c **** 
  61:Middlewares/Third_Party/LibJPEG/source/jdapimin.c ****   /* Zero out pointers to permanent structures. */
  62:Middlewares/Third_Party/LibJPEG/source/jdapimin.c ****   cinfo->progress = NULL;
  63:Middlewares/Third_Party/LibJPEG/source/jdapimin.c ****   cinfo->src = NULL;
  64:Middlewares/Third_Party/LibJPEG/source/jdapimin.c **** 
  65:Middlewares/Third_Party/LibJPEG/source/jdapimin.c ****   for (i = 0; i < NUM_QUANT_TBLS; i++)
  66:Middlewares/Third_Party/LibJPEG/source/jdapimin.c ****     cinfo->quant_tbl_ptrs[i] = NULL;
  67:Middlewares/Third_Party/LibJPEG/source/jdapimin.c **** 
  68:Middlewares/Third_Party/LibJPEG/source/jdapimin.c ****   for (i = 0; i < NUM_HUFF_TBLS; i++) {
  69:Middlewares/Third_Party/LibJPEG/source/jdapimin.c ****     cinfo->dc_huff_tbl_ptrs[i] = NULL;
  70:Middlewares/Third_Party/LibJPEG/source/jdapimin.c ****     cinfo->ac_huff_tbl_ptrs[i] = NULL;
  71:Middlewares/Third_Party/LibJPEG/source/jdapimin.c ****   }
  72:Middlewares/Third_Party/LibJPEG/source/jdapimin.c **** 
  73:Middlewares/Third_Party/LibJPEG/source/jdapimin.c ****   /* Initialize marker processor so application can override methods
  74:Middlewares/Third_Party/LibJPEG/source/jdapimin.c ****    * for COM, APPn markers before calling jpeg_read_header.
  75:Middlewares/Third_Party/LibJPEG/source/jdapimin.c ****    */
  76:Middlewares/Third_Party/LibJPEG/source/jdapimin.c ****   cinfo->marker_list = NULL;
  77:Middlewares/Third_Party/LibJPEG/source/jdapimin.c ****   jinit_marker_reader(cinfo);
  78:Middlewares/Third_Party/LibJPEG/source/jdapimin.c **** 
  79:Middlewares/Third_Party/LibJPEG/source/jdapimin.c ****   /* And initialize the overall input controller. */
  80:Middlewares/Third_Party/LibJPEG/source/jdapimin.c ****   jinit_input_controller(cinfo);
  81:Middlewares/Third_Party/LibJPEG/source/jdapimin.c **** 
  82:Middlewares/Third_Party/LibJPEG/source/jdapimin.c ****   /* OK, I'm ready */
  83:Middlewares/Third_Party/LibJPEG/source/jdapimin.c ****   cinfo->global_state = DSTATE_START;
  84:Middlewares/Third_Party/LibJPEG/source/jdapimin.c **** }
  85:Middlewares/Third_Party/LibJPEG/source/jdapimin.c **** 
  86:Middlewares/Third_Party/LibJPEG/source/jdapimin.c **** 
  87:Middlewares/Third_Party/LibJPEG/source/jdapimin.c **** /*
  88:Middlewares/Third_Party/LibJPEG/source/jdapimin.c ****  * Destruction of a JPEG decompression object
ARM GAS  /var/folders/mq/wg13gp494590nh4zyt09lxf00000gn/T//ccEV1eP6.s 			page 3


  89:Middlewares/Third_Party/LibJPEG/source/jdapimin.c ****  */
  90:Middlewares/Third_Party/LibJPEG/source/jdapimin.c **** 
  91:Middlewares/Third_Party/LibJPEG/source/jdapimin.c **** GLOBAL(void)
  92:Middlewares/Third_Party/LibJPEG/source/jdapimin.c **** jpeg_destroy_decompress (j_decompress_ptr cinfo)
  93:Middlewares/Third_Party/LibJPEG/source/jdapimin.c **** {
  94:Middlewares/Third_Party/LibJPEG/source/jdapimin.c ****   jpeg_destroy((j_common_ptr) cinfo); /* use common routine */
  95:Middlewares/Third_Party/LibJPEG/source/jdapimin.c **** }
  96:Middlewares/Third_Party/LibJPEG/source/jdapimin.c **** 
  97:Middlewares/Third_Party/LibJPEG/source/jdapimin.c **** 
  98:Middlewares/Third_Party/LibJPEG/source/jdapimin.c **** /*
  99:Middlewares/Third_Party/LibJPEG/source/jdapimin.c ****  * Abort processing of a JPEG decompression operation,
 100:Middlewares/Third_Party/LibJPEG/source/jdapimin.c ****  * but don't destroy the object itself.
 101:Middlewares/Third_Party/LibJPEG/source/jdapimin.c ****  */
 102:Middlewares/Third_Party/LibJPEG/source/jdapimin.c **** 
 103:Middlewares/Third_Party/LibJPEG/source/jdapimin.c **** GLOBAL(void)
 104:Middlewares/Third_Party/LibJPEG/source/jdapimin.c **** jpeg_abort_decompress (j_decompress_ptr cinfo)
 105:Middlewares/Third_Party/LibJPEG/source/jdapimin.c **** {
 106:Middlewares/Third_Party/LibJPEG/source/jdapimin.c ****   jpeg_abort((j_common_ptr) cinfo); /* use common routine */
 107:Middlewares/Third_Party/LibJPEG/source/jdapimin.c **** }
 108:Middlewares/Third_Party/LibJPEG/source/jdapimin.c **** 
 109:Middlewares/Third_Party/LibJPEG/source/jdapimin.c **** 
 110:Middlewares/Third_Party/LibJPEG/source/jdapimin.c **** /*
 111:Middlewares/Third_Party/LibJPEG/source/jdapimin.c ****  * Set default decompression parameters.
 112:Middlewares/Third_Party/LibJPEG/source/jdapimin.c ****  */
 113:Middlewares/Third_Party/LibJPEG/source/jdapimin.c **** 
 114:Middlewares/Third_Party/LibJPEG/source/jdapimin.c **** LOCAL(void)
 115:Middlewares/Third_Party/LibJPEG/source/jdapimin.c **** default_decompress_parms (j_decompress_ptr cinfo)
 116:Middlewares/Third_Party/LibJPEG/source/jdapimin.c **** {
  28              		.loc 1 116 1 view -0
  29              		.cfi_startproc
  30              		@ args = 0, pretend = 0, frame = 0
  31              		@ frame_needed = 0, uses_anonymous_args = 0
  32              		.loc 1 116 1 is_stmt 0 view .LVU1
  33 0000 10B5     		push	{r4, lr}
  34              	.LCFI0:
  35              		.cfi_def_cfa_offset 8
  36              		.cfi_offset 4, -8
  37              		.cfi_offset 14, -4
  38 0002 0446     		mov	r4, r0
 117:Middlewares/Third_Party/LibJPEG/source/jdapimin.c ****   /* Guess the input colorspace, and set output colorspace accordingly. */
 118:Middlewares/Third_Party/LibJPEG/source/jdapimin.c ****   /* (Wish JPEG committee had provided a real way to specify this...) */
 119:Middlewares/Third_Party/LibJPEG/source/jdapimin.c ****   /* Note application may override our guesses. */
 120:Middlewares/Third_Party/LibJPEG/source/jdapimin.c ****   switch (cinfo->num_components) {
  39              		.loc 1 120 3 is_stmt 1 view .LVU2
  40              		.loc 1 120 16 is_stmt 0 view .LVU3
  41 0004 436A     		ldr	r3, [r0, #36]
  42              		.loc 1 120 3 view .LVU4
  43 0006 032B     		cmp	r3, #3
  44 0008 09D0     		beq	.L2
  45 000a 042B     		cmp	r3, #4
  46 000c 5BD0     		beq	.L3
  47 000e 012B     		cmp	r3, #1
  48 0010 40F09D80 		bne	.L4
 121:Middlewares/Third_Party/LibJPEG/source/jdapimin.c ****   case 1:
 122:Middlewares/Third_Party/LibJPEG/source/jdapimin.c ****     cinfo->jpeg_color_space = JCS_GRAYSCALE;
  49              		.loc 1 122 5 is_stmt 1 view .LVU5
  50              		.loc 1 122 29 is_stmt 0 view .LVU6
ARM GAS  /var/folders/mq/wg13gp494590nh4zyt09lxf00000gn/T//ccEV1eP6.s 			page 4


  51 0014 80F82830 		strb	r3, [r0, #40]
 123:Middlewares/Third_Party/LibJPEG/source/jdapimin.c ****     cinfo->out_color_space = JCS_GRAYSCALE;
  52              		.loc 1 123 5 is_stmt 1 view .LVU7
  53              		.loc 1 123 28 is_stmt 0 view .LVU8
  54 0018 80F82930 		strb	r3, [r0, #41]
 124:Middlewares/Third_Party/LibJPEG/source/jdapimin.c ****     break;
  55              		.loc 1 124 5 is_stmt 1 view .LVU9
  56 001c 79E0     		b	.L5
  57              	.L2:
 125:Middlewares/Third_Party/LibJPEG/source/jdapimin.c ****     
 126:Middlewares/Third_Party/LibJPEG/source/jdapimin.c ****   case 3:
 127:Middlewares/Third_Party/LibJPEG/source/jdapimin.c ****     if (cinfo->saw_JFIF_marker) {
  58              		.loc 1 127 5 view .LVU10
  59              		.loc 1 127 14 is_stmt 0 view .LVU11
  60 001e D0F81C31 		ldr	r3, [r0, #284]
  61              		.loc 1 127 8 view .LVU12
  62 0022 33B1     		cbz	r3, .L6
 128:Middlewares/Third_Party/LibJPEG/source/jdapimin.c ****       cinfo->jpeg_color_space = JCS_YCbCr; /* JFIF implies YCbCr */
  63              		.loc 1 128 7 is_stmt 1 view .LVU13
  64              		.loc 1 128 31 is_stmt 0 view .LVU14
  65 0024 0323     		movs	r3, #3
  66 0026 80F82830 		strb	r3, [r0, #40]
  67              	.LVL1:
  68              	.L7:
 129:Middlewares/Third_Party/LibJPEG/source/jdapimin.c ****     } else if (cinfo->saw_Adobe_marker) {
 130:Middlewares/Third_Party/LibJPEG/source/jdapimin.c ****       switch (cinfo->Adobe_transform) {
 131:Middlewares/Third_Party/LibJPEG/source/jdapimin.c ****       case 0:
 132:Middlewares/Third_Party/LibJPEG/source/jdapimin.c **** 	cinfo->jpeg_color_space = JCS_RGB;
 133:Middlewares/Third_Party/LibJPEG/source/jdapimin.c **** 	break;
 134:Middlewares/Third_Party/LibJPEG/source/jdapimin.c ****       case 1:
 135:Middlewares/Third_Party/LibJPEG/source/jdapimin.c **** 	cinfo->jpeg_color_space = JCS_YCbCr;
 136:Middlewares/Third_Party/LibJPEG/source/jdapimin.c **** 	break;
 137:Middlewares/Third_Party/LibJPEG/source/jdapimin.c ****       default:
 138:Middlewares/Third_Party/LibJPEG/source/jdapimin.c **** 	WARNMS1(cinfo, JWRN_ADOBE_XFORM, cinfo->Adobe_transform);
 139:Middlewares/Third_Party/LibJPEG/source/jdapimin.c **** 	cinfo->jpeg_color_space = JCS_YCbCr; /* assume it's YCbCr */
 140:Middlewares/Third_Party/LibJPEG/source/jdapimin.c **** 	break;
 141:Middlewares/Third_Party/LibJPEG/source/jdapimin.c ****       }
 142:Middlewares/Third_Party/LibJPEG/source/jdapimin.c ****     } else {
 143:Middlewares/Third_Party/LibJPEG/source/jdapimin.c ****       /* Saw no special markers, try to guess from the component IDs */
 144:Middlewares/Third_Party/LibJPEG/source/jdapimin.c ****       int cid0 = cinfo->comp_info[0].component_id;
 145:Middlewares/Third_Party/LibJPEG/source/jdapimin.c ****       int cid1 = cinfo->comp_info[1].component_id;
 146:Middlewares/Third_Party/LibJPEG/source/jdapimin.c ****       int cid2 = cinfo->comp_info[2].component_id;
 147:Middlewares/Third_Party/LibJPEG/source/jdapimin.c **** 
 148:Middlewares/Third_Party/LibJPEG/source/jdapimin.c ****       if (cid0 == 1 && cid1 == 2 && cid2 == 3)
 149:Middlewares/Third_Party/LibJPEG/source/jdapimin.c **** 	cinfo->jpeg_color_space = JCS_YCbCr; /* assume JFIF w/out marker */
 150:Middlewares/Third_Party/LibJPEG/source/jdapimin.c ****       else if (cid0 == 82 && cid1 == 71 && cid2 == 66)
 151:Middlewares/Third_Party/LibJPEG/source/jdapimin.c **** 	cinfo->jpeg_color_space = JCS_RGB; /* ASCII 'R', 'G', 'B' */
 152:Middlewares/Third_Party/LibJPEG/source/jdapimin.c ****       else {
 153:Middlewares/Third_Party/LibJPEG/source/jdapimin.c **** 	TRACEMS3(cinfo, 1, JTRC_UNKNOWN_IDS, cid0, cid1, cid2);
 154:Middlewares/Third_Party/LibJPEG/source/jdapimin.c **** 	cinfo->jpeg_color_space = JCS_YCbCr; /* assume it's YCbCr */
 155:Middlewares/Third_Party/LibJPEG/source/jdapimin.c ****       }
 156:Middlewares/Third_Party/LibJPEG/source/jdapimin.c ****     }
 157:Middlewares/Third_Party/LibJPEG/source/jdapimin.c ****     /* Always guess RGB is proper output colorspace. */
 158:Middlewares/Third_Party/LibJPEG/source/jdapimin.c ****     cinfo->out_color_space = JCS_RGB;
  69              		.loc 1 158 5 is_stmt 1 view .LVU15
  70              		.loc 1 158 28 is_stmt 0 view .LVU16
  71 002a 0223     		movs	r3, #2
ARM GAS  /var/folders/mq/wg13gp494590nh4zyt09lxf00000gn/T//ccEV1eP6.s 			page 5


  72 002c 84F82930 		strb	r3, [r4, #41]
 159:Middlewares/Third_Party/LibJPEG/source/jdapimin.c ****     break;
  73              		.loc 1 159 5 is_stmt 1 view .LVU17
  74 0030 6FE0     		b	.L5
  75              	.LVL2:
  76              	.L6:
 129:Middlewares/Third_Party/LibJPEG/source/jdapimin.c ****     } else if (cinfo->saw_Adobe_marker) {
  77              		.loc 1 129 12 view .LVU18
 129:Middlewares/Third_Party/LibJPEG/source/jdapimin.c ****     } else if (cinfo->saw_Adobe_marker) {
  78              		.loc 1 129 21 is_stmt 0 view .LVU19
  79 0032 D0F82831 		ldr	r3, [r0, #296]
 129:Middlewares/Third_Party/LibJPEG/source/jdapimin.c ****     } else if (cinfo->saw_Adobe_marker) {
  80              		.loc 1 129 15 view .LVU20
  81 0036 E3B1     		cbz	r3, .L8
 130:Middlewares/Third_Party/LibJPEG/source/jdapimin.c ****       case 0:
  82              		.loc 1 130 7 is_stmt 1 view .LVU21
 130:Middlewares/Third_Party/LibJPEG/source/jdapimin.c ****       case 0:
  83              		.loc 1 130 20 is_stmt 0 view .LVU22
  84 0038 90F82C31 		ldrb	r3, [r0, #300]	@ zero_extendqisi2
 130:Middlewares/Third_Party/LibJPEG/source/jdapimin.c ****       case 0:
  85              		.loc 1 130 7 view .LVU23
  86 003c 8BB1     		cbz	r3, .L9
  87 003e 012B     		cmp	r3, #1
  88 0040 13D0     		beq	.L10
 138:Middlewares/Third_Party/LibJPEG/source/jdapimin.c **** 	cinfo->jpeg_color_space = JCS_YCbCr; /* assume it's YCbCr */
  89              		.loc 1 138 2 is_stmt 1 view .LVU24
  90 0042 0368     		ldr	r3, [r0]
  91 0044 7422     		movs	r2, #116
  92 0046 5A61     		str	r2, [r3, #20]
  93 0048 0368     		ldr	r3, [r0]
  94 004a 90F82C21 		ldrb	r2, [r0, #300]	@ zero_extendqisi2
  95 004e 9A61     		str	r2, [r3, #24]
  96 0050 0368     		ldr	r3, [r0]
  97 0052 5B68     		ldr	r3, [r3, #4]
  98 0054 4FF0FF31 		mov	r1, #-1
  99 0058 9847     		blx	r3
 100              	.LVL3:
 139:Middlewares/Third_Party/LibJPEG/source/jdapimin.c **** 	break;
 101              		.loc 1 139 2 view .LVU25
 139:Middlewares/Third_Party/LibJPEG/source/jdapimin.c **** 	break;
 102              		.loc 1 139 26 is_stmt 0 view .LVU26
 103 005a 0323     		movs	r3, #3
 104 005c 84F82830 		strb	r3, [r4, #40]
 140:Middlewares/Third_Party/LibJPEG/source/jdapimin.c ****       }
 105              		.loc 1 140 2 is_stmt 1 view .LVU27
 106 0060 E3E7     		b	.L7
 107              	.LVL4:
 108              	.L9:
 132:Middlewares/Third_Party/LibJPEG/source/jdapimin.c **** 	break;
 109              		.loc 1 132 2 view .LVU28
 132:Middlewares/Third_Party/LibJPEG/source/jdapimin.c **** 	break;
 110              		.loc 1 132 26 is_stmt 0 view .LVU29
 111 0062 0223     		movs	r3, #2
 112 0064 80F82830 		strb	r3, [r0, #40]
 133:Middlewares/Third_Party/LibJPEG/source/jdapimin.c ****       case 1:
 113              		.loc 1 133 2 is_stmt 1 view .LVU30
 114 0068 DFE7     		b	.L7
ARM GAS  /var/folders/mq/wg13gp494590nh4zyt09lxf00000gn/T//ccEV1eP6.s 			page 6


 115              	.L10:
 135:Middlewares/Third_Party/LibJPEG/source/jdapimin.c **** 	break;
 116              		.loc 1 135 2 view .LVU31
 135:Middlewares/Third_Party/LibJPEG/source/jdapimin.c **** 	break;
 117              		.loc 1 135 26 is_stmt 0 view .LVU32
 118 006a 0323     		movs	r3, #3
 119 006c 80F82830 		strb	r3, [r0, #40]
 136:Middlewares/Third_Party/LibJPEG/source/jdapimin.c ****       default:
 120              		.loc 1 136 2 is_stmt 1 view .LVU33
 121 0070 DBE7     		b	.L7
 122              	.L8:
 123              	.LBB2:
 144:Middlewares/Third_Party/LibJPEG/source/jdapimin.c ****       int cid1 = cinfo->comp_info[1].component_id;
 124              		.loc 1 144 7 view .LVU34
 144:Middlewares/Third_Party/LibJPEG/source/jdapimin.c ****       int cid1 = cinfo->comp_info[1].component_id;
 125              		.loc 1 144 23 is_stmt 0 view .LVU35
 126 0072 D0F8D830 		ldr	r3, [r0, #216]
 144:Middlewares/Third_Party/LibJPEG/source/jdapimin.c ****       int cid1 = cinfo->comp_info[1].component_id;
 127              		.loc 1 144 11 view .LVU36
 128 0076 1968     		ldr	r1, [r3]
 129              	.LVL5:
 145:Middlewares/Third_Party/LibJPEG/source/jdapimin.c ****       int cid2 = cinfo->comp_info[2].component_id;
 130              		.loc 1 145 7 is_stmt 1 view .LVU37
 145:Middlewares/Third_Party/LibJPEG/source/jdapimin.c ****       int cid2 = cinfo->comp_info[2].component_id;
 131              		.loc 1 145 11 is_stmt 0 view .LVU38
 132 0078 9A6D     		ldr	r2, [r3, #88]
 133              	.LVL6:
 146:Middlewares/Third_Party/LibJPEG/source/jdapimin.c **** 
 134              		.loc 1 146 7 is_stmt 1 view .LVU39
 146:Middlewares/Third_Party/LibJPEG/source/jdapimin.c **** 
 135              		.loc 1 146 11 is_stmt 0 view .LVU40
 136 007a D3F8B000 		ldr	r0, [r3, #176]
 137              	.LVL7:
 148:Middlewares/Third_Party/LibJPEG/source/jdapimin.c **** 	cinfo->jpeg_color_space = JCS_YCbCr; /* assume JFIF w/out marker */
 138              		.loc 1 148 7 is_stmt 1 view .LVU41
 148:Middlewares/Third_Party/LibJPEG/source/jdapimin.c **** 	cinfo->jpeg_color_space = JCS_YCbCr; /* assume JFIF w/out marker */
 139              		.loc 1 148 10 is_stmt 0 view .LVU42
 140 007e 0129     		cmp	r1, #1
 141 0080 08BF     		it	eq
 142 0082 022A     		cmpeq	r2, #2
 143 0084 01D1     		bne	.L12
 148:Middlewares/Third_Party/LibJPEG/source/jdapimin.c **** 	cinfo->jpeg_color_space = JCS_YCbCr; /* assume JFIF w/out marker */
 144              		.loc 1 148 34 discriminator 1 view .LVU43
 145 0086 0328     		cmp	r0, #3
 146 0088 15D0     		beq	.L22
 147              	.L12:
 150:Middlewares/Third_Party/LibJPEG/source/jdapimin.c **** 	cinfo->jpeg_color_space = JCS_RGB; /* ASCII 'R', 'G', 'B' */
 148              		.loc 1 150 12 is_stmt 1 view .LVU44
 150:Middlewares/Third_Party/LibJPEG/source/jdapimin.c **** 	cinfo->jpeg_color_space = JCS_RGB; /* ASCII 'R', 'G', 'B' */
 149              		.loc 1 150 15 is_stmt 0 view .LVU45
 150 008a 5229     		cmp	r1, #82
 151 008c 08BF     		it	eq
 152 008e 472A     		cmpeq	r2, #71
 153 0090 01D1     		bne	.L13
 150:Middlewares/Third_Party/LibJPEG/source/jdapimin.c **** 	cinfo->jpeg_color_space = JCS_RGB; /* ASCII 'R', 'G', 'B' */
 154              		.loc 1 150 41 discriminator 1 view .LVU46
 155 0092 4228     		cmp	r0, #66
ARM GAS  /var/folders/mq/wg13gp494590nh4zyt09lxf00000gn/T//ccEV1eP6.s 			page 7


 156 0094 13D0     		beq	.L23
 157              	.L13:
 153:Middlewares/Third_Party/LibJPEG/source/jdapimin.c **** 	cinfo->jpeg_color_space = JCS_YCbCr; /* assume it's YCbCr */
 158              		.loc 1 153 2 is_stmt 1 view .LVU47
 159              	.LBB3:
 153:Middlewares/Third_Party/LibJPEG/source/jdapimin.c **** 	cinfo->jpeg_color_space = JCS_YCbCr; /* assume it's YCbCr */
 160              		.loc 1 153 2 view .LVU48
 161 0096 2368     		ldr	r3, [r4]
 162              	.LVL8:
 153:Middlewares/Third_Party/LibJPEG/source/jdapimin.c **** 	cinfo->jpeg_color_space = JCS_YCbCr; /* assume it's YCbCr */
 163              		.loc 1 153 2 view .LVU49
 164 0098 9961     		str	r1, [r3, #24]
 153:Middlewares/Third_Party/LibJPEG/source/jdapimin.c **** 	cinfo->jpeg_color_space = JCS_YCbCr; /* assume it's YCbCr */
 165              		.loc 1 153 2 view .LVU50
 166 009a DA61     		str	r2, [r3, #28]
 153:Middlewares/Third_Party/LibJPEG/source/jdapimin.c **** 	cinfo->jpeg_color_space = JCS_YCbCr; /* assume it's YCbCr */
 167              		.loc 1 153 2 view .LVU51
 168 009c 1862     		str	r0, [r3, #32]
 153:Middlewares/Third_Party/LibJPEG/source/jdapimin.c **** 	cinfo->jpeg_color_space = JCS_YCbCr; /* assume it's YCbCr */
 169              		.loc 1 153 2 view .LVU52
 170 009e 2368     		ldr	r3, [r4]
 171              	.LVL9:
 153:Middlewares/Third_Party/LibJPEG/source/jdapimin.c **** 	cinfo->jpeg_color_space = JCS_YCbCr; /* assume it's YCbCr */
 172              		.loc 1 153 2 is_stmt 0 view .LVU53
 173 00a0 7122     		movs	r2, #113
 174              	.LVL10:
 153:Middlewares/Third_Party/LibJPEG/source/jdapimin.c **** 	cinfo->jpeg_color_space = JCS_YCbCr; /* assume it's YCbCr */
 175              		.loc 1 153 2 view .LVU54
 176 00a2 5A61     		str	r2, [r3, #20]
 153:Middlewares/Third_Party/LibJPEG/source/jdapimin.c **** 	cinfo->jpeg_color_space = JCS_YCbCr; /* assume it's YCbCr */
 177              		.loc 1 153 2 is_stmt 1 view .LVU55
 178 00a4 2368     		ldr	r3, [r4]
 179 00a6 5B68     		ldr	r3, [r3, #4]
 180 00a8 0121     		movs	r1, #1
 181              	.LVL11:
 153:Middlewares/Third_Party/LibJPEG/source/jdapimin.c **** 	cinfo->jpeg_color_space = JCS_YCbCr; /* assume it's YCbCr */
 182              		.loc 1 153 2 is_stmt 0 view .LVU56
 183 00aa 2046     		mov	r0, r4
 184              	.LVL12:
 153:Middlewares/Third_Party/LibJPEG/source/jdapimin.c **** 	cinfo->jpeg_color_space = JCS_YCbCr; /* assume it's YCbCr */
 185              		.loc 1 153 2 view .LVU57
 186 00ac 9847     		blx	r3
 187              	.LVL13:
 188              	.LBE3:
 153:Middlewares/Third_Party/LibJPEG/source/jdapimin.c **** 	cinfo->jpeg_color_space = JCS_YCbCr; /* assume it's YCbCr */
 189              		.loc 1 153 2 is_stmt 1 discriminator 1 view .LVU58
 154:Middlewares/Third_Party/LibJPEG/source/jdapimin.c ****       }
 190              		.loc 1 154 2 view .LVU59
 154:Middlewares/Third_Party/LibJPEG/source/jdapimin.c ****       }
 191              		.loc 1 154 26 is_stmt 0 view .LVU60
 192 00ae 0323     		movs	r3, #3
 193 00b0 84F82830 		strb	r3, [r4, #40]
 194 00b4 B9E7     		b	.L7
 195              	.LVL14:
 196              	.L22:
 149:Middlewares/Third_Party/LibJPEG/source/jdapimin.c ****       else if (cid0 == 82 && cid1 == 71 && cid2 == 66)
 197              		.loc 1 149 2 is_stmt 1 view .LVU61
ARM GAS  /var/folders/mq/wg13gp494590nh4zyt09lxf00000gn/T//ccEV1eP6.s 			page 8


 149:Middlewares/Third_Party/LibJPEG/source/jdapimin.c ****       else if (cid0 == 82 && cid1 == 71 && cid2 == 66)
 198              		.loc 1 149 26 is_stmt 0 view .LVU62
 199 00b6 0323     		movs	r3, #3
 200 00b8 84F82830 		strb	r3, [r4, #40]
 201 00bc B5E7     		b	.L7
 202              	.L23:
 151:Middlewares/Third_Party/LibJPEG/source/jdapimin.c ****       else {
 203              		.loc 1 151 2 is_stmt 1 view .LVU63
 151:Middlewares/Third_Party/LibJPEG/source/jdapimin.c ****       else {
 204              		.loc 1 151 26 is_stmt 0 view .LVU64
 205 00be 0223     		movs	r3, #2
 206 00c0 84F82830 		strb	r3, [r4, #40]
 207 00c4 B1E7     		b	.L7
 208              	.LVL15:
 209              	.L3:
 151:Middlewares/Third_Party/LibJPEG/source/jdapimin.c ****       else {
 210              		.loc 1 151 26 view .LVU65
 211              	.LBE2:
 160:Middlewares/Third_Party/LibJPEG/source/jdapimin.c ****     
 161:Middlewares/Third_Party/LibJPEG/source/jdapimin.c ****   case 4:
 162:Middlewares/Third_Party/LibJPEG/source/jdapimin.c ****     if (cinfo->saw_Adobe_marker) {
 212              		.loc 1 162 5 is_stmt 1 view .LVU66
 213              		.loc 1 162 14 is_stmt 0 view .LVU67
 214 00c6 D0F82831 		ldr	r3, [r0, #296]
 215              		.loc 1 162 8 view .LVU68
 216 00ca E3B1     		cbz	r3, .L14
 163:Middlewares/Third_Party/LibJPEG/source/jdapimin.c ****       switch (cinfo->Adobe_transform) {
 217              		.loc 1 163 7 is_stmt 1 view .LVU69
 218              		.loc 1 163 20 is_stmt 0 view .LVU70
 219 00cc 90F82C31 		ldrb	r3, [r0, #300]	@ zero_extendqisi2
 220              		.loc 1 163 7 view .LVU71
 221 00d0 8BB1     		cbz	r3, .L15
 222 00d2 022B     		cmp	r3, #2
 223 00d4 13D0     		beq	.L16
 164:Middlewares/Third_Party/LibJPEG/source/jdapimin.c ****       case 0:
 165:Middlewares/Third_Party/LibJPEG/source/jdapimin.c **** 	cinfo->jpeg_color_space = JCS_CMYK;
 166:Middlewares/Third_Party/LibJPEG/source/jdapimin.c **** 	break;
 167:Middlewares/Third_Party/LibJPEG/source/jdapimin.c ****       case 2:
 168:Middlewares/Third_Party/LibJPEG/source/jdapimin.c **** 	cinfo->jpeg_color_space = JCS_YCCK;
 169:Middlewares/Third_Party/LibJPEG/source/jdapimin.c **** 	break;
 170:Middlewares/Third_Party/LibJPEG/source/jdapimin.c ****       default:
 171:Middlewares/Third_Party/LibJPEG/source/jdapimin.c **** 	WARNMS1(cinfo, JWRN_ADOBE_XFORM, cinfo->Adobe_transform);
 224              		.loc 1 171 2 is_stmt 1 view .LVU72
 225 00d6 0368     		ldr	r3, [r0]
 226 00d8 7422     		movs	r2, #116
 227 00da 5A61     		str	r2, [r3, #20]
 228 00dc 0368     		ldr	r3, [r0]
 229 00de 90F82C21 		ldrb	r2, [r0, #300]	@ zero_extendqisi2
 230 00e2 9A61     		str	r2, [r3, #24]
 231 00e4 0368     		ldr	r3, [r0]
 232 00e6 5B68     		ldr	r3, [r3, #4]
 233 00e8 4FF0FF31 		mov	r1, #-1
 234 00ec 9847     		blx	r3
 235              	.LVL16:
 172:Middlewares/Third_Party/LibJPEG/source/jdapimin.c **** 	cinfo->jpeg_color_space = JCS_YCCK; /* assume it's YCCK */
 236              		.loc 1 172 2 view .LVU73
 237              		.loc 1 172 26 is_stmt 0 view .LVU74
ARM GAS  /var/folders/mq/wg13gp494590nh4zyt09lxf00000gn/T//ccEV1eP6.s 			page 9


 238 00ee 0523     		movs	r3, #5
 239 00f0 84F82830 		strb	r3, [r4, #40]
 173:Middlewares/Third_Party/LibJPEG/source/jdapimin.c **** 	break;
 240              		.loc 1 173 2 is_stmt 1 view .LVU75
 241 00f4 0AE0     		b	.L18
 242              	.LVL17:
 243              	.L15:
 165:Middlewares/Third_Party/LibJPEG/source/jdapimin.c **** 	break;
 244              		.loc 1 165 2 view .LVU76
 165:Middlewares/Third_Party/LibJPEG/source/jdapimin.c **** 	break;
 245              		.loc 1 165 26 is_stmt 0 view .LVU77
 246 00f6 0423     		movs	r3, #4
 247 00f8 80F82830 		strb	r3, [r0, #40]
 166:Middlewares/Third_Party/LibJPEG/source/jdapimin.c ****       case 2:
 248              		.loc 1 166 2 is_stmt 1 view .LVU78
 249 00fc 06E0     		b	.L18
 250              	.L16:
 168:Middlewares/Third_Party/LibJPEG/source/jdapimin.c **** 	break;
 251              		.loc 1 168 2 view .LVU79
 168:Middlewares/Third_Party/LibJPEG/source/jdapimin.c **** 	break;
 252              		.loc 1 168 26 is_stmt 0 view .LVU80
 253 00fe 0523     		movs	r3, #5
 254 0100 80F82830 		strb	r3, [r0, #40]
 169:Middlewares/Third_Party/LibJPEG/source/jdapimin.c ****       default:
 255              		.loc 1 169 2 is_stmt 1 view .LVU81
 256 0104 02E0     		b	.L18
 257              	.L14:
 174:Middlewares/Third_Party/LibJPEG/source/jdapimin.c ****       }
 175:Middlewares/Third_Party/LibJPEG/source/jdapimin.c ****     } else {
 176:Middlewares/Third_Party/LibJPEG/source/jdapimin.c ****       /* No special markers, assume straight CMYK. */
 177:Middlewares/Third_Party/LibJPEG/source/jdapimin.c ****       cinfo->jpeg_color_space = JCS_CMYK;
 258              		.loc 1 177 7 view .LVU82
 259              		.loc 1 177 31 is_stmt 0 view .LVU83
 260 0106 0423     		movs	r3, #4
 261 0108 80F82830 		strb	r3, [r0, #40]
 262              	.LVL18:
 263              	.L18:
 178:Middlewares/Third_Party/LibJPEG/source/jdapimin.c ****     }
 179:Middlewares/Third_Party/LibJPEG/source/jdapimin.c ****     cinfo->out_color_space = JCS_CMYK;
 264              		.loc 1 179 5 is_stmt 1 view .LVU84
 265              		.loc 1 179 28 is_stmt 0 view .LVU85
 266 010c 0423     		movs	r3, #4
 267 010e 84F82930 		strb	r3, [r4, #41]
 180:Middlewares/Third_Party/LibJPEG/source/jdapimin.c ****     break;
 268              		.loc 1 180 5 is_stmt 1 view .LVU86
 269              	.L5:
 181:Middlewares/Third_Party/LibJPEG/source/jdapimin.c ****     
 182:Middlewares/Third_Party/LibJPEG/source/jdapimin.c ****   default:
 183:Middlewares/Third_Party/LibJPEG/source/jdapimin.c ****     cinfo->jpeg_color_space = JCS_UNKNOWN;
 184:Middlewares/Third_Party/LibJPEG/source/jdapimin.c ****     cinfo->out_color_space = JCS_UNKNOWN;
 185:Middlewares/Third_Party/LibJPEG/source/jdapimin.c ****     break;
 186:Middlewares/Third_Party/LibJPEG/source/jdapimin.c ****   }
 187:Middlewares/Third_Party/LibJPEG/source/jdapimin.c **** 
 188:Middlewares/Third_Party/LibJPEG/source/jdapimin.c ****   /* Set defaults for other decompression parameters. */
 189:Middlewares/Third_Party/LibJPEG/source/jdapimin.c ****   cinfo->scale_num = cinfo->block_size;		/* 1:1 scaling */
 270              		.loc 1 189 3 view .LVU87
 271              		.loc 1 189 27 is_stmt 0 view .LVU88
ARM GAS  /var/folders/mq/wg13gp494590nh4zyt09lxf00000gn/T//ccEV1eP6.s 			page 10


 272 0112 D4F8A831 		ldr	r3, [r4, #424]
 273              		.loc 1 189 20 view .LVU89
 274 0116 E362     		str	r3, [r4, #44]
 190:Middlewares/Third_Party/LibJPEG/source/jdapimin.c ****   cinfo->scale_denom = cinfo->block_size;
 275              		.loc 1 190 3 is_stmt 1 view .LVU90
 276              		.loc 1 190 22 is_stmt 0 view .LVU91
 277 0118 2363     		str	r3, [r4, #48]
 191:Middlewares/Third_Party/LibJPEG/source/jdapimin.c ****   cinfo->output_gamma = 1.0;
 278              		.loc 1 191 3 is_stmt 1 view .LVU92
 279              		.loc 1 191 23 is_stmt 0 view .LVU93
 280 011a 0022     		movs	r2, #0
 281 011c 0F4B     		ldr	r3, .L24
 282 011e C4E90E23 		strd	r2, [r4, #56]
 192:Middlewares/Third_Party/LibJPEG/source/jdapimin.c ****   cinfo->buffered_image = FALSE;
 283              		.loc 1 192 3 is_stmt 1 view .LVU94
 284              		.loc 1 192 25 is_stmt 0 view .LVU95
 285 0122 0023     		movs	r3, #0
 286 0124 2364     		str	r3, [r4, #64]
 193:Middlewares/Third_Party/LibJPEG/source/jdapimin.c ****   cinfo->raw_data_out = FALSE;
 287              		.loc 1 193 3 is_stmt 1 view .LVU96
 288              		.loc 1 193 23 is_stmt 0 view .LVU97
 289 0126 6364     		str	r3, [r4, #68]
 194:Middlewares/Third_Party/LibJPEG/source/jdapimin.c ****   cinfo->dct_method = JDCT_DEFAULT;
 290              		.loc 1 194 3 is_stmt 1 view .LVU98
 291              		.loc 1 194 21 is_stmt 0 view .LVU99
 292 0128 84F84830 		strb	r3, [r4, #72]
 195:Middlewares/Third_Party/LibJPEG/source/jdapimin.c ****   cinfo->do_fancy_upsampling = TRUE;
 293              		.loc 1 195 3 is_stmt 1 view .LVU100
 294              		.loc 1 195 30 is_stmt 0 view .LVU101
 295 012c 0122     		movs	r2, #1
 296 012e E264     		str	r2, [r4, #76]
 196:Middlewares/Third_Party/LibJPEG/source/jdapimin.c ****   cinfo->do_block_smoothing = TRUE;
 297              		.loc 1 196 3 is_stmt 1 view .LVU102
 298              		.loc 1 196 29 is_stmt 0 view .LVU103
 299 0130 2265     		str	r2, [r4, #80]
 197:Middlewares/Third_Party/LibJPEG/source/jdapimin.c ****   cinfo->quantize_colors = FALSE;
 300              		.loc 1 197 3 is_stmt 1 view .LVU104
 301              		.loc 1 197 26 is_stmt 0 view .LVU105
 302 0132 6365     		str	r3, [r4, #84]
 198:Middlewares/Third_Party/LibJPEG/source/jdapimin.c ****   /* We set these in case application only sets quantize_colors. */
 199:Middlewares/Third_Party/LibJPEG/source/jdapimin.c ****   cinfo->dither_mode = JDITHER_FS;
 303              		.loc 1 199 3 is_stmt 1 view .LVU106
 304              		.loc 1 199 22 is_stmt 0 view .LVU107
 305 0134 0221     		movs	r1, #2
 306 0136 84F85810 		strb	r1, [r4, #88]
 200:Middlewares/Third_Party/LibJPEG/source/jdapimin.c **** #ifdef QUANT_2PASS_SUPPORTED
 201:Middlewares/Third_Party/LibJPEG/source/jdapimin.c ****   cinfo->two_pass_quantize = TRUE;
 307              		.loc 1 201 3 is_stmt 1 view .LVU108
 308              		.loc 1 201 28 is_stmt 0 view .LVU109
 309 013a E265     		str	r2, [r4, #92]
 202:Middlewares/Third_Party/LibJPEG/source/jdapimin.c **** #else
 203:Middlewares/Third_Party/LibJPEG/source/jdapimin.c ****   cinfo->two_pass_quantize = FALSE;
 204:Middlewares/Third_Party/LibJPEG/source/jdapimin.c **** #endif
 205:Middlewares/Third_Party/LibJPEG/source/jdapimin.c ****   cinfo->desired_number_of_colors = 256;
 310              		.loc 1 205 3 is_stmt 1 view .LVU110
 311              		.loc 1 205 35 is_stmt 0 view .LVU111
 312 013c 4FF48072 		mov	r2, #256
ARM GAS  /var/folders/mq/wg13gp494590nh4zyt09lxf00000gn/T//ccEV1eP6.s 			page 11


 313 0140 2266     		str	r2, [r4, #96]
 206:Middlewares/Third_Party/LibJPEG/source/jdapimin.c ****   cinfo->colormap = NULL;
 314              		.loc 1 206 3 is_stmt 1 view .LVU112
 315              		.loc 1 206 19 is_stmt 0 view .LVU113
 316 0142 C4F88830 		str	r3, [r4, #136]
 207:Middlewares/Third_Party/LibJPEG/source/jdapimin.c ****   /* Initialize for no mode change in buffered-image mode. */
 208:Middlewares/Third_Party/LibJPEG/source/jdapimin.c ****   cinfo->enable_1pass_quant = FALSE;
 317              		.loc 1 208 3 is_stmt 1 view .LVU114
 318              		.loc 1 208 29 is_stmt 0 view .LVU115
 319 0146 6366     		str	r3, [r4, #100]
 209:Middlewares/Third_Party/LibJPEG/source/jdapimin.c ****   cinfo->enable_external_quant = FALSE;
 320              		.loc 1 209 3 is_stmt 1 view .LVU116
 321              		.loc 1 209 32 is_stmt 0 view .LVU117
 322 0148 A366     		str	r3, [r4, #104]
 210:Middlewares/Third_Party/LibJPEG/source/jdapimin.c ****   cinfo->enable_2pass_quant = FALSE;
 323              		.loc 1 210 3 is_stmt 1 view .LVU118
 324              		.loc 1 210 29 is_stmt 0 view .LVU119
 325 014a E366     		str	r3, [r4, #108]
 211:Middlewares/Third_Party/LibJPEG/source/jdapimin.c **** }
 326              		.loc 1 211 1 view .LVU120
 327 014c 10BD     		pop	{r4, pc}
 328              	.LVL19:
 329              	.L4:
 183:Middlewares/Third_Party/LibJPEG/source/jdapimin.c ****     cinfo->out_color_space = JCS_UNKNOWN;
 330              		.loc 1 183 5 is_stmt 1 view .LVU121
 183:Middlewares/Third_Party/LibJPEG/source/jdapimin.c ****     cinfo->out_color_space = JCS_UNKNOWN;
 331              		.loc 1 183 29 is_stmt 0 view .LVU122
 332 014e 0023     		movs	r3, #0
 333 0150 80F82830 		strb	r3, [r0, #40]
 184:Middlewares/Third_Party/LibJPEG/source/jdapimin.c ****     break;
 334              		.loc 1 184 5 is_stmt 1 view .LVU123
 184:Middlewares/Third_Party/LibJPEG/source/jdapimin.c ****     break;
 335              		.loc 1 184 28 is_stmt 0 view .LVU124
 336 0154 80F82930 		strb	r3, [r0, #41]
 185:Middlewares/Third_Party/LibJPEG/source/jdapimin.c ****   }
 337              		.loc 1 185 5 is_stmt 1 view .LVU125
 338 0158 DBE7     		b	.L5
 339              	.L25:
 340 015a 00BF     		.align	2
 341              	.L24:
 342 015c 0000F03F 		.word	1072693248
 343              		.cfi_endproc
 344              	.LFE150:
 346              		.section	.text.jpeg_CreateDecompress,"ax",%progbits
 347              		.align	1
 348              		.global	jpeg_CreateDecompress
 349              		.syntax unified
 350              		.thumb
 351              		.thumb_func
 353              	jpeg_CreateDecompress:
 354              	.LVL20:
 355              	.LFB147:
  32:Middlewares/Third_Party/LibJPEG/source/jdapimin.c ****   int i;
 356              		.loc 1 32 1 view -0
 357              		.cfi_startproc
 358              		@ args = 0, pretend = 0, frame = 0
 359              		@ frame_needed = 0, uses_anonymous_args = 0
ARM GAS  /var/folders/mq/wg13gp494590nh4zyt09lxf00000gn/T//ccEV1eP6.s 			page 12


  32:Middlewares/Third_Party/LibJPEG/source/jdapimin.c ****   int i;
 360              		.loc 1 32 1 is_stmt 0 view .LVU127
 361 0000 70B5     		push	{r4, r5, r6, lr}
 362              	.LCFI1:
 363              		.cfi_def_cfa_offset 16
 364              		.cfi_offset 4, -16
 365              		.cfi_offset 5, -12
 366              		.cfi_offset 6, -8
 367              		.cfi_offset 14, -4
 368 0002 0446     		mov	r4, r0
 369 0004 1546     		mov	r5, r2
  33:Middlewares/Third_Party/LibJPEG/source/jdapimin.c **** 
 370              		.loc 1 33 3 is_stmt 1 view .LVU128
  36:Middlewares/Third_Party/LibJPEG/source/jdapimin.c ****   if (version != JPEG_LIB_VERSION)
 371              		.loc 1 36 3 view .LVU129
  36:Middlewares/Third_Party/LibJPEG/source/jdapimin.c ****   if (version != JPEG_LIB_VERSION)
 372              		.loc 1 36 14 is_stmt 0 view .LVU130
 373 0006 0023     		movs	r3, #0
 374 0008 4360     		str	r3, [r0, #4]
  37:Middlewares/Third_Party/LibJPEG/source/jdapimin.c ****     ERREXIT2(cinfo, JERR_BAD_LIB_VERSION, JPEG_LIB_VERSION, version);
 375              		.loc 1 37 3 is_stmt 1 view .LVU131
  37:Middlewares/Third_Party/LibJPEG/source/jdapimin.c ****     ERREXIT2(cinfo, JERR_BAD_LIB_VERSION, JPEG_LIB_VERSION, version);
 376              		.loc 1 37 6 is_stmt 0 view .LVU132
 377 000a 5029     		cmp	r1, #80
 378 000c 0AD0     		beq	.L27
  38:Middlewares/Third_Party/LibJPEG/source/jdapimin.c ****   if (structsize != SIZEOF(struct jpeg_decompress_struct))
 379              		.loc 1 38 5 is_stmt 1 view .LVU133
 380 000e 0368     		ldr	r3, [r0]
 381 0010 0D22     		movs	r2, #13
 382              	.LVL21:
  38:Middlewares/Third_Party/LibJPEG/source/jdapimin.c ****   if (structsize != SIZEOF(struct jpeg_decompress_struct))
 383              		.loc 1 38 5 is_stmt 0 view .LVU134
 384 0012 5A61     		str	r2, [r3, #20]
 385 0014 0368     		ldr	r3, [r0]
 386 0016 5022     		movs	r2, #80
 387 0018 9A61     		str	r2, [r3, #24]
 388 001a 0368     		ldr	r3, [r0]
 389 001c D961     		str	r1, [r3, #28]
 390 001e 0368     		ldr	r3, [r0]
 391 0020 1B68     		ldr	r3, [r3]
 392 0022 9847     		blx	r3
 393              	.LVL22:
 394              	.L27:
  39:Middlewares/Third_Party/LibJPEG/source/jdapimin.c ****     ERREXIT2(cinfo, JERR_BAD_STRUCT_SIZE, 
 395              		.loc 1 39 3 is_stmt 1 view .LVU135
  39:Middlewares/Third_Party/LibJPEG/source/jdapimin.c ****     ERREXIT2(cinfo, JERR_BAD_STRUCT_SIZE, 
 396              		.loc 1 39 6 is_stmt 0 view .LVU136
 397 0024 B5F5F47F 		cmp	r5, #488
 398 0028 0CD0     		beq	.L28
  40:Middlewares/Third_Party/LibJPEG/source/jdapimin.c **** 	     (int) SIZEOF(struct jpeg_decompress_struct), (int) structsize);
 399              		.loc 1 40 5 is_stmt 1 view .LVU137
 400 002a 2368     		ldr	r3, [r4]
 401 002c 1622     		movs	r2, #22
 402 002e 5A61     		str	r2, [r3, #20]
 403 0030 2368     		ldr	r3, [r4]
 404 0032 4FF4F472 		mov	r2, #488
 405 0036 9A61     		str	r2, [r3, #24]
ARM GAS  /var/folders/mq/wg13gp494590nh4zyt09lxf00000gn/T//ccEV1eP6.s 			page 13


 406 0038 2368     		ldr	r3, [r4]
 407 003a DD61     		str	r5, [r3, #28]
 408 003c 2368     		ldr	r3, [r4]
 409 003e 1B68     		ldr	r3, [r3]
 410 0040 2046     		mov	r0, r4
 411 0042 9847     		blx	r3
 412              	.LVL23:
 413              	.L28:
 414              	.LBB4:
  50:Middlewares/Third_Party/LibJPEG/source/jdapimin.c ****     void * client_data = cinfo->client_data; /* ignore Purify complaint here */
 415              		.loc 1 50 5 view .LVU138
  50:Middlewares/Third_Party/LibJPEG/source/jdapimin.c ****     void * client_data = cinfo->client_data; /* ignore Purify complaint here */
 416              		.loc 1 50 29 is_stmt 0 view .LVU139
 417 0044 2668     		ldr	r6, [r4]
 418              	.LVL24:
  51:Middlewares/Third_Party/LibJPEG/source/jdapimin.c ****     MEMZERO(cinfo, SIZEOF(struct jpeg_decompress_struct));
 419              		.loc 1 51 5 is_stmt 1 view .LVU140
  51:Middlewares/Third_Party/LibJPEG/source/jdapimin.c ****     MEMZERO(cinfo, SIZEOF(struct jpeg_decompress_struct));
 420              		.loc 1 51 12 is_stmt 0 view .LVU141
 421 0046 E568     		ldr	r5, [r4, #12]
 422              	.LVL25:
  52:Middlewares/Third_Party/LibJPEG/source/jdapimin.c ****     cinfo->err = err;
 423              		.loc 1 52 5 is_stmt 1 view .LVU142
 424 0048 4FF4F472 		mov	r2, #488
 425 004c 0021     		movs	r1, #0
 426 004e 2046     		mov	r0, r4
 427 0050 FFF7FEFF 		bl	memset
 428              	.LVL26:
  53:Middlewares/Third_Party/LibJPEG/source/jdapimin.c ****     cinfo->client_data = client_data;
 429              		.loc 1 53 5 view .LVU143
  53:Middlewares/Third_Party/LibJPEG/source/jdapimin.c ****     cinfo->client_data = client_data;
 430              		.loc 1 53 16 is_stmt 0 view .LVU144
 431 0054 2660     		str	r6, [r4]
  54:Middlewares/Third_Party/LibJPEG/source/jdapimin.c ****   }
 432              		.loc 1 54 5 is_stmt 1 view .LVU145
  54:Middlewares/Third_Party/LibJPEG/source/jdapimin.c ****   }
 433              		.loc 1 54 24 is_stmt 0 view .LVU146
 434 0056 E560     		str	r5, [r4, #12]
 435              	.LBE4:
  56:Middlewares/Third_Party/LibJPEG/source/jdapimin.c **** 
 436              		.loc 1 56 3 is_stmt 1 view .LVU147
  56:Middlewares/Third_Party/LibJPEG/source/jdapimin.c **** 
 437              		.loc 1 56 26 is_stmt 0 view .LVU148
 438 0058 0123     		movs	r3, #1
 439 005a 2361     		str	r3, [r4, #16]
  59:Middlewares/Third_Party/LibJPEG/source/jdapimin.c **** 
 440              		.loc 1 59 3 is_stmt 1 view .LVU149
 441 005c 2046     		mov	r0, r4
 442 005e FFF7FEFF 		bl	jinit_memory_mgr
 443              	.LVL27:
  62:Middlewares/Third_Party/LibJPEG/source/jdapimin.c ****   cinfo->src = NULL;
 444              		.loc 1 62 3 view .LVU150
  62:Middlewares/Third_Party/LibJPEG/source/jdapimin.c ****   cinfo->src = NULL;
 445              		.loc 1 62 19 is_stmt 0 view .LVU151
 446 0062 0023     		movs	r3, #0
 447 0064 A360     		str	r3, [r4, #8]
  63:Middlewares/Third_Party/LibJPEG/source/jdapimin.c **** 
ARM GAS  /var/folders/mq/wg13gp494590nh4zyt09lxf00000gn/T//ccEV1eP6.s 			page 14


 448              		.loc 1 63 3 is_stmt 1 view .LVU152
  63:Middlewares/Third_Party/LibJPEG/source/jdapimin.c **** 
 449              		.loc 1 63 14 is_stmt 0 view .LVU153
 450 0066 A361     		str	r3, [r4, #24]
  65:Middlewares/Third_Party/LibJPEG/source/jdapimin.c ****     cinfo->quant_tbl_ptrs[i] = NULL;
 451              		.loc 1 65 3 is_stmt 1 view .LVU154
 452              	.LVL28:
  65:Middlewares/Third_Party/LibJPEG/source/jdapimin.c ****     cinfo->quant_tbl_ptrs[i] = NULL;
 453              		.loc 1 65 3 is_stmt 0 view .LVU155
 454 0068 06E0     		b	.L29
 455              	.LVL29:
 456              	.L30:
  66:Middlewares/Third_Party/LibJPEG/source/jdapimin.c **** 
 457              		.loc 1 66 5 is_stmt 1 view .LVU156
  66:Middlewares/Third_Party/LibJPEG/source/jdapimin.c **** 
 458              		.loc 1 66 30 is_stmt 0 view .LVU157
 459 006a 03F12802 		add	r2, r3, #40
 460 006e 04EB8202 		add	r2, r4, r2, lsl #2
 461 0072 0021     		movs	r1, #0
 462 0074 5160     		str	r1, [r2, #4]
  65:Middlewares/Third_Party/LibJPEG/source/jdapimin.c ****     cinfo->quant_tbl_ptrs[i] = NULL;
 463              		.loc 1 65 36 is_stmt 1 discriminator 3 view .LVU158
 464 0076 0133     		adds	r3, r3, #1
 465              	.LVL30:
 466              	.L29:
  65:Middlewares/Third_Party/LibJPEG/source/jdapimin.c ****     cinfo->quant_tbl_ptrs[i] = NULL;
 467              		.loc 1 65 17 discriminator 1 view .LVU159
 468 0078 032B     		cmp	r3, #3
 469 007a F6DD     		ble	.L30
  68:Middlewares/Third_Party/LibJPEG/source/jdapimin.c ****     cinfo->dc_huff_tbl_ptrs[i] = NULL;
 470              		.loc 1 68 10 is_stmt 0 view .LVU160
 471 007c 0023     		movs	r3, #0
 472              	.LVL31:
  68:Middlewares/Third_Party/LibJPEG/source/jdapimin.c ****     cinfo->dc_huff_tbl_ptrs[i] = NULL;
 473              		.loc 1 68 10 view .LVU161
 474 007e 0BE0     		b	.L31
 475              	.LVL32:
 476              	.L32:
  69:Middlewares/Third_Party/LibJPEG/source/jdapimin.c ****     cinfo->ac_huff_tbl_ptrs[i] = NULL;
 477              		.loc 1 69 5 is_stmt 1 view .LVU162
  69:Middlewares/Third_Party/LibJPEG/source/jdapimin.c ****     cinfo->ac_huff_tbl_ptrs[i] = NULL;
 478              		.loc 1 69 32 is_stmt 0 view .LVU163
 479 0080 03F12C02 		add	r2, r3, #44
 480 0084 04EB8202 		add	r2, r4, r2, lsl #2
 481 0088 0021     		movs	r1, #0
 482 008a 5160     		str	r1, [r2, #4]
  70:Middlewares/Third_Party/LibJPEG/source/jdapimin.c ****   }
 483              		.loc 1 70 5 is_stmt 1 view .LVU164
  70:Middlewares/Third_Party/LibJPEG/source/jdapimin.c ****   }
 484              		.loc 1 70 32 is_stmt 0 view .LVU165
 485 008c 03F13002 		add	r2, r3, #48
 486 0090 04EB8202 		add	r2, r4, r2, lsl #2
 487 0094 5160     		str	r1, [r2, #4]
  68:Middlewares/Third_Party/LibJPEG/source/jdapimin.c ****     cinfo->dc_huff_tbl_ptrs[i] = NULL;
 488              		.loc 1 68 35 is_stmt 1 discriminator 3 view .LVU166
 489 0096 0133     		adds	r3, r3, #1
 490              	.LVL33:
ARM GAS  /var/folders/mq/wg13gp494590nh4zyt09lxf00000gn/T//ccEV1eP6.s 			page 15


 491              	.L31:
  68:Middlewares/Third_Party/LibJPEG/source/jdapimin.c ****     cinfo->dc_huff_tbl_ptrs[i] = NULL;
 492              		.loc 1 68 17 discriminator 1 view .LVU167
 493 0098 032B     		cmp	r3, #3
 494 009a F1DD     		ble	.L32
  76:Middlewares/Third_Party/LibJPEG/source/jdapimin.c ****   jinit_marker_reader(cinfo);
 495              		.loc 1 76 3 view .LVU168
  76:Middlewares/Third_Party/LibJPEG/source/jdapimin.c ****   jinit_marker_reader(cinfo);
 496              		.loc 1 76 22 is_stmt 0 view .LVU169
 497 009c 0023     		movs	r3, #0
 498              	.LVL34:
  76:Middlewares/Third_Party/LibJPEG/source/jdapimin.c ****   jinit_marker_reader(cinfo);
 499              		.loc 1 76 22 view .LVU170
 500 009e C4F83431 		str	r3, [r4, #308]
  77:Middlewares/Third_Party/LibJPEG/source/jdapimin.c **** 
 501              		.loc 1 77 3 is_stmt 1 view .LVU171
 502 00a2 2046     		mov	r0, r4
 503 00a4 FFF7FEFF 		bl	jinit_marker_reader
 504              	.LVL35:
  80:Middlewares/Third_Party/LibJPEG/source/jdapimin.c **** 
 505              		.loc 1 80 3 view .LVU172
 506 00a8 2046     		mov	r0, r4
 507 00aa FFF7FEFF 		bl	jinit_input_controller
 508              	.LVL36:
  83:Middlewares/Third_Party/LibJPEG/source/jdapimin.c **** }
 509              		.loc 1 83 3 view .LVU173
  83:Middlewares/Third_Party/LibJPEG/source/jdapimin.c **** }
 510              		.loc 1 83 23 is_stmt 0 view .LVU174
 511 00ae C823     		movs	r3, #200
 512 00b0 6361     		str	r3, [r4, #20]
  84:Middlewares/Third_Party/LibJPEG/source/jdapimin.c **** 
 513              		.loc 1 84 1 view .LVU175
 514 00b2 70BD     		pop	{r4, r5, r6, pc}
  84:Middlewares/Third_Party/LibJPEG/source/jdapimin.c **** 
 515              		.loc 1 84 1 view .LVU176
 516              		.cfi_endproc
 517              	.LFE147:
 519              		.section	.text.jpeg_destroy_decompress,"ax",%progbits
 520              		.align	1
 521              		.global	jpeg_destroy_decompress
 522              		.syntax unified
 523              		.thumb
 524              		.thumb_func
 526              	jpeg_destroy_decompress:
 527              	.LVL37:
 528              	.LFB148:
  93:Middlewares/Third_Party/LibJPEG/source/jdapimin.c ****   jpeg_destroy((j_common_ptr) cinfo); /* use common routine */
 529              		.loc 1 93 1 is_stmt 1 view -0
 530              		.cfi_startproc
 531              		@ args = 0, pretend = 0, frame = 0
 532              		@ frame_needed = 0, uses_anonymous_args = 0
  93:Middlewares/Third_Party/LibJPEG/source/jdapimin.c ****   jpeg_destroy((j_common_ptr) cinfo); /* use common routine */
 533              		.loc 1 93 1 is_stmt 0 view .LVU178
 534 0000 08B5     		push	{r3, lr}
 535              	.LCFI2:
 536              		.cfi_def_cfa_offset 8
 537              		.cfi_offset 3, -8
ARM GAS  /var/folders/mq/wg13gp494590nh4zyt09lxf00000gn/T//ccEV1eP6.s 			page 16


 538              		.cfi_offset 14, -4
  94:Middlewares/Third_Party/LibJPEG/source/jdapimin.c **** }
 539              		.loc 1 94 3 is_stmt 1 view .LVU179
 540 0002 FFF7FEFF 		bl	jpeg_destroy
 541              	.LVL38:
  95:Middlewares/Third_Party/LibJPEG/source/jdapimin.c **** 
 542              		.loc 1 95 1 is_stmt 0 view .LVU180
 543 0006 08BD     		pop	{r3, pc}
 544              		.cfi_endproc
 545              	.LFE148:
 547              		.section	.text.jpeg_abort_decompress,"ax",%progbits
 548              		.align	1
 549              		.global	jpeg_abort_decompress
 550              		.syntax unified
 551              		.thumb
 552              		.thumb_func
 554              	jpeg_abort_decompress:
 555              	.LVL39:
 556              	.LFB149:
 105:Middlewares/Third_Party/LibJPEG/source/jdapimin.c ****   jpeg_abort((j_common_ptr) cinfo); /* use common routine */
 557              		.loc 1 105 1 is_stmt 1 view -0
 558              		.cfi_startproc
 559              		@ args = 0, pretend = 0, frame = 0
 560              		@ frame_needed = 0, uses_anonymous_args = 0
 105:Middlewares/Third_Party/LibJPEG/source/jdapimin.c ****   jpeg_abort((j_common_ptr) cinfo); /* use common routine */
 561              		.loc 1 105 1 is_stmt 0 view .LVU182
 562 0000 08B5     		push	{r3, lr}
 563              	.LCFI3:
 564              		.cfi_def_cfa_offset 8
 565              		.cfi_offset 3, -8
 566              		.cfi_offset 14, -4
 106:Middlewares/Third_Party/LibJPEG/source/jdapimin.c **** }
 567              		.loc 1 106 3 is_stmt 1 view .LVU183
 568 0002 FFF7FEFF 		bl	jpeg_abort
 569              	.LVL40:
 107:Middlewares/Third_Party/LibJPEG/source/jdapimin.c **** 
 570              		.loc 1 107 1 is_stmt 0 view .LVU184
 571 0006 08BD     		pop	{r3, pc}
 572              		.cfi_endproc
 573              	.LFE149:
 575              		.section	.text.jpeg_consume_input,"ax",%progbits
 576              		.align	1
 577              		.global	jpeg_consume_input
 578              		.syntax unified
 579              		.thumb
 580              		.thumb_func
 582              	jpeg_consume_input:
 583              	.LVL41:
 584              	.LFB152:
 212:Middlewares/Third_Party/LibJPEG/source/jdapimin.c **** 
 213:Middlewares/Third_Party/LibJPEG/source/jdapimin.c **** 
 214:Middlewares/Third_Party/LibJPEG/source/jdapimin.c **** /*
 215:Middlewares/Third_Party/LibJPEG/source/jdapimin.c ****  * Decompression startup: read start of JPEG datastream to see what's there.
 216:Middlewares/Third_Party/LibJPEG/source/jdapimin.c ****  * Need only initialize JPEG object and supply a data source before calling.
 217:Middlewares/Third_Party/LibJPEG/source/jdapimin.c ****  *
 218:Middlewares/Third_Party/LibJPEG/source/jdapimin.c ****  * This routine will read as far as the first SOS marker (ie, actual start of
 219:Middlewares/Third_Party/LibJPEG/source/jdapimin.c ****  * compressed data), and will save all tables and parameters in the JPEG
ARM GAS  /var/folders/mq/wg13gp494590nh4zyt09lxf00000gn/T//ccEV1eP6.s 			page 17


 220:Middlewares/Third_Party/LibJPEG/source/jdapimin.c ****  * object.  It will also initialize the decompression parameters to default
 221:Middlewares/Third_Party/LibJPEG/source/jdapimin.c ****  * values, and finally return JPEG_HEADER_OK.  On return, the application may
 222:Middlewares/Third_Party/LibJPEG/source/jdapimin.c ****  * adjust the decompression parameters and then call jpeg_start_decompress.
 223:Middlewares/Third_Party/LibJPEG/source/jdapimin.c ****  * (Or, if the application only wanted to determine the image parameters,
 224:Middlewares/Third_Party/LibJPEG/source/jdapimin.c ****  * the data need not be decompressed.  In that case, call jpeg_abort or
 225:Middlewares/Third_Party/LibJPEG/source/jdapimin.c ****  * jpeg_destroy to release any temporary space.)
 226:Middlewares/Third_Party/LibJPEG/source/jdapimin.c ****  * If an abbreviated (tables only) datastream is presented, the routine will
 227:Middlewares/Third_Party/LibJPEG/source/jdapimin.c ****  * return JPEG_HEADER_TABLES_ONLY upon reaching EOI.  The application may then
 228:Middlewares/Third_Party/LibJPEG/source/jdapimin.c ****  * re-use the JPEG object to read the abbreviated image datastream(s).
 229:Middlewares/Third_Party/LibJPEG/source/jdapimin.c ****  * It is unnecessary (but OK) to call jpeg_abort in this case.
 230:Middlewares/Third_Party/LibJPEG/source/jdapimin.c ****  * The JPEG_SUSPENDED return code only occurs if the data source module
 231:Middlewares/Third_Party/LibJPEG/source/jdapimin.c ****  * requests suspension of the decompressor.  In this case the application
 232:Middlewares/Third_Party/LibJPEG/source/jdapimin.c ****  * should load more source data and then re-call jpeg_read_header to resume
 233:Middlewares/Third_Party/LibJPEG/source/jdapimin.c ****  * processing.
 234:Middlewares/Third_Party/LibJPEG/source/jdapimin.c ****  * If a non-suspending data source is used and require_image is TRUE, then the
 235:Middlewares/Third_Party/LibJPEG/source/jdapimin.c ****  * return code need not be inspected since only JPEG_HEADER_OK is possible.
 236:Middlewares/Third_Party/LibJPEG/source/jdapimin.c ****  *
 237:Middlewares/Third_Party/LibJPEG/source/jdapimin.c ****  * This routine is now just a front end to jpeg_consume_input, with some
 238:Middlewares/Third_Party/LibJPEG/source/jdapimin.c ****  * extra error checking.
 239:Middlewares/Third_Party/LibJPEG/source/jdapimin.c ****  */
 240:Middlewares/Third_Party/LibJPEG/source/jdapimin.c **** 
 241:Middlewares/Third_Party/LibJPEG/source/jdapimin.c **** GLOBAL(int)
 242:Middlewares/Third_Party/LibJPEG/source/jdapimin.c **** jpeg_read_header (j_decompress_ptr cinfo, boolean require_image)
 243:Middlewares/Third_Party/LibJPEG/source/jdapimin.c **** {
 244:Middlewares/Third_Party/LibJPEG/source/jdapimin.c ****   int retcode;
 245:Middlewares/Third_Party/LibJPEG/source/jdapimin.c **** 
 246:Middlewares/Third_Party/LibJPEG/source/jdapimin.c ****   if (cinfo->global_state != DSTATE_START &&
 247:Middlewares/Third_Party/LibJPEG/source/jdapimin.c ****       cinfo->global_state != DSTATE_INHEADER)
 248:Middlewares/Third_Party/LibJPEG/source/jdapimin.c ****     ERREXIT1(cinfo, JERR_BAD_STATE, cinfo->global_state);
 249:Middlewares/Third_Party/LibJPEG/source/jdapimin.c **** 
 250:Middlewares/Third_Party/LibJPEG/source/jdapimin.c ****   retcode = jpeg_consume_input(cinfo);
 251:Middlewares/Third_Party/LibJPEG/source/jdapimin.c **** 
 252:Middlewares/Third_Party/LibJPEG/source/jdapimin.c ****   switch (retcode) {
 253:Middlewares/Third_Party/LibJPEG/source/jdapimin.c ****   case JPEG_REACHED_SOS:
 254:Middlewares/Third_Party/LibJPEG/source/jdapimin.c ****     retcode = JPEG_HEADER_OK;
 255:Middlewares/Third_Party/LibJPEG/source/jdapimin.c ****     break;
 256:Middlewares/Third_Party/LibJPEG/source/jdapimin.c ****   case JPEG_REACHED_EOI:
 257:Middlewares/Third_Party/LibJPEG/source/jdapimin.c ****     if (require_image)		/* Complain if application wanted an image */
 258:Middlewares/Third_Party/LibJPEG/source/jdapimin.c ****       ERREXIT(cinfo, JERR_NO_IMAGE);
 259:Middlewares/Third_Party/LibJPEG/source/jdapimin.c ****     /* Reset to start state; it would be safer to require the application to
 260:Middlewares/Third_Party/LibJPEG/source/jdapimin.c ****      * call jpeg_abort, but we can't change it now for compatibility reasons.
 261:Middlewares/Third_Party/LibJPEG/source/jdapimin.c ****      * A side effect is to free any temporary memory (there shouldn't be any).
 262:Middlewares/Third_Party/LibJPEG/source/jdapimin.c ****      */
 263:Middlewares/Third_Party/LibJPEG/source/jdapimin.c ****     jpeg_abort((j_common_ptr) cinfo); /* sets state = DSTATE_START */
 264:Middlewares/Third_Party/LibJPEG/source/jdapimin.c ****     retcode = JPEG_HEADER_TABLES_ONLY;
 265:Middlewares/Third_Party/LibJPEG/source/jdapimin.c ****     break;
 266:Middlewares/Third_Party/LibJPEG/source/jdapimin.c ****   case JPEG_SUSPENDED:
 267:Middlewares/Third_Party/LibJPEG/source/jdapimin.c ****     /* no work */
 268:Middlewares/Third_Party/LibJPEG/source/jdapimin.c ****     break;
 269:Middlewares/Third_Party/LibJPEG/source/jdapimin.c ****   }
 270:Middlewares/Third_Party/LibJPEG/source/jdapimin.c **** 
 271:Middlewares/Third_Party/LibJPEG/source/jdapimin.c ****   return retcode;
 272:Middlewares/Third_Party/LibJPEG/source/jdapimin.c **** }
 273:Middlewares/Third_Party/LibJPEG/source/jdapimin.c **** 
 274:Middlewares/Third_Party/LibJPEG/source/jdapimin.c **** 
 275:Middlewares/Third_Party/LibJPEG/source/jdapimin.c **** /*
 276:Middlewares/Third_Party/LibJPEG/source/jdapimin.c ****  * Consume data in advance of what the decompressor requires.
ARM GAS  /var/folders/mq/wg13gp494590nh4zyt09lxf00000gn/T//ccEV1eP6.s 			page 18


 277:Middlewares/Third_Party/LibJPEG/source/jdapimin.c ****  * This can be called at any time once the decompressor object has
 278:Middlewares/Third_Party/LibJPEG/source/jdapimin.c ****  * been created and a data source has been set up.
 279:Middlewares/Third_Party/LibJPEG/source/jdapimin.c ****  *
 280:Middlewares/Third_Party/LibJPEG/source/jdapimin.c ****  * This routine is essentially a state machine that handles a couple
 281:Middlewares/Third_Party/LibJPEG/source/jdapimin.c ****  * of critical state-transition actions, namely initial setup and
 282:Middlewares/Third_Party/LibJPEG/source/jdapimin.c ****  * transition from header scanning to ready-for-start_decompress.
 283:Middlewares/Third_Party/LibJPEG/source/jdapimin.c ****  * All the actual input is done via the input controller's consume_input
 284:Middlewares/Third_Party/LibJPEG/source/jdapimin.c ****  * method.
 285:Middlewares/Third_Party/LibJPEG/source/jdapimin.c ****  */
 286:Middlewares/Third_Party/LibJPEG/source/jdapimin.c **** 
 287:Middlewares/Third_Party/LibJPEG/source/jdapimin.c **** GLOBAL(int)
 288:Middlewares/Third_Party/LibJPEG/source/jdapimin.c **** jpeg_consume_input (j_decompress_ptr cinfo)
 289:Middlewares/Third_Party/LibJPEG/source/jdapimin.c **** {
 585              		.loc 1 289 1 is_stmt 1 view -0
 586              		.cfi_startproc
 587              		@ args = 0, pretend = 0, frame = 0
 588              		@ frame_needed = 0, uses_anonymous_args = 0
 589              		.loc 1 289 1 is_stmt 0 view .LVU186
 590 0000 38B5     		push	{r3, r4, r5, lr}
 591              	.LCFI4:
 592              		.cfi_def_cfa_offset 16
 593              		.cfi_offset 3, -16
 594              		.cfi_offset 4, -12
 595              		.cfi_offset 5, -8
 596              		.cfi_offset 14, -4
 597 0002 0446     		mov	r4, r0
 290:Middlewares/Third_Party/LibJPEG/source/jdapimin.c ****   int retcode = JPEG_SUSPENDED;
 598              		.loc 1 290 3 is_stmt 1 view .LVU187
 599              	.LVL42:
 291:Middlewares/Third_Party/LibJPEG/source/jdapimin.c **** 
 292:Middlewares/Third_Party/LibJPEG/source/jdapimin.c ****   /* NB: every possible DSTATE value should be listed in this switch */
 293:Middlewares/Third_Party/LibJPEG/source/jdapimin.c ****   switch (cinfo->global_state) {
 600              		.loc 1 293 3 view .LVU188
 601              		.loc 1 293 16 is_stmt 0 view .LVU189
 602 0004 4369     		ldr	r3, [r0, #20]
 603              		.loc 1 293 3 view .LVU190
 604 0006 C83B     		subs	r3, r3, #200
 605 0008 0A2B     		cmp	r3, #10
 606 000a 27D8     		bhi	.L39
 607 000c DFE803F0 		tbb	[pc, r3]
 608              	.L41:
 609 0010 06       		.byte	(.L44-.L41)/2
 610 0011 10       		.byte	(.L43-.L41)/2
 611 0012 31       		.byte	(.L45-.L41)/2
 612 0013 20       		.byte	(.L40-.L41)/2
 613 0014 20       		.byte	(.L40-.L41)/2
 614 0015 20       		.byte	(.L40-.L41)/2
 615 0016 20       		.byte	(.L40-.L41)/2
 616 0017 20       		.byte	(.L40-.L41)/2
 617 0018 20       		.byte	(.L40-.L41)/2
 618 0019 26       		.byte	(.L39-.L41)/2
 619 001a 20       		.byte	(.L40-.L41)/2
 620 001b 00       		.p2align 1
 621              	.L44:
 294:Middlewares/Third_Party/LibJPEG/source/jdapimin.c ****   case DSTATE_START:
 295:Middlewares/Third_Party/LibJPEG/source/jdapimin.c ****     /* Start-of-datastream actions: reset appropriate modules */
 296:Middlewares/Third_Party/LibJPEG/source/jdapimin.c ****     (*cinfo->inputctl->reset_input_controller) (cinfo);
ARM GAS  /var/folders/mq/wg13gp494590nh4zyt09lxf00000gn/T//ccEV1eP6.s 			page 19


 622              		.loc 1 296 5 is_stmt 1 view .LVU191
 623              		.loc 1 296 12 is_stmt 0 view .LVU192
 624 001c D0F8C831 		ldr	r3, [r0, #456]
 625              		.loc 1 296 6 view .LVU193
 626 0020 5B68     		ldr	r3, [r3, #4]
 627 0022 9847     		blx	r3
 628              	.LVL43:
 297:Middlewares/Third_Party/LibJPEG/source/jdapimin.c ****     /* Initialize application's data source module */
 298:Middlewares/Third_Party/LibJPEG/source/jdapimin.c ****     (*cinfo->src->init_source) (cinfo);
 629              		.loc 1 298 5 is_stmt 1 view .LVU194
 630              		.loc 1 298 12 is_stmt 0 view .LVU195
 631 0024 A369     		ldr	r3, [r4, #24]
 632              		.loc 1 298 6 view .LVU196
 633 0026 9B68     		ldr	r3, [r3, #8]
 634 0028 2046     		mov	r0, r4
 635 002a 9847     		blx	r3
 636              	.LVL44:
 299:Middlewares/Third_Party/LibJPEG/source/jdapimin.c ****     cinfo->global_state = DSTATE_INHEADER;
 637              		.loc 1 299 5 is_stmt 1 view .LVU197
 638              		.loc 1 299 25 is_stmt 0 view .LVU198
 639 002c C923     		movs	r3, #201
 640 002e 6361     		str	r3, [r4, #20]
 641              	.L43:
 300:Middlewares/Third_Party/LibJPEG/source/jdapimin.c ****     /*FALLTHROUGH*/
 301:Middlewares/Third_Party/LibJPEG/source/jdapimin.c ****   case DSTATE_INHEADER:
 302:Middlewares/Third_Party/LibJPEG/source/jdapimin.c ****     retcode = (*cinfo->inputctl->consume_input) (cinfo);
 642              		.loc 1 302 5 is_stmt 1 view .LVU199
 643              		.loc 1 302 22 is_stmt 0 view .LVU200
 644 0030 D4F8C831 		ldr	r3, [r4, #456]
 645              		.loc 1 302 16 view .LVU201
 646 0034 1B68     		ldr	r3, [r3]
 647 0036 2046     		mov	r0, r4
 648 0038 9847     		blx	r3
 649              	.LVL45:
 650 003a 0546     		mov	r5, r0
 651              	.LVL46:
 303:Middlewares/Third_Party/LibJPEG/source/jdapimin.c ****     if (retcode == JPEG_REACHED_SOS) { /* Found SOS, prepare to decompress */
 652              		.loc 1 303 5 is_stmt 1 view .LVU202
 653              		.loc 1 303 8 is_stmt 0 view .LVU203
 654 003c 0128     		cmp	r0, #1
 655 003e 01D0     		beq	.L48
 656              	.LVL47:
 657              	.L38:
 304:Middlewares/Third_Party/LibJPEG/source/jdapimin.c ****       /* Set up default parameters based on header data */
 305:Middlewares/Third_Party/LibJPEG/source/jdapimin.c ****       default_decompress_parms(cinfo);
 306:Middlewares/Third_Party/LibJPEG/source/jdapimin.c ****       /* Set global state: ready for start_decompress */
 307:Middlewares/Third_Party/LibJPEG/source/jdapimin.c ****       cinfo->global_state = DSTATE_READY;
 308:Middlewares/Third_Party/LibJPEG/source/jdapimin.c ****     }
 309:Middlewares/Third_Party/LibJPEG/source/jdapimin.c ****     break;
 310:Middlewares/Third_Party/LibJPEG/source/jdapimin.c ****   case DSTATE_READY:
 311:Middlewares/Third_Party/LibJPEG/source/jdapimin.c ****     /* Can't advance past first SOS until start_decompress is called */
 312:Middlewares/Third_Party/LibJPEG/source/jdapimin.c ****     retcode = JPEG_REACHED_SOS;
 313:Middlewares/Third_Party/LibJPEG/source/jdapimin.c ****     break;
 314:Middlewares/Third_Party/LibJPEG/source/jdapimin.c ****   case DSTATE_PRELOAD:
 315:Middlewares/Third_Party/LibJPEG/source/jdapimin.c ****   case DSTATE_PRESCAN:
 316:Middlewares/Third_Party/LibJPEG/source/jdapimin.c ****   case DSTATE_SCANNING:
 317:Middlewares/Third_Party/LibJPEG/source/jdapimin.c ****   case DSTATE_RAW_OK:
ARM GAS  /var/folders/mq/wg13gp494590nh4zyt09lxf00000gn/T//ccEV1eP6.s 			page 20


 318:Middlewares/Third_Party/LibJPEG/source/jdapimin.c ****   case DSTATE_BUFIMAGE:
 319:Middlewares/Third_Party/LibJPEG/source/jdapimin.c ****   case DSTATE_BUFPOST:
 320:Middlewares/Third_Party/LibJPEG/source/jdapimin.c ****   case DSTATE_STOPPING:
 321:Middlewares/Third_Party/LibJPEG/source/jdapimin.c ****     retcode = (*cinfo->inputctl->consume_input) (cinfo);
 322:Middlewares/Third_Party/LibJPEG/source/jdapimin.c ****     break;
 323:Middlewares/Third_Party/LibJPEG/source/jdapimin.c ****   default:
 324:Middlewares/Third_Party/LibJPEG/source/jdapimin.c ****     ERREXIT1(cinfo, JERR_BAD_STATE, cinfo->global_state);
 325:Middlewares/Third_Party/LibJPEG/source/jdapimin.c ****   }
 326:Middlewares/Third_Party/LibJPEG/source/jdapimin.c ****   return retcode;
 327:Middlewares/Third_Party/LibJPEG/source/jdapimin.c **** }
 658              		.loc 1 327 1 view .LVU204
 659 0040 2846     		mov	r0, r5
 660 0042 38BD     		pop	{r3, r4, r5, pc}
 661              	.LVL48:
 662              	.L48:
 305:Middlewares/Third_Party/LibJPEG/source/jdapimin.c ****       /* Set global state: ready for start_decompress */
 663              		.loc 1 305 7 is_stmt 1 view .LVU205
 664 0044 2046     		mov	r0, r4
 665              	.LVL49:
 305:Middlewares/Third_Party/LibJPEG/source/jdapimin.c ****       /* Set global state: ready for start_decompress */
 666              		.loc 1 305 7 is_stmt 0 view .LVU206
 667 0046 FFF7FEFF 		bl	default_decompress_parms
 668              	.LVL50:
 307:Middlewares/Third_Party/LibJPEG/source/jdapimin.c ****     }
 669              		.loc 1 307 7 is_stmt 1 view .LVU207
 307:Middlewares/Third_Party/LibJPEG/source/jdapimin.c ****     }
 670              		.loc 1 307 27 is_stmt 0 view .LVU208
 671 004a CA23     		movs	r3, #202
 672 004c 6361     		str	r3, [r4, #20]
 673 004e F7E7     		b	.L38
 674              	.LVL51:
 675              	.L40:
 321:Middlewares/Third_Party/LibJPEG/source/jdapimin.c ****     break;
 676              		.loc 1 321 5 is_stmt 1 view .LVU209
 321:Middlewares/Third_Party/LibJPEG/source/jdapimin.c ****     break;
 677              		.loc 1 321 22 is_stmt 0 view .LVU210
 678 0050 D0F8C831 		ldr	r3, [r0, #456]
 321:Middlewares/Third_Party/LibJPEG/source/jdapimin.c ****     break;
 679              		.loc 1 321 16 view .LVU211
 680 0054 1B68     		ldr	r3, [r3]
 681 0056 9847     		blx	r3
 682              	.LVL52:
 321:Middlewares/Third_Party/LibJPEG/source/jdapimin.c ****     break;
 683              		.loc 1 321 16 view .LVU212
 684 0058 0546     		mov	r5, r0
 685              	.LVL53:
 322:Middlewares/Third_Party/LibJPEG/source/jdapimin.c ****   default:
 686              		.loc 1 322 5 is_stmt 1 view .LVU213
 687 005a F1E7     		b	.L38
 688              	.LVL54:
 689              	.L39:
 324:Middlewares/Third_Party/LibJPEG/source/jdapimin.c ****   }
 690              		.loc 1 324 5 view .LVU214
 691 005c 0368     		ldr	r3, [r0]
 692 005e 1522     		movs	r2, #21
 693 0060 5A61     		str	r2, [r3, #20]
 694 0062 0368     		ldr	r3, [r0]
ARM GAS  /var/folders/mq/wg13gp494590nh4zyt09lxf00000gn/T//ccEV1eP6.s 			page 21


 695 0064 4269     		ldr	r2, [r0, #20]
 696 0066 9A61     		str	r2, [r3, #24]
 697 0068 0368     		ldr	r3, [r0]
 698 006a 1B68     		ldr	r3, [r3]
 699 006c 9847     		blx	r3
 700              	.LVL55:
 290:Middlewares/Third_Party/LibJPEG/source/jdapimin.c **** 
 701              		.loc 1 290 7 is_stmt 0 view .LVU215
 702 006e 0025     		movs	r5, #0
 703 0070 E6E7     		b	.L38
 704              	.LVL56:
 705              	.L45:
 293:Middlewares/Third_Party/LibJPEG/source/jdapimin.c ****   case DSTATE_START:
 706              		.loc 1 293 3 view .LVU216
 707 0072 0125     		movs	r5, #1
 708              	.LVL57:
 326:Middlewares/Third_Party/LibJPEG/source/jdapimin.c **** }
 709              		.loc 1 326 3 is_stmt 1 view .LVU217
 326:Middlewares/Third_Party/LibJPEG/source/jdapimin.c **** }
 710              		.loc 1 326 10 is_stmt 0 view .LVU218
 711 0074 E4E7     		b	.L38
 712              		.cfi_endproc
 713              	.LFE152:
 715              		.section	.text.jpeg_read_header,"ax",%progbits
 716              		.align	1
 717              		.global	jpeg_read_header
 718              		.syntax unified
 719              		.thumb
 720              		.thumb_func
 722              	jpeg_read_header:
 723              	.LVL58:
 724              	.LFB151:
 243:Middlewares/Third_Party/LibJPEG/source/jdapimin.c ****   int retcode;
 725              		.loc 1 243 1 is_stmt 1 view -0
 726              		.cfi_startproc
 727              		@ args = 0, pretend = 0, frame = 0
 728              		@ frame_needed = 0, uses_anonymous_args = 0
 243:Middlewares/Third_Party/LibJPEG/source/jdapimin.c ****   int retcode;
 729              		.loc 1 243 1 is_stmt 0 view .LVU220
 730 0000 70B5     		push	{r4, r5, r6, lr}
 731              	.LCFI5:
 732              		.cfi_def_cfa_offset 16
 733              		.cfi_offset 4, -16
 734              		.cfi_offset 5, -12
 735              		.cfi_offset 6, -8
 736              		.cfi_offset 14, -4
 737 0002 0446     		mov	r4, r0
 738 0004 0E46     		mov	r6, r1
 244:Middlewares/Third_Party/LibJPEG/source/jdapimin.c **** 
 739              		.loc 1 244 3 is_stmt 1 view .LVU221
 246:Middlewares/Third_Party/LibJPEG/source/jdapimin.c ****       cinfo->global_state != DSTATE_INHEADER)
 740              		.loc 1 246 3 view .LVU222
 246:Middlewares/Third_Party/LibJPEG/source/jdapimin.c ****       cinfo->global_state != DSTATE_INHEADER)
 741              		.loc 1 246 12 is_stmt 0 view .LVU223
 742 0006 4369     		ldr	r3, [r0, #20]
 246:Middlewares/Third_Party/LibJPEG/source/jdapimin.c ****       cinfo->global_state != DSTATE_INHEADER)
 743              		.loc 1 246 43 view .LVU224
ARM GAS  /var/folders/mq/wg13gp494590nh4zyt09lxf00000gn/T//ccEV1eP6.s 			page 22


 744 0008 C83B     		subs	r3, r3, #200
 246:Middlewares/Third_Party/LibJPEG/source/jdapimin.c ****       cinfo->global_state != DSTATE_INHEADER)
 745              		.loc 1 246 6 view .LVU225
 746 000a 012B     		cmp	r3, #1
 747 000c 08D9     		bls	.L50
 248:Middlewares/Third_Party/LibJPEG/source/jdapimin.c **** 
 748              		.loc 1 248 5 is_stmt 1 view .LVU226
 749 000e 0368     		ldr	r3, [r0]
 750 0010 1522     		movs	r2, #21
 751 0012 5A61     		str	r2, [r3, #20]
 752 0014 0368     		ldr	r3, [r0]
 753 0016 4269     		ldr	r2, [r0, #20]
 754 0018 9A61     		str	r2, [r3, #24]
 755 001a 0368     		ldr	r3, [r0]
 756 001c 1B68     		ldr	r3, [r3]
 757 001e 9847     		blx	r3
 758              	.LVL59:
 759              	.L50:
 250:Middlewares/Third_Party/LibJPEG/source/jdapimin.c **** 
 760              		.loc 1 250 3 view .LVU227
 250:Middlewares/Third_Party/LibJPEG/source/jdapimin.c **** 
 761              		.loc 1 250 13 is_stmt 0 view .LVU228
 762 0020 2046     		mov	r0, r4
 763 0022 FFF7FEFF 		bl	jpeg_consume_input
 764              	.LVL60:
 765 0026 0546     		mov	r5, r0
 766              	.LVL61:
 252:Middlewares/Third_Party/LibJPEG/source/jdapimin.c ****   case JPEG_REACHED_SOS:
 767              		.loc 1 252 3 is_stmt 1 view .LVU229
 768 0028 0128     		cmp	r0, #1
 769 002a 0CD0     		beq	.L49
 770 002c 0228     		cmp	r0, #2
 771 002e 0AD1     		bne	.L49
 257:Middlewares/Third_Party/LibJPEG/source/jdapimin.c ****       ERREXIT(cinfo, JERR_NO_IMAGE);
 772              		.loc 1 257 5 view .LVU230
 257:Middlewares/Third_Party/LibJPEG/source/jdapimin.c ****       ERREXIT(cinfo, JERR_NO_IMAGE);
 773              		.loc 1 257 8 is_stmt 0 view .LVU231
 774 0030 36B1     		cbz	r6, .L52
 258:Middlewares/Third_Party/LibJPEG/source/jdapimin.c ****     /* Reset to start state; it would be safer to require the application to
 775              		.loc 1 258 7 is_stmt 1 view .LVU232
 776 0032 2368     		ldr	r3, [r4]
 777 0034 3522     		movs	r2, #53
 778 0036 5A61     		str	r2, [r3, #20]
 779 0038 2368     		ldr	r3, [r4]
 780 003a 1B68     		ldr	r3, [r3]
 781 003c 2046     		mov	r0, r4
 782              	.LVL62:
 258:Middlewares/Third_Party/LibJPEG/source/jdapimin.c ****     /* Reset to start state; it would be safer to require the application to
 783              		.loc 1 258 7 is_stmt 0 view .LVU233
 784 003e 9847     		blx	r3
 785              	.LVL63:
 786              	.L52:
 263:Middlewares/Third_Party/LibJPEG/source/jdapimin.c ****     retcode = JPEG_HEADER_TABLES_ONLY;
 787              		.loc 1 263 5 is_stmt 1 view .LVU234
 788 0040 2046     		mov	r0, r4
 789 0042 FFF7FEFF 		bl	jpeg_abort
 790              	.LVL64:
ARM GAS  /var/folders/mq/wg13gp494590nh4zyt09lxf00000gn/T//ccEV1eP6.s 			page 23


 264:Middlewares/Third_Party/LibJPEG/source/jdapimin.c ****     break;
 791              		.loc 1 264 5 view .LVU235
 265:Middlewares/Third_Party/LibJPEG/source/jdapimin.c ****   case JPEG_SUSPENDED:
 792              		.loc 1 265 5 view .LVU236
 271:Middlewares/Third_Party/LibJPEG/source/jdapimin.c **** }
 793              		.loc 1 271 3 view .LVU237
 794              	.L49:
 272:Middlewares/Third_Party/LibJPEG/source/jdapimin.c **** 
 795              		.loc 1 272 1 is_stmt 0 view .LVU238
 796 0046 2846     		mov	r0, r5
 797 0048 70BD     		pop	{r4, r5, r6, pc}
 272:Middlewares/Third_Party/LibJPEG/source/jdapimin.c **** 
 798              		.loc 1 272 1 view .LVU239
 799              		.cfi_endproc
 800              	.LFE151:
 802              		.section	.text.jpeg_input_complete,"ax",%progbits
 803              		.align	1
 804              		.global	jpeg_input_complete
 805              		.syntax unified
 806              		.thumb
 807              		.thumb_func
 809              	jpeg_input_complete:
 810              	.LVL65:
 811              	.LFB153:
 328:Middlewares/Third_Party/LibJPEG/source/jdapimin.c **** 
 329:Middlewares/Third_Party/LibJPEG/source/jdapimin.c **** 
 330:Middlewares/Third_Party/LibJPEG/source/jdapimin.c **** /*
 331:Middlewares/Third_Party/LibJPEG/source/jdapimin.c ****  * Have we finished reading the input file?
 332:Middlewares/Third_Party/LibJPEG/source/jdapimin.c ****  */
 333:Middlewares/Third_Party/LibJPEG/source/jdapimin.c **** 
 334:Middlewares/Third_Party/LibJPEG/source/jdapimin.c **** GLOBAL(boolean)
 335:Middlewares/Third_Party/LibJPEG/source/jdapimin.c **** jpeg_input_complete (j_decompress_ptr cinfo)
 336:Middlewares/Third_Party/LibJPEG/source/jdapimin.c **** {
 812              		.loc 1 336 1 is_stmt 1 view -0
 813              		.cfi_startproc
 814              		@ args = 0, pretend = 0, frame = 0
 815              		@ frame_needed = 0, uses_anonymous_args = 0
 816              		.loc 1 336 1 is_stmt 0 view .LVU241
 817 0000 10B5     		push	{r4, lr}
 818              	.LCFI6:
 819              		.cfi_def_cfa_offset 8
 820              		.cfi_offset 4, -8
 821              		.cfi_offset 14, -4
 822 0002 0446     		mov	r4, r0
 337:Middlewares/Third_Party/LibJPEG/source/jdapimin.c ****   /* Check for valid jpeg object */
 338:Middlewares/Third_Party/LibJPEG/source/jdapimin.c ****   if (cinfo->global_state < DSTATE_START ||
 823              		.loc 1 338 3 is_stmt 1 view .LVU242
 824              		.loc 1 338 12 is_stmt 0 view .LVU243
 825 0004 4369     		ldr	r3, [r0, #20]
 826              		.loc 1 338 42 view .LVU244
 827 0006 C83B     		subs	r3, r3, #200
 828              		.loc 1 338 6 view .LVU245
 829 0008 0A2B     		cmp	r3, #10
 830 000a 08D9     		bls	.L55
 339:Middlewares/Third_Party/LibJPEG/source/jdapimin.c ****       cinfo->global_state > DSTATE_STOPPING)
 340:Middlewares/Third_Party/LibJPEG/source/jdapimin.c ****     ERREXIT1(cinfo, JERR_BAD_STATE, cinfo->global_state);
 831              		.loc 1 340 5 is_stmt 1 view .LVU246
ARM GAS  /var/folders/mq/wg13gp494590nh4zyt09lxf00000gn/T//ccEV1eP6.s 			page 24


 832 000c 0368     		ldr	r3, [r0]
 833 000e 1522     		movs	r2, #21
 834 0010 5A61     		str	r2, [r3, #20]
 835 0012 0368     		ldr	r3, [r0]
 836 0014 4269     		ldr	r2, [r0, #20]
 837 0016 9A61     		str	r2, [r3, #24]
 838 0018 0368     		ldr	r3, [r0]
 839 001a 1B68     		ldr	r3, [r3]
 840 001c 9847     		blx	r3
 841              	.LVL66:
 842              	.L55:
 341:Middlewares/Third_Party/LibJPEG/source/jdapimin.c ****   return cinfo->inputctl->eoi_reached;
 843              		.loc 1 341 3 view .LVU247
 844              		.loc 1 341 15 is_stmt 0 view .LVU248
 845 001e D4F8C831 		ldr	r3, [r4, #456]
 342:Middlewares/Third_Party/LibJPEG/source/jdapimin.c **** }
 846              		.loc 1 342 1 view .LVU249
 847 0022 5869     		ldr	r0, [r3, #20]
 848 0024 10BD     		pop	{r4, pc}
 849              		.loc 1 342 1 view .LVU250
 850              		.cfi_endproc
 851              	.LFE153:
 853              		.section	.text.jpeg_has_multiple_scans,"ax",%progbits
 854              		.align	1
 855              		.global	jpeg_has_multiple_scans
 856              		.syntax unified
 857              		.thumb
 858              		.thumb_func
 860              	jpeg_has_multiple_scans:
 861              	.LVL67:
 862              	.LFB154:
 343:Middlewares/Third_Party/LibJPEG/source/jdapimin.c **** 
 344:Middlewares/Third_Party/LibJPEG/source/jdapimin.c **** 
 345:Middlewares/Third_Party/LibJPEG/source/jdapimin.c **** /*
 346:Middlewares/Third_Party/LibJPEG/source/jdapimin.c ****  * Is there more than one scan?
 347:Middlewares/Third_Party/LibJPEG/source/jdapimin.c ****  */
 348:Middlewares/Third_Party/LibJPEG/source/jdapimin.c **** 
 349:Middlewares/Third_Party/LibJPEG/source/jdapimin.c **** GLOBAL(boolean)
 350:Middlewares/Third_Party/LibJPEG/source/jdapimin.c **** jpeg_has_multiple_scans (j_decompress_ptr cinfo)
 351:Middlewares/Third_Party/LibJPEG/source/jdapimin.c **** {
 863              		.loc 1 351 1 is_stmt 1 view -0
 864              		.cfi_startproc
 865              		@ args = 0, pretend = 0, frame = 0
 866              		@ frame_needed = 0, uses_anonymous_args = 0
 867              		.loc 1 351 1 is_stmt 0 view .LVU252
 868 0000 10B5     		push	{r4, lr}
 869              	.LCFI7:
 870              		.cfi_def_cfa_offset 8
 871              		.cfi_offset 4, -8
 872              		.cfi_offset 14, -4
 873 0002 0446     		mov	r4, r0
 352:Middlewares/Third_Party/LibJPEG/source/jdapimin.c ****   /* Only valid after jpeg_read_header completes */
 353:Middlewares/Third_Party/LibJPEG/source/jdapimin.c ****   if (cinfo->global_state < DSTATE_READY ||
 874              		.loc 1 353 3 is_stmt 1 view .LVU253
 875              		.loc 1 353 12 is_stmt 0 view .LVU254
 876 0004 4369     		ldr	r3, [r0, #20]
 877              		.loc 1 353 42 view .LVU255
ARM GAS  /var/folders/mq/wg13gp494590nh4zyt09lxf00000gn/T//ccEV1eP6.s 			page 25


 878 0006 CA3B     		subs	r3, r3, #202
 879              		.loc 1 353 6 view .LVU256
 880 0008 082B     		cmp	r3, #8
 881 000a 08D9     		bls	.L58
 354:Middlewares/Third_Party/LibJPEG/source/jdapimin.c ****       cinfo->global_state > DSTATE_STOPPING)
 355:Middlewares/Third_Party/LibJPEG/source/jdapimin.c ****     ERREXIT1(cinfo, JERR_BAD_STATE, cinfo->global_state);
 882              		.loc 1 355 5 is_stmt 1 view .LVU257
 883 000c 0368     		ldr	r3, [r0]
 884 000e 1522     		movs	r2, #21
 885 0010 5A61     		str	r2, [r3, #20]
 886 0012 0368     		ldr	r3, [r0]
 887 0014 4269     		ldr	r2, [r0, #20]
 888 0016 9A61     		str	r2, [r3, #24]
 889 0018 0368     		ldr	r3, [r0]
 890 001a 1B68     		ldr	r3, [r3]
 891 001c 9847     		blx	r3
 892              	.LVL68:
 893              	.L58:
 356:Middlewares/Third_Party/LibJPEG/source/jdapimin.c ****   return cinfo->inputctl->has_multiple_scans;
 894              		.loc 1 356 3 view .LVU258
 895              		.loc 1 356 15 is_stmt 0 view .LVU259
 896 001e D4F8C831 		ldr	r3, [r4, #456]
 357:Middlewares/Third_Party/LibJPEG/source/jdapimin.c **** }
 897              		.loc 1 357 1 view .LVU260
 898 0022 1869     		ldr	r0, [r3, #16]
 899 0024 10BD     		pop	{r4, pc}
 900              		.loc 1 357 1 view .LVU261
 901              		.cfi_endproc
 902              	.LFE154:
 904              		.section	.text.jpeg_finish_decompress,"ax",%progbits
 905              		.align	1
 906              		.global	jpeg_finish_decompress
 907              		.syntax unified
 908              		.thumb
 909              		.thumb_func
 911              	jpeg_finish_decompress:
 912              	.LVL69:
 913              	.LFB155:
 358:Middlewares/Third_Party/LibJPEG/source/jdapimin.c **** 
 359:Middlewares/Third_Party/LibJPEG/source/jdapimin.c **** 
 360:Middlewares/Third_Party/LibJPEG/source/jdapimin.c **** /*
 361:Middlewares/Third_Party/LibJPEG/source/jdapimin.c ****  * Finish JPEG decompression.
 362:Middlewares/Third_Party/LibJPEG/source/jdapimin.c ****  *
 363:Middlewares/Third_Party/LibJPEG/source/jdapimin.c ****  * This will normally just verify the file trailer and release temp storage.
 364:Middlewares/Third_Party/LibJPEG/source/jdapimin.c ****  *
 365:Middlewares/Third_Party/LibJPEG/source/jdapimin.c ****  * Returns FALSE if suspended.  The return value need be inspected only if
 366:Middlewares/Third_Party/LibJPEG/source/jdapimin.c ****  * a suspending data source is used.
 367:Middlewares/Third_Party/LibJPEG/source/jdapimin.c ****  */
 368:Middlewares/Third_Party/LibJPEG/source/jdapimin.c **** 
 369:Middlewares/Third_Party/LibJPEG/source/jdapimin.c **** GLOBAL(boolean)
 370:Middlewares/Third_Party/LibJPEG/source/jdapimin.c **** jpeg_finish_decompress (j_decompress_ptr cinfo)
 371:Middlewares/Third_Party/LibJPEG/source/jdapimin.c **** {
 914              		.loc 1 371 1 is_stmt 1 view -0
 915              		.cfi_startproc
 916              		@ args = 0, pretend = 0, frame = 0
 917              		@ frame_needed = 0, uses_anonymous_args = 0
 918              		.loc 1 371 1 is_stmt 0 view .LVU263
ARM GAS  /var/folders/mq/wg13gp494590nh4zyt09lxf00000gn/T//ccEV1eP6.s 			page 26


 919 0000 10B5     		push	{r4, lr}
 920              	.LCFI8:
 921              		.cfi_def_cfa_offset 8
 922              		.cfi_offset 4, -8
 923              		.cfi_offset 14, -4
 924 0002 0446     		mov	r4, r0
 372:Middlewares/Third_Party/LibJPEG/source/jdapimin.c ****   if ((cinfo->global_state == DSTATE_SCANNING ||
 925              		.loc 1 372 3 is_stmt 1 view .LVU264
 926              		.loc 1 372 13 is_stmt 0 view .LVU265
 927 0004 4369     		ldr	r3, [r0, #20]
 928              		.loc 1 372 47 view .LVU266
 929 0006 A3F1CD02 		sub	r2, r3, #205
 930              		.loc 1 372 6 view .LVU267
 931 000a 012A     		cmp	r2, #1
 932 000c 18D9     		bls	.L69
 933              	.L61:
 373:Middlewares/Third_Party/LibJPEG/source/jdapimin.c ****        cinfo->global_state == DSTATE_RAW_OK) && ! cinfo->buffered_image) {
 374:Middlewares/Third_Party/LibJPEG/source/jdapimin.c ****     /* Terminate final pass of non-buffered mode */
 375:Middlewares/Third_Party/LibJPEG/source/jdapimin.c ****     if (cinfo->output_scanline < cinfo->output_height)
 376:Middlewares/Third_Party/LibJPEG/source/jdapimin.c ****       ERREXIT(cinfo, JERR_TOO_LITTLE_DATA);
 377:Middlewares/Third_Party/LibJPEG/source/jdapimin.c ****     (*cinfo->master->finish_output_pass) (cinfo);
 378:Middlewares/Third_Party/LibJPEG/source/jdapimin.c ****     cinfo->global_state = DSTATE_STOPPING;
 379:Middlewares/Third_Party/LibJPEG/source/jdapimin.c ****   } else if (cinfo->global_state == DSTATE_BUFIMAGE) {
 934              		.loc 1 379 10 is_stmt 1 view .LVU268
 935              		.loc 1 379 13 is_stmt 0 view .LVU269
 936 000e CF2B     		cmp	r3, #207
 937 0010 2CD0     		beq	.L70
 380:Middlewares/Third_Party/LibJPEG/source/jdapimin.c ****     /* Finishing after a buffered-image operation */
 381:Middlewares/Third_Party/LibJPEG/source/jdapimin.c ****     cinfo->global_state = DSTATE_STOPPING;
 382:Middlewares/Third_Party/LibJPEG/source/jdapimin.c ****   } else if (cinfo->global_state != DSTATE_STOPPING) {
 938              		.loc 1 382 10 is_stmt 1 view .LVU270
 939              		.loc 1 382 13 is_stmt 0 view .LVU271
 940 0012 D22B     		cmp	r3, #210
 941 0014 09D0     		beq	.L66
 383:Middlewares/Third_Party/LibJPEG/source/jdapimin.c ****     /* STOPPING = repeat call after a suspension, anything else is error */
 384:Middlewares/Third_Party/LibJPEG/source/jdapimin.c ****     ERREXIT1(cinfo, JERR_BAD_STATE, cinfo->global_state);
 942              		.loc 1 384 5 is_stmt 1 view .LVU272
 943 0016 2368     		ldr	r3, [r4]
 944 0018 1522     		movs	r2, #21
 945 001a 5A61     		str	r2, [r3, #20]
 946 001c 2368     		ldr	r3, [r4]
 947 001e 6269     		ldr	r2, [r4, #20]
 948 0020 9A61     		str	r2, [r3, #24]
 949 0022 2368     		ldr	r3, [r4]
 950 0024 1B68     		ldr	r3, [r3]
 951 0026 2046     		mov	r0, r4
 952              	.LVL70:
 953              		.loc 1 384 5 is_stmt 0 view .LVU273
 954 0028 9847     		blx	r3
 955              	.LVL71:
 956              	.L66:
 385:Middlewares/Third_Party/LibJPEG/source/jdapimin.c ****   }
 386:Middlewares/Third_Party/LibJPEG/source/jdapimin.c ****   /* Read until EOI */
 387:Middlewares/Third_Party/LibJPEG/source/jdapimin.c ****   while (! cinfo->inputctl->eoi_reached) {
 957              		.loc 1 387 10 is_stmt 1 view .LVU274
 958              		.loc 1 387 17 is_stmt 0 view .LVU275
 959 002a D4F8C831 		ldr	r3, [r4, #456]
ARM GAS  /var/folders/mq/wg13gp494590nh4zyt09lxf00000gn/T//ccEV1eP6.s 			page 27


 960              		.loc 1 387 27 view .LVU276
 961 002e 5A69     		ldr	r2, [r3, #20]
 962              		.loc 1 387 10 view .LVU277
 963 0030 FAB9     		cbnz	r2, .L71
 388:Middlewares/Third_Party/LibJPEG/source/jdapimin.c ****     if ((*cinfo->inputctl->consume_input) (cinfo) == JPEG_SUSPENDED)
 964              		.loc 1 388 5 is_stmt 1 view .LVU278
 965              		.loc 1 388 10 is_stmt 0 view .LVU279
 966 0032 1B68     		ldr	r3, [r3]
 967 0034 2046     		mov	r0, r4
 968 0036 9847     		blx	r3
 969              	.LVL72:
 970              		.loc 1 388 8 discriminator 1 view .LVU280
 971 0038 0346     		mov	r3, r0
 972 003a 0028     		cmp	r0, #0
 973 003c F5D1     		bne	.L66
 974 003e 20E0     		b	.L60
 975              	.LVL73:
 976              	.L69:
 373:Middlewares/Third_Party/LibJPEG/source/jdapimin.c ****     /* Terminate final pass of non-buffered mode */
 977              		.loc 1 373 56 view .LVU281
 978 0040 026C     		ldr	r2, [r0, #64]
 373:Middlewares/Third_Party/LibJPEG/source/jdapimin.c ****     /* Terminate final pass of non-buffered mode */
 979              		.loc 1 373 46 view .LVU282
 980 0042 002A     		cmp	r2, #0
 981 0044 E3D1     		bne	.L61
 375:Middlewares/Third_Party/LibJPEG/source/jdapimin.c ****       ERREXIT(cinfo, JERR_TOO_LITTLE_DATA);
 982              		.loc 1 375 5 is_stmt 1 view .LVU283
 375:Middlewares/Third_Party/LibJPEG/source/jdapimin.c ****       ERREXIT(cinfo, JERR_TOO_LITTLE_DATA);
 983              		.loc 1 375 14 is_stmt 0 view .LVU284
 984 0046 D0F88C20 		ldr	r2, [r0, #140]
 375:Middlewares/Third_Party/LibJPEG/source/jdapimin.c ****       ERREXIT(cinfo, JERR_TOO_LITTLE_DATA);
 985              		.loc 1 375 39 view .LVU285
 986 004a 436F     		ldr	r3, [r0, #116]
 375:Middlewares/Third_Party/LibJPEG/source/jdapimin.c ****       ERREXIT(cinfo, JERR_TOO_LITTLE_DATA);
 987              		.loc 1 375 8 view .LVU286
 988 004c 9A42     		cmp	r2, r3
 989 004e 05D2     		bcs	.L62
 376:Middlewares/Third_Party/LibJPEG/source/jdapimin.c ****     (*cinfo->master->finish_output_pass) (cinfo);
 990              		.loc 1 376 7 is_stmt 1 view .LVU287
 991 0050 0368     		ldr	r3, [r0]
 992 0052 4522     		movs	r2, #69
 993 0054 5A61     		str	r2, [r3, #20]
 994 0056 0368     		ldr	r3, [r0]
 995 0058 1B68     		ldr	r3, [r3]
 996 005a 9847     		blx	r3
 997              	.LVL74:
 998              	.L62:
 377:Middlewares/Third_Party/LibJPEG/source/jdapimin.c ****     cinfo->global_state = DSTATE_STOPPING;
 999              		.loc 1 377 5 view .LVU288
 377:Middlewares/Third_Party/LibJPEG/source/jdapimin.c ****     cinfo->global_state = DSTATE_STOPPING;
 1000              		.loc 1 377 12 is_stmt 0 view .LVU289
 1001 005c D4F8B831 		ldr	r3, [r4, #440]
 377:Middlewares/Third_Party/LibJPEG/source/jdapimin.c ****     cinfo->global_state = DSTATE_STOPPING;
 1002              		.loc 1 377 6 view .LVU290
 1003 0060 5B68     		ldr	r3, [r3, #4]
 1004 0062 2046     		mov	r0, r4
 1005 0064 9847     		blx	r3
ARM GAS  /var/folders/mq/wg13gp494590nh4zyt09lxf00000gn/T//ccEV1eP6.s 			page 28


 1006              	.LVL75:
 378:Middlewares/Third_Party/LibJPEG/source/jdapimin.c ****   } else if (cinfo->global_state == DSTATE_BUFIMAGE) {
 1007              		.loc 1 378 5 is_stmt 1 view .LVU291
 378:Middlewares/Third_Party/LibJPEG/source/jdapimin.c ****   } else if (cinfo->global_state == DSTATE_BUFIMAGE) {
 1008              		.loc 1 378 25 is_stmt 0 view .LVU292
 1009 0066 D223     		movs	r3, #210
 1010 0068 6361     		str	r3, [r4, #20]
 1011 006a DEE7     		b	.L66
 1012              	.LVL76:
 1013              	.L70:
 381:Middlewares/Third_Party/LibJPEG/source/jdapimin.c ****   } else if (cinfo->global_state != DSTATE_STOPPING) {
 1014              		.loc 1 381 5 is_stmt 1 view .LVU293
 381:Middlewares/Third_Party/LibJPEG/source/jdapimin.c ****   } else if (cinfo->global_state != DSTATE_STOPPING) {
 1015              		.loc 1 381 25 is_stmt 0 view .LVU294
 1016 006c D223     		movs	r3, #210
 1017 006e 6361     		str	r3, [r4, #20]
 1018 0070 DBE7     		b	.L66
 1019              	.LVL77:
 1020              	.L71:
 389:Middlewares/Third_Party/LibJPEG/source/jdapimin.c ****       return FALSE;		/* Suspend, come back later */
 390:Middlewares/Third_Party/LibJPEG/source/jdapimin.c ****   }
 391:Middlewares/Third_Party/LibJPEG/source/jdapimin.c ****   /* Do final cleanup */
 392:Middlewares/Third_Party/LibJPEG/source/jdapimin.c ****   (*cinfo->src->term_source) (cinfo);
 1021              		.loc 1 392 3 is_stmt 1 view .LVU295
 1022              		.loc 1 392 10 is_stmt 0 view .LVU296
 1023 0072 A369     		ldr	r3, [r4, #24]
 1024              		.loc 1 392 4 view .LVU297
 1025 0074 9B69     		ldr	r3, [r3, #24]
 1026 0076 2046     		mov	r0, r4
 1027 0078 9847     		blx	r3
 1028              	.LVL78:
 393:Middlewares/Third_Party/LibJPEG/source/jdapimin.c ****   /* We can use jpeg_abort to release memory and reset global_state */
 394:Middlewares/Third_Party/LibJPEG/source/jdapimin.c ****   jpeg_abort((j_common_ptr) cinfo);
 1029              		.loc 1 394 3 is_stmt 1 view .LVU298
 1030 007a 2046     		mov	r0, r4
 1031 007c FFF7FEFF 		bl	jpeg_abort
 1032              	.LVL79:
 395:Middlewares/Third_Party/LibJPEG/source/jdapimin.c ****   return TRUE;
 1033              		.loc 1 395 3 view .LVU299
 1034              		.loc 1 395 10 is_stmt 0 view .LVU300
 1035 0080 0123     		movs	r3, #1
 1036              	.L60:
 396:Middlewares/Third_Party/LibJPEG/source/jdapimin.c **** }
 1037              		.loc 1 396 1 view .LVU301
 1038 0082 1846     		mov	r0, r3
 1039 0084 10BD     		pop	{r4, pc}
 1040              		.loc 1 396 1 view .LVU302
 1041              		.cfi_endproc
 1042              	.LFE155:
 1044              		.text
 1045              	.Letext0:
 1046              		.file 2 "/Applications/ArmGNUToolchain/13.3.rel1/arm-none-eabi/lib/gcc/arm-none-eabi/13.3.1/includ
 1047              		.file 3 "Inc/jmorecfg.h"
 1048              		.file 4 "Middlewares/Third_Party/LibJPEG/include/jpeglib.h"
 1049              		.file 5 "Middlewares/Third_Party/LibJPEG/include/jpegint.h"
 1050              		.file 6 "Middlewares/Third_Party/LibJPEG/include/jerror.h"
 1051              		.file 7 "/Applications/ArmGNUToolchain/13.3.rel1/arm-none-eabi/arm-none-eabi/include/string.h"
ARM GAS  /var/folders/mq/wg13gp494590nh4zyt09lxf00000gn/T//ccEV1eP6.s 			page 29


 1052              		.file 8 "<built-in>"
ARM GAS  /var/folders/mq/wg13gp494590nh4zyt09lxf00000gn/T//ccEV1eP6.s 			page 30


DEFINED SYMBOLS
                            *ABS*:00000000 jdapimin.c
/var/folders/mq/wg13gp494590nh4zyt09lxf00000gn/T//ccEV1eP6.s:20     .text.default_decompress_parms:00000000 $t
/var/folders/mq/wg13gp494590nh4zyt09lxf00000gn/T//ccEV1eP6.s:25     .text.default_decompress_parms:00000000 default_decompress_parms
/var/folders/mq/wg13gp494590nh4zyt09lxf00000gn/T//ccEV1eP6.s:342    .text.default_decompress_parms:0000015c $d
/var/folders/mq/wg13gp494590nh4zyt09lxf00000gn/T//ccEV1eP6.s:347    .text.jpeg_CreateDecompress:00000000 $t
/var/folders/mq/wg13gp494590nh4zyt09lxf00000gn/T//ccEV1eP6.s:353    .text.jpeg_CreateDecompress:00000000 jpeg_CreateDecompress
/var/folders/mq/wg13gp494590nh4zyt09lxf00000gn/T//ccEV1eP6.s:520    .text.jpeg_destroy_decompress:00000000 $t
/var/folders/mq/wg13gp494590nh4zyt09lxf00000gn/T//ccEV1eP6.s:526    .text.jpeg_destroy_decompress:00000000 jpeg_destroy_decompress
/var/folders/mq/wg13gp494590nh4zyt09lxf00000gn/T//ccEV1eP6.s:548    .text.jpeg_abort_decompress:00000000 $t
/var/folders/mq/wg13gp494590nh4zyt09lxf00000gn/T//ccEV1eP6.s:554    .text.jpeg_abort_decompress:00000000 jpeg_abort_decompress
/var/folders/mq/wg13gp494590nh4zyt09lxf00000gn/T//ccEV1eP6.s:576    .text.jpeg_consume_input:00000000 $t
/var/folders/mq/wg13gp494590nh4zyt09lxf00000gn/T//ccEV1eP6.s:582    .text.jpeg_consume_input:00000000 jpeg_consume_input
/var/folders/mq/wg13gp494590nh4zyt09lxf00000gn/T//ccEV1eP6.s:609    .text.jpeg_consume_input:00000010 $d
/var/folders/mq/wg13gp494590nh4zyt09lxf00000gn/T//ccEV1eP6.s:716    .text.jpeg_read_header:00000000 $t
/var/folders/mq/wg13gp494590nh4zyt09lxf00000gn/T//ccEV1eP6.s:722    .text.jpeg_read_header:00000000 jpeg_read_header
/var/folders/mq/wg13gp494590nh4zyt09lxf00000gn/T//ccEV1eP6.s:803    .text.jpeg_input_complete:00000000 $t
/var/folders/mq/wg13gp494590nh4zyt09lxf00000gn/T//ccEV1eP6.s:809    .text.jpeg_input_complete:00000000 jpeg_input_complete
/var/folders/mq/wg13gp494590nh4zyt09lxf00000gn/T//ccEV1eP6.s:854    .text.jpeg_has_multiple_scans:00000000 $t
/var/folders/mq/wg13gp494590nh4zyt09lxf00000gn/T//ccEV1eP6.s:860    .text.jpeg_has_multiple_scans:00000000 jpeg_has_multiple_scans
/var/folders/mq/wg13gp494590nh4zyt09lxf00000gn/T//ccEV1eP6.s:905    .text.jpeg_finish_decompress:00000000 $t
/var/folders/mq/wg13gp494590nh4zyt09lxf00000gn/T//ccEV1eP6.s:911    .text.jpeg_finish_decompress:00000000 jpeg_finish_decompress
/var/folders/mq/wg13gp494590nh4zyt09lxf00000gn/T//ccEV1eP6.s:620    .text.jpeg_consume_input:0000001b $d
/var/folders/mq/wg13gp494590nh4zyt09lxf00000gn/T//ccEV1eP6.s:620    .text.jpeg_consume_input:0000001c $t

UNDEFINED SYMBOLS
memset
jinit_memory_mgr
jinit_marker_reader
jinit_input_controller
jpeg_destroy
jpeg_abort
