ARM GAS  /var/folders/mq/wg13gp494590nh4zyt09lxf00000gn/T//cc6bDRHK.s 			page 1


   1              		.cpu cortex-m7
   2              		.arch armv7e-m
   3              		.fpu fpv5-d16
   4              		.eabi_attribute 28, 1
   5              		.eabi_attribute 20, 1
   6              		.eabi_attribute 21, 1
   7              		.eabi_attribute 23, 3
   8              		.eabi_attribute 24, 1
   9              		.eabi_attribute 25, 1
  10              		.eabi_attribute 26, 1
  11              		.eabi_attribute 30, 1
  12              		.eabi_attribute 34, 1
  13              		.eabi_attribute 18, 4
  14              		.file	"jdata_conf.c"
  15              		.text
  16              	.Ltext0:
  17              		.cfi_sections	.debug_frame
  18              		.file 1 "Src/jdata_conf.c"
  19              		.section	.text.read_file,"ax",%progbits
  20              		.align	1
  21              		.global	read_file
  22              		.syntax unified
  23              		.thumb
  24              		.thumb_func
  26              	read_file:
  27              	.LVL0:
  28              	.LFB144:
   1:Src/jdata_conf.c **** /* USER CODE BEGIN Header */
   2:Src/jdata_conf.c **** /**
   3:Src/jdata_conf.c ****  ******************************************************************************
   4:Src/jdata_conf.c ****   * File Name          : jdata_conf.c
   5:Src/jdata_conf.c ****   * Description        : This file implements LibJPEG file based read/write functions.
   6:Src/jdata_conf.c ****   *
   7:Src/jdata_conf.c ****   ******************************************************************************
   8:Src/jdata_conf.c ****   * @attention
   9:Src/jdata_conf.c ****   *
  10:Src/jdata_conf.c ****   * Copyright (c) 2019 STMicroelectronics.
  11:Src/jdata_conf.c ****   * All rights reserved.
  12:Src/jdata_conf.c ****   *
  13:Src/jdata_conf.c ****   * This software is licensed under terms that can be found in the LICENSE file
  14:Src/jdata_conf.c ****   * in the root directory of this software component.
  15:Src/jdata_conf.c ****   * If no LICENSE file comes with this software, it is provided AS-IS.
  16:Src/jdata_conf.c ****   *
  17:Src/jdata_conf.c ****   ******************************************************************************
  18:Src/jdata_conf.c **** **/
  19:Src/jdata_conf.c **** /* USER CODE END Header */
  20:Src/jdata_conf.c **** 
  21:Src/jdata_conf.c **** /* Includes ------------------------------------------------------------------*/
  22:Src/jdata_conf.c **** 
  23:Src/jdata_conf.c **** /*FatFS is chosen for File storage*/
  24:Src/jdata_conf.c **** #include "jdata_conf.h"
  25:Src/jdata_conf.c **** 
  26:Src/jdata_conf.c **** /* Private typedef -----------------------------------------------------------*/
  27:Src/jdata_conf.c **** /* Private define ------------------------------------------------------------*/
  28:Src/jdata_conf.c **** /* Private macro -------------------------------------------------------------*/
  29:Src/jdata_conf.c **** /* Private variables ---------------------------------------------------------*/
  30:Src/jdata_conf.c **** /* Private function prototypes -----------------------------------------------*/
ARM GAS  /var/folders/mq/wg13gp494590nh4zyt09lxf00000gn/T//cc6bDRHK.s 			page 2


  31:Src/jdata_conf.c **** /* Private functions ---------------------------------------------------------*/
  32:Src/jdata_conf.c **** 
  33:Src/jdata_conf.c **** size_t read_file (FIL  *file, uint8_t *buf, uint32_t sizeofbuf)
  34:Src/jdata_conf.c **** {
  29              		.loc 1 34 1 view -0
  30              		.cfi_startproc
  31              		@ args = 0, pretend = 0, frame = 0
  32              		@ frame_needed = 0, uses_anonymous_args = 0
  33              		.loc 1 34 1 is_stmt 0 view .LVU1
  34 0000 10B5     		push	{r4, lr}
  35              	.LCFI0:
  36              		.cfi_def_cfa_offset 8
  37              		.cfi_offset 4, -8
  38              		.cfi_offset 14, -4
  35:Src/jdata_conf.c **** static size_t BytesReadfile ;
  39              		.loc 1 35 1 is_stmt 1 view .LVU2
  36:Src/jdata_conf.c **** f_read (file, buf , sizeofbuf, &BytesReadfile);
  40              		.loc 1 36 1 view .LVU3
  41 0002 034C     		ldr	r4, .L3
  42 0004 2346     		mov	r3, r4
  43 0006 FFF7FEFF 		bl	f_read
  44              	.LVL1:
  37:Src/jdata_conf.c **** return BytesReadfile;
  45              		.loc 1 37 1 view .LVU4
  38:Src/jdata_conf.c **** }
  46              		.loc 1 38 1 is_stmt 0 view .LVU5
  47 000a 2068     		ldr	r0, [r4]
  48 000c 10BD     		pop	{r4, pc}
  49              	.L4:
  50 000e 00BF     		.align	2
  51              	.L3:
  52 0010 00000000 		.word	BytesReadfile.1
  53              		.cfi_endproc
  54              	.LFE144:
  56              		.section	.text.write_file,"ax",%progbits
  57              		.align	1
  58              		.global	write_file
  59              		.syntax unified
  60              		.thumb
  61              		.thumb_func
  63              	write_file:
  64              	.LVL2:
  65              	.LFB145:
  39:Src/jdata_conf.c **** 
  40:Src/jdata_conf.c **** size_t write_file (FIL  *file, uint8_t *buf, uint32_t sizeofbuf)
  41:Src/jdata_conf.c **** {
  66              		.loc 1 41 1 is_stmt 1 view -0
  67              		.cfi_startproc
  68              		@ args = 0, pretend = 0, frame = 0
  69              		@ frame_needed = 0, uses_anonymous_args = 0
  70              		.loc 1 41 1 is_stmt 0 view .LVU7
  71 0000 10B5     		push	{r4, lr}
  72              	.LCFI1:
  73              		.cfi_def_cfa_offset 8
  74              		.cfi_offset 4, -8
  75              		.cfi_offset 14, -4
  42:Src/jdata_conf.c **** static size_t BytesWritefile;
ARM GAS  /var/folders/mq/wg13gp494590nh4zyt09lxf00000gn/T//cc6bDRHK.s 			page 3


  76              		.loc 1 42 1 is_stmt 1 view .LVU8
  43:Src/jdata_conf.c **** f_write (file, buf , sizeofbuf, &BytesWritefile);
  77              		.loc 1 43 1 view .LVU9
  78 0002 034C     		ldr	r4, .L7
  79 0004 2346     		mov	r3, r4
  80 0006 FFF7FEFF 		bl	f_write
  81              	.LVL3:
  44:Src/jdata_conf.c **** return BytesWritefile;
  82              		.loc 1 44 1 view .LVU10
  45:Src/jdata_conf.c **** }
  83              		.loc 1 45 1 is_stmt 0 view .LVU11
  84 000a 2068     		ldr	r0, [r4]
  85 000c 10BD     		pop	{r4, pc}
  86              	.L8:
  87 000e 00BF     		.align	2
  88              	.L7:
  89 0010 00000000 		.word	BytesWritefile.0
  90              		.cfi_endproc
  91              	.LFE145:
  93              		.section	.bss.BytesWritefile.0,"aw",%nobits
  94              		.align	2
  97              	BytesWritefile.0:
  98 0000 00000000 		.space	4
  99              		.section	.bss.BytesReadfile.1,"aw",%nobits
 100              		.align	2
 103              	BytesReadfile.1:
 104 0000 00000000 		.space	4
 105              		.text
 106              	.Letext0:
 107              		.file 2 "Middlewares/Third_Party/FatFs/src/integer.h"
 108              		.file 3 "/Applications/ArmGNUToolchain/13.3.rel1/arm-none-eabi/arm-none-eabi/include/machine/_defa
 109              		.file 4 "/Applications/ArmGNUToolchain/13.3.rel1/arm-none-eabi/arm-none-eabi/include/sys/_stdint.h
 110              		.file 5 "/Applications/ArmGNUToolchain/13.3.rel1/arm-none-eabi/lib/gcc/arm-none-eabi/13.3.1/includ
 111              		.file 6 "Middlewares/Third_Party/FatFs/src/ff.h"
ARM GAS  /var/folders/mq/wg13gp494590nh4zyt09lxf00000gn/T//cc6bDRHK.s 			page 4


DEFINED SYMBOLS
                            *ABS*:00000000 jdata_conf.c
/var/folders/mq/wg13gp494590nh4zyt09lxf00000gn/T//cc6bDRHK.s:20     .text.read_file:00000000 $t
/var/folders/mq/wg13gp494590nh4zyt09lxf00000gn/T//cc6bDRHK.s:26     .text.read_file:00000000 read_file
/var/folders/mq/wg13gp494590nh4zyt09lxf00000gn/T//cc6bDRHK.s:52     .text.read_file:00000010 $d
/var/folders/mq/wg13gp494590nh4zyt09lxf00000gn/T//cc6bDRHK.s:103    .bss.BytesReadfile.1:00000000 BytesReadfile.1
/var/folders/mq/wg13gp494590nh4zyt09lxf00000gn/T//cc6bDRHK.s:57     .text.write_file:00000000 $t
/var/folders/mq/wg13gp494590nh4zyt09lxf00000gn/T//cc6bDRHK.s:63     .text.write_file:00000000 write_file
/var/folders/mq/wg13gp494590nh4zyt09lxf00000gn/T//cc6bDRHK.s:89     .text.write_file:00000010 $d
/var/folders/mq/wg13gp494590nh4zyt09lxf00000gn/T//cc6bDRHK.s:97     .bss.BytesWritefile.0:00000000 BytesWritefile.0
/var/folders/mq/wg13gp494590nh4zyt09lxf00000gn/T//cc6bDRHK.s:94     .bss.BytesWritefile.0:00000000 $d
/var/folders/mq/wg13gp494590nh4zyt09lxf00000gn/T//cc6bDRHK.s:100    .bss.BytesReadfile.1:00000000 $d

UNDEFINED SYMBOLS
f_read
f_write
