ARM GAS  /var/folders/mq/wg13gp494590nh4zyt09lxf00000gn/T//ccdFaLes.s 			page 1


   1              		.cpu cortex-m7
   2              		.arch armv7e-m
   3              		.fpu fpv5-d16
   4              		.eabi_attribute 28, 1
   5              		.eabi_attribute 20, 1
   6              		.eabi_attribute 21, 1
   7              		.eabi_attribute 23, 3
   8              		.eabi_attribute 24, 1
   9              		.eabi_attribute 25, 1
  10              		.eabi_attribute 26, 1
  11              		.eabi_attribute 30, 1
  12              		.eabi_attribute 34, 1
  13              		.eabi_attribute 18, 4
  14              		.file	"jidctfst.c"
  15              		.text
  16              	.Ltext0:
  17              		.cfi_sections	.debug_frame
  18              		.file 1 "Middlewares/Third_Party/LibJPEG/source/jidctfst.c"
  19              		.section	.text.jpeg_idct_ifast,"ax",%progbits
  20              		.align	1
  21              		.global	jpeg_idct_ifast
  22              		.syntax unified
  23              		.thumb
  24              		.thumb_func
  26              	jpeg_idct_ifast:
  27              	.LVL0:
  28              	.LFB147:
   1:Middlewares/Third_Party/LibJPEG/source/jidctfst.c **** /*
   2:Middlewares/Third_Party/LibJPEG/source/jidctfst.c ****  * jidctfst.c
   3:Middlewares/Third_Party/LibJPEG/source/jidctfst.c ****  *
   4:Middlewares/Third_Party/LibJPEG/source/jidctfst.c ****  * Copyright (C) 1994-1998, Thomas G. Lane.
   5:Middlewares/Third_Party/LibJPEG/source/jidctfst.c ****  * This file is part of the Independent JPEG Group's software.
   6:Middlewares/Third_Party/LibJPEG/source/jidctfst.c ****  * For conditions of distribution and use, see the accompanying README file.
   7:Middlewares/Third_Party/LibJPEG/source/jidctfst.c ****  *
   8:Middlewares/Third_Party/LibJPEG/source/jidctfst.c ****  * This file contains a fast, not so accurate integer implementation of the
   9:Middlewares/Third_Party/LibJPEG/source/jidctfst.c ****  * inverse DCT (Discrete Cosine Transform).  In the IJG code, this routine
  10:Middlewares/Third_Party/LibJPEG/source/jidctfst.c ****  * must also perform dequantization of the input coefficients.
  11:Middlewares/Third_Party/LibJPEG/source/jidctfst.c ****  *
  12:Middlewares/Third_Party/LibJPEG/source/jidctfst.c ****  * A 2-D IDCT can be done by 1-D IDCT on each column followed by 1-D IDCT
  13:Middlewares/Third_Party/LibJPEG/source/jidctfst.c ****  * on each row (or vice versa, but it's more convenient to emit a row at
  14:Middlewares/Third_Party/LibJPEG/source/jidctfst.c ****  * a time).  Direct algorithms are also available, but they are much more
  15:Middlewares/Third_Party/LibJPEG/source/jidctfst.c ****  * complex and seem not to be any faster when reduced to code.
  16:Middlewares/Third_Party/LibJPEG/source/jidctfst.c ****  *
  17:Middlewares/Third_Party/LibJPEG/source/jidctfst.c ****  * This implementation is based on Arai, Agui, and Nakajima's algorithm for
  18:Middlewares/Third_Party/LibJPEG/source/jidctfst.c ****  * scaled DCT.  Their original paper (Trans. IEICE E-71(11):1095) is in
  19:Middlewares/Third_Party/LibJPEG/source/jidctfst.c ****  * Japanese, but the algorithm is described in the Pennebaker & Mitchell
  20:Middlewares/Third_Party/LibJPEG/source/jidctfst.c ****  * JPEG textbook (see REFERENCES section in file README).  The following code
  21:Middlewares/Third_Party/LibJPEG/source/jidctfst.c ****  * is based directly on figure 4-8 in P&M.
  22:Middlewares/Third_Party/LibJPEG/source/jidctfst.c ****  * While an 8-point DCT cannot be done in less than 11 multiplies, it is
  23:Middlewares/Third_Party/LibJPEG/source/jidctfst.c ****  * possible to arrange the computation so that many of the multiplies are
  24:Middlewares/Third_Party/LibJPEG/source/jidctfst.c ****  * simple scalings of the final outputs.  These multiplies can then be
  25:Middlewares/Third_Party/LibJPEG/source/jidctfst.c ****  * folded into the multiplications or divisions by the JPEG quantization
  26:Middlewares/Third_Party/LibJPEG/source/jidctfst.c ****  * table entries.  The AA&N method leaves only 5 multiplies and 29 adds
  27:Middlewares/Third_Party/LibJPEG/source/jidctfst.c ****  * to be done in the DCT itself.
  28:Middlewares/Third_Party/LibJPEG/source/jidctfst.c ****  * The primary disadvantage of this method is that with fixed-point math,
  29:Middlewares/Third_Party/LibJPEG/source/jidctfst.c ****  * accuracy is lost due to imprecise representation of the scaled
  30:Middlewares/Third_Party/LibJPEG/source/jidctfst.c ****  * quantization values.  The smaller the quantization table entry, the less
ARM GAS  /var/folders/mq/wg13gp494590nh4zyt09lxf00000gn/T//ccdFaLes.s 			page 2


  31:Middlewares/Third_Party/LibJPEG/source/jidctfst.c ****  * precise the scaled value, so this implementation does worse with high-
  32:Middlewares/Third_Party/LibJPEG/source/jidctfst.c ****  * quality-setting files than with low-quality ones.
  33:Middlewares/Third_Party/LibJPEG/source/jidctfst.c ****  */
  34:Middlewares/Third_Party/LibJPEG/source/jidctfst.c **** 
  35:Middlewares/Third_Party/LibJPEG/source/jidctfst.c **** #define JPEG_INTERNALS
  36:Middlewares/Third_Party/LibJPEG/source/jidctfst.c **** #include "jinclude.h"
  37:Middlewares/Third_Party/LibJPEG/source/jidctfst.c **** #include "jpeglib.h"
  38:Middlewares/Third_Party/LibJPEG/source/jidctfst.c **** #include "jdct.h"		/* Private declarations for DCT subsystem */
  39:Middlewares/Third_Party/LibJPEG/source/jidctfst.c **** 
  40:Middlewares/Third_Party/LibJPEG/source/jidctfst.c **** #ifdef DCT_IFAST_SUPPORTED
  41:Middlewares/Third_Party/LibJPEG/source/jidctfst.c **** 
  42:Middlewares/Third_Party/LibJPEG/source/jidctfst.c **** 
  43:Middlewares/Third_Party/LibJPEG/source/jidctfst.c **** /*
  44:Middlewares/Third_Party/LibJPEG/source/jidctfst.c ****  * This module is specialized to the case DCTSIZE = 8.
  45:Middlewares/Third_Party/LibJPEG/source/jidctfst.c ****  */
  46:Middlewares/Third_Party/LibJPEG/source/jidctfst.c **** 
  47:Middlewares/Third_Party/LibJPEG/source/jidctfst.c **** #if DCTSIZE != 8
  48:Middlewares/Third_Party/LibJPEG/source/jidctfst.c ****   Sorry, this code only copes with 8x8 DCTs. /* deliberate syntax err */
  49:Middlewares/Third_Party/LibJPEG/source/jidctfst.c **** #endif
  50:Middlewares/Third_Party/LibJPEG/source/jidctfst.c **** 
  51:Middlewares/Third_Party/LibJPEG/source/jidctfst.c **** 
  52:Middlewares/Third_Party/LibJPEG/source/jidctfst.c **** /* Scaling decisions are generally the same as in the LL&M algorithm;
  53:Middlewares/Third_Party/LibJPEG/source/jidctfst.c ****  * see jidctint.c for more details.  However, we choose to descale
  54:Middlewares/Third_Party/LibJPEG/source/jidctfst.c ****  * (right shift) multiplication products as soon as they are formed,
  55:Middlewares/Third_Party/LibJPEG/source/jidctfst.c ****  * rather than carrying additional fractional bits into subsequent additions.
  56:Middlewares/Third_Party/LibJPEG/source/jidctfst.c ****  * This compromises accuracy slightly, but it lets us save a few shifts.
  57:Middlewares/Third_Party/LibJPEG/source/jidctfst.c ****  * More importantly, 16-bit arithmetic is then adequate (for 8-bit samples)
  58:Middlewares/Third_Party/LibJPEG/source/jidctfst.c ****  * everywhere except in the multiplications proper; this saves a good deal
  59:Middlewares/Third_Party/LibJPEG/source/jidctfst.c ****  * of work on 16-bit-int machines.
  60:Middlewares/Third_Party/LibJPEG/source/jidctfst.c ****  *
  61:Middlewares/Third_Party/LibJPEG/source/jidctfst.c ****  * The dequantized coefficients are not integers because the AA&N scaling
  62:Middlewares/Third_Party/LibJPEG/source/jidctfst.c ****  * factors have been incorporated.  We represent them scaled up by PASS1_BITS,
  63:Middlewares/Third_Party/LibJPEG/source/jidctfst.c ****  * so that the first and second IDCT rounds have the same input scaling.
  64:Middlewares/Third_Party/LibJPEG/source/jidctfst.c ****  * For 8-bit JSAMPLEs, we choose IFAST_SCALE_BITS = PASS1_BITS so as to
  65:Middlewares/Third_Party/LibJPEG/source/jidctfst.c ****  * avoid a descaling shift; this compromises accuracy rather drastically
  66:Middlewares/Third_Party/LibJPEG/source/jidctfst.c ****  * for small quantization table entries, but it saves a lot of shifts.
  67:Middlewares/Third_Party/LibJPEG/source/jidctfst.c ****  * For 12-bit JSAMPLEs, there's no hope of using 16x16 multiplies anyway,
  68:Middlewares/Third_Party/LibJPEG/source/jidctfst.c ****  * so we use a much larger scaling factor to preserve accuracy.
  69:Middlewares/Third_Party/LibJPEG/source/jidctfst.c ****  *
  70:Middlewares/Third_Party/LibJPEG/source/jidctfst.c ****  * A final compromise is to represent the multiplicative constants to only
  71:Middlewares/Third_Party/LibJPEG/source/jidctfst.c ****  * 8 fractional bits, rather than 13.  This saves some shifting work on some
  72:Middlewares/Third_Party/LibJPEG/source/jidctfst.c ****  * machines, and may also reduce the cost of multiplication (since there
  73:Middlewares/Third_Party/LibJPEG/source/jidctfst.c ****  * are fewer one-bits in the constants).
  74:Middlewares/Third_Party/LibJPEG/source/jidctfst.c ****  */
  75:Middlewares/Third_Party/LibJPEG/source/jidctfst.c **** 
  76:Middlewares/Third_Party/LibJPEG/source/jidctfst.c **** #if BITS_IN_JSAMPLE == 8
  77:Middlewares/Third_Party/LibJPEG/source/jidctfst.c **** #define CONST_BITS  8
  78:Middlewares/Third_Party/LibJPEG/source/jidctfst.c **** #define PASS1_BITS  2
  79:Middlewares/Third_Party/LibJPEG/source/jidctfst.c **** #else
  80:Middlewares/Third_Party/LibJPEG/source/jidctfst.c **** #define CONST_BITS  8
  81:Middlewares/Third_Party/LibJPEG/source/jidctfst.c **** #define PASS1_BITS  1		/* lose a little precision to avoid overflow */
  82:Middlewares/Third_Party/LibJPEG/source/jidctfst.c **** #endif
  83:Middlewares/Third_Party/LibJPEG/source/jidctfst.c **** 
  84:Middlewares/Third_Party/LibJPEG/source/jidctfst.c **** /* Some C compilers fail to reduce "FIX(constant)" at compile time, thus
  85:Middlewares/Third_Party/LibJPEG/source/jidctfst.c ****  * causing a lot of useless floating-point operations at run time.
  86:Middlewares/Third_Party/LibJPEG/source/jidctfst.c ****  * To get around this we use the following pre-calculated constants.
  87:Middlewares/Third_Party/LibJPEG/source/jidctfst.c ****  * If you change CONST_BITS you may want to add appropriate values.
ARM GAS  /var/folders/mq/wg13gp494590nh4zyt09lxf00000gn/T//ccdFaLes.s 			page 3


  88:Middlewares/Third_Party/LibJPEG/source/jidctfst.c ****  * (With a reasonable C compiler, you can just rely on the FIX() macro...)
  89:Middlewares/Third_Party/LibJPEG/source/jidctfst.c ****  */
  90:Middlewares/Third_Party/LibJPEG/source/jidctfst.c **** 
  91:Middlewares/Third_Party/LibJPEG/source/jidctfst.c **** #if CONST_BITS == 8
  92:Middlewares/Third_Party/LibJPEG/source/jidctfst.c **** #define FIX_1_082392200  ((INT32)  277)		/* FIX(1.082392200) */
  93:Middlewares/Third_Party/LibJPEG/source/jidctfst.c **** #define FIX_1_414213562  ((INT32)  362)		/* FIX(1.414213562) */
  94:Middlewares/Third_Party/LibJPEG/source/jidctfst.c **** #define FIX_1_847759065  ((INT32)  473)		/* FIX(1.847759065) */
  95:Middlewares/Third_Party/LibJPEG/source/jidctfst.c **** #define FIX_2_613125930  ((INT32)  669)		/* FIX(2.613125930) */
  96:Middlewares/Third_Party/LibJPEG/source/jidctfst.c **** #else
  97:Middlewares/Third_Party/LibJPEG/source/jidctfst.c **** #define FIX_1_082392200  FIX(1.082392200)
  98:Middlewares/Third_Party/LibJPEG/source/jidctfst.c **** #define FIX_1_414213562  FIX(1.414213562)
  99:Middlewares/Third_Party/LibJPEG/source/jidctfst.c **** #define FIX_1_847759065  FIX(1.847759065)
 100:Middlewares/Third_Party/LibJPEG/source/jidctfst.c **** #define FIX_2_613125930  FIX(2.613125930)
 101:Middlewares/Third_Party/LibJPEG/source/jidctfst.c **** #endif
 102:Middlewares/Third_Party/LibJPEG/source/jidctfst.c **** 
 103:Middlewares/Third_Party/LibJPEG/source/jidctfst.c **** 
 104:Middlewares/Third_Party/LibJPEG/source/jidctfst.c **** /* We can gain a little more speed, with a further compromise in accuracy,
 105:Middlewares/Third_Party/LibJPEG/source/jidctfst.c ****  * by omitting the addition in a descaling shift.  This yields an incorrectly
 106:Middlewares/Third_Party/LibJPEG/source/jidctfst.c ****  * rounded result half the time...
 107:Middlewares/Third_Party/LibJPEG/source/jidctfst.c ****  */
 108:Middlewares/Third_Party/LibJPEG/source/jidctfst.c **** 
 109:Middlewares/Third_Party/LibJPEG/source/jidctfst.c **** #ifndef USE_ACCURATE_ROUNDING
 110:Middlewares/Third_Party/LibJPEG/source/jidctfst.c **** #undef DESCALE
 111:Middlewares/Third_Party/LibJPEG/source/jidctfst.c **** #define DESCALE(x,n)  RIGHT_SHIFT(x, n)
 112:Middlewares/Third_Party/LibJPEG/source/jidctfst.c **** #endif
 113:Middlewares/Third_Party/LibJPEG/source/jidctfst.c **** 
 114:Middlewares/Third_Party/LibJPEG/source/jidctfst.c **** 
 115:Middlewares/Third_Party/LibJPEG/source/jidctfst.c **** /* Multiply a DCTELEM variable by an INT32 constant, and immediately
 116:Middlewares/Third_Party/LibJPEG/source/jidctfst.c ****  * descale to yield a DCTELEM result.
 117:Middlewares/Third_Party/LibJPEG/source/jidctfst.c ****  */
 118:Middlewares/Third_Party/LibJPEG/source/jidctfst.c **** 
 119:Middlewares/Third_Party/LibJPEG/source/jidctfst.c **** #define MULTIPLY(var,const)  ((DCTELEM) DESCALE((var) * (const), CONST_BITS))
 120:Middlewares/Third_Party/LibJPEG/source/jidctfst.c **** 
 121:Middlewares/Third_Party/LibJPEG/source/jidctfst.c **** 
 122:Middlewares/Third_Party/LibJPEG/source/jidctfst.c **** /* Dequantize a coefficient by multiplying it by the multiplier-table
 123:Middlewares/Third_Party/LibJPEG/source/jidctfst.c ****  * entry; produce a DCTELEM result.  For 8-bit data a 16x16->16
 124:Middlewares/Third_Party/LibJPEG/source/jidctfst.c ****  * multiplication will do.  For 12-bit data, the multiplier table is
 125:Middlewares/Third_Party/LibJPEG/source/jidctfst.c ****  * declared INT32, so a 32-bit multiply will be used.
 126:Middlewares/Third_Party/LibJPEG/source/jidctfst.c ****  */
 127:Middlewares/Third_Party/LibJPEG/source/jidctfst.c **** 
 128:Middlewares/Third_Party/LibJPEG/source/jidctfst.c **** #if BITS_IN_JSAMPLE == 8
 129:Middlewares/Third_Party/LibJPEG/source/jidctfst.c **** #define DEQUANTIZE(coef,quantval)  (((IFAST_MULT_TYPE) (coef)) * (quantval))
 130:Middlewares/Third_Party/LibJPEG/source/jidctfst.c **** #else
 131:Middlewares/Third_Party/LibJPEG/source/jidctfst.c **** #define DEQUANTIZE(coef,quantval)  \
 132:Middlewares/Third_Party/LibJPEG/source/jidctfst.c **** 	DESCALE((coef)*(quantval), IFAST_SCALE_BITS-PASS1_BITS)
 133:Middlewares/Third_Party/LibJPEG/source/jidctfst.c **** #endif
 134:Middlewares/Third_Party/LibJPEG/source/jidctfst.c **** 
 135:Middlewares/Third_Party/LibJPEG/source/jidctfst.c **** 
 136:Middlewares/Third_Party/LibJPEG/source/jidctfst.c **** /* Like DESCALE, but applies to a DCTELEM and produces an int.
 137:Middlewares/Third_Party/LibJPEG/source/jidctfst.c ****  * We assume that int right shift is unsigned if INT32 right shift is.
 138:Middlewares/Third_Party/LibJPEG/source/jidctfst.c ****  */
 139:Middlewares/Third_Party/LibJPEG/source/jidctfst.c **** 
 140:Middlewares/Third_Party/LibJPEG/source/jidctfst.c **** #ifdef RIGHT_SHIFT_IS_UNSIGNED
 141:Middlewares/Third_Party/LibJPEG/source/jidctfst.c **** #define ISHIFT_TEMPS	DCTELEM ishift_temp;
 142:Middlewares/Third_Party/LibJPEG/source/jidctfst.c **** #if BITS_IN_JSAMPLE == 8
 143:Middlewares/Third_Party/LibJPEG/source/jidctfst.c **** #define DCTELEMBITS  16		/* DCTELEM may be 16 or 32 bits */
 144:Middlewares/Third_Party/LibJPEG/source/jidctfst.c **** #else
ARM GAS  /var/folders/mq/wg13gp494590nh4zyt09lxf00000gn/T//ccdFaLes.s 			page 4


 145:Middlewares/Third_Party/LibJPEG/source/jidctfst.c **** #define DCTELEMBITS  32		/* DCTELEM must be 32 bits */
 146:Middlewares/Third_Party/LibJPEG/source/jidctfst.c **** #endif
 147:Middlewares/Third_Party/LibJPEG/source/jidctfst.c **** #define IRIGHT_SHIFT(x,shft)  \
 148:Middlewares/Third_Party/LibJPEG/source/jidctfst.c ****     ((ishift_temp = (x)) < 0 ? \
 149:Middlewares/Third_Party/LibJPEG/source/jidctfst.c ****      (ishift_temp >> (shft)) | ((~((DCTELEM) 0)) << (DCTELEMBITS-(shft))) : \
 150:Middlewares/Third_Party/LibJPEG/source/jidctfst.c ****      (ishift_temp >> (shft)))
 151:Middlewares/Third_Party/LibJPEG/source/jidctfst.c **** #else
 152:Middlewares/Third_Party/LibJPEG/source/jidctfst.c **** #define ISHIFT_TEMPS
 153:Middlewares/Third_Party/LibJPEG/source/jidctfst.c **** #define IRIGHT_SHIFT(x,shft)	((x) >> (shft))
 154:Middlewares/Third_Party/LibJPEG/source/jidctfst.c **** #endif
 155:Middlewares/Third_Party/LibJPEG/source/jidctfst.c **** 
 156:Middlewares/Third_Party/LibJPEG/source/jidctfst.c **** #ifdef USE_ACCURATE_ROUNDING
 157:Middlewares/Third_Party/LibJPEG/source/jidctfst.c **** #define IDESCALE(x,n)  ((int) IRIGHT_SHIFT((x) + (1 << ((n)-1)), n))
 158:Middlewares/Third_Party/LibJPEG/source/jidctfst.c **** #else
 159:Middlewares/Third_Party/LibJPEG/source/jidctfst.c **** #define IDESCALE(x,n)  ((int) IRIGHT_SHIFT(x, n))
 160:Middlewares/Third_Party/LibJPEG/source/jidctfst.c **** #endif
 161:Middlewares/Third_Party/LibJPEG/source/jidctfst.c **** 
 162:Middlewares/Third_Party/LibJPEG/source/jidctfst.c **** 
 163:Middlewares/Third_Party/LibJPEG/source/jidctfst.c **** /*
 164:Middlewares/Third_Party/LibJPEG/source/jidctfst.c ****  * Perform dequantization and inverse DCT on one block of coefficients.
 165:Middlewares/Third_Party/LibJPEG/source/jidctfst.c ****  */
 166:Middlewares/Third_Party/LibJPEG/source/jidctfst.c **** 
 167:Middlewares/Third_Party/LibJPEG/source/jidctfst.c **** GLOBAL(void)
 168:Middlewares/Third_Party/LibJPEG/source/jidctfst.c **** jpeg_idct_ifast (j_decompress_ptr cinfo, jpeg_component_info * compptr,
 169:Middlewares/Third_Party/LibJPEG/source/jidctfst.c **** 		 JCOEFPTR coef_block,
 170:Middlewares/Third_Party/LibJPEG/source/jidctfst.c **** 		 JSAMPARRAY output_buf, JDIMENSION output_col)
 171:Middlewares/Third_Party/LibJPEG/source/jidctfst.c **** {
  29              		.loc 1 171 1 view -0
  30              		.cfi_startproc
  31              		@ args = 4, pretend = 0, frame = 272
  32              		@ frame_needed = 0, uses_anonymous_args = 0
  33              		.loc 1 171 1 is_stmt 0 view .LVU1
  34 0000 2DE9F04F 		push	{r4, r5, r6, r7, r8, r9, r10, fp, lr}
  35              	.LCFI0:
  36              		.cfi_def_cfa_offset 36
  37              		.cfi_offset 4, -36
  38              		.cfi_offset 5, -32
  39              		.cfi_offset 6, -28
  40              		.cfi_offset 7, -24
  41              		.cfi_offset 8, -20
  42              		.cfi_offset 9, -16
  43              		.cfi_offset 10, -12
  44              		.cfi_offset 11, -8
  45              		.cfi_offset 14, -4
  46 0004 C5B0     		sub	sp, sp, #276
  47              	.LCFI1:
  48              		.cfi_def_cfa_offset 312
  49 0006 0393     		str	r3, [sp, #12]
 172:Middlewares/Third_Party/LibJPEG/source/jidctfst.c ****   DCTELEM tmp0, tmp1, tmp2, tmp3, tmp4, tmp5, tmp6, tmp7;
  50              		.loc 1 172 3 is_stmt 1 view .LVU2
 173:Middlewares/Third_Party/LibJPEG/source/jidctfst.c ****   DCTELEM tmp10, tmp11, tmp12, tmp13;
  51              		.loc 1 173 3 view .LVU3
 174:Middlewares/Third_Party/LibJPEG/source/jidctfst.c ****   DCTELEM z5, z10, z11, z12, z13;
  52              		.loc 1 174 3 view .LVU4
 175:Middlewares/Third_Party/LibJPEG/source/jidctfst.c ****   JCOEFPTR inptr;
  53              		.loc 1 175 3 view .LVU5
 176:Middlewares/Third_Party/LibJPEG/source/jidctfst.c ****   IFAST_MULT_TYPE * quantptr;
ARM GAS  /var/folders/mq/wg13gp494590nh4zyt09lxf00000gn/T//ccdFaLes.s 			page 5


  54              		.loc 1 176 3 view .LVU6
 177:Middlewares/Third_Party/LibJPEG/source/jidctfst.c ****   int * wsptr;
  55              		.loc 1 177 3 view .LVU7
 178:Middlewares/Third_Party/LibJPEG/source/jidctfst.c ****   JSAMPROW outptr;
  56              		.loc 1 178 3 view .LVU8
 179:Middlewares/Third_Party/LibJPEG/source/jidctfst.c ****   JSAMPLE *range_limit = IDCT_range_limit(cinfo);
  57              		.loc 1 179 3 view .LVU9
  58              		.loc 1 179 26 is_stmt 0 view .LVU10
  59 0008 D0F84C31 		ldr	r3, [r0, #332]
  60              	.LVL1:
  61              		.loc 1 179 12 view .LVU11
  62 000c 8033     		adds	r3, r3, #128
  63 000e 0193     		str	r3, [sp, #4]
  64              	.LVL2:
 180:Middlewares/Third_Party/LibJPEG/source/jidctfst.c ****   int ctr;
  65              		.loc 1 180 3 is_stmt 1 view .LVU12
 181:Middlewares/Third_Party/LibJPEG/source/jidctfst.c ****   int workspace[DCTSIZE2];	/* buffers data between passes */
  66              		.loc 1 181 3 view .LVU13
 182:Middlewares/Third_Party/LibJPEG/source/jidctfst.c ****   SHIFT_TEMPS			/* for DESCALE */
 183:Middlewares/Third_Party/LibJPEG/source/jidctfst.c ****   ISHIFT_TEMPS			/* for IDESCALE */
 184:Middlewares/Third_Party/LibJPEG/source/jidctfst.c **** 
 185:Middlewares/Third_Party/LibJPEG/source/jidctfst.c ****   /* Pass 1: process columns from input, store into work array. */
 186:Middlewares/Third_Party/LibJPEG/source/jidctfst.c **** 
 187:Middlewares/Third_Party/LibJPEG/source/jidctfst.c ****   inptr = coef_block;
  67              		.loc 1 187 3 view .LVU14
 188:Middlewares/Third_Party/LibJPEG/source/jidctfst.c ****   quantptr = (IFAST_MULT_TYPE *) compptr->dct_table;
  68              		.loc 1 188 3 view .LVU15
  69              		.loc 1 188 12 is_stmt 0 view .LVU16
  70 0010 4C6D     		ldr	r4, [r1, #84]
  71              	.LVL3:
 189:Middlewares/Third_Party/LibJPEG/source/jidctfst.c ****   wsptr = workspace;
  72              		.loc 1 189 3 is_stmt 1 view .LVU17
 190:Middlewares/Third_Party/LibJPEG/source/jidctfst.c ****   for (ctr = DCTSIZE; ctr > 0; ctr--) {
  73              		.loc 1 190 3 view .LVU18
  74              		.loc 1 190 12 is_stmt 0 view .LVU19
  75 0012 4FF0080B 		mov	fp, #8
 189:Middlewares/Third_Party/LibJPEG/source/jidctfst.c ****   wsptr = workspace;
  76              		.loc 1 189 9 view .LVU20
  77 0016 04A8     		add	r0, sp, #16
  78              	.LVL4:
  79              		.loc 1 190 3 view .LVU21
  80 0018 81E0     		b	.L2
  81              	.LVL5:
  82              	.L3:
 191:Middlewares/Third_Party/LibJPEG/source/jidctfst.c ****     /* Due to quantization, we will usually find that many of the input
 192:Middlewares/Third_Party/LibJPEG/source/jidctfst.c ****      * coefficients are zero, especially the AC terms.  We can exploit this
 193:Middlewares/Third_Party/LibJPEG/source/jidctfst.c ****      * by short-circuiting the IDCT calculation for any column in which all
 194:Middlewares/Third_Party/LibJPEG/source/jidctfst.c ****      * the AC terms are zero.  In that case each output is equal to the
 195:Middlewares/Third_Party/LibJPEG/source/jidctfst.c ****      * DC coefficient (with scale factor as needed).
 196:Middlewares/Third_Party/LibJPEG/source/jidctfst.c ****      * With typical images and quantization tables, half or more of the
 197:Middlewares/Third_Party/LibJPEG/source/jidctfst.c ****      * column DCT calculations can be simplified this way.
 198:Middlewares/Third_Party/LibJPEG/source/jidctfst.c ****      */
 199:Middlewares/Third_Party/LibJPEG/source/jidctfst.c ****     
 200:Middlewares/Third_Party/LibJPEG/source/jidctfst.c ****     if (inptr[DCTSIZE*1] == 0 && inptr[DCTSIZE*2] == 0 &&
 201:Middlewares/Third_Party/LibJPEG/source/jidctfst.c **** 	inptr[DCTSIZE*3] == 0 && inptr[DCTSIZE*4] == 0 &&
 202:Middlewares/Third_Party/LibJPEG/source/jidctfst.c **** 	inptr[DCTSIZE*5] == 0 && inptr[DCTSIZE*6] == 0 &&
 203:Middlewares/Third_Party/LibJPEG/source/jidctfst.c **** 	inptr[DCTSIZE*7] == 0) {
ARM GAS  /var/folders/mq/wg13gp494590nh4zyt09lxf00000gn/T//ccdFaLes.s 			page 6


 204:Middlewares/Third_Party/LibJPEG/source/jidctfst.c ****       /* AC terms all zero */
 205:Middlewares/Third_Party/LibJPEG/source/jidctfst.c ****       int dcval = (int) DEQUANTIZE(inptr[DCTSIZE*0], quantptr[DCTSIZE*0]);
 206:Middlewares/Third_Party/LibJPEG/source/jidctfst.c **** 
 207:Middlewares/Third_Party/LibJPEG/source/jidctfst.c ****       wsptr[DCTSIZE*0] = dcval;
 208:Middlewares/Third_Party/LibJPEG/source/jidctfst.c ****       wsptr[DCTSIZE*1] = dcval;
 209:Middlewares/Third_Party/LibJPEG/source/jidctfst.c ****       wsptr[DCTSIZE*2] = dcval;
 210:Middlewares/Third_Party/LibJPEG/source/jidctfst.c ****       wsptr[DCTSIZE*3] = dcval;
 211:Middlewares/Third_Party/LibJPEG/source/jidctfst.c ****       wsptr[DCTSIZE*4] = dcval;
 212:Middlewares/Third_Party/LibJPEG/source/jidctfst.c ****       wsptr[DCTSIZE*5] = dcval;
 213:Middlewares/Third_Party/LibJPEG/source/jidctfst.c ****       wsptr[DCTSIZE*6] = dcval;
 214:Middlewares/Third_Party/LibJPEG/source/jidctfst.c ****       wsptr[DCTSIZE*7] = dcval;
 215:Middlewares/Third_Party/LibJPEG/source/jidctfst.c ****       
 216:Middlewares/Third_Party/LibJPEG/source/jidctfst.c ****       inptr++;			/* advance pointers to next column */
 217:Middlewares/Third_Party/LibJPEG/source/jidctfst.c ****       quantptr++;
 218:Middlewares/Third_Party/LibJPEG/source/jidctfst.c ****       wsptr++;
 219:Middlewares/Third_Party/LibJPEG/source/jidctfst.c ****       continue;
 220:Middlewares/Third_Party/LibJPEG/source/jidctfst.c ****     }
 221:Middlewares/Third_Party/LibJPEG/source/jidctfst.c ****     
 222:Middlewares/Third_Party/LibJPEG/source/jidctfst.c ****     /* Even part */
 223:Middlewares/Third_Party/LibJPEG/source/jidctfst.c **** 
 224:Middlewares/Third_Party/LibJPEG/source/jidctfst.c ****     tmp0 = DEQUANTIZE(inptr[DCTSIZE*0], quantptr[DCTSIZE*0]);
  83              		.loc 1 224 5 is_stmt 1 view .LVU22
  84              		.loc 1 224 12 is_stmt 0 view .LVU23
  85 001a B2F90050 		ldrsh	r5, [r2]
  86 001e 2368     		ldr	r3, [r4]
  87              		.loc 1 224 10 view .LVU24
  88 0020 03FB05F5 		mul	r5, r3, r5
  89              	.LVL6:
 225:Middlewares/Third_Party/LibJPEG/source/jidctfst.c ****     tmp1 = DEQUANTIZE(inptr[DCTSIZE*2], quantptr[DCTSIZE*2]);
  90              		.loc 1 225 5 is_stmt 1 view .LVU25
  91              		.loc 1 225 12 is_stmt 0 view .LVU26
  92 0024 B2F92030 		ldrsh	r3, [r2, #32]
  93 0028 266C     		ldr	r6, [r4, #64]
  94              		.loc 1 225 10 view .LVU27
  95 002a 06FB03F3 		mul	r3, r6, r3
  96              	.LVL7:
 226:Middlewares/Third_Party/LibJPEG/source/jidctfst.c ****     tmp2 = DEQUANTIZE(inptr[DCTSIZE*4], quantptr[DCTSIZE*4]);
  97              		.loc 1 226 5 is_stmt 1 view .LVU28
  98              		.loc 1 226 12 is_stmt 0 view .LVU29
  99 002e B2F94070 		ldrsh	r7, [r2, #64]
 100 0032 D4F88060 		ldr	r6, [r4, #128]
 101              		.loc 1 226 10 view .LVU30
 102 0036 06FB07F7 		mul	r7, r6, r7
 103              	.LVL8:
 227:Middlewares/Third_Party/LibJPEG/source/jidctfst.c ****     tmp3 = DEQUANTIZE(inptr[DCTSIZE*6], quantptr[DCTSIZE*6]);
 104              		.loc 1 227 5 is_stmt 1 view .LVU31
 105              		.loc 1 227 12 is_stmt 0 view .LVU32
 106 003a B2F960C0 		ldrsh	ip, [r2, #96]
 107 003e D4F8C060 		ldr	r6, [r4, #192]
 108              		.loc 1 227 10 view .LVU33
 109 0042 06FB0CFC 		mul	ip, r6, ip
 110              	.LVL9:
 228:Middlewares/Third_Party/LibJPEG/source/jidctfst.c **** 
 229:Middlewares/Third_Party/LibJPEG/source/jidctfst.c ****     tmp10 = tmp0 + tmp2;	/* phase 3 */
 111              		.loc 1 229 5 is_stmt 1 view .LVU34
 112              		.loc 1 229 11 is_stmt 0 view .LVU35
 113 0046 EE19     		adds	r6, r5, r7
ARM GAS  /var/folders/mq/wg13gp494590nh4zyt09lxf00000gn/T//ccdFaLes.s 			page 7


 114              	.LVL10:
 230:Middlewares/Third_Party/LibJPEG/source/jidctfst.c ****     tmp11 = tmp0 - tmp2;
 115              		.loc 1 230 5 is_stmt 1 view .LVU36
 116              		.loc 1 230 11 is_stmt 0 view .LVU37
 117 0048 ED1B     		subs	r5, r5, r7
 118              	.LVL11:
 231:Middlewares/Third_Party/LibJPEG/source/jidctfst.c **** 
 232:Middlewares/Third_Party/LibJPEG/source/jidctfst.c ****     tmp13 = tmp1 + tmp3;	/* phases 5-3 */
 119              		.loc 1 232 5 is_stmt 1 view .LVU38
 120              		.loc 1 232 11 is_stmt 0 view .LVU39
 121 004a 03EB0C07 		add	r7, r3, ip
 122              	.LVL12:
 233:Middlewares/Third_Party/LibJPEG/source/jidctfst.c ****     tmp12 = MULTIPLY(tmp1 - tmp3, FIX_1_414213562) - tmp13; /* 2*c4 */
 123              		.loc 1 233 5 is_stmt 1 view .LVU40
 124              		.loc 1 233 13 is_stmt 0 view .LVU41
 125 004e A3EB0C03 		sub	r3, r3, ip
 126              	.LVL13:
 127              		.loc 1 233 13 view .LVU42
 128 0052 4FF4B57E 		mov	lr, #362
 129 0056 0EFB03F3 		mul	r3, lr, r3
 130              		.loc 1 233 11 view .LVU43
 131 005a C7EB2323 		rsb	r3, r7, r3, asr #8
 132              	.LVL14:
 234:Middlewares/Third_Party/LibJPEG/source/jidctfst.c **** 
 235:Middlewares/Third_Party/LibJPEG/source/jidctfst.c ****     tmp0 = tmp10 + tmp13;	/* phase 2 */
 133              		.loc 1 235 5 is_stmt 1 view .LVU44
 134              		.loc 1 235 10 is_stmt 0 view .LVU45
 135 005e 06EB070C 		add	ip, r6, r7
 136              	.LVL15:
 236:Middlewares/Third_Party/LibJPEG/source/jidctfst.c ****     tmp3 = tmp10 - tmp13;
 137              		.loc 1 236 5 is_stmt 1 view .LVU46
 138              		.loc 1 236 10 is_stmt 0 view .LVU47
 139 0062 F61B     		subs	r6, r6, r7
 140              	.LVL16:
 237:Middlewares/Third_Party/LibJPEG/source/jidctfst.c ****     tmp1 = tmp11 + tmp12;
 141              		.loc 1 237 5 is_stmt 1 view .LVU48
 142              		.loc 1 237 10 is_stmt 0 view .LVU49
 143 0064 EF18     		adds	r7, r5, r3
 144              	.LVL17:
 238:Middlewares/Third_Party/LibJPEG/source/jidctfst.c ****     tmp2 = tmp11 - tmp12;
 145              		.loc 1 238 5 is_stmt 1 view .LVU50
 146              		.loc 1 238 10 is_stmt 0 view .LVU51
 147 0066 ED1A     		subs	r5, r5, r3
 148              	.LVL18:
 239:Middlewares/Third_Party/LibJPEG/source/jidctfst.c ****     
 240:Middlewares/Third_Party/LibJPEG/source/jidctfst.c ****     /* Odd part */
 241:Middlewares/Third_Party/LibJPEG/source/jidctfst.c **** 
 242:Middlewares/Third_Party/LibJPEG/source/jidctfst.c ****     tmp4 = DEQUANTIZE(inptr[DCTSIZE*1], quantptr[DCTSIZE*1]);
 149              		.loc 1 242 5 is_stmt 1 view .LVU52
 150              		.loc 1 242 12 is_stmt 0 view .LVU53
 151 0068 236A     		ldr	r3, [r4, #32]
 152              	.LVL19:
 153              		.loc 1 242 10 view .LVU54
 154 006a 03FB01F8 		mul	r8, r3, r1
 155              	.LVL20:
 243:Middlewares/Third_Party/LibJPEG/source/jidctfst.c ****     tmp5 = DEQUANTIZE(inptr[DCTSIZE*3], quantptr[DCTSIZE*3]);
 156              		.loc 1 243 5 is_stmt 1 view .LVU55
ARM GAS  /var/folders/mq/wg13gp494590nh4zyt09lxf00000gn/T//ccdFaLes.s 			page 8


 157              		.loc 1 243 12 is_stmt 0 view .LVU56
 158 006e B2F93090 		ldrsh	r9, [r2, #48]
 159 0072 216E     		ldr	r1, [r4, #96]
 160              		.loc 1 243 10 view .LVU57
 161 0074 01FB09F9 		mul	r9, r1, r9
 162              	.LVL21:
 244:Middlewares/Third_Party/LibJPEG/source/jidctfst.c ****     tmp6 = DEQUANTIZE(inptr[DCTSIZE*5], quantptr[DCTSIZE*5]);
 163              		.loc 1 244 5 is_stmt 1 view .LVU58
 164              		.loc 1 244 12 is_stmt 0 view .LVU59
 165 0078 B2F950A0 		ldrsh	r10, [r2, #80]
 166 007c D4F8A010 		ldr	r1, [r4, #160]
 167              		.loc 1 244 10 view .LVU60
 168 0080 01FB0AFA 		mul	r10, r1, r10
 169              	.LVL22:
 245:Middlewares/Third_Party/LibJPEG/source/jidctfst.c ****     tmp7 = DEQUANTIZE(inptr[DCTSIZE*7], quantptr[DCTSIZE*7]);
 170              		.loc 1 245 5 is_stmt 1 view .LVU61
 171              		.loc 1 245 12 is_stmt 0 view .LVU62
 172 0084 B2F97030 		ldrsh	r3, [r2, #112]
 173 0088 D4F8E010 		ldr	r1, [r4, #224]
 174              		.loc 1 245 10 view .LVU63
 175 008c 01FB03F3 		mul	r3, r1, r3
 176              	.LVL23:
 246:Middlewares/Third_Party/LibJPEG/source/jidctfst.c **** 
 247:Middlewares/Third_Party/LibJPEG/source/jidctfst.c ****     z13 = tmp6 + tmp5;		/* phase 6 */
 177              		.loc 1 247 5 is_stmt 1 view .LVU64
 178              		.loc 1 247 9 is_stmt 0 view .LVU65
 179 0090 09EB0A01 		add	r1, r9, r10
 180              	.LVL24:
 248:Middlewares/Third_Party/LibJPEG/source/jidctfst.c ****     z10 = tmp6 - tmp5;
 181              		.loc 1 248 5 is_stmt 1 view .LVU66
 182              		.loc 1 248 9 is_stmt 0 view .LVU67
 183 0094 AAEB090A 		sub	r10, r10, r9
 184              	.LVL25:
 249:Middlewares/Third_Party/LibJPEG/source/jidctfst.c ****     z11 = tmp4 + tmp7;
 185              		.loc 1 249 5 is_stmt 1 view .LVU68
 186              		.loc 1 249 9 is_stmt 0 view .LVU69
 187 0098 08EB0309 		add	r9, r8, r3
 188              	.LVL26:
 250:Middlewares/Third_Party/LibJPEG/source/jidctfst.c ****     z12 = tmp4 - tmp7;
 189              		.loc 1 250 5 is_stmt 1 view .LVU70
 190              		.loc 1 250 9 is_stmt 0 view .LVU71
 191 009c A8EB0303 		sub	r3, r8, r3
 192              	.LVL27:
 251:Middlewares/Third_Party/LibJPEG/source/jidctfst.c **** 
 252:Middlewares/Third_Party/LibJPEG/source/jidctfst.c ****     tmp7 = z11 + z13;		/* phase 5 */
 193              		.loc 1 252 5 is_stmt 1 view .LVU72
 194              		.loc 1 252 10 is_stmt 0 view .LVU73
 195 00a0 01EB0908 		add	r8, r1, r9
 196              	.LVL28:
 253:Middlewares/Third_Party/LibJPEG/source/jidctfst.c ****     tmp11 = MULTIPLY(z11 - z13, FIX_1_414213562); /* 2*c4 */
 197              		.loc 1 253 5 is_stmt 1 view .LVU74
 198              		.loc 1 253 13 is_stmt 0 view .LVU75
 199 00a4 A9EB0109 		sub	r9, r9, r1
 200              	.LVL29:
 201              		.loc 1 253 13 view .LVU76
 202 00a8 0EFB09F9 		mul	r9, lr, r9
 203              	.LVL30:
ARM GAS  /var/folders/mq/wg13gp494590nh4zyt09lxf00000gn/T//ccdFaLes.s 			page 9


 254:Middlewares/Third_Party/LibJPEG/source/jidctfst.c **** 
 255:Middlewares/Third_Party/LibJPEG/source/jidctfst.c ****     z5 = MULTIPLY(z10 + z12, FIX_1_847759065); /* 2*c2 */
 204              		.loc 1 255 5 is_stmt 1 view .LVU77
 205              		.loc 1 255 10 is_stmt 0 view .LVU78
 206 00ac 0AEB030E 		add	lr, r10, r3
 207              	.LVL31:
 208              		.loc 1 255 10 view .LVU79
 209 00b0 40F2D911 		movw	r1, #473
 210              	.LVL32:
 211              		.loc 1 255 10 view .LVU80
 212 00b4 01FB0EFE 		mul	lr, r1, lr
 213              	.LVL33:
 256:Middlewares/Third_Party/LibJPEG/source/jidctfst.c ****     tmp10 = MULTIPLY(z12, FIX_1_082392200) - z5; /* 2*(c2-c6) */
 214              		.loc 1 256 5 is_stmt 1 view .LVU81
 215              		.loc 1 256 13 is_stmt 0 view .LVU82
 216 00b8 40F21511 		movw	r1, #277
 217 00bc 01FB03F3 		mul	r3, r1, r3
 218              	.LVL34:
 219              		.loc 1 256 13 view .LVU83
 220 00c0 1B12     		asrs	r3, r3, #8
 221              		.loc 1 256 11 view .LVU84
 222 00c2 A3EB2E23 		sub	r3, r3, lr, asr #8
 223              	.LVL35:
 257:Middlewares/Third_Party/LibJPEG/source/jidctfst.c ****     tmp12 = MULTIPLY(z10, - FIX_2_613125930) + z5; /* -2*(c2+c6) */
 224              		.loc 1 257 5 is_stmt 1 view .LVU85
 225              		.loc 1 257 13 is_stmt 0 view .LVU86
 226 00c6 6FF42771 		mvn	r1, #668
 227 00ca 01FB0AF1 		mul	r1, r1, r10
 228 00ce 0912     		asrs	r1, r1, #8
 229              		.loc 1 257 11 view .LVU87
 230 00d0 01EB2E21 		add	r1, r1, lr, asr #8
 231              	.LVL36:
 258:Middlewares/Third_Party/LibJPEG/source/jidctfst.c **** 
 259:Middlewares/Third_Party/LibJPEG/source/jidctfst.c ****     tmp6 = tmp12 - tmp7;	/* phase 2 */
 232              		.loc 1 259 5 is_stmt 1 view .LVU88
 233              		.loc 1 259 10 is_stmt 0 view .LVU89
 234 00d4 A1EB0801 		sub	r1, r1, r8
 235              	.LVL37:
 260:Middlewares/Third_Party/LibJPEG/source/jidctfst.c ****     tmp5 = tmp11 - tmp6;
 236              		.loc 1 260 5 is_stmt 1 view .LVU90
 237              		.loc 1 260 10 is_stmt 0 view .LVU91
 238 00d8 C1EB2929 		rsb	r9, r1, r9, asr #8
 239              	.LVL38:
 261:Middlewares/Third_Party/LibJPEG/source/jidctfst.c ****     tmp4 = tmp10 + tmp5;
 240              		.loc 1 261 5 is_stmt 1 view .LVU92
 241              		.loc 1 261 10 is_stmt 0 view .LVU93
 242 00dc 4B44     		add	r3, r3, r9
 243              	.LVL39:
 262:Middlewares/Third_Party/LibJPEG/source/jidctfst.c **** 
 263:Middlewares/Third_Party/LibJPEG/source/jidctfst.c ****     wsptr[DCTSIZE*0] = (int) (tmp0 + tmp7);
 244              		.loc 1 263 5 is_stmt 1 view .LVU94
 245              		.loc 1 263 36 is_stmt 0 view .LVU95
 246 00de 0CEB080E 		add	lr, ip, r8
 247              	.LVL40:
 248              		.loc 1 263 22 view .LVU96
 249 00e2 C0F800E0 		str	lr, [r0]
 250              	.LVL41:
ARM GAS  /var/folders/mq/wg13gp494590nh4zyt09lxf00000gn/T//ccdFaLes.s 			page 10


 264:Middlewares/Third_Party/LibJPEG/source/jidctfst.c ****     wsptr[DCTSIZE*7] = (int) (tmp0 - tmp7);
 251              		.loc 1 264 5 is_stmt 1 view .LVU97
 252              		.loc 1 264 36 is_stmt 0 view .LVU98
 253 00e6 ACEB080C 		sub	ip, ip, r8
 254              	.LVL42:
 255              		.loc 1 264 22 view .LVU99
 256 00ea C0F8E0C0 		str	ip, [r0, #224]
 265:Middlewares/Third_Party/LibJPEG/source/jidctfst.c ****     wsptr[DCTSIZE*1] = (int) (tmp1 + tmp6);
 257              		.loc 1 265 5 is_stmt 1 view .LVU100
 258              		.loc 1 265 36 is_stmt 0 view .LVU101
 259 00ee 07EB010C 		add	ip, r7, r1
 260              		.loc 1 265 22 view .LVU102
 261 00f2 C0F820C0 		str	ip, [r0, #32]
 266:Middlewares/Third_Party/LibJPEG/source/jidctfst.c ****     wsptr[DCTSIZE*6] = (int) (tmp1 - tmp6);
 262              		.loc 1 266 5 is_stmt 1 view .LVU103
 263              		.loc 1 266 36 is_stmt 0 view .LVU104
 264 00f6 7F1A     		subs	r7, r7, r1
 265              	.LVL43:
 266              		.loc 1 266 22 view .LVU105
 267 00f8 C0F8C070 		str	r7, [r0, #192]
 267:Middlewares/Third_Party/LibJPEG/source/jidctfst.c ****     wsptr[DCTSIZE*2] = (int) (tmp2 + tmp5);
 268              		.loc 1 267 5 is_stmt 1 view .LVU106
 269              		.loc 1 267 36 is_stmt 0 view .LVU107
 270 00fc 05EB0901 		add	r1, r5, r9
 271              	.LVL44:
 272              		.loc 1 267 22 view .LVU108
 273 0100 0164     		str	r1, [r0, #64]
 268:Middlewares/Third_Party/LibJPEG/source/jidctfst.c ****     wsptr[DCTSIZE*5] = (int) (tmp2 - tmp5);
 274              		.loc 1 268 5 is_stmt 1 view .LVU109
 275              		.loc 1 268 36 is_stmt 0 view .LVU110
 276 0102 A5EB0905 		sub	r5, r5, r9
 277              	.LVL45:
 278              		.loc 1 268 22 view .LVU111
 279 0106 C0F8A050 		str	r5, [r0, #160]
 269:Middlewares/Third_Party/LibJPEG/source/jidctfst.c ****     wsptr[DCTSIZE*4] = (int) (tmp3 + tmp4);
 280              		.loc 1 269 5 is_stmt 1 view .LVU112
 281              		.loc 1 269 36 is_stmt 0 view .LVU113
 282 010a F118     		adds	r1, r6, r3
 283              		.loc 1 269 22 view .LVU114
 284 010c C0F88010 		str	r1, [r0, #128]
 270:Middlewares/Third_Party/LibJPEG/source/jidctfst.c ****     wsptr[DCTSIZE*3] = (int) (tmp3 - tmp4);
 285              		.loc 1 270 5 is_stmt 1 view .LVU115
 286              		.loc 1 270 36 is_stmt 0 view .LVU116
 287 0110 F61A     		subs	r6, r6, r3
 288              	.LVL46:
 289              		.loc 1 270 22 view .LVU117
 290 0112 0666     		str	r6, [r0, #96]
 271:Middlewares/Third_Party/LibJPEG/source/jidctfst.c **** 
 272:Middlewares/Third_Party/LibJPEG/source/jidctfst.c ****     inptr++;			/* advance pointers to next column */
 291              		.loc 1 272 5 is_stmt 1 view .LVU118
 292              		.loc 1 272 10 is_stmt 0 view .LVU119
 293 0114 0232     		adds	r2, r2, #2
 294              	.LVL47:
 273:Middlewares/Third_Party/LibJPEG/source/jidctfst.c ****     quantptr++;
 295              		.loc 1 273 5 is_stmt 1 view .LVU120
 296              		.loc 1 273 13 is_stmt 0 view .LVU121
 297 0116 0434     		adds	r4, r4, #4
ARM GAS  /var/folders/mq/wg13gp494590nh4zyt09lxf00000gn/T//ccdFaLes.s 			page 11


 298              	.LVL48:
 274:Middlewares/Third_Party/LibJPEG/source/jidctfst.c ****     wsptr++;
 299              		.loc 1 274 5 is_stmt 1 view .LVU122
 300              		.loc 1 274 10 is_stmt 0 view .LVU123
 301 0118 0430     		adds	r0, r0, #4
 302              	.LVL49:
 303              	.L4:
 190:Middlewares/Third_Party/LibJPEG/source/jidctfst.c ****     /* Due to quantization, we will usually find that many of the input
 304              		.loc 1 190 35 is_stmt 1 discriminator 2 view .LVU124
 305 011a 0BF1FF3B 		add	fp, fp, #-1
 306              	.LVL50:
 307              	.L2:
 190:Middlewares/Third_Party/LibJPEG/source/jidctfst.c ****     /* Due to quantization, we will usually find that many of the input
 308              		.loc 1 190 27 discriminator 1 view .LVU125
 309 011e BBF1000F 		cmp	fp, #0
 310 0122 36DD     		ble	.L11
 200:Middlewares/Third_Party/LibJPEG/source/jidctfst.c **** 	inptr[DCTSIZE*3] == 0 && inptr[DCTSIZE*4] == 0 &&
 311              		.loc 1 200 5 view .LVU126
 200:Middlewares/Third_Party/LibJPEG/source/jidctfst.c **** 	inptr[DCTSIZE*3] == 0 && inptr[DCTSIZE*4] == 0 &&
 312              		.loc 1 200 14 is_stmt 0 view .LVU127
 313 0124 B2F91010 		ldrsh	r1, [r2, #16]
 200:Middlewares/Third_Party/LibJPEG/source/jidctfst.c **** 	inptr[DCTSIZE*3] == 0 && inptr[DCTSIZE*4] == 0 &&
 314              		.loc 1 200 8 view .LVU128
 315 0128 0029     		cmp	r1, #0
 316 012a 7FF476AF 		bne	.L3
 200:Middlewares/Third_Party/LibJPEG/source/jidctfst.c **** 	inptr[DCTSIZE*3] == 0 && inptr[DCTSIZE*4] == 0 &&
 317              		.loc 1 200 39 discriminator 1 view .LVU129
 318 012e B2F92030 		ldrsh	r3, [r2, #32]
 200:Middlewares/Third_Party/LibJPEG/source/jidctfst.c **** 	inptr[DCTSIZE*3] == 0 && inptr[DCTSIZE*4] == 0 &&
 319              		.loc 1 200 31 discriminator 1 view .LVU130
 320 0132 002B     		cmp	r3, #0
 321 0134 7FF471AF 		bne	.L3
 201:Middlewares/Third_Party/LibJPEG/source/jidctfst.c **** 	inptr[DCTSIZE*5] == 0 && inptr[DCTSIZE*6] == 0 &&
 322              		.loc 1 201 7 view .LVU131
 323 0138 B2F93030 		ldrsh	r3, [r2, #48]
 200:Middlewares/Third_Party/LibJPEG/source/jidctfst.c **** 	inptr[DCTSIZE*3] == 0 && inptr[DCTSIZE*4] == 0 &&
 324              		.loc 1 200 56 discriminator 2 view .LVU132
 325 013c 002B     		cmp	r3, #0
 326 013e 7FF46CAF 		bne	.L3
 201:Middlewares/Third_Party/LibJPEG/source/jidctfst.c **** 	inptr[DCTSIZE*5] == 0 && inptr[DCTSIZE*6] == 0 &&
 327              		.loc 1 201 32 view .LVU133
 328 0142 B2F94030 		ldrsh	r3, [r2, #64]
 201:Middlewares/Third_Party/LibJPEG/source/jidctfst.c **** 	inptr[DCTSIZE*5] == 0 && inptr[DCTSIZE*6] == 0 &&
 329              		.loc 1 201 24 view .LVU134
 330 0146 002B     		cmp	r3, #0
 331 0148 7FF467AF 		bne	.L3
 202:Middlewares/Third_Party/LibJPEG/source/jidctfst.c **** 	inptr[DCTSIZE*7] == 0) {
 332              		.loc 1 202 7 view .LVU135
 333 014c B2F95030 		ldrsh	r3, [r2, #80]
 201:Middlewares/Third_Party/LibJPEG/source/jidctfst.c **** 	inptr[DCTSIZE*5] == 0 && inptr[DCTSIZE*6] == 0 &&
 334              		.loc 1 201 49 discriminator 1 view .LVU136
 335 0150 002B     		cmp	r3, #0
 336 0152 7FF462AF 		bne	.L3
 202:Middlewares/Third_Party/LibJPEG/source/jidctfst.c **** 	inptr[DCTSIZE*7] == 0) {
 337              		.loc 1 202 32 view .LVU137
 338 0156 B2F96030 		ldrsh	r3, [r2, #96]
 202:Middlewares/Third_Party/LibJPEG/source/jidctfst.c **** 	inptr[DCTSIZE*7] == 0) {
ARM GAS  /var/folders/mq/wg13gp494590nh4zyt09lxf00000gn/T//ccdFaLes.s 			page 12


 339              		.loc 1 202 24 view .LVU138
 340 015a 002B     		cmp	r3, #0
 341 015c 7FF45DAF 		bne	.L3
 203:Middlewares/Third_Party/LibJPEG/source/jidctfst.c ****       /* AC terms all zero */
 342              		.loc 1 203 7 view .LVU139
 343 0160 B2F97030 		ldrsh	r3, [r2, #112]
 202:Middlewares/Third_Party/LibJPEG/source/jidctfst.c **** 	inptr[DCTSIZE*7] == 0) {
 344              		.loc 1 202 49 discriminator 1 view .LVU140
 345 0164 002B     		cmp	r3, #0
 346 0166 7FF458AF 		bne	.L3
 347              	.LBB2:
 205:Middlewares/Third_Party/LibJPEG/source/jidctfst.c **** 
 348              		.loc 1 205 7 is_stmt 1 view .LVU141
 205:Middlewares/Third_Party/LibJPEG/source/jidctfst.c **** 
 349              		.loc 1 205 25 is_stmt 0 view .LVU142
 350 016a 32F9023B 		ldrsh	r3, [r2], #2
 351              	.LVL51:
 205:Middlewares/Third_Party/LibJPEG/source/jidctfst.c **** 
 352              		.loc 1 205 25 view .LVU143
 353 016e 54F8041B 		ldr	r1, [r4], #4
 354              	.LVL52:
 205:Middlewares/Third_Party/LibJPEG/source/jidctfst.c **** 
 355              		.loc 1 205 11 view .LVU144
 356 0172 01FB03F3 		mul	r3, r1, r3
 357              	.LVL53:
 207:Middlewares/Third_Party/LibJPEG/source/jidctfst.c ****       wsptr[DCTSIZE*1] = dcval;
 358              		.loc 1 207 7 is_stmt 1 view .LVU145
 207:Middlewares/Third_Party/LibJPEG/source/jidctfst.c ****       wsptr[DCTSIZE*1] = dcval;
 359              		.loc 1 207 24 is_stmt 0 view .LVU146
 360 0176 0360     		str	r3, [r0]
 208:Middlewares/Third_Party/LibJPEG/source/jidctfst.c ****       wsptr[DCTSIZE*2] = dcval;
 361              		.loc 1 208 7 is_stmt 1 view .LVU147
 208:Middlewares/Third_Party/LibJPEG/source/jidctfst.c ****       wsptr[DCTSIZE*2] = dcval;
 362              		.loc 1 208 24 is_stmt 0 view .LVU148
 363 0178 0362     		str	r3, [r0, #32]
 209:Middlewares/Third_Party/LibJPEG/source/jidctfst.c ****       wsptr[DCTSIZE*3] = dcval;
 364              		.loc 1 209 7 is_stmt 1 view .LVU149
 209:Middlewares/Third_Party/LibJPEG/source/jidctfst.c ****       wsptr[DCTSIZE*3] = dcval;
 365              		.loc 1 209 24 is_stmt 0 view .LVU150
 366 017a 0364     		str	r3, [r0, #64]
 210:Middlewares/Third_Party/LibJPEG/source/jidctfst.c ****       wsptr[DCTSIZE*4] = dcval;
 367              		.loc 1 210 7 is_stmt 1 view .LVU151
 210:Middlewares/Third_Party/LibJPEG/source/jidctfst.c ****       wsptr[DCTSIZE*4] = dcval;
 368              		.loc 1 210 24 is_stmt 0 view .LVU152
 369 017c 0366     		str	r3, [r0, #96]
 211:Middlewares/Third_Party/LibJPEG/source/jidctfst.c ****       wsptr[DCTSIZE*5] = dcval;
 370              		.loc 1 211 7 is_stmt 1 view .LVU153
 211:Middlewares/Third_Party/LibJPEG/source/jidctfst.c ****       wsptr[DCTSIZE*5] = dcval;
 371              		.loc 1 211 24 is_stmt 0 view .LVU154
 372 017e C0F88030 		str	r3, [r0, #128]
 212:Middlewares/Third_Party/LibJPEG/source/jidctfst.c ****       wsptr[DCTSIZE*6] = dcval;
 373              		.loc 1 212 7 is_stmt 1 view .LVU155
 212:Middlewares/Third_Party/LibJPEG/source/jidctfst.c ****       wsptr[DCTSIZE*6] = dcval;
 374              		.loc 1 212 24 is_stmt 0 view .LVU156
 375 0182 C0F8A030 		str	r3, [r0, #160]
 213:Middlewares/Third_Party/LibJPEG/source/jidctfst.c ****       wsptr[DCTSIZE*7] = dcval;
 376              		.loc 1 213 7 is_stmt 1 view .LVU157
ARM GAS  /var/folders/mq/wg13gp494590nh4zyt09lxf00000gn/T//ccdFaLes.s 			page 13


 213:Middlewares/Third_Party/LibJPEG/source/jidctfst.c ****       wsptr[DCTSIZE*7] = dcval;
 377              		.loc 1 213 24 is_stmt 0 view .LVU158
 378 0186 C0F8C030 		str	r3, [r0, #192]
 214:Middlewares/Third_Party/LibJPEG/source/jidctfst.c ****       
 379              		.loc 1 214 7 is_stmt 1 view .LVU159
 214:Middlewares/Third_Party/LibJPEG/source/jidctfst.c ****       
 380              		.loc 1 214 24 is_stmt 0 view .LVU160
 381 018a C0F8E030 		str	r3, [r0, #224]
 216:Middlewares/Third_Party/LibJPEG/source/jidctfst.c ****       quantptr++;
 382              		.loc 1 216 7 is_stmt 1 view .LVU161
 383              	.LVL54:
 217:Middlewares/Third_Party/LibJPEG/source/jidctfst.c ****       wsptr++;
 384              		.loc 1 217 7 view .LVU162
 218:Middlewares/Third_Party/LibJPEG/source/jidctfst.c ****       continue;
 385              		.loc 1 218 7 view .LVU163
 218:Middlewares/Third_Party/LibJPEG/source/jidctfst.c ****       continue;
 386              		.loc 1 218 12 is_stmt 0 view .LVU164
 387 018e 0430     		adds	r0, r0, #4
 388              	.LVL55:
 219:Middlewares/Third_Party/LibJPEG/source/jidctfst.c ****     }
 389              		.loc 1 219 7 is_stmt 1 view .LVU165
 390 0190 C3E7     		b	.L4
 391              	.LVL56:
 392              	.L11:
 219:Middlewares/Third_Party/LibJPEG/source/jidctfst.c ****     }
 393              		.loc 1 219 7 is_stmt 0 view .LVU166
 394              	.LBE2:
 275:Middlewares/Third_Party/LibJPEG/source/jidctfst.c ****   }
 276:Middlewares/Third_Party/LibJPEG/source/jidctfst.c ****   
 277:Middlewares/Third_Party/LibJPEG/source/jidctfst.c ****   /* Pass 2: process rows from work array, store into output array. */
 278:Middlewares/Third_Party/LibJPEG/source/jidctfst.c ****   /* Note that we must descale the results by a factor of 8 == 2**3, */
 279:Middlewares/Third_Party/LibJPEG/source/jidctfst.c ****   /* and also undo the PASS1_BITS scaling. */
 280:Middlewares/Third_Party/LibJPEG/source/jidctfst.c **** 
 281:Middlewares/Third_Party/LibJPEG/source/jidctfst.c ****   wsptr = workspace;
 282:Middlewares/Third_Party/LibJPEG/source/jidctfst.c ****   for (ctr = 0; ctr < DCTSIZE; ctr++) {
 395              		.loc 1 282 12 view .LVU167
 396 0192 0027     		movs	r7, #0
 281:Middlewares/Third_Party/LibJPEG/source/jidctfst.c ****   for (ctr = 0; ctr < DCTSIZE; ctr++) {
 397              		.loc 1 281 9 view .LVU168
 398 0194 04A8     		add	r0, sp, #16
 399              	.LVL57:
 281:Middlewares/Third_Party/LibJPEG/source/jidctfst.c ****   for (ctr = 0; ctr < DCTSIZE; ctr++) {
 400              		.loc 1 281 9 view .LVU169
 401 0196 019E     		ldr	r6, [sp, #4]
 402 0198 7EE0     		b	.L6
 403              	.LVL58:
 404              	.L7:
 283:Middlewares/Third_Party/LibJPEG/source/jidctfst.c ****     outptr = output_buf[ctr] + output_col;
 284:Middlewares/Third_Party/LibJPEG/source/jidctfst.c ****     /* Rows of zeroes can be exploited in the same way as we did with columns.
 285:Middlewares/Third_Party/LibJPEG/source/jidctfst.c ****      * However, the column calculation has created many nonzero AC terms, so
 286:Middlewares/Third_Party/LibJPEG/source/jidctfst.c ****      * the simplification applies less often (typically 5% to 10% of the time).
 287:Middlewares/Third_Party/LibJPEG/source/jidctfst.c ****      * On machines with very fast multiplication, it's possible that the
 288:Middlewares/Third_Party/LibJPEG/source/jidctfst.c ****      * test takes more time than it's worth.  In that case this section
 289:Middlewares/Third_Party/LibJPEG/source/jidctfst.c ****      * may be commented out.
 290:Middlewares/Third_Party/LibJPEG/source/jidctfst.c ****      */
 291:Middlewares/Third_Party/LibJPEG/source/jidctfst.c ****     
 292:Middlewares/Third_Party/LibJPEG/source/jidctfst.c **** #ifndef NO_ZERO_ROW_TEST
ARM GAS  /var/folders/mq/wg13gp494590nh4zyt09lxf00000gn/T//ccdFaLes.s 			page 14


 293:Middlewares/Third_Party/LibJPEG/source/jidctfst.c ****     if (wsptr[1] == 0 && wsptr[2] == 0 && wsptr[3] == 0 && wsptr[4] == 0 &&
 294:Middlewares/Third_Party/LibJPEG/source/jidctfst.c **** 	wsptr[5] == 0 && wsptr[6] == 0 && wsptr[7] == 0) {
 295:Middlewares/Third_Party/LibJPEG/source/jidctfst.c ****       /* AC terms all zero */
 296:Middlewares/Third_Party/LibJPEG/source/jidctfst.c ****       JSAMPLE dcval = range_limit[IDESCALE(wsptr[0], PASS1_BITS+3)
 297:Middlewares/Third_Party/LibJPEG/source/jidctfst.c **** 				  & RANGE_MASK];
 298:Middlewares/Third_Party/LibJPEG/source/jidctfst.c ****       
 299:Middlewares/Third_Party/LibJPEG/source/jidctfst.c ****       outptr[0] = dcval;
 300:Middlewares/Third_Party/LibJPEG/source/jidctfst.c ****       outptr[1] = dcval;
 301:Middlewares/Third_Party/LibJPEG/source/jidctfst.c ****       outptr[2] = dcval;
 302:Middlewares/Third_Party/LibJPEG/source/jidctfst.c ****       outptr[3] = dcval;
 303:Middlewares/Third_Party/LibJPEG/source/jidctfst.c ****       outptr[4] = dcval;
 304:Middlewares/Third_Party/LibJPEG/source/jidctfst.c ****       outptr[5] = dcval;
 305:Middlewares/Third_Party/LibJPEG/source/jidctfst.c ****       outptr[6] = dcval;
 306:Middlewares/Third_Party/LibJPEG/source/jidctfst.c ****       outptr[7] = dcval;
 307:Middlewares/Third_Party/LibJPEG/source/jidctfst.c **** 
 308:Middlewares/Third_Party/LibJPEG/source/jidctfst.c ****       wsptr += DCTSIZE;		/* advance pointer to next row */
 309:Middlewares/Third_Party/LibJPEG/source/jidctfst.c ****       continue;
 310:Middlewares/Third_Party/LibJPEG/source/jidctfst.c ****     }
 311:Middlewares/Third_Party/LibJPEG/source/jidctfst.c **** #endif
 312:Middlewares/Third_Party/LibJPEG/source/jidctfst.c ****     
 313:Middlewares/Third_Party/LibJPEG/source/jidctfst.c ****     /* Even part */
 314:Middlewares/Third_Party/LibJPEG/source/jidctfst.c **** 
 315:Middlewares/Third_Party/LibJPEG/source/jidctfst.c ****     tmp10 = ((DCTELEM) wsptr[0] + (DCTELEM) wsptr[4]);
 405              		.loc 1 315 5 is_stmt 1 view .LVU170
 406              		.loc 1 315 29 is_stmt 0 view .LVU171
 407 019a 0168     		ldr	r1, [r0]
 408              		.loc 1 315 50 view .LVU172
 409 019c 0269     		ldr	r2, [r0, #16]
 410              		.loc 1 315 11 view .LVU173
 411 019e 01EB020C 		add	ip, r1, r2
 412              	.LVL59:
 316:Middlewares/Third_Party/LibJPEG/source/jidctfst.c ****     tmp11 = ((DCTELEM) wsptr[0] - (DCTELEM) wsptr[4]);
 413              		.loc 1 316 5 is_stmt 1 view .LVU174
 414              		.loc 1 316 11 is_stmt 0 view .LVU175
 415 01a2 891A     		subs	r1, r1, r2
 416              	.LVL60:
 317:Middlewares/Third_Party/LibJPEG/source/jidctfst.c **** 
 318:Middlewares/Third_Party/LibJPEG/source/jidctfst.c ****     tmp13 = ((DCTELEM) wsptr[2] + (DCTELEM) wsptr[6]);
 417              		.loc 1 318 5 is_stmt 1 view .LVU176
 418              		.loc 1 318 29 is_stmt 0 view .LVU177
 419 01a4 8268     		ldr	r2, [r0, #8]
 420              		.loc 1 318 50 view .LVU178
 421 01a6 D0F818E0 		ldr	lr, [r0, #24]
 422              		.loc 1 318 11 view .LVU179
 423 01aa 02EB0E04 		add	r4, r2, lr
 424              	.LVL61:
 319:Middlewares/Third_Party/LibJPEG/source/jidctfst.c ****     tmp12 = MULTIPLY((DCTELEM) wsptr[2] - (DCTELEM) wsptr[6], FIX_1_414213562)
 425              		.loc 1 319 5 is_stmt 1 view .LVU180
 426              		.loc 1 319 13 is_stmt 0 view .LVU181
 427 01ae A2EB0E02 		sub	r2, r2, lr
 428 01b2 4FF4B57A 		mov	r10, #362
 429 01b6 0AFB02F2 		mul	r2, r10, r2
 430              		.loc 1 319 11 view .LVU182
 431 01ba C4EB2222 		rsb	r2, r4, r2, asr #8
 432              	.LVL62:
 320:Middlewares/Third_Party/LibJPEG/source/jidctfst.c **** 	    - tmp13;
 321:Middlewares/Third_Party/LibJPEG/source/jidctfst.c **** 
ARM GAS  /var/folders/mq/wg13gp494590nh4zyt09lxf00000gn/T//ccdFaLes.s 			page 15


 322:Middlewares/Third_Party/LibJPEG/source/jidctfst.c ****     tmp0 = tmp10 + tmp13;
 433              		.loc 1 322 5 is_stmt 1 view .LVU183
 434              		.loc 1 322 10 is_stmt 0 view .LVU184
 435 01be 0CEB040E 		add	lr, ip, r4
 436              	.LVL63:
 323:Middlewares/Third_Party/LibJPEG/source/jidctfst.c ****     tmp3 = tmp10 - tmp13;
 437              		.loc 1 323 5 is_stmt 1 view .LVU185
 438              		.loc 1 323 10 is_stmt 0 view .LVU186
 439 01c2 ACEB0409 		sub	r9, ip, r4
 440              	.LVL64:
 324:Middlewares/Third_Party/LibJPEG/source/jidctfst.c ****     tmp1 = tmp11 + tmp12;
 441              		.loc 1 324 5 is_stmt 1 view .LVU187
 442              		.loc 1 324 10 is_stmt 0 view .LVU188
 443 01c6 01EB020C 		add	ip, r1, r2
 444              	.LVL65:
 325:Middlewares/Third_Party/LibJPEG/source/jidctfst.c ****     tmp2 = tmp11 - tmp12;
 445              		.loc 1 325 5 is_stmt 1 view .LVU189
 446              		.loc 1 325 10 is_stmt 0 view .LVU190
 447 01ca 8A1A     		subs	r2, r1, r2
 448              	.LVL66:
 449              		.loc 1 325 10 view .LVU191
 450 01cc 0292     		str	r2, [sp, #8]
 451              	.LVL67:
 326:Middlewares/Third_Party/LibJPEG/source/jidctfst.c **** 
 327:Middlewares/Third_Party/LibJPEG/source/jidctfst.c ****     /* Odd part */
 328:Middlewares/Third_Party/LibJPEG/source/jidctfst.c **** 
 329:Middlewares/Third_Party/LibJPEG/source/jidctfst.c ****     z13 = (DCTELEM) wsptr[5] + (DCTELEM) wsptr[3];
 452              		.loc 1 329 5 is_stmt 1 view .LVU192
 453              		.loc 1 329 26 is_stmt 0 view .LVU193
 454 01ce 4269     		ldr	r2, [r0, #20]
 455              	.LVL68:
 456              		.loc 1 329 47 view .LVU194
 457 01d0 C468     		ldr	r4, [r0, #12]
 458              	.LVL69:
 459              		.loc 1 329 9 view .LVU195
 460 01d2 02EB040B 		add	fp, r2, r4
 461              	.LVL70:
 330:Middlewares/Third_Party/LibJPEG/source/jidctfst.c ****     z10 = (DCTELEM) wsptr[5] - (DCTELEM) wsptr[3];
 462              		.loc 1 330 5 is_stmt 1 view .LVU196
 463              		.loc 1 330 9 is_stmt 0 view .LVU197
 464 01d6 121B     		subs	r2, r2, r4
 465              	.LVL71:
 331:Middlewares/Third_Party/LibJPEG/source/jidctfst.c ****     z11 = (DCTELEM) wsptr[1] + (DCTELEM) wsptr[7];
 466              		.loc 1 331 5 is_stmt 1 view .LVU198
 467              		.loc 1 331 47 is_stmt 0 view .LVU199
 468 01d8 D0F81C80 		ldr	r8, [r0, #28]
 469              		.loc 1 331 9 view .LVU200
 470 01dc 03EB0804 		add	r4, r3, r8
 471              	.LVL72:
 332:Middlewares/Third_Party/LibJPEG/source/jidctfst.c ****     z12 = (DCTELEM) wsptr[1] - (DCTELEM) wsptr[7];
 472              		.loc 1 332 5 is_stmt 1 view .LVU201
 473              		.loc 1 332 9 is_stmt 0 view .LVU202
 474 01e0 A3EB0803 		sub	r3, r3, r8
 475              	.LVL73:
 333:Middlewares/Third_Party/LibJPEG/source/jidctfst.c **** 
 334:Middlewares/Third_Party/LibJPEG/source/jidctfst.c ****     tmp7 = z11 + z13;		/* phase 5 */
 476              		.loc 1 334 5 is_stmt 1 view .LVU203
ARM GAS  /var/folders/mq/wg13gp494590nh4zyt09lxf00000gn/T//ccdFaLes.s 			page 16


 477              		.loc 1 334 10 is_stmt 0 view .LVU204
 478 01e4 0BEB0408 		add	r8, fp, r4
 479              	.LVL74:
 335:Middlewares/Third_Party/LibJPEG/source/jidctfst.c ****     tmp11 = MULTIPLY(z11 - z13, FIX_1_414213562); /* 2*c4 */
 480              		.loc 1 335 5 is_stmt 1 view .LVU205
 481              		.loc 1 335 13 is_stmt 0 view .LVU206
 482 01e8 A4EB0B04 		sub	r4, r4, fp
 483              	.LVL75:
 484              		.loc 1 335 13 view .LVU207
 485 01ec 0AFB04F4 		mul	r4, r10, r4
 486              	.LVL76:
 336:Middlewares/Third_Party/LibJPEG/source/jidctfst.c **** 
 337:Middlewares/Third_Party/LibJPEG/source/jidctfst.c ****     z5 = MULTIPLY(z10 + z12, FIX_1_847759065); /* 2*c2 */
 487              		.loc 1 337 5 is_stmt 1 view .LVU208
 488              		.loc 1 337 10 is_stmt 0 view .LVU209
 489 01f0 02EB030A 		add	r10, r2, r3
 490              	.LVL77:
 491              		.loc 1 337 10 view .LVU210
 492 01f4 40F2D91B 		movw	fp, #473
 493              	.LVL78:
 494              		.loc 1 337 10 view .LVU211
 495 01f8 0BFB0AFA 		mul	r10, fp, r10
 496              	.LVL79:
 338:Middlewares/Third_Party/LibJPEG/source/jidctfst.c ****     tmp10 = MULTIPLY(z12, FIX_1_082392200) - z5; /* 2*(c2-c6) */
 497              		.loc 1 338 5 is_stmt 1 view .LVU212
 498              		.loc 1 338 13 is_stmt 0 view .LVU213
 499 01fc 40F2151B 		movw	fp, #277
 500 0200 0BFB03F3 		mul	r3, fp, r3
 501              	.LVL80:
 502              		.loc 1 338 13 view .LVU214
 503 0204 1B12     		asrs	r3, r3, #8
 504              		.loc 1 338 11 view .LVU215
 505 0206 A3EB2A23 		sub	r3, r3, r10, asr #8
 506              	.LVL81:
 339:Middlewares/Third_Party/LibJPEG/source/jidctfst.c ****     tmp12 = MULTIPLY(z10, - FIX_2_613125930) + z5; /* -2*(c2+c6) */
 507              		.loc 1 339 5 is_stmt 1 view .LVU216
 508              		.loc 1 339 13 is_stmt 0 view .LVU217
 509 020a 6FF4277B 		mvn	fp, #668
 510 020e 0BFB02F2 		mul	r2, fp, r2
 511              	.LVL82:
 512              		.loc 1 339 13 view .LVU218
 513 0212 1212     		asrs	r2, r2, #8
 514              		.loc 1 339 11 view .LVU219
 515 0214 02EB2A22 		add	r2, r2, r10, asr #8
 516              	.LVL83:
 340:Middlewares/Third_Party/LibJPEG/source/jidctfst.c **** 
 341:Middlewares/Third_Party/LibJPEG/source/jidctfst.c ****     tmp6 = tmp12 - tmp7;	/* phase 2 */
 517              		.loc 1 341 5 is_stmt 1 view .LVU220
 518              		.loc 1 341 10 is_stmt 0 view .LVU221
 519 0218 A2EB0802 		sub	r2, r2, r8
 520              	.LVL84:
 342:Middlewares/Third_Party/LibJPEG/source/jidctfst.c ****     tmp5 = tmp11 - tmp6;
 521              		.loc 1 342 5 is_stmt 1 view .LVU222
 522              		.loc 1 342 10 is_stmt 0 view .LVU223
 523 021c C2EB2424 		rsb	r4, r2, r4, asr #8
 524              	.LVL85:
 343:Middlewares/Third_Party/LibJPEG/source/jidctfst.c ****     tmp4 = tmp10 + tmp5;
ARM GAS  /var/folders/mq/wg13gp494590nh4zyt09lxf00000gn/T//ccdFaLes.s 			page 17


 525              		.loc 1 343 5 is_stmt 1 view .LVU224
 526              		.loc 1 343 10 is_stmt 0 view .LVU225
 527 0220 03EB040B 		add	fp, r3, r4
 528              	.LVL86:
 344:Middlewares/Third_Party/LibJPEG/source/jidctfst.c **** 
 345:Middlewares/Third_Party/LibJPEG/source/jidctfst.c ****     /* Final output stage: scale down by a factor of 8 and range-limit */
 346:Middlewares/Third_Party/LibJPEG/source/jidctfst.c **** 
 347:Middlewares/Third_Party/LibJPEG/source/jidctfst.c ****     outptr[0] = range_limit[IDESCALE(tmp0 + tmp7, PASS1_BITS+3)
 529              		.loc 1 347 5 is_stmt 1 view .LVU226
 530              		.loc 1 347 29 is_stmt 0 view .LVU227
 531 0224 0EEB080A 		add	r10, lr, r8
 532              	.LVL87:
 348:Middlewares/Third_Party/LibJPEG/source/jidctfst.c **** 			    & RANGE_MASK];
 533              		.loc 1 348 8 view .LVU228
 534 0228 CAF3491A 		ubfx	r10, r10, #5, #10
 347:Middlewares/Third_Party/LibJPEG/source/jidctfst.c **** 			    & RANGE_MASK];
 535              		.loc 1 347 28 view .LVU229
 536 022c 16F80AA0 		ldrb	r10, [r6, r10]	@ zero_extendqisi2
 347:Middlewares/Third_Party/LibJPEG/source/jidctfst.c **** 			    & RANGE_MASK];
 537              		.loc 1 347 15 view .LVU230
 538 0230 019B     		ldr	r3, [sp, #4]
 539              	.LVL88:
 347:Middlewares/Third_Party/LibJPEG/source/jidctfst.c **** 			    & RANGE_MASK];
 540              		.loc 1 347 15 view .LVU231
 541 0232 4E99     		ldr	r1, [sp, #312]
 542 0234 03F801A0 		strb	r10, [r3, r1]
 543              	.LVL89:
 349:Middlewares/Third_Party/LibJPEG/source/jidctfst.c ****     outptr[7] = range_limit[IDESCALE(tmp0 - tmp7, PASS1_BITS+3)
 544              		.loc 1 349 5 is_stmt 1 view .LVU232
 545              		.loc 1 349 29 is_stmt 0 view .LVU233
 546 0238 AEEB080E 		sub	lr, lr, r8
 547              	.LVL90:
 350:Middlewares/Third_Party/LibJPEG/source/jidctfst.c **** 			    & RANGE_MASK];
 548              		.loc 1 350 8 view .LVU234
 549 023c CEF3491E 		ubfx	lr, lr, #5, #10
 349:Middlewares/Third_Party/LibJPEG/source/jidctfst.c ****     outptr[7] = range_limit[IDESCALE(tmp0 - tmp7, PASS1_BITS+3)
 550              		.loc 1 349 28 view .LVU235
 551 0240 16F80EE0 		ldrb	lr, [r6, lr]	@ zero_extendqisi2
 349:Middlewares/Third_Party/LibJPEG/source/jidctfst.c ****     outptr[7] = range_limit[IDESCALE(tmp0 - tmp7, PASS1_BITS+3)
 552              		.loc 1 349 15 view .LVU236
 553 0244 85F807E0 		strb	lr, [r5, #7]
 351:Middlewares/Third_Party/LibJPEG/source/jidctfst.c ****     outptr[1] = range_limit[IDESCALE(tmp1 + tmp6, PASS1_BITS+3)
 554              		.loc 1 351 5 is_stmt 1 view .LVU237
 555              		.loc 1 351 29 is_stmt 0 view .LVU238
 556 0248 0CEB020E 		add	lr, ip, r2
 352:Middlewares/Third_Party/LibJPEG/source/jidctfst.c **** 			    & RANGE_MASK];
 557              		.loc 1 352 8 view .LVU239
 558 024c CEF3491E 		ubfx	lr, lr, #5, #10
 351:Middlewares/Third_Party/LibJPEG/source/jidctfst.c ****     outptr[1] = range_limit[IDESCALE(tmp1 + tmp6, PASS1_BITS+3)
 559              		.loc 1 351 28 view .LVU240
 560 0250 16F80EE0 		ldrb	lr, [r6, lr]	@ zero_extendqisi2
 351:Middlewares/Third_Party/LibJPEG/source/jidctfst.c ****     outptr[1] = range_limit[IDESCALE(tmp1 + tmp6, PASS1_BITS+3)
 561              		.loc 1 351 15 view .LVU241
 562 0254 85F801E0 		strb	lr, [r5, #1]
 353:Middlewares/Third_Party/LibJPEG/source/jidctfst.c ****     outptr[6] = range_limit[IDESCALE(tmp1 - tmp6, PASS1_BITS+3)
 563              		.loc 1 353 5 is_stmt 1 view .LVU242
 564              		.loc 1 353 29 is_stmt 0 view .LVU243
ARM GAS  /var/folders/mq/wg13gp494590nh4zyt09lxf00000gn/T//ccdFaLes.s 			page 18


 565 0258 ACEB020C 		sub	ip, ip, r2
 566              	.LVL91:
 354:Middlewares/Third_Party/LibJPEG/source/jidctfst.c **** 			    & RANGE_MASK];
 567              		.loc 1 354 8 view .LVU244
 568 025c CCF3491C 		ubfx	ip, ip, #5, #10
 353:Middlewares/Third_Party/LibJPEG/source/jidctfst.c ****     outptr[6] = range_limit[IDESCALE(tmp1 - tmp6, PASS1_BITS+3)
 569              		.loc 1 353 28 view .LVU245
 570 0260 16F80C20 		ldrb	r2, [r6, ip]	@ zero_extendqisi2
 571              	.LVL92:
 353:Middlewares/Third_Party/LibJPEG/source/jidctfst.c ****     outptr[6] = range_limit[IDESCALE(tmp1 - tmp6, PASS1_BITS+3)
 572              		.loc 1 353 15 view .LVU246
 573 0264 AA71     		strb	r2, [r5, #6]
 355:Middlewares/Third_Party/LibJPEG/source/jidctfst.c ****     outptr[2] = range_limit[IDESCALE(tmp2 + tmp5, PASS1_BITS+3)
 574              		.loc 1 355 5 is_stmt 1 view .LVU247
 575              		.loc 1 355 29 is_stmt 0 view .LVU248
 576 0266 029B     		ldr	r3, [sp, #8]
 577 0268 1A19     		adds	r2, r3, r4
 356:Middlewares/Third_Party/LibJPEG/source/jidctfst.c **** 			    & RANGE_MASK];
 578              		.loc 1 356 8 view .LVU249
 579 026a C2F34912 		ubfx	r2, r2, #5, #10
 355:Middlewares/Third_Party/LibJPEG/source/jidctfst.c ****     outptr[2] = range_limit[IDESCALE(tmp2 + tmp5, PASS1_BITS+3)
 580              		.loc 1 355 28 view .LVU250
 581 026e B25C     		ldrb	r2, [r6, r2]	@ zero_extendqisi2
 355:Middlewares/Third_Party/LibJPEG/source/jidctfst.c ****     outptr[2] = range_limit[IDESCALE(tmp2 + tmp5, PASS1_BITS+3)
 582              		.loc 1 355 15 view .LVU251
 583 0270 AA70     		strb	r2, [r5, #2]
 357:Middlewares/Third_Party/LibJPEG/source/jidctfst.c ****     outptr[5] = range_limit[IDESCALE(tmp2 - tmp5, PASS1_BITS+3)
 584              		.loc 1 357 5 is_stmt 1 view .LVU252
 585              		.loc 1 357 29 is_stmt 0 view .LVU253
 586 0272 191B     		subs	r1, r3, r4
 358:Middlewares/Third_Party/LibJPEG/source/jidctfst.c **** 			    & RANGE_MASK];
 587              		.loc 1 358 8 view .LVU254
 588 0274 C1F34911 		ubfx	r1, r1, #5, #10
 357:Middlewares/Third_Party/LibJPEG/source/jidctfst.c ****     outptr[5] = range_limit[IDESCALE(tmp2 - tmp5, PASS1_BITS+3)
 589              		.loc 1 357 28 view .LVU255
 590 0278 725C     		ldrb	r2, [r6, r1]	@ zero_extendqisi2
 357:Middlewares/Third_Party/LibJPEG/source/jidctfst.c ****     outptr[5] = range_limit[IDESCALE(tmp2 - tmp5, PASS1_BITS+3)
 591              		.loc 1 357 15 view .LVU256
 592 027a 6A71     		strb	r2, [r5, #5]
 359:Middlewares/Third_Party/LibJPEG/source/jidctfst.c ****     outptr[4] = range_limit[IDESCALE(tmp3 + tmp4, PASS1_BITS+3)
 593              		.loc 1 359 5 is_stmt 1 view .LVU257
 594              		.loc 1 359 29 is_stmt 0 view .LVU258
 595 027c 09EB0B02 		add	r2, r9, fp
 360:Middlewares/Third_Party/LibJPEG/source/jidctfst.c **** 			    & RANGE_MASK];
 596              		.loc 1 360 8 view .LVU259
 597 0280 C2F34912 		ubfx	r2, r2, #5, #10
 359:Middlewares/Third_Party/LibJPEG/source/jidctfst.c ****     outptr[4] = range_limit[IDESCALE(tmp3 + tmp4, PASS1_BITS+3)
 598              		.loc 1 359 28 view .LVU260
 599 0284 B25C     		ldrb	r2, [r6, r2]	@ zero_extendqisi2
 359:Middlewares/Third_Party/LibJPEG/source/jidctfst.c ****     outptr[4] = range_limit[IDESCALE(tmp3 + tmp4, PASS1_BITS+3)
 600              		.loc 1 359 15 view .LVU261
 601 0286 2A71     		strb	r2, [r5, #4]
 361:Middlewares/Third_Party/LibJPEG/source/jidctfst.c ****     outptr[3] = range_limit[IDESCALE(tmp3 - tmp4, PASS1_BITS+3)
 602              		.loc 1 361 5 is_stmt 1 view .LVU262
 603              		.loc 1 361 29 is_stmt 0 view .LVU263
 604 0288 A9EB0B03 		sub	r3, r9, fp
 362:Middlewares/Third_Party/LibJPEG/source/jidctfst.c **** 			    & RANGE_MASK];
ARM GAS  /var/folders/mq/wg13gp494590nh4zyt09lxf00000gn/T//ccdFaLes.s 			page 19


 605              		.loc 1 362 8 view .LVU264
 606 028c C3F34913 		ubfx	r3, r3, #5, #10
 361:Middlewares/Third_Party/LibJPEG/source/jidctfst.c ****     outptr[3] = range_limit[IDESCALE(tmp3 - tmp4, PASS1_BITS+3)
 607              		.loc 1 361 28 view .LVU265
 608 0290 F35C     		ldrb	r3, [r6, r3]	@ zero_extendqisi2
 361:Middlewares/Third_Party/LibJPEG/source/jidctfst.c ****     outptr[3] = range_limit[IDESCALE(tmp3 - tmp4, PASS1_BITS+3)
 609              		.loc 1 361 15 view .LVU266
 610 0292 EB70     		strb	r3, [r5, #3]
 363:Middlewares/Third_Party/LibJPEG/source/jidctfst.c **** 
 364:Middlewares/Third_Party/LibJPEG/source/jidctfst.c ****     wsptr += DCTSIZE;		/* advance pointer to next row */
 611              		.loc 1 364 5 is_stmt 1 view .LVU267
 612              		.loc 1 364 11 is_stmt 0 view .LVU268
 613 0294 2030     		adds	r0, r0, #32
 614              	.LVL93:
 615              	.L8:
 282:Middlewares/Third_Party/LibJPEG/source/jidctfst.c ****     outptr = output_buf[ctr] + output_col;
 616              		.loc 1 282 35 is_stmt 1 discriminator 2 view .LVU269
 617 0296 0137     		adds	r7, r7, #1
 618              	.LVL94:
 619              	.L6:
 282:Middlewares/Third_Party/LibJPEG/source/jidctfst.c ****     outptr = output_buf[ctr] + output_col;
 620              		.loc 1 282 21 discriminator 1 view .LVU270
 621 0298 072F     		cmp	r7, #7
 622 029a 31DC     		bgt	.L12
 283:Middlewares/Third_Party/LibJPEG/source/jidctfst.c ****     /* Rows of zeroes can be exploited in the same way as we did with columns.
 623              		.loc 1 283 5 view .LVU271
 283:Middlewares/Third_Party/LibJPEG/source/jidctfst.c ****     /* Rows of zeroes can be exploited in the same way as we did with columns.
 624              		.loc 1 283 24 is_stmt 0 view .LVU272
 625 029c 039B     		ldr	r3, [sp, #12]
 626 029e 53F82730 		ldr	r3, [r3, r7, lsl #2]
 627 02a2 0193     		str	r3, [sp, #4]
 283:Middlewares/Third_Party/LibJPEG/source/jidctfst.c ****     /* Rows of zeroes can be exploited in the same way as we did with columns.
 628              		.loc 1 283 12 view .LVU273
 629 02a4 4E9A     		ldr	r2, [sp, #312]
 630 02a6 9D18     		adds	r5, r3, r2
 631              	.LVL95:
 293:Middlewares/Third_Party/LibJPEG/source/jidctfst.c **** 	wsptr[5] == 0 && wsptr[6] == 0 && wsptr[7] == 0) {
 632              		.loc 1 293 5 is_stmt 1 view .LVU274
 293:Middlewares/Third_Party/LibJPEG/source/jidctfst.c **** 	wsptr[5] == 0 && wsptr[6] == 0 && wsptr[7] == 0) {
 633              		.loc 1 293 14 is_stmt 0 view .LVU275
 634 02a8 4368     		ldr	r3, [r0, #4]
 293:Middlewares/Third_Party/LibJPEG/source/jidctfst.c **** 	wsptr[5] == 0 && wsptr[6] == 0 && wsptr[7] == 0) {
 635              		.loc 1 293 8 view .LVU276
 636 02aa 002B     		cmp	r3, #0
 637 02ac 7FF475AF 		bne	.L7
 293:Middlewares/Third_Party/LibJPEG/source/jidctfst.c **** 	wsptr[5] == 0 && wsptr[6] == 0 && wsptr[7] == 0) {
 638              		.loc 1 293 31 discriminator 1 view .LVU277
 639 02b0 8268     		ldr	r2, [r0, #8]
 293:Middlewares/Third_Party/LibJPEG/source/jidctfst.c **** 	wsptr[5] == 0 && wsptr[6] == 0 && wsptr[7] == 0) {
 640              		.loc 1 293 23 discriminator 1 view .LVU278
 641 02b2 002A     		cmp	r2, #0
 642 02b4 7FF471AF 		bne	.L7
 293:Middlewares/Third_Party/LibJPEG/source/jidctfst.c **** 	wsptr[5] == 0 && wsptr[6] == 0 && wsptr[7] == 0) {
 643              		.loc 1 293 48 discriminator 2 view .LVU279
 644 02b8 C268     		ldr	r2, [r0, #12]
 293:Middlewares/Third_Party/LibJPEG/source/jidctfst.c **** 	wsptr[5] == 0 && wsptr[6] == 0 && wsptr[7] == 0) {
 645              		.loc 1 293 40 discriminator 2 view .LVU280
ARM GAS  /var/folders/mq/wg13gp494590nh4zyt09lxf00000gn/T//ccdFaLes.s 			page 20


 646 02ba 002A     		cmp	r2, #0
 647 02bc 7FF46DAF 		bne	.L7
 293:Middlewares/Third_Party/LibJPEG/source/jidctfst.c **** 	wsptr[5] == 0 && wsptr[6] == 0 && wsptr[7] == 0) {
 648              		.loc 1 293 65 discriminator 3 view .LVU281
 649 02c0 0269     		ldr	r2, [r0, #16]
 293:Middlewares/Third_Party/LibJPEG/source/jidctfst.c **** 	wsptr[5] == 0 && wsptr[6] == 0 && wsptr[7] == 0) {
 650              		.loc 1 293 57 discriminator 3 view .LVU282
 651 02c2 002A     		cmp	r2, #0
 652 02c4 7FF469AF 		bne	.L7
 294:Middlewares/Third_Party/LibJPEG/source/jidctfst.c ****       /* AC terms all zero */
 653              		.loc 1 294 7 view .LVU283
 654 02c8 4269     		ldr	r2, [r0, #20]
 293:Middlewares/Third_Party/LibJPEG/source/jidctfst.c **** 	wsptr[5] == 0 && wsptr[6] == 0 && wsptr[7] == 0) {
 655              		.loc 1 293 74 discriminator 4 view .LVU284
 656 02ca 002A     		cmp	r2, #0
 657 02cc 7FF465AF 		bne	.L7
 294:Middlewares/Third_Party/LibJPEG/source/jidctfst.c ****       /* AC terms all zero */
 658              		.loc 1 294 24 view .LVU285
 659 02d0 8269     		ldr	r2, [r0, #24]
 294:Middlewares/Third_Party/LibJPEG/source/jidctfst.c ****       /* AC terms all zero */
 660              		.loc 1 294 16 view .LVU286
 661 02d2 002A     		cmp	r2, #0
 662 02d4 7FF461AF 		bne	.L7
 294:Middlewares/Third_Party/LibJPEG/source/jidctfst.c ****       /* AC terms all zero */
 663              		.loc 1 294 41 discriminator 1 view .LVU287
 664 02d8 C269     		ldr	r2, [r0, #28]
 294:Middlewares/Third_Party/LibJPEG/source/jidctfst.c ****       /* AC terms all zero */
 665              		.loc 1 294 33 discriminator 1 view .LVU288
 666 02da 002A     		cmp	r2, #0
 667 02dc 7FF45DAF 		bne	.L7
 668              	.LBB3:
 296:Middlewares/Third_Party/LibJPEG/source/jidctfst.c **** 				  & RANGE_MASK];
 669              		.loc 1 296 7 is_stmt 1 view .LVU289
 296:Middlewares/Third_Party/LibJPEG/source/jidctfst.c **** 				  & RANGE_MASK];
 670              		.loc 1 296 35 is_stmt 0 view .LVU290
 671 02e0 50F8203B 		ldr	r3, [r0], #32
 672              	.LVL96:
 297:Middlewares/Third_Party/LibJPEG/source/jidctfst.c ****       
 673              		.loc 1 297 7 view .LVU291
 674 02e4 C3F34913 		ubfx	r3, r3, #5, #10
 296:Middlewares/Third_Party/LibJPEG/source/jidctfst.c **** 				  & RANGE_MASK];
 675              		.loc 1 296 15 view .LVU292
 676 02e8 F35C     		ldrb	r3, [r6, r3]	@ zero_extendqisi2
 677              	.LVL97:
 299:Middlewares/Third_Party/LibJPEG/source/jidctfst.c ****       outptr[1] = dcval;
 678              		.loc 1 299 7 is_stmt 1 view .LVU293
 299:Middlewares/Third_Party/LibJPEG/source/jidctfst.c ****       outptr[1] = dcval;
 679              		.loc 1 299 17 is_stmt 0 view .LVU294
 680 02ea 019A     		ldr	r2, [sp, #4]
 681 02ec 4E99     		ldr	r1, [sp, #312]
 682 02ee 5354     		strb	r3, [r2, r1]
 300:Middlewares/Third_Party/LibJPEG/source/jidctfst.c ****       outptr[2] = dcval;
 683              		.loc 1 300 7 is_stmt 1 view .LVU295
 300:Middlewares/Third_Party/LibJPEG/source/jidctfst.c ****       outptr[2] = dcval;
 684              		.loc 1 300 17 is_stmt 0 view .LVU296
 685 02f0 6B70     		strb	r3, [r5, #1]
 301:Middlewares/Third_Party/LibJPEG/source/jidctfst.c ****       outptr[3] = dcval;
ARM GAS  /var/folders/mq/wg13gp494590nh4zyt09lxf00000gn/T//ccdFaLes.s 			page 21


 686              		.loc 1 301 7 is_stmt 1 view .LVU297
 301:Middlewares/Third_Party/LibJPEG/source/jidctfst.c ****       outptr[3] = dcval;
 687              		.loc 1 301 17 is_stmt 0 view .LVU298
 688 02f2 AB70     		strb	r3, [r5, #2]
 302:Middlewares/Third_Party/LibJPEG/source/jidctfst.c ****       outptr[4] = dcval;
 689              		.loc 1 302 7 is_stmt 1 view .LVU299
 302:Middlewares/Third_Party/LibJPEG/source/jidctfst.c ****       outptr[4] = dcval;
 690              		.loc 1 302 17 is_stmt 0 view .LVU300
 691 02f4 EB70     		strb	r3, [r5, #3]
 303:Middlewares/Third_Party/LibJPEG/source/jidctfst.c ****       outptr[5] = dcval;
 692              		.loc 1 303 7 is_stmt 1 view .LVU301
 303:Middlewares/Third_Party/LibJPEG/source/jidctfst.c ****       outptr[5] = dcval;
 693              		.loc 1 303 17 is_stmt 0 view .LVU302
 694 02f6 2B71     		strb	r3, [r5, #4]
 304:Middlewares/Third_Party/LibJPEG/source/jidctfst.c ****       outptr[6] = dcval;
 695              		.loc 1 304 7 is_stmt 1 view .LVU303
 304:Middlewares/Third_Party/LibJPEG/source/jidctfst.c ****       outptr[6] = dcval;
 696              		.loc 1 304 17 is_stmt 0 view .LVU304
 697 02f8 6B71     		strb	r3, [r5, #5]
 305:Middlewares/Third_Party/LibJPEG/source/jidctfst.c ****       outptr[7] = dcval;
 698              		.loc 1 305 7 is_stmt 1 view .LVU305
 305:Middlewares/Third_Party/LibJPEG/source/jidctfst.c ****       outptr[7] = dcval;
 699              		.loc 1 305 17 is_stmt 0 view .LVU306
 700 02fa AB71     		strb	r3, [r5, #6]
 306:Middlewares/Third_Party/LibJPEG/source/jidctfst.c **** 
 701              		.loc 1 306 7 is_stmt 1 view .LVU307
 306:Middlewares/Third_Party/LibJPEG/source/jidctfst.c **** 
 702              		.loc 1 306 17 is_stmt 0 view .LVU308
 703 02fc EB71     		strb	r3, [r5, #7]
 308:Middlewares/Third_Party/LibJPEG/source/jidctfst.c ****       continue;
 704              		.loc 1 308 7 is_stmt 1 view .LVU309
 705              	.LVL98:
 309:Middlewares/Third_Party/LibJPEG/source/jidctfst.c ****     }
 706              		.loc 1 309 7 view .LVU310
 707 02fe CAE7     		b	.L8
 708              	.LVL99:
 709              	.L12:
 309:Middlewares/Third_Party/LibJPEG/source/jidctfst.c ****     }
 710              		.loc 1 309 7 is_stmt 0 view .LVU311
 711              	.LBE3:
 365:Middlewares/Third_Party/LibJPEG/source/jidctfst.c ****   }
 366:Middlewares/Third_Party/LibJPEG/source/jidctfst.c **** }
 712              		.loc 1 366 1 view .LVU312
 713 0300 45B0     		add	sp, sp, #276
 714              	.LCFI2:
 715              		.cfi_def_cfa_offset 36
 716              		@ sp needed
 717 0302 BDE8F08F 		pop	{r4, r5, r6, r7, r8, r9, r10, fp, pc}
 718              		.loc 1 366 1 view .LVU313
 719              		.cfi_endproc
 720              	.LFE147:
 722              		.text
 723              	.Letext0:
 724              		.file 2 "/Applications/ArmGNUToolchain/13.3.rel1/arm-none-eabi/lib/gcc/arm-none-eabi/13.3.1/includ
 725              		.file 3 "Inc/jmorecfg.h"
 726              		.file 4 "Middlewares/Third_Party/LibJPEG/include/jpeglib.h"
 727              		.file 5 "Middlewares/Third_Party/LibJPEG/include/jpegint.h"
ARM GAS  /var/folders/mq/wg13gp494590nh4zyt09lxf00000gn/T//ccdFaLes.s 			page 22


 728              		.file 6 "Middlewares/Third_Party/LibJPEG/include/jdct.h"
ARM GAS  /var/folders/mq/wg13gp494590nh4zyt09lxf00000gn/T//ccdFaLes.s 			page 23


DEFINED SYMBOLS
                            *ABS*:00000000 jidctfst.c
/var/folders/mq/wg13gp494590nh4zyt09lxf00000gn/T//ccdFaLes.s:20     .text.jpeg_idct_ifast:00000000 $t
/var/folders/mq/wg13gp494590nh4zyt09lxf00000gn/T//ccdFaLes.s:26     .text.jpeg_idct_ifast:00000000 jpeg_idct_ifast

NO UNDEFINED SYMBOLS
