ARM GAS  /var/folders/mq/wg13gp494590nh4zyt09lxf00000gn/T//cc4Wxg1U.s 			page 1


   1              		.cpu cortex-m7
   2              		.arch armv7e-m
   3              		.fpu fpv5-d16
   4              		.eabi_attribute 28, 1
   5              		.eabi_attribute 20, 1
   6              		.eabi_attribute 21, 1
   7              		.eabi_attribute 23, 3
   8              		.eabi_attribute 24, 1
   9              		.eabi_attribute 25, 1
  10              		.eabi_attribute 26, 1
  11              		.eabi_attribute 30, 1
  12              		.eabi_attribute 34, 1
  13              		.eabi_attribute 18, 4
  14              		.file	"stm32h7xx_it.c"
  15              		.text
  16              	.Ltext0:
  17              		.cfi_sections	.debug_frame
  18              		.file 1 "Src/stm32h7xx_it.c"
  19              		.section	.text.NMI_Handler,"ax",%progbits
  20              		.align	1
  21              		.global	NMI_Handler
  22              		.syntax unified
  23              		.thumb
  24              		.thumb_func
  26              	NMI_Handler:
  27              	.LFB144:
   1:Src/stm32h7xx_it.c **** /* USER CODE BEGIN Header */
   2:Src/stm32h7xx_it.c **** /**
   3:Src/stm32h7xx_it.c ****   ******************************************************************************
   4:Src/stm32h7xx_it.c ****   * @file    stm32h7xx_it.c
   5:Src/stm32h7xx_it.c ****   * @brief   Interrupt Service Routines.
   6:Src/stm32h7xx_it.c ****   ******************************************************************************
   7:Src/stm32h7xx_it.c ****   * @attention
   8:Src/stm32h7xx_it.c ****   *
   9:Src/stm32h7xx_it.c ****   * Copyright (c) 2025 STMicroelectronics.
  10:Src/stm32h7xx_it.c ****   * All rights reserved.
  11:Src/stm32h7xx_it.c ****   *
  12:Src/stm32h7xx_it.c ****   * This software is licensed under terms that can be found in the LICENSE file
  13:Src/stm32h7xx_it.c ****   * in the root directory of this software component.
  14:Src/stm32h7xx_it.c ****   * If no LICENSE file comes with this software, it is provided AS-IS.
  15:Src/stm32h7xx_it.c ****   *
  16:Src/stm32h7xx_it.c ****   ******************************************************************************
  17:Src/stm32h7xx_it.c ****   */
  18:Src/stm32h7xx_it.c **** /* USER CODE END Header */
  19:Src/stm32h7xx_it.c **** 
  20:Src/stm32h7xx_it.c **** /* Includes ------------------------------------------------------------------*/
  21:Src/stm32h7xx_it.c **** #include "main.h"
  22:Src/stm32h7xx_it.c **** #include "stm32h7xx_it.h"
  23:Src/stm32h7xx_it.c **** /* Private includes ----------------------------------------------------------*/
  24:Src/stm32h7xx_it.c **** /* USER CODE BEGIN Includes */
  25:Src/stm32h7xx_it.c **** /* USER CODE END Includes */
  26:Src/stm32h7xx_it.c **** 
  27:Src/stm32h7xx_it.c **** /* Private typedef -----------------------------------------------------------*/
  28:Src/stm32h7xx_it.c **** /* USER CODE BEGIN TD */
  29:Src/stm32h7xx_it.c **** 
  30:Src/stm32h7xx_it.c **** /* USER CODE END TD */
  31:Src/stm32h7xx_it.c **** 
ARM GAS  /var/folders/mq/wg13gp494590nh4zyt09lxf00000gn/T//cc4Wxg1U.s 			page 2


  32:Src/stm32h7xx_it.c **** /* Private define ------------------------------------------------------------*/
  33:Src/stm32h7xx_it.c **** /* USER CODE BEGIN PD */
  34:Src/stm32h7xx_it.c **** 
  35:Src/stm32h7xx_it.c **** /* USER CODE END PD */
  36:Src/stm32h7xx_it.c **** 
  37:Src/stm32h7xx_it.c **** /* Private macro -------------------------------------------------------------*/
  38:Src/stm32h7xx_it.c **** /* USER CODE BEGIN PM */
  39:Src/stm32h7xx_it.c **** 
  40:Src/stm32h7xx_it.c **** /* USER CODE END PM */
  41:Src/stm32h7xx_it.c **** 
  42:Src/stm32h7xx_it.c **** /* Private variables ---------------------------------------------------------*/
  43:Src/stm32h7xx_it.c **** /* USER CODE BEGIN PV */
  44:Src/stm32h7xx_it.c **** 
  45:Src/stm32h7xx_it.c **** /* USER CODE END PV */
  46:Src/stm32h7xx_it.c **** 
  47:Src/stm32h7xx_it.c **** /* Private function prototypes -----------------------------------------------*/
  48:Src/stm32h7xx_it.c **** /* USER CODE BEGIN PFP */
  49:Src/stm32h7xx_it.c **** 
  50:Src/stm32h7xx_it.c **** /* USER CODE END PFP */
  51:Src/stm32h7xx_it.c **** 
  52:Src/stm32h7xx_it.c **** /* Private user code ---------------------------------------------------------*/
  53:Src/stm32h7xx_it.c **** /* USER CODE BEGIN 0 */
  54:Src/stm32h7xx_it.c **** 
  55:Src/stm32h7xx_it.c **** /* USER CODE END 0 */
  56:Src/stm32h7xx_it.c **** 
  57:Src/stm32h7xx_it.c **** /* External variables --------------------------------------------------------*/
  58:Src/stm32h7xx_it.c **** extern DMA_HandleTypeDef hdma_dcmi;
  59:Src/stm32h7xx_it.c **** extern DCMI_HandleTypeDef hdcmi;
  60:Src/stm32h7xx_it.c **** extern SD_HandleTypeDef hsd1;
  61:Src/stm32h7xx_it.c **** extern TIM_HandleTypeDef htim16;
  62:Src/stm32h7xx_it.c **** /* USER CODE BEGIN EV */
  63:Src/stm32h7xx_it.c **** 
  64:Src/stm32h7xx_it.c **** /* USER CODE END EV */
  65:Src/stm32h7xx_it.c **** 
  66:Src/stm32h7xx_it.c **** /******************************************************************************/
  67:Src/stm32h7xx_it.c **** /*           Cortex Processor Interruption and Exception Handlers          */
  68:Src/stm32h7xx_it.c **** /******************************************************************************/
  69:Src/stm32h7xx_it.c **** /**
  70:Src/stm32h7xx_it.c ****   * @brief This function handles Non maskable interrupt.
  71:Src/stm32h7xx_it.c ****   */
  72:Src/stm32h7xx_it.c **** void NMI_Handler(void)
  73:Src/stm32h7xx_it.c **** {
  28              		.loc 1 73 1 view -0
  29              		.cfi_startproc
  30              		@ Volatile: function does not return.
  31              		@ args = 0, pretend = 0, frame = 0
  32              		@ frame_needed = 0, uses_anonymous_args = 0
  33              		@ link register save eliminated.
  34              	.L2:
  74:Src/stm32h7xx_it.c ****   /* USER CODE BEGIN NonMaskableInt_IRQn 0 */
  75:Src/stm32h7xx_it.c **** 
  76:Src/stm32h7xx_it.c ****   /* USER CODE END NonMaskableInt_IRQn 0 */
  77:Src/stm32h7xx_it.c ****   /* USER CODE BEGIN NonMaskableInt_IRQn 1 */
  78:Src/stm32h7xx_it.c ****    while (1)
  35              		.loc 1 78 4 view .LVU1
  79:Src/stm32h7xx_it.c ****   {
  80:Src/stm32h7xx_it.c ****   }
ARM GAS  /var/folders/mq/wg13gp494590nh4zyt09lxf00000gn/T//cc4Wxg1U.s 			page 3


  36              		.loc 1 80 3 view .LVU2
  78:Src/stm32h7xx_it.c ****   {
  37              		.loc 1 78 10 view .LVU3
  38 0000 FEE7     		b	.L2
  39              		.cfi_endproc
  40              	.LFE144:
  42              		.section	.text.HardFault_Handler,"ax",%progbits
  43              		.align	1
  44              		.global	HardFault_Handler
  45              		.syntax unified
  46              		.thumb
  47              		.thumb_func
  49              	HardFault_Handler:
  50              	.LFB145:
  81:Src/stm32h7xx_it.c ****   /* USER CODE END NonMaskableInt_IRQn 1 */
  82:Src/stm32h7xx_it.c **** }
  83:Src/stm32h7xx_it.c **** 
  84:Src/stm32h7xx_it.c **** /**
  85:Src/stm32h7xx_it.c ****   * @brief This function handles Hard fault interrupt.
  86:Src/stm32h7xx_it.c ****   */
  87:Src/stm32h7xx_it.c **** void HardFault_Handler(void)
  88:Src/stm32h7xx_it.c **** {
  51              		.loc 1 88 1 view -0
  52              		.cfi_startproc
  53              		@ Volatile: function does not return.
  54              		@ args = 0, pretend = 0, frame = 0
  55              		@ frame_needed = 0, uses_anonymous_args = 0
  56              		@ link register save eliminated.
  57              	.L4:
  89:Src/stm32h7xx_it.c ****   /* USER CODE BEGIN HardFault_IRQn 0 */
  90:Src/stm32h7xx_it.c **** 
  91:Src/stm32h7xx_it.c ****   /* USER CODE END HardFault_IRQn 0 */
  92:Src/stm32h7xx_it.c ****   while (1)
  58              		.loc 1 92 3 view .LVU5
  93:Src/stm32h7xx_it.c ****   {
  94:Src/stm32h7xx_it.c ****     /* USER CODE BEGIN W1_HardFault_IRQn 0 */
  95:Src/stm32h7xx_it.c ****     /* USER CODE END W1_HardFault_IRQn 0 */
  96:Src/stm32h7xx_it.c ****   }
  59              		.loc 1 96 3 view .LVU6
  92:Src/stm32h7xx_it.c ****   {
  60              		.loc 1 92 9 view .LVU7
  61 0000 FEE7     		b	.L4
  62              		.cfi_endproc
  63              	.LFE145:
  65              		.section	.text.MemManage_Handler,"ax",%progbits
  66              		.align	1
  67              		.global	MemManage_Handler
  68              		.syntax unified
  69              		.thumb
  70              		.thumb_func
  72              	MemManage_Handler:
  73              	.LFB146:
  97:Src/stm32h7xx_it.c **** }
  98:Src/stm32h7xx_it.c **** 
  99:Src/stm32h7xx_it.c **** /**
 100:Src/stm32h7xx_it.c ****   * @brief This function handles Memory management fault.
 101:Src/stm32h7xx_it.c ****   */
ARM GAS  /var/folders/mq/wg13gp494590nh4zyt09lxf00000gn/T//cc4Wxg1U.s 			page 4


 102:Src/stm32h7xx_it.c **** void MemManage_Handler(void)
 103:Src/stm32h7xx_it.c **** {
  74              		.loc 1 103 1 view -0
  75              		.cfi_startproc
  76              		@ Volatile: function does not return.
  77              		@ args = 0, pretend = 0, frame = 0
  78              		@ frame_needed = 0, uses_anonymous_args = 0
  79              		@ link register save eliminated.
  80              	.L6:
 104:Src/stm32h7xx_it.c ****   /* USER CODE BEGIN MemoryManagement_IRQn 0 */
 105:Src/stm32h7xx_it.c **** 
 106:Src/stm32h7xx_it.c ****   /* USER CODE END MemoryManagement_IRQn 0 */
 107:Src/stm32h7xx_it.c ****   while (1)
  81              		.loc 1 107 3 view .LVU9
 108:Src/stm32h7xx_it.c ****   {
 109:Src/stm32h7xx_it.c ****     /* USER CODE BEGIN W1_MemoryManagement_IRQn 0 */
 110:Src/stm32h7xx_it.c ****     /* USER CODE END W1_MemoryManagement_IRQn 0 */
 111:Src/stm32h7xx_it.c ****   }
  82              		.loc 1 111 3 view .LVU10
 107:Src/stm32h7xx_it.c ****   {
  83              		.loc 1 107 9 view .LVU11
  84 0000 FEE7     		b	.L6
  85              		.cfi_endproc
  86              	.LFE146:
  88              		.section	.text.BusFault_Handler,"ax",%progbits
  89              		.align	1
  90              		.global	BusFault_Handler
  91              		.syntax unified
  92              		.thumb
  93              		.thumb_func
  95              	BusFault_Handler:
  96              	.LFB147:
 112:Src/stm32h7xx_it.c **** }
 113:Src/stm32h7xx_it.c **** 
 114:Src/stm32h7xx_it.c **** /**
 115:Src/stm32h7xx_it.c ****   * @brief This function handles Pre-fetch fault, memory access fault.
 116:Src/stm32h7xx_it.c ****   */
 117:Src/stm32h7xx_it.c **** void BusFault_Handler(void)
 118:Src/stm32h7xx_it.c **** {
  97              		.loc 1 118 1 view -0
  98              		.cfi_startproc
  99              		@ Volatile: function does not return.
 100              		@ args = 0, pretend = 0, frame = 0
 101              		@ frame_needed = 0, uses_anonymous_args = 0
 102              		@ link register save eliminated.
 103              	.L8:
 119:Src/stm32h7xx_it.c ****   /* USER CODE BEGIN BusFault_IRQn 0 */
 120:Src/stm32h7xx_it.c **** 
 121:Src/stm32h7xx_it.c ****   /* USER CODE END BusFault_IRQn 0 */
 122:Src/stm32h7xx_it.c ****   while (1)
 104              		.loc 1 122 3 view .LVU13
 123:Src/stm32h7xx_it.c ****   {
 124:Src/stm32h7xx_it.c ****     /* USER CODE BEGIN W1_BusFault_IRQn 0 */
 125:Src/stm32h7xx_it.c ****     /* USER CODE END W1_BusFault_IRQn 0 */
 126:Src/stm32h7xx_it.c ****   }
 105              		.loc 1 126 3 view .LVU14
 122:Src/stm32h7xx_it.c ****   {
ARM GAS  /var/folders/mq/wg13gp494590nh4zyt09lxf00000gn/T//cc4Wxg1U.s 			page 5


 106              		.loc 1 122 9 view .LVU15
 107 0000 FEE7     		b	.L8
 108              		.cfi_endproc
 109              	.LFE147:
 111              		.section	.text.UsageFault_Handler,"ax",%progbits
 112              		.align	1
 113              		.global	UsageFault_Handler
 114              		.syntax unified
 115              		.thumb
 116              		.thumb_func
 118              	UsageFault_Handler:
 119              	.LFB148:
 127:Src/stm32h7xx_it.c **** }
 128:Src/stm32h7xx_it.c **** 
 129:Src/stm32h7xx_it.c **** /**
 130:Src/stm32h7xx_it.c ****   * @brief This function handles Undefined instruction or illegal state.
 131:Src/stm32h7xx_it.c ****   */
 132:Src/stm32h7xx_it.c **** void UsageFault_Handler(void)
 133:Src/stm32h7xx_it.c **** {
 120              		.loc 1 133 1 view -0
 121              		.cfi_startproc
 122              		@ Volatile: function does not return.
 123              		@ args = 0, pretend = 0, frame = 0
 124              		@ frame_needed = 0, uses_anonymous_args = 0
 125              		@ link register save eliminated.
 126              	.L10:
 134:Src/stm32h7xx_it.c ****   /* USER CODE BEGIN UsageFault_IRQn 0 */
 135:Src/stm32h7xx_it.c **** 
 136:Src/stm32h7xx_it.c ****   /* USER CODE END UsageFault_IRQn 0 */
 137:Src/stm32h7xx_it.c ****   while (1)
 127              		.loc 1 137 3 view .LVU17
 138:Src/stm32h7xx_it.c ****   {
 139:Src/stm32h7xx_it.c ****     /* USER CODE BEGIN W1_UsageFault_IRQn 0 */
 140:Src/stm32h7xx_it.c ****     /* USER CODE END W1_UsageFault_IRQn 0 */
 141:Src/stm32h7xx_it.c ****   }
 128              		.loc 1 141 3 view .LVU18
 137:Src/stm32h7xx_it.c ****   {
 129              		.loc 1 137 9 view .LVU19
 130 0000 FEE7     		b	.L10
 131              		.cfi_endproc
 132              	.LFE148:
 134              		.section	.text.SVC_Handler,"ax",%progbits
 135              		.align	1
 136              		.global	SVC_Handler
 137              		.syntax unified
 138              		.thumb
 139              		.thumb_func
 141              	SVC_Handler:
 142              	.LFB149:
 142:Src/stm32h7xx_it.c **** }
 143:Src/stm32h7xx_it.c **** 
 144:Src/stm32h7xx_it.c **** /**
 145:Src/stm32h7xx_it.c ****   * @brief This function handles System service call via SWI instruction.
 146:Src/stm32h7xx_it.c ****   */
 147:Src/stm32h7xx_it.c **** void SVC_Handler(void)
 148:Src/stm32h7xx_it.c **** {
 143              		.loc 1 148 1 view -0
ARM GAS  /var/folders/mq/wg13gp494590nh4zyt09lxf00000gn/T//cc4Wxg1U.s 			page 6


 144              		.cfi_startproc
 145              		@ args = 0, pretend = 0, frame = 0
 146              		@ frame_needed = 0, uses_anonymous_args = 0
 147              		@ link register save eliminated.
 149:Src/stm32h7xx_it.c ****   /* USER CODE BEGIN SVCall_IRQn 0 */
 150:Src/stm32h7xx_it.c **** 
 151:Src/stm32h7xx_it.c ****   /* USER CODE END SVCall_IRQn 0 */
 152:Src/stm32h7xx_it.c ****   /* USER CODE BEGIN SVCall_IRQn 1 */
 153:Src/stm32h7xx_it.c **** 
 154:Src/stm32h7xx_it.c ****   /* USER CODE END SVCall_IRQn 1 */
 155:Src/stm32h7xx_it.c **** }
 148              		.loc 1 155 1 view .LVU21
 149 0000 7047     		bx	lr
 150              		.cfi_endproc
 151              	.LFE149:
 153              		.section	.text.DebugMon_Handler,"ax",%progbits
 154              		.align	1
 155              		.global	DebugMon_Handler
 156              		.syntax unified
 157              		.thumb
 158              		.thumb_func
 160              	DebugMon_Handler:
 161              	.LFB150:
 156:Src/stm32h7xx_it.c **** 
 157:Src/stm32h7xx_it.c **** /**
 158:Src/stm32h7xx_it.c ****   * @brief This function handles Debug monitor.
 159:Src/stm32h7xx_it.c ****   */
 160:Src/stm32h7xx_it.c **** void DebugMon_Handler(void)
 161:Src/stm32h7xx_it.c **** {
 162              		.loc 1 161 1 view -0
 163              		.cfi_startproc
 164              		@ args = 0, pretend = 0, frame = 0
 165              		@ frame_needed = 0, uses_anonymous_args = 0
 166              		@ link register save eliminated.
 162:Src/stm32h7xx_it.c ****   /* USER CODE BEGIN DebugMonitor_IRQn 0 */
 163:Src/stm32h7xx_it.c **** 
 164:Src/stm32h7xx_it.c ****   /* USER CODE END DebugMonitor_IRQn 0 */
 165:Src/stm32h7xx_it.c ****   /* USER CODE BEGIN DebugMonitor_IRQn 1 */
 166:Src/stm32h7xx_it.c **** 
 167:Src/stm32h7xx_it.c ****   /* USER CODE END DebugMonitor_IRQn 1 */
 168:Src/stm32h7xx_it.c **** }
 167              		.loc 1 168 1 view .LVU23
 168 0000 7047     		bx	lr
 169              		.cfi_endproc
 170              	.LFE150:
 172              		.section	.text.PendSV_Handler,"ax",%progbits
 173              		.align	1
 174              		.global	PendSV_Handler
 175              		.syntax unified
 176              		.thumb
 177              		.thumb_func
 179              	PendSV_Handler:
 180              	.LFB151:
 169:Src/stm32h7xx_it.c **** 
 170:Src/stm32h7xx_it.c **** /**
 171:Src/stm32h7xx_it.c ****   * @brief This function handles Pendable request for system service.
 172:Src/stm32h7xx_it.c ****   */
ARM GAS  /var/folders/mq/wg13gp494590nh4zyt09lxf00000gn/T//cc4Wxg1U.s 			page 7


 173:Src/stm32h7xx_it.c **** void PendSV_Handler(void)
 174:Src/stm32h7xx_it.c **** {
 181              		.loc 1 174 1 view -0
 182              		.cfi_startproc
 183              		@ args = 0, pretend = 0, frame = 0
 184              		@ frame_needed = 0, uses_anonymous_args = 0
 185              		@ link register save eliminated.
 175:Src/stm32h7xx_it.c ****   /* USER CODE BEGIN PendSV_IRQn 0 */
 176:Src/stm32h7xx_it.c **** 
 177:Src/stm32h7xx_it.c ****   /* USER CODE END PendSV_IRQn 0 */
 178:Src/stm32h7xx_it.c ****   /* USER CODE BEGIN PendSV_IRQn 1 */
 179:Src/stm32h7xx_it.c **** 
 180:Src/stm32h7xx_it.c ****   /* USER CODE END PendSV_IRQn 1 */
 181:Src/stm32h7xx_it.c **** }
 186              		.loc 1 181 1 view .LVU25
 187 0000 7047     		bx	lr
 188              		.cfi_endproc
 189              	.LFE151:
 191              		.section	.text.SysTick_Handler,"ax",%progbits
 192              		.align	1
 193              		.global	SysTick_Handler
 194              		.syntax unified
 195              		.thumb
 196              		.thumb_func
 198              	SysTick_Handler:
 199              	.LFB152:
 182:Src/stm32h7xx_it.c **** 
 183:Src/stm32h7xx_it.c **** /**
 184:Src/stm32h7xx_it.c ****   * @brief This function handles System tick timer.
 185:Src/stm32h7xx_it.c ****   */
 186:Src/stm32h7xx_it.c **** void SysTick_Handler(void)
 187:Src/stm32h7xx_it.c **** {
 200              		.loc 1 187 1 view -0
 201              		.cfi_startproc
 202              		@ args = 0, pretend = 0, frame = 0
 203              		@ frame_needed = 0, uses_anonymous_args = 0
 204 0000 08B5     		push	{r3, lr}
 205              	.LCFI0:
 206              		.cfi_def_cfa_offset 8
 207              		.cfi_offset 3, -8
 208              		.cfi_offset 14, -4
 188:Src/stm32h7xx_it.c ****   /* USER CODE BEGIN SysTick_IRQn 0 */
 189:Src/stm32h7xx_it.c **** 
 190:Src/stm32h7xx_it.c ****   /* USER CODE END SysTick_IRQn 0 */
 191:Src/stm32h7xx_it.c ****   HAL_IncTick();
 209              		.loc 1 191 3 view .LVU27
 210 0002 FFF7FEFF 		bl	HAL_IncTick
 211              	.LVL0:
 192:Src/stm32h7xx_it.c ****   /* USER CODE BEGIN SysTick_IRQn 1 */
 193:Src/stm32h7xx_it.c **** 
 194:Src/stm32h7xx_it.c ****   /* USER CODE END SysTick_IRQn 1 */
 195:Src/stm32h7xx_it.c **** }
 212              		.loc 1 195 1 is_stmt 0 view .LVU28
 213 0006 08BD     		pop	{r3, pc}
 214              		.cfi_endproc
 215              	.LFE152:
 217              		.section	.text.DMA1_Stream0_IRQHandler,"ax",%progbits
ARM GAS  /var/folders/mq/wg13gp494590nh4zyt09lxf00000gn/T//cc4Wxg1U.s 			page 8


 218              		.align	1
 219              		.global	DMA1_Stream0_IRQHandler
 220              		.syntax unified
 221              		.thumb
 222              		.thumb_func
 224              	DMA1_Stream0_IRQHandler:
 225              	.LFB153:
 196:Src/stm32h7xx_it.c **** 
 197:Src/stm32h7xx_it.c **** /******************************************************************************/
 198:Src/stm32h7xx_it.c **** /* STM32H7xx Peripheral Interrupt Handlers                                    */
 199:Src/stm32h7xx_it.c **** /* Add here the Interrupt Handlers for the used peripherals.                  */
 200:Src/stm32h7xx_it.c **** /* For the available peripheral interrupt handler names,                      */
 201:Src/stm32h7xx_it.c **** /* please refer to the startup file (startup_stm32h7xx.s).                    */
 202:Src/stm32h7xx_it.c **** /******************************************************************************/
 203:Src/stm32h7xx_it.c **** 
 204:Src/stm32h7xx_it.c **** /**
 205:Src/stm32h7xx_it.c ****   * @brief This function handles DMA1 stream0 global interrupt.
 206:Src/stm32h7xx_it.c ****   */
 207:Src/stm32h7xx_it.c **** void DMA1_Stream0_IRQHandler(void)
 208:Src/stm32h7xx_it.c **** {
 226              		.loc 1 208 1 is_stmt 1 view -0
 227              		.cfi_startproc
 228              		@ args = 0, pretend = 0, frame = 0
 229              		@ frame_needed = 0, uses_anonymous_args = 0
 230 0000 08B5     		push	{r3, lr}
 231              	.LCFI1:
 232              		.cfi_def_cfa_offset 8
 233              		.cfi_offset 3, -8
 234              		.cfi_offset 14, -4
 209:Src/stm32h7xx_it.c ****   /* USER CODE BEGIN DMA1_Stream0_IRQn 0 */
 210:Src/stm32h7xx_it.c **** 
 211:Src/stm32h7xx_it.c ****   /* USER CODE END DMA1_Stream0_IRQn 0 */
 212:Src/stm32h7xx_it.c ****   HAL_DMA_IRQHandler(&hdma_dcmi);
 235              		.loc 1 212 3 view .LVU30
 236 0002 0248     		ldr	r0, .L18
 237 0004 FFF7FEFF 		bl	HAL_DMA_IRQHandler
 238              	.LVL1:
 213:Src/stm32h7xx_it.c ****   /* USER CODE BEGIN DMA1_Stream0_IRQn 1 */
 214:Src/stm32h7xx_it.c **** 
 215:Src/stm32h7xx_it.c ****   /* USER CODE END DMA1_Stream0_IRQn 1 */
 216:Src/stm32h7xx_it.c **** }
 239              		.loc 1 216 1 is_stmt 0 view .LVU31
 240 0008 08BD     		pop	{r3, pc}
 241              	.L19:
 242 000a 00BF     		.align	2
 243              	.L18:
 244 000c 00000000 		.word	hdma_dcmi
 245              		.cfi_endproc
 246              	.LFE153:
 248              		.section	.text.SDMMC1_IRQHandler,"ax",%progbits
 249              		.align	1
 250              		.global	SDMMC1_IRQHandler
 251              		.syntax unified
 252              		.thumb
 253              		.thumb_func
 255              	SDMMC1_IRQHandler:
 256              	.LFB154:
ARM GAS  /var/folders/mq/wg13gp494590nh4zyt09lxf00000gn/T//cc4Wxg1U.s 			page 9


 217:Src/stm32h7xx_it.c **** 
 218:Src/stm32h7xx_it.c **** /**
 219:Src/stm32h7xx_it.c ****   * @brief This function handles SDMMC1 global interrupt.
 220:Src/stm32h7xx_it.c ****   */
 221:Src/stm32h7xx_it.c **** void SDMMC1_IRQHandler(void)
 222:Src/stm32h7xx_it.c **** {
 257              		.loc 1 222 1 is_stmt 1 view -0
 258              		.cfi_startproc
 259              		@ args = 0, pretend = 0, frame = 0
 260              		@ frame_needed = 0, uses_anonymous_args = 0
 261 0000 08B5     		push	{r3, lr}
 262              	.LCFI2:
 263              		.cfi_def_cfa_offset 8
 264              		.cfi_offset 3, -8
 265              		.cfi_offset 14, -4
 223:Src/stm32h7xx_it.c ****   /* USER CODE BEGIN SDMMC1_IRQn 0 */
 224:Src/stm32h7xx_it.c **** 
 225:Src/stm32h7xx_it.c ****   /* USER CODE END SDMMC1_IRQn 0 */
 226:Src/stm32h7xx_it.c ****   HAL_SD_IRQHandler(&hsd1);
 266              		.loc 1 226 3 view .LVU33
 267 0002 0248     		ldr	r0, .L22
 268 0004 FFF7FEFF 		bl	HAL_SD_IRQHandler
 269              	.LVL2:
 227:Src/stm32h7xx_it.c ****   /* USER CODE BEGIN SDMMC1_IRQn 1 */
 228:Src/stm32h7xx_it.c **** 
 229:Src/stm32h7xx_it.c ****   /* USER CODE END SDMMC1_IRQn 1 */
 230:Src/stm32h7xx_it.c **** }
 270              		.loc 1 230 1 is_stmt 0 view .LVU34
 271 0008 08BD     		pop	{r3, pc}
 272              	.L23:
 273 000a 00BF     		.align	2
 274              	.L22:
 275 000c 00000000 		.word	hsd1
 276              		.cfi_endproc
 277              	.LFE154:
 279              		.section	.text.DCMI_IRQHandler,"ax",%progbits
 280              		.align	1
 281              		.global	DCMI_IRQHandler
 282              		.syntax unified
 283              		.thumb
 284              		.thumb_func
 286              	DCMI_IRQHandler:
 287              	.LFB155:
 231:Src/stm32h7xx_it.c **** 
 232:Src/stm32h7xx_it.c **** /**
 233:Src/stm32h7xx_it.c ****   * @brief This function handles DCMI global interrupt.
 234:Src/stm32h7xx_it.c ****   */
 235:Src/stm32h7xx_it.c **** void DCMI_IRQHandler(void)
 236:Src/stm32h7xx_it.c **** {
 288              		.loc 1 236 1 is_stmt 1 view -0
 289              		.cfi_startproc
 290              		@ args = 0, pretend = 0, frame = 0
 291              		@ frame_needed = 0, uses_anonymous_args = 0
 292 0000 08B5     		push	{r3, lr}
 293              	.LCFI3:
 294              		.cfi_def_cfa_offset 8
 295              		.cfi_offset 3, -8
ARM GAS  /var/folders/mq/wg13gp494590nh4zyt09lxf00000gn/T//cc4Wxg1U.s 			page 10


 296              		.cfi_offset 14, -4
 237:Src/stm32h7xx_it.c ****   /* USER CODE BEGIN DCMI_IRQn 0 */
 238:Src/stm32h7xx_it.c **** 
 239:Src/stm32h7xx_it.c ****   /* USER CODE END DCMI_IRQn 0 */
 240:Src/stm32h7xx_it.c ****   HAL_DCMI_IRQHandler(&hdcmi);
 297              		.loc 1 240 3 view .LVU36
 298 0002 0248     		ldr	r0, .L26
 299 0004 FFF7FEFF 		bl	HAL_DCMI_IRQHandler
 300              	.LVL3:
 241:Src/stm32h7xx_it.c ****   /* USER CODE BEGIN DCMI_IRQn 1 */
 242:Src/stm32h7xx_it.c **** 
 243:Src/stm32h7xx_it.c ****   /* USER CODE END DCMI_IRQn 1 */
 244:Src/stm32h7xx_it.c **** }
 301              		.loc 1 244 1 is_stmt 0 view .LVU37
 302 0008 08BD     		pop	{r3, pc}
 303              	.L27:
 304 000a 00BF     		.align	2
 305              	.L26:
 306 000c 00000000 		.word	hdcmi
 307              		.cfi_endproc
 308              	.LFE155:
 310              		.section	.text.TIM16_IRQHandler,"ax",%progbits
 311              		.align	1
 312              		.global	TIM16_IRQHandler
 313              		.syntax unified
 314              		.thumb
 315              		.thumb_func
 317              	TIM16_IRQHandler:
 318              	.LFB156:
 245:Src/stm32h7xx_it.c **** 
 246:Src/stm32h7xx_it.c **** /**
 247:Src/stm32h7xx_it.c ****   * @brief This function handles TIM16 global interrupt.
 248:Src/stm32h7xx_it.c ****   */
 249:Src/stm32h7xx_it.c **** void TIM16_IRQHandler(void)
 250:Src/stm32h7xx_it.c **** {
 319              		.loc 1 250 1 is_stmt 1 view -0
 320              		.cfi_startproc
 321              		@ args = 0, pretend = 0, frame = 0
 322              		@ frame_needed = 0, uses_anonymous_args = 0
 323 0000 08B5     		push	{r3, lr}
 324              	.LCFI4:
 325              		.cfi_def_cfa_offset 8
 326              		.cfi_offset 3, -8
 327              		.cfi_offset 14, -4
 251:Src/stm32h7xx_it.c ****   /* USER CODE BEGIN TIM16_IRQn 0 */
 252:Src/stm32h7xx_it.c **** 
 253:Src/stm32h7xx_it.c ****   /* USER CODE END TIM16_IRQn 0 */
 254:Src/stm32h7xx_it.c ****   HAL_TIM_IRQHandler(&htim16);
 328              		.loc 1 254 3 view .LVU39
 329 0002 0248     		ldr	r0, .L30
 330 0004 FFF7FEFF 		bl	HAL_TIM_IRQHandler
 331              	.LVL4:
 255:Src/stm32h7xx_it.c ****   /* USER CODE BEGIN TIM16_IRQn 1 */
 256:Src/stm32h7xx_it.c **** 
 257:Src/stm32h7xx_it.c ****   /* USER CODE END TIM16_IRQn 1 */
 258:Src/stm32h7xx_it.c **** }
 332              		.loc 1 258 1 is_stmt 0 view .LVU40
ARM GAS  /var/folders/mq/wg13gp494590nh4zyt09lxf00000gn/T//cc4Wxg1U.s 			page 11


 333 0008 08BD     		pop	{r3, pc}
 334              	.L31:
 335 000a 00BF     		.align	2
 336              	.L30:
 337 000c 00000000 		.word	htim16
 338              		.cfi_endproc
 339              	.LFE156:
 341              		.text
 342              	.Letext0:
 343              		.file 2 "/Applications/ArmGNUToolchain/13.3.rel1/arm-none-eabi/arm-none-eabi/include/machine/_defa
 344              		.file 3 "/Applications/ArmGNUToolchain/13.3.rel1/arm-none-eabi/arm-none-eabi/include/sys/_stdint.h
 345              		.file 4 "Drivers/CMSIS/Device/ST/STM32H7xx/Include/stm32h750xx.h"
 346              		.file 5 "Drivers/STM32H7xx_HAL_Driver/Inc/stm32h7xx_hal_def.h"
 347              		.file 6 "Drivers/STM32H7xx_HAL_Driver/Inc/stm32h7xx_hal_dma.h"
 348              		.file 7 "Drivers/STM32H7xx_HAL_Driver/Inc/stm32h7xx_hal_dcmi.h"
 349              		.file 8 "Drivers/STM32H7xx_HAL_Driver/Inc/stm32h7xx_ll_sdmmc.h"
 350              		.file 9 "Drivers/STM32H7xx_HAL_Driver/Inc/stm32h7xx_hal_sd.h"
 351              		.file 10 "Drivers/STM32H7xx_HAL_Driver/Inc/stm32h7xx_hal_tim.h"
 352              		.file 11 "Drivers/STM32H7xx_HAL_Driver/Inc/stm32h7xx_hal.h"
ARM GAS  /var/folders/mq/wg13gp494590nh4zyt09lxf00000gn/T//cc4Wxg1U.s 			page 12


DEFINED SYMBOLS
                            *ABS*:00000000 stm32h7xx_it.c
/var/folders/mq/wg13gp494590nh4zyt09lxf00000gn/T//cc4Wxg1U.s:20     .text.NMI_Handler:00000000 $t
/var/folders/mq/wg13gp494590nh4zyt09lxf00000gn/T//cc4Wxg1U.s:26     .text.NMI_Handler:00000000 NMI_Handler
/var/folders/mq/wg13gp494590nh4zyt09lxf00000gn/T//cc4Wxg1U.s:43     .text.HardFault_Handler:00000000 $t
/var/folders/mq/wg13gp494590nh4zyt09lxf00000gn/T//cc4Wxg1U.s:49     .text.HardFault_Handler:00000000 HardFault_Handler
/var/folders/mq/wg13gp494590nh4zyt09lxf00000gn/T//cc4Wxg1U.s:66     .text.MemManage_Handler:00000000 $t
/var/folders/mq/wg13gp494590nh4zyt09lxf00000gn/T//cc4Wxg1U.s:72     .text.MemManage_Handler:00000000 MemManage_Handler
/var/folders/mq/wg13gp494590nh4zyt09lxf00000gn/T//cc4Wxg1U.s:89     .text.BusFault_Handler:00000000 $t
/var/folders/mq/wg13gp494590nh4zyt09lxf00000gn/T//cc4Wxg1U.s:95     .text.BusFault_Handler:00000000 BusFault_Handler
/var/folders/mq/wg13gp494590nh4zyt09lxf00000gn/T//cc4Wxg1U.s:112    .text.UsageFault_Handler:00000000 $t
/var/folders/mq/wg13gp494590nh4zyt09lxf00000gn/T//cc4Wxg1U.s:118    .text.UsageFault_Handler:00000000 UsageFault_Handler
/var/folders/mq/wg13gp494590nh4zyt09lxf00000gn/T//cc4Wxg1U.s:135    .text.SVC_Handler:00000000 $t
/var/folders/mq/wg13gp494590nh4zyt09lxf00000gn/T//cc4Wxg1U.s:141    .text.SVC_Handler:00000000 SVC_Handler
/var/folders/mq/wg13gp494590nh4zyt09lxf00000gn/T//cc4Wxg1U.s:154    .text.DebugMon_Handler:00000000 $t
/var/folders/mq/wg13gp494590nh4zyt09lxf00000gn/T//cc4Wxg1U.s:160    .text.DebugMon_Handler:00000000 DebugMon_Handler
/var/folders/mq/wg13gp494590nh4zyt09lxf00000gn/T//cc4Wxg1U.s:173    .text.PendSV_Handler:00000000 $t
/var/folders/mq/wg13gp494590nh4zyt09lxf00000gn/T//cc4Wxg1U.s:179    .text.PendSV_Handler:00000000 PendSV_Handler
/var/folders/mq/wg13gp494590nh4zyt09lxf00000gn/T//cc4Wxg1U.s:192    .text.SysTick_Handler:00000000 $t
/var/folders/mq/wg13gp494590nh4zyt09lxf00000gn/T//cc4Wxg1U.s:198    .text.SysTick_Handler:00000000 SysTick_Handler
/var/folders/mq/wg13gp494590nh4zyt09lxf00000gn/T//cc4Wxg1U.s:218    .text.DMA1_Stream0_IRQHandler:00000000 $t
/var/folders/mq/wg13gp494590nh4zyt09lxf00000gn/T//cc4Wxg1U.s:224    .text.DMA1_Stream0_IRQHandler:00000000 DMA1_Stream0_IRQHandler
/var/folders/mq/wg13gp494590nh4zyt09lxf00000gn/T//cc4Wxg1U.s:244    .text.DMA1_Stream0_IRQHandler:0000000c $d
/var/folders/mq/wg13gp494590nh4zyt09lxf00000gn/T//cc4Wxg1U.s:249    .text.SDMMC1_IRQHandler:00000000 $t
/var/folders/mq/wg13gp494590nh4zyt09lxf00000gn/T//cc4Wxg1U.s:255    .text.SDMMC1_IRQHandler:00000000 SDMMC1_IRQHandler
/var/folders/mq/wg13gp494590nh4zyt09lxf00000gn/T//cc4Wxg1U.s:275    .text.SDMMC1_IRQHandler:0000000c $d
/var/folders/mq/wg13gp494590nh4zyt09lxf00000gn/T//cc4Wxg1U.s:280    .text.DCMI_IRQHandler:00000000 $t
/var/folders/mq/wg13gp494590nh4zyt09lxf00000gn/T//cc4Wxg1U.s:286    .text.DCMI_IRQHandler:00000000 DCMI_IRQHandler
/var/folders/mq/wg13gp494590nh4zyt09lxf00000gn/T//cc4Wxg1U.s:306    .text.DCMI_IRQHandler:0000000c $d
/var/folders/mq/wg13gp494590nh4zyt09lxf00000gn/T//cc4Wxg1U.s:311    .text.TIM16_IRQHandler:00000000 $t
/var/folders/mq/wg13gp494590nh4zyt09lxf00000gn/T//cc4Wxg1U.s:317    .text.TIM16_IRQHandler:00000000 TIM16_IRQHandler
/var/folders/mq/wg13gp494590nh4zyt09lxf00000gn/T//cc4Wxg1U.s:337    .text.TIM16_IRQHandler:0000000c $d

UNDEFINED SYMBOLS
HAL_IncTick
HAL_DMA_IRQHandler
hdma_dcmi
HAL_SD_IRQHandler
hsd1
HAL_DCMI_IRQHandler
hdcmi
HAL_TIM_IRQHandler
htim16
