ARM GAS  /var/folders/mq/wg13gp494590nh4zyt09lxf00000gn/T//ccFXFgo5.s 			page 1


   1              		.cpu cortex-m7
   2              		.arch armv7e-m
   3              		.fpu fpv5-d16
   4              		.eabi_attribute 28, 1
   5              		.eabi_attribute 20, 1
   6              		.eabi_attribute 21, 1
   7              		.eabi_attribute 23, 3
   8              		.eabi_attribute 24, 1
   9              		.eabi_attribute 25, 1
  10              		.eabi_attribute 26, 1
  11              		.eabi_attribute 30, 1
  12              		.eabi_attribute 34, 1
  13              		.eabi_attribute 18, 4
  14              		.file	"tim.c"
  15              		.text
  16              	.Ltext0:
  17              		.cfi_sections	.debug_frame
  18              		.file 1 "Src/tim.c"
  19              		.section	.text.MX_TIM16_Init,"ax",%progbits
  20              		.align	1
  21              		.global	MX_TIM16_Init
  22              		.syntax unified
  23              		.thumb
  24              		.thumb_func
  26              	MX_TIM16_Init:
  27              	.LFB145:
   1:Src/tim.c     **** /* USER CODE BEGIN Header */
   2:Src/tim.c     **** /**
   3:Src/tim.c     ****   ******************************************************************************
   4:Src/tim.c     ****   * @file    tim.c
   5:Src/tim.c     ****   * @brief   This file provides code for the configuration
   6:Src/tim.c     ****   *          of the TIM instances.
   7:Src/tim.c     ****   ******************************************************************************
   8:Src/tim.c     ****   * @attention
   9:Src/tim.c     ****   *
  10:Src/tim.c     ****   * Copyright (c) 2025 STMicroelectronics.
  11:Src/tim.c     ****   * All rights reserved.
  12:Src/tim.c     ****   *
  13:Src/tim.c     ****   * This software is licensed under terms that can be found in the LICENSE file
  14:Src/tim.c     ****   * in the root directory of this software component.
  15:Src/tim.c     ****   * If no LICENSE file comes with this software, it is provided AS-IS.
  16:Src/tim.c     ****   *
  17:Src/tim.c     ****   ******************************************************************************
  18:Src/tim.c     ****   */
  19:Src/tim.c     **** /* USER CODE END Header */
  20:Src/tim.c     **** /* Includes ------------------------------------------------------------------*/
  21:Src/tim.c     **** #include "tim.h"
  22:Src/tim.c     **** 
  23:Src/tim.c     **** /* USER CODE BEGIN 0 */
  24:Src/tim.c     **** 
  25:Src/tim.c     **** /* USER CODE END 0 */
  26:Src/tim.c     **** 
  27:Src/tim.c     **** TIM_HandleTypeDef htim1;
  28:Src/tim.c     **** TIM_HandleTypeDef htim16;
  29:Src/tim.c     **** 
  30:Src/tim.c     **** /* TIM1 init function */
  31:Src/tim.c     **** void MX_TIM1_Init(void)
ARM GAS  /var/folders/mq/wg13gp494590nh4zyt09lxf00000gn/T//ccFXFgo5.s 			page 2


  32:Src/tim.c     **** {
  33:Src/tim.c     **** 
  34:Src/tim.c     ****   /* USER CODE BEGIN TIM1_Init 0 */
  35:Src/tim.c     **** 
  36:Src/tim.c     ****   /* USER CODE END TIM1_Init 0 */
  37:Src/tim.c     **** 
  38:Src/tim.c     ****   TIM_MasterConfigTypeDef sMasterConfig = {0};
  39:Src/tim.c     ****   TIM_OC_InitTypeDef sConfigOC = {0};
  40:Src/tim.c     ****   TIM_BreakDeadTimeConfigTypeDef sBreakDeadTimeConfig = {0};
  41:Src/tim.c     **** 
  42:Src/tim.c     ****   /* USER CODE BEGIN TIM1_Init 1 */
  43:Src/tim.c     **** 
  44:Src/tim.c     ****   /* USER CODE END TIM1_Init 1 */
  45:Src/tim.c     ****   htim1.Instance = TIM1;
  46:Src/tim.c     ****   htim1.Init.Prescaler = 12-1;
  47:Src/tim.c     ****   htim1.Init.CounterMode = TIM_COUNTERMODE_UP;
  48:Src/tim.c     ****   htim1.Init.Period = 1000-1;
  49:Src/tim.c     ****   htim1.Init.ClockDivision = TIM_CLOCKDIVISION_DIV1;
  50:Src/tim.c     ****   htim1.Init.RepetitionCounter = 0;
  51:Src/tim.c     ****   htim1.Init.AutoReloadPreload = TIM_AUTORELOAD_PRELOAD_DISABLE;
  52:Src/tim.c     ****   if (HAL_TIM_PWM_Init(&htim1) != HAL_OK)
  53:Src/tim.c     ****   {
  54:Src/tim.c     ****     Error_Handler();
  55:Src/tim.c     ****   }
  56:Src/tim.c     ****   sMasterConfig.MasterOutputTrigger = TIM_TRGO_RESET;
  57:Src/tim.c     ****   sMasterConfig.MasterOutputTrigger2 = TIM_TRGO2_RESET;
  58:Src/tim.c     ****   sMasterConfig.MasterSlaveMode = TIM_MASTERSLAVEMODE_DISABLE;
  59:Src/tim.c     ****   if (HAL_TIMEx_MasterConfigSynchronization(&htim1, &sMasterConfig) != HAL_OK)
  60:Src/tim.c     ****   {
  61:Src/tim.c     ****     Error_Handler();
  62:Src/tim.c     ****   }
  63:Src/tim.c     ****   sConfigOC.OCMode = TIM_OCMODE_PWM1;
  64:Src/tim.c     ****   sConfigOC.Pulse = 0;
  65:Src/tim.c     ****   sConfigOC.OCPolarity = TIM_OCPOLARITY_HIGH;
  66:Src/tim.c     ****   sConfigOC.OCNPolarity = TIM_OCNPOLARITY_LOW;
  67:Src/tim.c     ****   sConfigOC.OCFastMode = TIM_OCFAST_DISABLE;
  68:Src/tim.c     ****   sConfigOC.OCIdleState = TIM_OCIDLESTATE_RESET;
  69:Src/tim.c     ****   sConfigOC.OCNIdleState = TIM_OCNIDLESTATE_RESET;
  70:Src/tim.c     ****   if (HAL_TIM_PWM_ConfigChannel(&htim1, &sConfigOC, TIM_CHANNEL_2) != HAL_OK)
  71:Src/tim.c     ****   {
  72:Src/tim.c     ****     Error_Handler();
  73:Src/tim.c     ****   }
  74:Src/tim.c     ****   sBreakDeadTimeConfig.OffStateRunMode = TIM_OSSR_DISABLE;
  75:Src/tim.c     ****   sBreakDeadTimeConfig.OffStateIDLEMode = TIM_OSSI_DISABLE;
  76:Src/tim.c     ****   sBreakDeadTimeConfig.LockLevel = TIM_LOCKLEVEL_OFF;
  77:Src/tim.c     ****   sBreakDeadTimeConfig.DeadTime = 0;
  78:Src/tim.c     ****   sBreakDeadTimeConfig.BreakState = TIM_BREAK_DISABLE;
  79:Src/tim.c     ****   sBreakDeadTimeConfig.BreakPolarity = TIM_BREAKPOLARITY_HIGH;
  80:Src/tim.c     ****   sBreakDeadTimeConfig.BreakFilter = 0;
  81:Src/tim.c     ****   sBreakDeadTimeConfig.Break2State = TIM_BREAK2_DISABLE;
  82:Src/tim.c     ****   sBreakDeadTimeConfig.Break2Polarity = TIM_BREAK2POLARITY_HIGH;
  83:Src/tim.c     ****   sBreakDeadTimeConfig.Break2Filter = 0;
  84:Src/tim.c     ****   sBreakDeadTimeConfig.AutomaticOutput = TIM_AUTOMATICOUTPUT_DISABLE;
  85:Src/tim.c     ****   if (HAL_TIMEx_ConfigBreakDeadTime(&htim1, &sBreakDeadTimeConfig) != HAL_OK)
  86:Src/tim.c     ****   {
  87:Src/tim.c     ****     Error_Handler();
  88:Src/tim.c     ****   }
ARM GAS  /var/folders/mq/wg13gp494590nh4zyt09lxf00000gn/T//ccFXFgo5.s 			page 3


  89:Src/tim.c     ****   /* USER CODE BEGIN TIM1_Init 2 */
  90:Src/tim.c     **** 
  91:Src/tim.c     ****   /* USER CODE END TIM1_Init 2 */
  92:Src/tim.c     ****   HAL_TIM_MspPostInit(&htim1);
  93:Src/tim.c     **** 
  94:Src/tim.c     **** }
  95:Src/tim.c     **** /* TIM16 init function */
  96:Src/tim.c     **** void MX_TIM16_Init(void)
  97:Src/tim.c     **** {
  28              		.loc 1 97 1 view -0
  29              		.cfi_startproc
  30              		@ args = 0, pretend = 0, frame = 0
  31              		@ frame_needed = 0, uses_anonymous_args = 0
  32 0000 08B5     		push	{r3, lr}
  33              	.LCFI0:
  34              		.cfi_def_cfa_offset 8
  35              		.cfi_offset 3, -8
  36              		.cfi_offset 14, -4
  98:Src/tim.c     **** 
  99:Src/tim.c     ****   /* USER CODE BEGIN TIM16_Init 0 */
 100:Src/tim.c     **** 
 101:Src/tim.c     ****   /* USER CODE END TIM16_Init 0 */
 102:Src/tim.c     **** 
 103:Src/tim.c     ****   /* USER CODE BEGIN TIM16_Init 1 */
 104:Src/tim.c     **** 
 105:Src/tim.c     ****   /* USER CODE END TIM16_Init 1 */
 106:Src/tim.c     ****   htim16.Instance = TIM16;
  37              		.loc 1 106 3 view .LVU1
  38              		.loc 1 106 19 is_stmt 0 view .LVU2
  39 0002 0948     		ldr	r0, .L5
  40 0004 094B     		ldr	r3, .L5+4
  41 0006 0360     		str	r3, [r0]
 107:Src/tim.c     ****   htim16.Init.Prescaler = 120-1;
  42              		.loc 1 107 3 is_stmt 1 view .LVU3
  43              		.loc 1 107 25 is_stmt 0 view .LVU4
  44 0008 7723     		movs	r3, #119
  45 000a 4360     		str	r3, [r0, #4]
 108:Src/tim.c     ****   htim16.Init.CounterMode = TIM_COUNTERMODE_UP;
  46              		.loc 1 108 3 is_stmt 1 view .LVU5
  47              		.loc 1 108 27 is_stmt 0 view .LVU6
  48 000c 0023     		movs	r3, #0
  49 000e 8360     		str	r3, [r0, #8]
 109:Src/tim.c     ****   htim16.Init.Period = 100-1;
  50              		.loc 1 109 3 is_stmt 1 view .LVU7
  51              		.loc 1 109 22 is_stmt 0 view .LVU8
  52 0010 6322     		movs	r2, #99
  53 0012 C260     		str	r2, [r0, #12]
 110:Src/tim.c     ****   htim16.Init.ClockDivision = TIM_CLOCKDIVISION_DIV1;
  54              		.loc 1 110 3 is_stmt 1 view .LVU9
  55              		.loc 1 110 29 is_stmt 0 view .LVU10
  56 0014 0361     		str	r3, [r0, #16]
 111:Src/tim.c     ****   htim16.Init.RepetitionCounter = 0;
  57              		.loc 1 111 3 is_stmt 1 view .LVU11
  58              		.loc 1 111 33 is_stmt 0 view .LVU12
  59 0016 4361     		str	r3, [r0, #20]
 112:Src/tim.c     ****   htim16.Init.AutoReloadPreload = TIM_AUTORELOAD_PRELOAD_DISABLE;
  60              		.loc 1 112 3 is_stmt 1 view .LVU13
ARM GAS  /var/folders/mq/wg13gp494590nh4zyt09lxf00000gn/T//ccFXFgo5.s 			page 4


  61              		.loc 1 112 33 is_stmt 0 view .LVU14
  62 0018 8361     		str	r3, [r0, #24]
 113:Src/tim.c     ****   if (HAL_TIM_Base_Init(&htim16) != HAL_OK)
  63              		.loc 1 113 3 is_stmt 1 view .LVU15
  64              		.loc 1 113 7 is_stmt 0 view .LVU16
  65 001a FFF7FEFF 		bl	HAL_TIM_Base_Init
  66              	.LVL0:
  67              		.loc 1 113 6 discriminator 1 view .LVU17
  68 001e 00B9     		cbnz	r0, .L4
  69              	.L1:
 114:Src/tim.c     ****   {
 115:Src/tim.c     ****     Error_Handler();
 116:Src/tim.c     ****   }
 117:Src/tim.c     ****   /* USER CODE BEGIN TIM16_Init 2 */
 118:Src/tim.c     **** 
 119:Src/tim.c     ****   /* USER CODE END TIM16_Init 2 */
 120:Src/tim.c     **** 
 121:Src/tim.c     **** }
  70              		.loc 1 121 1 view .LVU18
  71 0020 08BD     		pop	{r3, pc}
  72              	.L4:
 115:Src/tim.c     ****   }
  73              		.loc 1 115 5 is_stmt 1 view .LVU19
  74 0022 FFF7FEFF 		bl	Error_Handler
  75              	.LVL1:
  76              		.loc 1 121 1 is_stmt 0 view .LVU20
  77 0026 FBE7     		b	.L1
  78              	.L6:
  79              		.align	2
  80              	.L5:
  81 0028 00000000 		.word	htim16
  82 002c 00440140 		.word	1073824768
  83              		.cfi_endproc
  84              	.LFE145:
  86              		.section	.text.HAL_TIM_PWM_MspInit,"ax",%progbits
  87              		.align	1
  88              		.global	HAL_TIM_PWM_MspInit
  89              		.syntax unified
  90              		.thumb
  91              		.thumb_func
  93              	HAL_TIM_PWM_MspInit:
  94              	.LVL2:
  95              	.LFB146:
 122:Src/tim.c     **** 
 123:Src/tim.c     **** void HAL_TIM_PWM_MspInit(TIM_HandleTypeDef* tim_pwmHandle)
 124:Src/tim.c     **** {
  96              		.loc 1 124 1 is_stmt 1 view -0
  97              		.cfi_startproc
  98              		@ args = 0, pretend = 0, frame = 8
  99              		@ frame_needed = 0, uses_anonymous_args = 0
 100              		@ link register save eliminated.
 125:Src/tim.c     **** 
 126:Src/tim.c     ****   if(tim_pwmHandle->Instance==TIM1)
 101              		.loc 1 126 3 view .LVU22
 102              		.loc 1 126 19 is_stmt 0 view .LVU23
 103 0000 0268     		ldr	r2, [r0]
 104              		.loc 1 126 5 view .LVU24
ARM GAS  /var/folders/mq/wg13gp494590nh4zyt09lxf00000gn/T//ccFXFgo5.s 			page 5


 105 0002 0A4B     		ldr	r3, .L14
 106 0004 9A42     		cmp	r2, r3
 107 0006 00D0     		beq	.L13
 108 0008 7047     		bx	lr
 109              	.L13:
 124:Src/tim.c     **** 
 110              		.loc 1 124 1 view .LVU25
 111 000a 82B0     		sub	sp, sp, #8
 112              	.LCFI1:
 113              		.cfi_def_cfa_offset 8
 127:Src/tim.c     ****   {
 128:Src/tim.c     ****   /* USER CODE BEGIN TIM1_MspInit 0 */
 129:Src/tim.c     **** 
 130:Src/tim.c     ****   /* USER CODE END TIM1_MspInit 0 */
 131:Src/tim.c     ****     /* TIM1 clock enable */
 132:Src/tim.c     ****     __HAL_RCC_TIM1_CLK_ENABLE();
 114              		.loc 1 132 5 is_stmt 1 view .LVU26
 115              	.LBB2:
 116              		.loc 1 132 5 view .LVU27
 117              		.loc 1 132 5 view .LVU28
 118 000c 084B     		ldr	r3, .L14+4
 119 000e D3F8F020 		ldr	r2, [r3, #240]
 120 0012 42F00102 		orr	r2, r2, #1
 121 0016 C3F8F020 		str	r2, [r3, #240]
 122              		.loc 1 132 5 view .LVU29
 123 001a D3F8F030 		ldr	r3, [r3, #240]
 124 001e 03F00103 		and	r3, r3, #1
 125 0022 0193     		str	r3, [sp, #4]
 126              		.loc 1 132 5 view .LVU30
 127 0024 019B     		ldr	r3, [sp, #4]
 128              	.LBE2:
 129              		.loc 1 132 5 discriminator 1 view .LVU31
 133:Src/tim.c     ****   /* USER CODE BEGIN TIM1_MspInit 1 */
 134:Src/tim.c     **** 
 135:Src/tim.c     ****   /* USER CODE END TIM1_MspInit 1 */
 136:Src/tim.c     ****   }
 137:Src/tim.c     **** }
 130              		.loc 1 137 1 is_stmt 0 view .LVU32
 131 0026 02B0     		add	sp, sp, #8
 132              	.LCFI2:
 133              		.cfi_def_cfa_offset 0
 134              		@ sp needed
 135 0028 7047     		bx	lr
 136              	.L15:
 137 002a 00BF     		.align	2
 138              	.L14:
 139 002c 00000140 		.word	1073807360
 140 0030 00440258 		.word	1476543488
 141              		.cfi_endproc
 142              	.LFE146:
 144              		.section	.text.HAL_TIM_Base_MspInit,"ax",%progbits
 145              		.align	1
 146              		.global	HAL_TIM_Base_MspInit
 147              		.syntax unified
 148              		.thumb
 149              		.thumb_func
 151              	HAL_TIM_Base_MspInit:
ARM GAS  /var/folders/mq/wg13gp494590nh4zyt09lxf00000gn/T//ccFXFgo5.s 			page 6


 152              	.LVL3:
 153              	.LFB147:
 138:Src/tim.c     **** 
 139:Src/tim.c     **** void HAL_TIM_Base_MspInit(TIM_HandleTypeDef* tim_baseHandle)
 140:Src/tim.c     **** {
 154              		.loc 1 140 1 is_stmt 1 view -0
 155              		.cfi_startproc
 156              		@ args = 0, pretend = 0, frame = 8
 157              		@ frame_needed = 0, uses_anonymous_args = 0
 141:Src/tim.c     **** 
 142:Src/tim.c     ****   if(tim_baseHandle->Instance==TIM16)
 158              		.loc 1 142 3 view .LVU34
 159              		.loc 1 142 20 is_stmt 0 view .LVU35
 160 0000 0268     		ldr	r2, [r0]
 161              		.loc 1 142 5 view .LVU36
 162 0002 0F4B     		ldr	r3, .L23
 163 0004 9A42     		cmp	r2, r3
 164 0006 00D0     		beq	.L22
 165 0008 7047     		bx	lr
 166              	.L22:
 140:Src/tim.c     **** 
 167              		.loc 1 140 1 view .LVU37
 168 000a 00B5     		push	{lr}
 169              	.LCFI3:
 170              		.cfi_def_cfa_offset 4
 171              		.cfi_offset 14, -4
 172 000c 83B0     		sub	sp, sp, #12
 173              	.LCFI4:
 174              		.cfi_def_cfa_offset 16
 143:Src/tim.c     ****   {
 144:Src/tim.c     ****   /* USER CODE BEGIN TIM16_MspInit 0 */
 145:Src/tim.c     **** 
 146:Src/tim.c     ****   /* USER CODE END TIM16_MspInit 0 */
 147:Src/tim.c     ****     /* TIM16 clock enable */
 148:Src/tim.c     ****     __HAL_RCC_TIM16_CLK_ENABLE();
 175              		.loc 1 148 5 is_stmt 1 view .LVU38
 176              	.LBB3:
 177              		.loc 1 148 5 view .LVU39
 178              		.loc 1 148 5 view .LVU40
 179 000e 0D4B     		ldr	r3, .L23+4
 180 0010 D3F8F020 		ldr	r2, [r3, #240]
 181 0014 42F40032 		orr	r2, r2, #131072
 182 0018 C3F8F020 		str	r2, [r3, #240]
 183              		.loc 1 148 5 view .LVU41
 184 001c D3F8F030 		ldr	r3, [r3, #240]
 185 0020 03F40033 		and	r3, r3, #131072
 186 0024 0193     		str	r3, [sp, #4]
 187              		.loc 1 148 5 view .LVU42
 188 0026 019B     		ldr	r3, [sp, #4]
 189              	.LBE3:
 190              		.loc 1 148 5 view .LVU43
 149:Src/tim.c     **** 
 150:Src/tim.c     ****     /* TIM16 interrupt Init */
 151:Src/tim.c     ****     HAL_NVIC_SetPriority(TIM16_IRQn, 2, 0);
 191              		.loc 1 151 5 view .LVU44
 192 0028 0022     		movs	r2, #0
 193 002a 0221     		movs	r1, #2
ARM GAS  /var/folders/mq/wg13gp494590nh4zyt09lxf00000gn/T//ccFXFgo5.s 			page 7


 194 002c 7520     		movs	r0, #117
 195              	.LVL4:
 196              		.loc 1 151 5 is_stmt 0 view .LVU45
 197 002e FFF7FEFF 		bl	HAL_NVIC_SetPriority
 198              	.LVL5:
 152:Src/tim.c     ****     HAL_NVIC_EnableIRQ(TIM16_IRQn);
 199              		.loc 1 152 5 is_stmt 1 view .LVU46
 200 0032 7520     		movs	r0, #117
 201 0034 FFF7FEFF 		bl	HAL_NVIC_EnableIRQ
 202              	.LVL6:
 153:Src/tim.c     ****   /* USER CODE BEGIN TIM16_MspInit 1 */
 154:Src/tim.c     **** 
 155:Src/tim.c     ****   /* USER CODE END TIM16_MspInit 1 */
 156:Src/tim.c     ****   }
 157:Src/tim.c     **** }
 203              		.loc 1 157 1 is_stmt 0 view .LVU47
 204 0038 03B0     		add	sp, sp, #12
 205              	.LCFI5:
 206              		.cfi_def_cfa_offset 4
 207              		@ sp needed
 208 003a 5DF804FB 		ldr	pc, [sp], #4
 209              	.L24:
 210 003e 00BF     		.align	2
 211              	.L23:
 212 0040 00440140 		.word	1073824768
 213 0044 00440258 		.word	1476543488
 214              		.cfi_endproc
 215              	.LFE147:
 217              		.section	.text.HAL_TIM_MspPostInit,"ax",%progbits
 218              		.align	1
 219              		.global	HAL_TIM_MspPostInit
 220              		.syntax unified
 221              		.thumb
 222              		.thumb_func
 224              	HAL_TIM_MspPostInit:
 225              	.LVL7:
 226              	.LFB148:
 158:Src/tim.c     **** void HAL_TIM_MspPostInit(TIM_HandleTypeDef* timHandle)
 159:Src/tim.c     **** {
 227              		.loc 1 159 1 is_stmt 1 view -0
 228              		.cfi_startproc
 229              		@ args = 0, pretend = 0, frame = 24
 230              		@ frame_needed = 0, uses_anonymous_args = 0
 231              		.loc 1 159 1 is_stmt 0 view .LVU49
 232 0000 00B5     		push	{lr}
 233              	.LCFI6:
 234              		.cfi_def_cfa_offset 4
 235              		.cfi_offset 14, -4
 236 0002 87B0     		sub	sp, sp, #28
 237              	.LCFI7:
 238              		.cfi_def_cfa_offset 32
 160:Src/tim.c     **** 
 161:Src/tim.c     ****   GPIO_InitTypeDef GPIO_InitStruct = {0};
 239              		.loc 1 161 3 is_stmt 1 view .LVU50
 240              		.loc 1 161 20 is_stmt 0 view .LVU51
 241 0004 0023     		movs	r3, #0
 242 0006 0193     		str	r3, [sp, #4]
ARM GAS  /var/folders/mq/wg13gp494590nh4zyt09lxf00000gn/T//ccFXFgo5.s 			page 8


 243 0008 0293     		str	r3, [sp, #8]
 244 000a 0393     		str	r3, [sp, #12]
 245 000c 0493     		str	r3, [sp, #16]
 246 000e 0593     		str	r3, [sp, #20]
 162:Src/tim.c     ****   if(timHandle->Instance==TIM1)
 247              		.loc 1 162 3 is_stmt 1 view .LVU52
 248              		.loc 1 162 15 is_stmt 0 view .LVU53
 249 0010 0268     		ldr	r2, [r0]
 250              		.loc 1 162 5 view .LVU54
 251 0012 0F4B     		ldr	r3, .L29
 252 0014 9A42     		cmp	r2, r3
 253 0016 02D0     		beq	.L28
 254              	.LVL8:
 255              	.L25:
 163:Src/tim.c     ****   {
 164:Src/tim.c     ****   /* USER CODE BEGIN TIM1_MspPostInit 0 */
 165:Src/tim.c     **** 
 166:Src/tim.c     ****   /* USER CODE END TIM1_MspPostInit 0 */
 167:Src/tim.c     **** 
 168:Src/tim.c     ****     __HAL_RCC_GPIOE_CLK_ENABLE();
 169:Src/tim.c     ****     /**TIM1 GPIO Configuration
 170:Src/tim.c     ****     PE10     ------> TIM1_CH2N
 171:Src/tim.c     ****     */
 172:Src/tim.c     ****     GPIO_InitStruct.Pin = GPIO_PIN_10;
 173:Src/tim.c     ****     GPIO_InitStruct.Mode = GPIO_MODE_AF_PP;
 174:Src/tim.c     ****     GPIO_InitStruct.Pull = GPIO_NOPULL;
 175:Src/tim.c     ****     GPIO_InitStruct.Speed = GPIO_SPEED_FREQ_LOW;
 176:Src/tim.c     ****     GPIO_InitStruct.Alternate = GPIO_AF1_TIM1;
 177:Src/tim.c     ****     HAL_GPIO_Init(GPIOE, &GPIO_InitStruct);
 178:Src/tim.c     **** 
 179:Src/tim.c     ****   /* USER CODE BEGIN TIM1_MspPostInit 1 */
 180:Src/tim.c     **** 
 181:Src/tim.c     ****   /* USER CODE END TIM1_MspPostInit 1 */
 182:Src/tim.c     ****   }
 183:Src/tim.c     **** 
 184:Src/tim.c     **** }
 256              		.loc 1 184 1 view .LVU55
 257 0018 07B0     		add	sp, sp, #28
 258              	.LCFI8:
 259              		.cfi_remember_state
 260              		.cfi_def_cfa_offset 4
 261              		@ sp needed
 262 001a 5DF804FB 		ldr	pc, [sp], #4
 263              	.LVL9:
 264              	.L28:
 265              	.LCFI9:
 266              		.cfi_restore_state
 168:Src/tim.c     ****     /**TIM1 GPIO Configuration
 267              		.loc 1 168 5 is_stmt 1 view .LVU56
 268              	.LBB4:
 168:Src/tim.c     ****     /**TIM1 GPIO Configuration
 269              		.loc 1 168 5 view .LVU57
 168:Src/tim.c     ****     /**TIM1 GPIO Configuration
 270              		.loc 1 168 5 view .LVU58
 271 001e 0D4B     		ldr	r3, .L29+4
 272 0020 D3F8E020 		ldr	r2, [r3, #224]
 273 0024 42F01002 		orr	r2, r2, #16
ARM GAS  /var/folders/mq/wg13gp494590nh4zyt09lxf00000gn/T//ccFXFgo5.s 			page 9


 274 0028 C3F8E020 		str	r2, [r3, #224]
 168:Src/tim.c     ****     /**TIM1 GPIO Configuration
 275              		.loc 1 168 5 view .LVU59
 276 002c D3F8E030 		ldr	r3, [r3, #224]
 277 0030 03F01003 		and	r3, r3, #16
 278 0034 0093     		str	r3, [sp]
 168:Src/tim.c     ****     /**TIM1 GPIO Configuration
 279              		.loc 1 168 5 view .LVU60
 280 0036 009B     		ldr	r3, [sp]
 281              	.LBE4:
 168:Src/tim.c     ****     /**TIM1 GPIO Configuration
 282              		.loc 1 168 5 view .LVU61
 172:Src/tim.c     ****     GPIO_InitStruct.Mode = GPIO_MODE_AF_PP;
 283              		.loc 1 172 5 view .LVU62
 172:Src/tim.c     ****     GPIO_InitStruct.Mode = GPIO_MODE_AF_PP;
 284              		.loc 1 172 25 is_stmt 0 view .LVU63
 285 0038 4FF48063 		mov	r3, #1024
 286 003c 0193     		str	r3, [sp, #4]
 173:Src/tim.c     ****     GPIO_InitStruct.Pull = GPIO_NOPULL;
 287              		.loc 1 173 5 is_stmt 1 view .LVU64
 173:Src/tim.c     ****     GPIO_InitStruct.Pull = GPIO_NOPULL;
 288              		.loc 1 173 26 is_stmt 0 view .LVU65
 289 003e 0223     		movs	r3, #2
 290 0040 0293     		str	r3, [sp, #8]
 174:Src/tim.c     ****     GPIO_InitStruct.Speed = GPIO_SPEED_FREQ_LOW;
 291              		.loc 1 174 5 is_stmt 1 view .LVU66
 175:Src/tim.c     ****     GPIO_InitStruct.Alternate = GPIO_AF1_TIM1;
 292              		.loc 1 175 5 view .LVU67
 176:Src/tim.c     ****     HAL_GPIO_Init(GPIOE, &GPIO_InitStruct);
 293              		.loc 1 176 5 view .LVU68
 176:Src/tim.c     ****     HAL_GPIO_Init(GPIOE, &GPIO_InitStruct);
 294              		.loc 1 176 31 is_stmt 0 view .LVU69
 295 0042 0123     		movs	r3, #1
 296 0044 0593     		str	r3, [sp, #20]
 177:Src/tim.c     **** 
 297              		.loc 1 177 5 is_stmt 1 view .LVU70
 298 0046 01A9     		add	r1, sp, #4
 299 0048 0348     		ldr	r0, .L29+8
 300              	.LVL10:
 177:Src/tim.c     **** 
 301              		.loc 1 177 5 is_stmt 0 view .LVU71
 302 004a FFF7FEFF 		bl	HAL_GPIO_Init
 303              	.LVL11:
 304              		.loc 1 184 1 view .LVU72
 305 004e E3E7     		b	.L25
 306              	.L30:
 307              		.align	2
 308              	.L29:
 309 0050 00000140 		.word	1073807360
 310 0054 00440258 		.word	1476543488
 311 0058 00100258 		.word	1476530176
 312              		.cfi_endproc
 313              	.LFE148:
 315              		.section	.text.MX_TIM1_Init,"ax",%progbits
 316              		.align	1
 317              		.global	MX_TIM1_Init
 318              		.syntax unified
ARM GAS  /var/folders/mq/wg13gp494590nh4zyt09lxf00000gn/T//ccFXFgo5.s 			page 10


 319              		.thumb
 320              		.thumb_func
 322              	MX_TIM1_Init:
 323              	.LFB144:
  32:Src/tim.c     **** 
 324              		.loc 1 32 1 is_stmt 1 view -0
 325              		.cfi_startproc
 326              		@ args = 0, pretend = 0, frame = 88
 327              		@ frame_needed = 0, uses_anonymous_args = 0
 328 0000 10B5     		push	{r4, lr}
 329              	.LCFI10:
 330              		.cfi_def_cfa_offset 8
 331              		.cfi_offset 4, -8
 332              		.cfi_offset 14, -4
 333 0002 96B0     		sub	sp, sp, #88
 334              	.LCFI11:
 335              		.cfi_def_cfa_offset 96
  38:Src/tim.c     ****   TIM_OC_InitTypeDef sConfigOC = {0};
 336              		.loc 1 38 3 view .LVU74
  38:Src/tim.c     ****   TIM_OC_InitTypeDef sConfigOC = {0};
 337              		.loc 1 38 27 is_stmt 0 view .LVU75
 338 0004 0024     		movs	r4, #0
 339 0006 1394     		str	r4, [sp, #76]
 340 0008 1494     		str	r4, [sp, #80]
 341 000a 1594     		str	r4, [sp, #84]
  39:Src/tim.c     ****   TIM_BreakDeadTimeConfigTypeDef sBreakDeadTimeConfig = {0};
 342              		.loc 1 39 3 is_stmt 1 view .LVU76
  39:Src/tim.c     ****   TIM_BreakDeadTimeConfigTypeDef sBreakDeadTimeConfig = {0};
 343              		.loc 1 39 22 is_stmt 0 view .LVU77
 344 000c 0C94     		str	r4, [sp, #48]
 345 000e 0D94     		str	r4, [sp, #52]
 346 0010 0E94     		str	r4, [sp, #56]
 347 0012 0F94     		str	r4, [sp, #60]
 348 0014 1094     		str	r4, [sp, #64]
 349 0016 1194     		str	r4, [sp, #68]
 350 0018 1294     		str	r4, [sp, #72]
  40:Src/tim.c     **** 
 351              		.loc 1 40 3 is_stmt 1 view .LVU78
  40:Src/tim.c     **** 
 352              		.loc 1 40 34 is_stmt 0 view .LVU79
 353 001a 2C22     		movs	r2, #44
 354 001c 2146     		mov	r1, r4
 355 001e 01A8     		add	r0, sp, #4
 356 0020 FFF7FEFF 		bl	memset
 357              	.LVL12:
  45:Src/tim.c     ****   htim1.Init.Prescaler = 12-1;
 358              		.loc 1 45 3 is_stmt 1 view .LVU80
  45:Src/tim.c     ****   htim1.Init.Prescaler = 12-1;
 359              		.loc 1 45 18 is_stmt 0 view .LVU81
 360 0024 2748     		ldr	r0, .L41
 361 0026 284B     		ldr	r3, .L41+4
 362 0028 0360     		str	r3, [r0]
  46:Src/tim.c     ****   htim1.Init.CounterMode = TIM_COUNTERMODE_UP;
 363              		.loc 1 46 3 is_stmt 1 view .LVU82
  46:Src/tim.c     ****   htim1.Init.CounterMode = TIM_COUNTERMODE_UP;
 364              		.loc 1 46 24 is_stmt 0 view .LVU83
 365 002a 0B23     		movs	r3, #11
ARM GAS  /var/folders/mq/wg13gp494590nh4zyt09lxf00000gn/T//ccFXFgo5.s 			page 11


 366 002c 4360     		str	r3, [r0, #4]
  47:Src/tim.c     ****   htim1.Init.Period = 1000-1;
 367              		.loc 1 47 3 is_stmt 1 view .LVU84
  47:Src/tim.c     ****   htim1.Init.Period = 1000-1;
 368              		.loc 1 47 26 is_stmt 0 view .LVU85
 369 002e 8460     		str	r4, [r0, #8]
  48:Src/tim.c     ****   htim1.Init.ClockDivision = TIM_CLOCKDIVISION_DIV1;
 370              		.loc 1 48 3 is_stmt 1 view .LVU86
  48:Src/tim.c     ****   htim1.Init.ClockDivision = TIM_CLOCKDIVISION_DIV1;
 371              		.loc 1 48 21 is_stmt 0 view .LVU87
 372 0030 40F2E733 		movw	r3, #999
 373 0034 C360     		str	r3, [r0, #12]
  49:Src/tim.c     ****   htim1.Init.RepetitionCounter = 0;
 374              		.loc 1 49 3 is_stmt 1 view .LVU88
  49:Src/tim.c     ****   htim1.Init.RepetitionCounter = 0;
 375              		.loc 1 49 28 is_stmt 0 view .LVU89
 376 0036 0461     		str	r4, [r0, #16]
  50:Src/tim.c     ****   htim1.Init.AutoReloadPreload = TIM_AUTORELOAD_PRELOAD_DISABLE;
 377              		.loc 1 50 3 is_stmt 1 view .LVU90
  50:Src/tim.c     ****   htim1.Init.AutoReloadPreload = TIM_AUTORELOAD_PRELOAD_DISABLE;
 378              		.loc 1 50 32 is_stmt 0 view .LVU91
 379 0038 4461     		str	r4, [r0, #20]
  51:Src/tim.c     ****   if (HAL_TIM_PWM_Init(&htim1) != HAL_OK)
 380              		.loc 1 51 3 is_stmt 1 view .LVU92
  51:Src/tim.c     ****   if (HAL_TIM_PWM_Init(&htim1) != HAL_OK)
 381              		.loc 1 51 32 is_stmt 0 view .LVU93
 382 003a 8461     		str	r4, [r0, #24]
  52:Src/tim.c     ****   {
 383              		.loc 1 52 3 is_stmt 1 view .LVU94
  52:Src/tim.c     ****   {
 384              		.loc 1 52 7 is_stmt 0 view .LVU95
 385 003c FFF7FEFF 		bl	HAL_TIM_PWM_Init
 386              	.LVL13:
  52:Src/tim.c     ****   {
 387              		.loc 1 52 6 discriminator 1 view .LVU96
 388 0040 0028     		cmp	r0, #0
 389 0042 33D1     		bne	.L37
 390              	.L32:
  56:Src/tim.c     ****   sMasterConfig.MasterOutputTrigger2 = TIM_TRGO2_RESET;
 391              		.loc 1 56 3 is_stmt 1 view .LVU97
  56:Src/tim.c     ****   sMasterConfig.MasterOutputTrigger2 = TIM_TRGO2_RESET;
 392              		.loc 1 56 37 is_stmt 0 view .LVU98
 393 0044 0023     		movs	r3, #0
 394 0046 1393     		str	r3, [sp, #76]
  57:Src/tim.c     ****   sMasterConfig.MasterSlaveMode = TIM_MASTERSLAVEMODE_DISABLE;
 395              		.loc 1 57 3 is_stmt 1 view .LVU99
  57:Src/tim.c     ****   sMasterConfig.MasterSlaveMode = TIM_MASTERSLAVEMODE_DISABLE;
 396              		.loc 1 57 38 is_stmt 0 view .LVU100
 397 0048 1493     		str	r3, [sp, #80]
  58:Src/tim.c     ****   if (HAL_TIMEx_MasterConfigSynchronization(&htim1, &sMasterConfig) != HAL_OK)
 398              		.loc 1 58 3 is_stmt 1 view .LVU101
  58:Src/tim.c     ****   if (HAL_TIMEx_MasterConfigSynchronization(&htim1, &sMasterConfig) != HAL_OK)
 399              		.loc 1 58 33 is_stmt 0 view .LVU102
 400 004a 1593     		str	r3, [sp, #84]
  59:Src/tim.c     ****   {
 401              		.loc 1 59 3 is_stmt 1 view .LVU103
  59:Src/tim.c     ****   {
ARM GAS  /var/folders/mq/wg13gp494590nh4zyt09lxf00000gn/T//ccFXFgo5.s 			page 12


 402              		.loc 1 59 7 is_stmt 0 view .LVU104
 403 004c 13A9     		add	r1, sp, #76
 404 004e 1D48     		ldr	r0, .L41
 405 0050 FFF7FEFF 		bl	HAL_TIMEx_MasterConfigSynchronization
 406              	.LVL14:
  59:Src/tim.c     ****   {
 407              		.loc 1 59 6 discriminator 1 view .LVU105
 408 0054 0028     		cmp	r0, #0
 409 0056 2CD1     		bne	.L38
 410              	.L33:
  63:Src/tim.c     ****   sConfigOC.Pulse = 0;
 411              		.loc 1 63 3 is_stmt 1 view .LVU106
  63:Src/tim.c     ****   sConfigOC.Pulse = 0;
 412              		.loc 1 63 20 is_stmt 0 view .LVU107
 413 0058 6023     		movs	r3, #96
 414 005a 0C93     		str	r3, [sp, #48]
  64:Src/tim.c     ****   sConfigOC.OCPolarity = TIM_OCPOLARITY_HIGH;
 415              		.loc 1 64 3 is_stmt 1 view .LVU108
  64:Src/tim.c     ****   sConfigOC.OCPolarity = TIM_OCPOLARITY_HIGH;
 416              		.loc 1 64 19 is_stmt 0 view .LVU109
 417 005c 0023     		movs	r3, #0
 418 005e 0D93     		str	r3, [sp, #52]
  65:Src/tim.c     ****   sConfigOC.OCNPolarity = TIM_OCNPOLARITY_LOW;
 419              		.loc 1 65 3 is_stmt 1 view .LVU110
  65:Src/tim.c     ****   sConfigOC.OCNPolarity = TIM_OCNPOLARITY_LOW;
 420              		.loc 1 65 24 is_stmt 0 view .LVU111
 421 0060 0E93     		str	r3, [sp, #56]
  66:Src/tim.c     ****   sConfigOC.OCFastMode = TIM_OCFAST_DISABLE;
 422              		.loc 1 66 3 is_stmt 1 view .LVU112
  66:Src/tim.c     ****   sConfigOC.OCFastMode = TIM_OCFAST_DISABLE;
 423              		.loc 1 66 25 is_stmt 0 view .LVU113
 424 0062 0822     		movs	r2, #8
 425 0064 0F92     		str	r2, [sp, #60]
  67:Src/tim.c     ****   sConfigOC.OCIdleState = TIM_OCIDLESTATE_RESET;
 426              		.loc 1 67 3 is_stmt 1 view .LVU114
  67:Src/tim.c     ****   sConfigOC.OCIdleState = TIM_OCIDLESTATE_RESET;
 427              		.loc 1 67 24 is_stmt 0 view .LVU115
 428 0066 1093     		str	r3, [sp, #64]
  68:Src/tim.c     ****   sConfigOC.OCNIdleState = TIM_OCNIDLESTATE_RESET;
 429              		.loc 1 68 3 is_stmt 1 view .LVU116
  68:Src/tim.c     ****   sConfigOC.OCNIdleState = TIM_OCNIDLESTATE_RESET;
 430              		.loc 1 68 25 is_stmt 0 view .LVU117
 431 0068 1193     		str	r3, [sp, #68]
  69:Src/tim.c     ****   if (HAL_TIM_PWM_ConfigChannel(&htim1, &sConfigOC, TIM_CHANNEL_2) != HAL_OK)
 432              		.loc 1 69 3 is_stmt 1 view .LVU118
  69:Src/tim.c     ****   if (HAL_TIM_PWM_ConfigChannel(&htim1, &sConfigOC, TIM_CHANNEL_2) != HAL_OK)
 433              		.loc 1 69 26 is_stmt 0 view .LVU119
 434 006a 1293     		str	r3, [sp, #72]
  70:Src/tim.c     ****   {
 435              		.loc 1 70 3 is_stmt 1 view .LVU120
  70:Src/tim.c     ****   {
 436              		.loc 1 70 7 is_stmt 0 view .LVU121
 437 006c 0422     		movs	r2, #4
 438 006e 0CA9     		add	r1, sp, #48
 439 0070 1448     		ldr	r0, .L41
 440 0072 FFF7FEFF 		bl	HAL_TIM_PWM_ConfigChannel
 441              	.LVL15:
ARM GAS  /var/folders/mq/wg13gp494590nh4zyt09lxf00000gn/T//ccFXFgo5.s 			page 13


  70:Src/tim.c     ****   {
 442              		.loc 1 70 6 discriminator 1 view .LVU122
 443 0076 F8B9     		cbnz	r0, .L39
 444              	.L34:
  74:Src/tim.c     ****   sBreakDeadTimeConfig.OffStateIDLEMode = TIM_OSSI_DISABLE;
 445              		.loc 1 74 3 is_stmt 1 view .LVU123
  74:Src/tim.c     ****   sBreakDeadTimeConfig.OffStateIDLEMode = TIM_OSSI_DISABLE;
 446              		.loc 1 74 40 is_stmt 0 view .LVU124
 447 0078 0023     		movs	r3, #0
 448 007a 0193     		str	r3, [sp, #4]
  75:Src/tim.c     ****   sBreakDeadTimeConfig.LockLevel = TIM_LOCKLEVEL_OFF;
 449              		.loc 1 75 3 is_stmt 1 view .LVU125
  75:Src/tim.c     ****   sBreakDeadTimeConfig.LockLevel = TIM_LOCKLEVEL_OFF;
 450              		.loc 1 75 41 is_stmt 0 view .LVU126
 451 007c 0293     		str	r3, [sp, #8]
  76:Src/tim.c     ****   sBreakDeadTimeConfig.DeadTime = 0;
 452              		.loc 1 76 3 is_stmt 1 view .LVU127
  76:Src/tim.c     ****   sBreakDeadTimeConfig.DeadTime = 0;
 453              		.loc 1 76 34 is_stmt 0 view .LVU128
 454 007e 0393     		str	r3, [sp, #12]
  77:Src/tim.c     ****   sBreakDeadTimeConfig.BreakState = TIM_BREAK_DISABLE;
 455              		.loc 1 77 3 is_stmt 1 view .LVU129
  77:Src/tim.c     ****   sBreakDeadTimeConfig.BreakState = TIM_BREAK_DISABLE;
 456              		.loc 1 77 33 is_stmt 0 view .LVU130
 457 0080 0493     		str	r3, [sp, #16]
  78:Src/tim.c     ****   sBreakDeadTimeConfig.BreakPolarity = TIM_BREAKPOLARITY_HIGH;
 458              		.loc 1 78 3 is_stmt 1 view .LVU131
  78:Src/tim.c     ****   sBreakDeadTimeConfig.BreakPolarity = TIM_BREAKPOLARITY_HIGH;
 459              		.loc 1 78 35 is_stmt 0 view .LVU132
 460 0082 0593     		str	r3, [sp, #20]
  79:Src/tim.c     ****   sBreakDeadTimeConfig.BreakFilter = 0;
 461              		.loc 1 79 3 is_stmt 1 view .LVU133
  79:Src/tim.c     ****   sBreakDeadTimeConfig.BreakFilter = 0;
 462              		.loc 1 79 38 is_stmt 0 view .LVU134
 463 0084 4FF40052 		mov	r2, #8192
 464 0088 0692     		str	r2, [sp, #24]
  80:Src/tim.c     ****   sBreakDeadTimeConfig.Break2State = TIM_BREAK2_DISABLE;
 465              		.loc 1 80 3 is_stmt 1 view .LVU135
  80:Src/tim.c     ****   sBreakDeadTimeConfig.Break2State = TIM_BREAK2_DISABLE;
 466              		.loc 1 80 36 is_stmt 0 view .LVU136
 467 008a 0793     		str	r3, [sp, #28]
  81:Src/tim.c     ****   sBreakDeadTimeConfig.Break2Polarity = TIM_BREAK2POLARITY_HIGH;
 468              		.loc 1 81 3 is_stmt 1 view .LVU137
  81:Src/tim.c     ****   sBreakDeadTimeConfig.Break2Polarity = TIM_BREAK2POLARITY_HIGH;
 469              		.loc 1 81 36 is_stmt 0 view .LVU138
 470 008c 0893     		str	r3, [sp, #32]
  82:Src/tim.c     ****   sBreakDeadTimeConfig.Break2Filter = 0;
 471              		.loc 1 82 3 is_stmt 1 view .LVU139
  82:Src/tim.c     ****   sBreakDeadTimeConfig.Break2Filter = 0;
 472              		.loc 1 82 39 is_stmt 0 view .LVU140
 473 008e 4FF00072 		mov	r2, #33554432
 474 0092 0992     		str	r2, [sp, #36]
  83:Src/tim.c     ****   sBreakDeadTimeConfig.AutomaticOutput = TIM_AUTOMATICOUTPUT_DISABLE;
 475              		.loc 1 83 3 is_stmt 1 view .LVU141
  83:Src/tim.c     ****   sBreakDeadTimeConfig.AutomaticOutput = TIM_AUTOMATICOUTPUT_DISABLE;
 476              		.loc 1 83 37 is_stmt 0 view .LVU142
 477 0094 0A93     		str	r3, [sp, #40]
ARM GAS  /var/folders/mq/wg13gp494590nh4zyt09lxf00000gn/T//ccFXFgo5.s 			page 14


  84:Src/tim.c     ****   if (HAL_TIMEx_ConfigBreakDeadTime(&htim1, &sBreakDeadTimeConfig) != HAL_OK)
 478              		.loc 1 84 3 is_stmt 1 view .LVU143
  84:Src/tim.c     ****   if (HAL_TIMEx_ConfigBreakDeadTime(&htim1, &sBreakDeadTimeConfig) != HAL_OK)
 479              		.loc 1 84 40 is_stmt 0 view .LVU144
 480 0096 0B93     		str	r3, [sp, #44]
  85:Src/tim.c     ****   {
 481              		.loc 1 85 3 is_stmt 1 view .LVU145
  85:Src/tim.c     ****   {
 482              		.loc 1 85 7 is_stmt 0 view .LVU146
 483 0098 01A9     		add	r1, sp, #4
 484 009a 0A48     		ldr	r0, .L41
 485 009c FFF7FEFF 		bl	HAL_TIMEx_ConfigBreakDeadTime
 486              	.LVL16:
  85:Src/tim.c     ****   {
 487              		.loc 1 85 6 discriminator 1 view .LVU147
 488 00a0 68B9     		cbnz	r0, .L40
 489              	.L35:
  92:Src/tim.c     **** 
 490              		.loc 1 92 3 is_stmt 1 view .LVU148
 491 00a2 0848     		ldr	r0, .L41
 492 00a4 FFF7FEFF 		bl	HAL_TIM_MspPostInit
 493              	.LVL17:
  94:Src/tim.c     **** /* TIM16 init function */
 494              		.loc 1 94 1 is_stmt 0 view .LVU149
 495 00a8 16B0     		add	sp, sp, #88
 496              	.LCFI12:
 497              		.cfi_remember_state
 498              		.cfi_def_cfa_offset 8
 499              		@ sp needed
 500 00aa 10BD     		pop	{r4, pc}
 501              	.L37:
 502              	.LCFI13:
 503              		.cfi_restore_state
  54:Src/tim.c     ****   }
 504              		.loc 1 54 5 is_stmt 1 view .LVU150
 505 00ac FFF7FEFF 		bl	Error_Handler
 506              	.LVL18:
 507 00b0 C8E7     		b	.L32
 508              	.L38:
  61:Src/tim.c     ****   }
 509              		.loc 1 61 5 view .LVU151
 510 00b2 FFF7FEFF 		bl	Error_Handler
 511              	.LVL19:
 512 00b6 CFE7     		b	.L33
 513              	.L39:
  72:Src/tim.c     ****   }
 514              		.loc 1 72 5 view .LVU152
 515 00b8 FFF7FEFF 		bl	Error_Handler
 516              	.LVL20:
 517 00bc DCE7     		b	.L34
 518              	.L40:
  87:Src/tim.c     ****   }
 519              		.loc 1 87 5 view .LVU153
 520 00be FFF7FEFF 		bl	Error_Handler
 521              	.LVL21:
 522 00c2 EEE7     		b	.L35
 523              	.L42:
ARM GAS  /var/folders/mq/wg13gp494590nh4zyt09lxf00000gn/T//ccFXFgo5.s 			page 15


 524              		.align	2
 525              	.L41:
 526 00c4 00000000 		.word	htim1
 527 00c8 00000140 		.word	1073807360
 528              		.cfi_endproc
 529              	.LFE144:
 531              		.section	.text.HAL_TIM_PWM_MspDeInit,"ax",%progbits
 532              		.align	1
 533              		.global	HAL_TIM_PWM_MspDeInit
 534              		.syntax unified
 535              		.thumb
 536              		.thumb_func
 538              	HAL_TIM_PWM_MspDeInit:
 539              	.LVL22:
 540              	.LFB149:
 185:Src/tim.c     **** 
 186:Src/tim.c     **** void HAL_TIM_PWM_MspDeInit(TIM_HandleTypeDef* tim_pwmHandle)
 187:Src/tim.c     **** {
 541              		.loc 1 187 1 view -0
 542              		.cfi_startproc
 543              		@ args = 0, pretend = 0, frame = 0
 544              		@ frame_needed = 0, uses_anonymous_args = 0
 545              		@ link register save eliminated.
 188:Src/tim.c     **** 
 189:Src/tim.c     ****   if(tim_pwmHandle->Instance==TIM1)
 546              		.loc 1 189 3 view .LVU155
 547              		.loc 1 189 19 is_stmt 0 view .LVU156
 548 0000 0268     		ldr	r2, [r0]
 549              		.loc 1 189 5 view .LVU157
 550 0002 064B     		ldr	r3, .L46
 551 0004 9A42     		cmp	r2, r3
 552 0006 00D0     		beq	.L45
 553              	.L43:
 190:Src/tim.c     ****   {
 191:Src/tim.c     ****   /* USER CODE BEGIN TIM1_MspDeInit 0 */
 192:Src/tim.c     **** 
 193:Src/tim.c     ****   /* USER CODE END TIM1_MspDeInit 0 */
 194:Src/tim.c     ****     /* Peripheral clock disable */
 195:Src/tim.c     ****     __HAL_RCC_TIM1_CLK_DISABLE();
 196:Src/tim.c     ****   /* USER CODE BEGIN TIM1_MspDeInit 1 */
 197:Src/tim.c     **** 
 198:Src/tim.c     ****   /* USER CODE END TIM1_MspDeInit 1 */
 199:Src/tim.c     ****   }
 200:Src/tim.c     **** }
 554              		.loc 1 200 1 view .LVU158
 555 0008 7047     		bx	lr
 556              	.L45:
 195:Src/tim.c     ****   /* USER CODE BEGIN TIM1_MspDeInit 1 */
 557              		.loc 1 195 5 is_stmt 1 view .LVU159
 558 000a 054A     		ldr	r2, .L46+4
 559 000c D2F8F030 		ldr	r3, [r2, #240]
 560 0010 23F00103 		bic	r3, r3, #1
 561 0014 C2F8F030 		str	r3, [r2, #240]
 562              		.loc 1 200 1 is_stmt 0 view .LVU160
 563 0018 F6E7     		b	.L43
 564              	.L47:
 565 001a 00BF     		.align	2
ARM GAS  /var/folders/mq/wg13gp494590nh4zyt09lxf00000gn/T//ccFXFgo5.s 			page 16


 566              	.L46:
 567 001c 00000140 		.word	1073807360
 568 0020 00440258 		.word	1476543488
 569              		.cfi_endproc
 570              	.LFE149:
 572              		.section	.text.HAL_TIM_Base_MspDeInit,"ax",%progbits
 573              		.align	1
 574              		.global	HAL_TIM_Base_MspDeInit
 575              		.syntax unified
 576              		.thumb
 577              		.thumb_func
 579              	HAL_TIM_Base_MspDeInit:
 580              	.LVL23:
 581              	.LFB150:
 201:Src/tim.c     **** 
 202:Src/tim.c     **** void HAL_TIM_Base_MspDeInit(TIM_HandleTypeDef* tim_baseHandle)
 203:Src/tim.c     **** {
 582              		.loc 1 203 1 is_stmt 1 view -0
 583              		.cfi_startproc
 584              		@ args = 0, pretend = 0, frame = 0
 585              		@ frame_needed = 0, uses_anonymous_args = 0
 586              		.loc 1 203 1 is_stmt 0 view .LVU162
 587 0000 08B5     		push	{r3, lr}
 588              	.LCFI14:
 589              		.cfi_def_cfa_offset 8
 590              		.cfi_offset 3, -8
 591              		.cfi_offset 14, -4
 204:Src/tim.c     **** 
 205:Src/tim.c     ****   if(tim_baseHandle->Instance==TIM16)
 592              		.loc 1 205 3 is_stmt 1 view .LVU163
 593              		.loc 1 205 20 is_stmt 0 view .LVU164
 594 0002 0268     		ldr	r2, [r0]
 595              		.loc 1 205 5 view .LVU165
 596 0004 074B     		ldr	r3, .L52
 597 0006 9A42     		cmp	r2, r3
 598 0008 00D0     		beq	.L51
 599              	.LVL24:
 600              	.L48:
 206:Src/tim.c     ****   {
 207:Src/tim.c     ****   /* USER CODE BEGIN TIM16_MspDeInit 0 */
 208:Src/tim.c     **** 
 209:Src/tim.c     ****   /* USER CODE END TIM16_MspDeInit 0 */
 210:Src/tim.c     ****     /* Peripheral clock disable */
 211:Src/tim.c     ****     __HAL_RCC_TIM16_CLK_DISABLE();
 212:Src/tim.c     **** 
 213:Src/tim.c     ****     /* TIM16 interrupt Deinit */
 214:Src/tim.c     ****     HAL_NVIC_DisableIRQ(TIM16_IRQn);
 215:Src/tim.c     ****   /* USER CODE BEGIN TIM16_MspDeInit 1 */
 216:Src/tim.c     **** 
 217:Src/tim.c     ****   /* USER CODE END TIM16_MspDeInit 1 */
 218:Src/tim.c     ****   }
 219:Src/tim.c     **** }
 601              		.loc 1 219 1 view .LVU166
 602 000a 08BD     		pop	{r3, pc}
 603              	.LVL25:
 604              	.L51:
 211:Src/tim.c     **** 
ARM GAS  /var/folders/mq/wg13gp494590nh4zyt09lxf00000gn/T//ccFXFgo5.s 			page 17


 605              		.loc 1 211 5 is_stmt 1 view .LVU167
 606 000c 064A     		ldr	r2, .L52+4
 607 000e D2F8F030 		ldr	r3, [r2, #240]
 608 0012 23F40033 		bic	r3, r3, #131072
 609 0016 C2F8F030 		str	r3, [r2, #240]
 214:Src/tim.c     ****   /* USER CODE BEGIN TIM16_MspDeInit 1 */
 610              		.loc 1 214 5 view .LVU168
 611 001a 7520     		movs	r0, #117
 612              	.LVL26:
 214:Src/tim.c     ****   /* USER CODE BEGIN TIM16_MspDeInit 1 */
 613              		.loc 1 214 5 is_stmt 0 view .LVU169
 614 001c FFF7FEFF 		bl	HAL_NVIC_DisableIRQ
 615              	.LVL27:
 616              		.loc 1 219 1 view .LVU170
 617 0020 F3E7     		b	.L48
 618              	.L53:
 619 0022 00BF     		.align	2
 620              	.L52:
 621 0024 00440140 		.word	1073824768
 622 0028 00440258 		.word	1476543488
 623              		.cfi_endproc
 624              	.LFE150:
 626              		.global	htim16
 627              		.section	.bss.htim16,"aw",%nobits
 628              		.align	2
 631              	htim16:
 632 0000 00000000 		.space	76
 632      00000000 
 632      00000000 
 632      00000000 
 632      00000000 
 633              		.global	htim1
 634              		.section	.bss.htim1,"aw",%nobits
 635              		.align	2
 638              	htim1:
 639 0000 00000000 		.space	76
 639      00000000 
 639      00000000 
 639      00000000 
 639      00000000 
 640              		.text
 641              	.Letext0:
 642              		.file 2 "Drivers/CMSIS/Device/ST/STM32H7xx/Include/stm32h750xx.h"
 643              		.file 3 "/Applications/ArmGNUToolchain/13.3.rel1/arm-none-eabi/arm-none-eabi/include/machine/_defa
 644              		.file 4 "/Applications/ArmGNUToolchain/13.3.rel1/arm-none-eabi/arm-none-eabi/include/sys/_stdint.h
 645              		.file 5 "Drivers/STM32H7xx_HAL_Driver/Inc/stm32h7xx_hal_def.h"
 646              		.file 6 "Drivers/STM32H7xx_HAL_Driver/Inc/stm32h7xx_hal_gpio.h"
 647              		.file 7 "Drivers/STM32H7xx_HAL_Driver/Inc/stm32h7xx_hal_dma.h"
 648              		.file 8 "Drivers/STM32H7xx_HAL_Driver/Inc/stm32h7xx_hal_tim.h"
 649              		.file 9 "Inc/tim.h"
 650              		.file 10 "Drivers/STM32H7xx_HAL_Driver/Inc/stm32h7xx_hal_cortex.h"
 651              		.file 11 "Drivers/STM32H7xx_HAL_Driver/Inc/stm32h7xx_hal_tim_ex.h"
 652              		.file 12 "Inc/main.h"
 653              		.file 13 "<built-in>"
ARM GAS  /var/folders/mq/wg13gp494590nh4zyt09lxf00000gn/T//ccFXFgo5.s 			page 18


DEFINED SYMBOLS
                            *ABS*:00000000 tim.c
/var/folders/mq/wg13gp494590nh4zyt09lxf00000gn/T//ccFXFgo5.s:20     .text.MX_TIM16_Init:00000000 $t
/var/folders/mq/wg13gp494590nh4zyt09lxf00000gn/T//ccFXFgo5.s:26     .text.MX_TIM16_Init:00000000 MX_TIM16_Init
/var/folders/mq/wg13gp494590nh4zyt09lxf00000gn/T//ccFXFgo5.s:81     .text.MX_TIM16_Init:00000028 $d
/var/folders/mq/wg13gp494590nh4zyt09lxf00000gn/T//ccFXFgo5.s:631    .bss.htim16:00000000 htim16
/var/folders/mq/wg13gp494590nh4zyt09lxf00000gn/T//ccFXFgo5.s:87     .text.HAL_TIM_PWM_MspInit:00000000 $t
/var/folders/mq/wg13gp494590nh4zyt09lxf00000gn/T//ccFXFgo5.s:93     .text.HAL_TIM_PWM_MspInit:00000000 HAL_TIM_PWM_MspInit
/var/folders/mq/wg13gp494590nh4zyt09lxf00000gn/T//ccFXFgo5.s:139    .text.HAL_TIM_PWM_MspInit:0000002c $d
/var/folders/mq/wg13gp494590nh4zyt09lxf00000gn/T//ccFXFgo5.s:145    .text.HAL_TIM_Base_MspInit:00000000 $t
/var/folders/mq/wg13gp494590nh4zyt09lxf00000gn/T//ccFXFgo5.s:151    .text.HAL_TIM_Base_MspInit:00000000 HAL_TIM_Base_MspInit
/var/folders/mq/wg13gp494590nh4zyt09lxf00000gn/T//ccFXFgo5.s:212    .text.HAL_TIM_Base_MspInit:00000040 $d
/var/folders/mq/wg13gp494590nh4zyt09lxf00000gn/T//ccFXFgo5.s:218    .text.HAL_TIM_MspPostInit:00000000 $t
/var/folders/mq/wg13gp494590nh4zyt09lxf00000gn/T//ccFXFgo5.s:224    .text.HAL_TIM_MspPostInit:00000000 HAL_TIM_MspPostInit
/var/folders/mq/wg13gp494590nh4zyt09lxf00000gn/T//ccFXFgo5.s:309    .text.HAL_TIM_MspPostInit:00000050 $d
/var/folders/mq/wg13gp494590nh4zyt09lxf00000gn/T//ccFXFgo5.s:316    .text.MX_TIM1_Init:00000000 $t
/var/folders/mq/wg13gp494590nh4zyt09lxf00000gn/T//ccFXFgo5.s:322    .text.MX_TIM1_Init:00000000 MX_TIM1_Init
/var/folders/mq/wg13gp494590nh4zyt09lxf00000gn/T//ccFXFgo5.s:526    .text.MX_TIM1_Init:000000c4 $d
/var/folders/mq/wg13gp494590nh4zyt09lxf00000gn/T//ccFXFgo5.s:638    .bss.htim1:00000000 htim1
/var/folders/mq/wg13gp494590nh4zyt09lxf00000gn/T//ccFXFgo5.s:532    .text.HAL_TIM_PWM_MspDeInit:00000000 $t
/var/folders/mq/wg13gp494590nh4zyt09lxf00000gn/T//ccFXFgo5.s:538    .text.HAL_TIM_PWM_MspDeInit:00000000 HAL_TIM_PWM_MspDeInit
/var/folders/mq/wg13gp494590nh4zyt09lxf00000gn/T//ccFXFgo5.s:567    .text.HAL_TIM_PWM_MspDeInit:0000001c $d
/var/folders/mq/wg13gp494590nh4zyt09lxf00000gn/T//ccFXFgo5.s:573    .text.HAL_TIM_Base_MspDeInit:00000000 $t
/var/folders/mq/wg13gp494590nh4zyt09lxf00000gn/T//ccFXFgo5.s:579    .text.HAL_TIM_Base_MspDeInit:00000000 HAL_TIM_Base_MspDeInit
/var/folders/mq/wg13gp494590nh4zyt09lxf00000gn/T//ccFXFgo5.s:621    .text.HAL_TIM_Base_MspDeInit:00000024 $d
/var/folders/mq/wg13gp494590nh4zyt09lxf00000gn/T//ccFXFgo5.s:628    .bss.htim16:00000000 $d
/var/folders/mq/wg13gp494590nh4zyt09lxf00000gn/T//ccFXFgo5.s:635    .bss.htim1:00000000 $d

UNDEFINED SYMBOLS
HAL_TIM_Base_Init
Error_Handler
HAL_NVIC_SetPriority
HAL_NVIC_EnableIRQ
HAL_GPIO_Init
memset
HAL_TIM_PWM_Init
HAL_TIMEx_MasterConfigSynchronization
HAL_TIM_PWM_ConfigChannel
HAL_TIMEx_ConfigBreakDeadTime
HAL_NVIC_DisableIRQ
